#
# There is insufficient memory for the Java Runtime Environment to continue.
# Native memory allocation (malloc) failed to allocate 1259216 bytes for Chunk::new
# Possible reasons:
#   The system is out of physical RAM or swap space
#   The process is running with CompressedOops enabled, and the Java Heap may be blocking the growth of the native heap
# Possible solutions:
#   Reduce memory load on the system
#   Increase physical memory or swap space
#   Check if swap backing store is full
#   Decrease Java heap size (-Xmx/-Xms)
#   Decrease number of Java threads
#   Decrease Java thread stack sizes (-Xss)
#   Set larger code cache with -XX:ReservedCodeCacheSize=
#   JVM is running with Unscaled Compressed Oops mode in which the Java heap is
#     placed in the first 4GB address space. The Java Heap base address is the
#     maximum limit for the native heap growth. Please use -XX:HeapBaseMinAddress
#     to set the Java Heap base and to place the Java Heap above 4GB virtual address.
# This output file may be truncated or incomplete.
#
#  Out of Memory Error (arena.cpp:189), pid=16712, tid=15280
#
# JRE version: OpenJDK Runtime Environment (17.0.6) (build 17.0.6+0-b2043.56-10027231)
# Java VM: OpenJDK 64-Bit Server VM (17.0.6+0-b2043.56-10027231, mixed mode, tiered, compressed oops, compressed class ptrs, g1 gc, windows-amd64)
# No core dump will be written. Minidumps are not enabled by default on client versions of Windows
#

---------------  S U M M A R Y ------------

Command Line: --add-opens=java.base/java.util=ALL-UNNAMED --add-opens=java.base/java.lang=ALL-UNNAMED --add-opens=java.base/java.lang.invoke=ALL-UNNAMED --add-opens=java.base/java.util=ALL-UNNAMED --add-opens=java.prefs/java.util.prefs=ALL-UNNAMED --add-opens=java.prefs/java.util.prefs=ALL-UNNAMED --add-opens=java.base/java.nio.charset=ALL-UNNAMED --add-opens=java.base/java.net=ALL-UNNAMED --add-opens=java.base/java.util.concurrent.atomic=ALL-UNNAMED -Xmx2048m -Dfile.encoding=UTF-8 -Duser.country=ES -Duser.language=es -Duser.variant org.gradle.launcher.daemon.bootstrap.GradleDaemon 7.3.3

Host: Intel(R) Core(TM) i7-8550U CPU @ 1.80GHz, 8 cores, 7G,  Windows 11 , 64 bit Build 22621 (10.0.22621.2506)
Time: Mon Dec  4 14:22:50 2023 Hora estándar romance elapsed time: 23.699336 seconds (0d 0h 0m 23s)

---------------  T H R E A D  ---------------

Current thread (0x00000214bbf70830):  JavaThread "C2 CompilerThread1" daemon [_thread_in_native, id=15280, stack(0x00000025b0900000,0x00000025b0a00000)]


Current CompileTask:
C2:  23699 8952       4       org.gradle.cache.internal.btree.CachingBlockStore::read (56 bytes)

Stack: [0x00000025b0900000,0x00000025b0a00000]
Native frames: (J=compiled Java code, j=interpreted, Vv=VM code, C=native code)
V  [jvm.dll+0x683c9a]
V  [jvm.dll+0x8427a4]
V  [jvm.dll+0x843f9e]
V  [jvm.dll+0x844603]
V  [jvm.dll+0x249b75]
V  [jvm.dll+0xabcac]
V  [jvm.dll+0xac27c]
V  [jvm.dll+0x368802]
V  [jvm.dll+0x332f31]
V  [jvm.dll+0x3323da]
V  [jvm.dll+0x21c201]
V  [jvm.dll+0x21b621]
V  [jvm.dll+0x1a4fdd]
V  [jvm.dll+0x22b098]
V  [jvm.dll+0x229159]
V  [jvm.dll+0x7f81ec]
V  [jvm.dll+0x7f274a]
V  [jvm.dll+0x682ad5]
C  [ucrtbase.dll+0x29363]
C  [KERNEL32.DLL+0x1257d]
C  [ntdll.dll+0x5aa58]


---------------  P R O C E S S  ---------------

Threads class SMR info:
_java_thread_list=0x00000214b9ca7a70, length=135, elements={
0x000002149e49e9e0, 0x00000214b8c12010, 0x00000214b8c12e80, 0x00000214b8305d40,
0x00000214b8306700, 0x00000214b83071b0, 0x00000214b8307b60, 0x00000214b8309900,
0x00000214b8c75030, 0x00000214b8c76940, 0x00000214b8dea010, 0x00000214b8e0af10,
0x00000214ba8a7380, 0x00000214ba8a7850, 0x00000214ba8a4360, 0x00000214ba8a56a0,
0x00000214ba8a51d0, 0x00000214ba8a6eb0, 0x00000214ba8a5b70, 0x00000214ba8a6040,
0x00000214ba8a3e90, 0x00000214ba8a4830, 0x00000214ba8a4d00, 0x00000214ba8a6510,
0x00000214ba8a69e0, 0x00000214bcb98860, 0x00000214bcb9a540, 0x00000214bcb931c0,
0x00000214bcb93690, 0x00000214bcb96b80, 0x00000214bcb97050, 0x00000214bcb92cf0,
0x00000214bcb98d30, 0x00000214bcb93b60, 0x00000214bcb99ba0, 0x00000214bcb94030,
0x00000214bcb95840, 0x00000214bcb9a070, 0x00000214bcb94500, 0x00000214bcb961e0,
0x00000214bcb979f0, 0x00000214b998e920, 0x00000214b998c770, 0x00000214b998b430,
0x00000214b998cc40, 0x00000214b998d110, 0x00000214b998edf0, 0x00000214b998b900,
0x00000214b998bdd0, 0x00000214b998c2a0, 0x00000214b998d5e0, 0x00000214b998dab0,
0x00000214b998df80, 0x00000214b998e450, 0x00000214bb8bb230, 0x00000214bb8b86e0,
0x00000214bb8b39e0, 0x00000214bb8b9080, 0x00000214bb8b7870, 0x00000214bb8b5b90,
0x00000214bb8b7d40, 0x00000214bb8b9550, 0x00000214bb8b6530, 0x00000214bb8b4d20,
0x00000214bb8b4380, 0x00000214bb8b6ed0, 0x00000214bb8bad60, 0x00000214bb8b6060,
0x00000214bb8b73a0, 0x00000214bb8b51f0, 0x00000214bb8b4850, 0x00000214bb8b9a20,
0x00000214bb8b6a00, 0x00000214bb8b3eb0, 0x00000214bb8b8210, 0x00000214bb8b8bb0,
0x00000214bb8b9ef0, 0x00000214bb8ba3c0, 0x00000214bb8b56c0, 0x00000214bb8ba890,
0x00000214bd02b580, 0x00000214bd026880, 0x00000214bd02c8c0, 0x00000214bd029d70,
0x00000214bd02c3f0, 0x00000214bd02d260, 0x00000214bd02ba50, 0x00000214bd028f00,
0x00000214bd02d730, 0x00000214bd0276f0, 0x00000214bd02a240, 0x00000214bd02bf20,
0x00000214bd02a710, 0x00000214bd026d50, 0x00000214bd0293d0, 0x00000214bd0298a0,
0x00000214bd02cd90, 0x00000214bd02abe0, 0x00000214bd02b0b0, 0x00000214bd027220,
0x00000214bd02dc00, 0x00000214bd027bc0, 0x00000214bd02e0d0, 0x00000214bd028090,
0x00000214bd028560, 0x00000214bd028a30, 0x00000214bd2278b0, 0x00000214bd220060,
0x00000214bd2226e0, 0x00000214bd225230, 0x00000214bd225700, 0x00000214bd226a40,
0x00000214bd222bb0, 0x00000214bd226f10, 0x00000214bd226570, 0x00000214bd2273e0,
0x00000214bd222210, 0x00000214bd225bd0, 0x00000214bd224d60, 0x00000214bd2260a0,
0x00000214bd2213a0, 0x00000214bd220ed0, 0x00000214bd223080, 0x00000214bd221d40,
0x00000214bbf70830, 0x00000214bbeff550, 0x00000214c2f07d60, 0x00000214c2f08230,
0x00000214c2f09a40, 0x00000214c2f06550, 0x00000214c2f06a20, 0x00000214c2f073c0,
0x00000214c2f06ef0, 0x00000214c0490590, 0x00000214c048cbd0
}

Java Threads: ( => current thread )
  0x000002149e49e9e0 JavaThread "main" [_thread_blocked, id=2748, stack(0x00000025ad400000,0x00000025ad500000)]
  0x00000214b8c12010 JavaThread "Reference Handler" daemon [_thread_blocked, id=10932, stack(0x00000025adb00000,0x00000025adc00000)]
  0x00000214b8c12e80 JavaThread "Finalizer" daemon [_thread_blocked, id=15060, stack(0x00000025adc00000,0x00000025add00000)]
  0x00000214b8305d40 JavaThread "Signal Dispatcher" daemon [_thread_blocked, id=2900, stack(0x00000025add00000,0x00000025ade00000)]
  0x00000214b8306700 JavaThread "Attach Listener" daemon [_thread_blocked, id=15148, stack(0x00000025ade00000,0x00000025adf00000)]
  0x00000214b83071b0 JavaThread "Service Thread" daemon [_thread_blocked, id=16968, stack(0x00000025adf00000,0x00000025ae000000)]
  0x00000214b8307b60 JavaThread "Monitor Deflation Thread" daemon [_thread_blocked, id=15076, stack(0x00000025ae000000,0x00000025ae100000)]
  0x00000214b8309900 JavaThread "C2 CompilerThread0" daemon [_thread_in_native, id=6680, stack(0x00000025ae100000,0x00000025ae200000)]
  0x00000214b8c75030 JavaThread "C1 CompilerThread0" daemon [_thread_blocked, id=11016, stack(0x00000025ae200000,0x00000025ae300000)]
  0x00000214b8c76940 JavaThread "Sweeper thread" daemon [_thread_blocked, id=18116, stack(0x00000025ae300000,0x00000025ae400000)]
  0x00000214b8dea010 JavaThread "Common-Cleaner" daemon [_thread_blocked, id=17660, stack(0x00000025ae400000,0x00000025ae500000)]
  0x00000214b8e0af10 JavaThread "Notification Thread" daemon [_thread_blocked, id=14704, stack(0x00000025ae500000,0x00000025ae600000)]
  0x00000214ba8a7380 JavaThread "Daemon health stats" [_thread_blocked, id=9452, stack(0x00000025aed00000,0x00000025aee00000)]
  0x00000214ba8a7850 JavaThread "Incoming local TCP Connector on port 50386" [_thread_in_native, id=17836, stack(0x00000025aee00000,0x00000025aef00000)]
  0x00000214ba8a4360 JavaThread "Daemon periodic checks" [_thread_blocked, id=18208, stack(0x00000025aef00000,0x00000025af000000)]
  0x00000214ba8a56a0 JavaThread "Daemon" [_thread_blocked, id=12064, stack(0x00000025af000000,0x00000025af100000)]
  0x00000214ba8a51d0 JavaThread "Handler for socket connection from /127.0.0.1:50386 to /127.0.0.1:50387" [_thread_in_native, id=13196, stack(0x00000025af100000,0x00000025af200000)]
  0x00000214ba8a6eb0 JavaThread "Cancel handler" [_thread_blocked, id=10068, stack(0x00000025af200000,0x00000025af300000)]
  0x00000214ba8a5b70 JavaThread "Daemon worker" [_thread_blocked, id=8200, stack(0x00000025af300000,0x00000025af400000)]
  0x00000214ba8a6040 JavaThread "Asynchronous log dispatcher for DefaultDaemonConnection: socket connection from /127.0.0.1:50386 to /127.0.0.1:50387" [_thread_blocked, id=16020, stack(0x00000025af400000,0x00000025af500000)]
  0x00000214ba8a3e90 JavaThread "Stdin handler" [_thread_blocked, id=13164, stack(0x00000025af500000,0x00000025af600000)]
  0x00000214ba8a4830 JavaThread "Daemon client event forwarder" [_thread_blocked, id=10276, stack(0x00000025af600000,0x00000025af700000)]
  0x00000214ba8a4d00 JavaThread "Cache worker for journal cache (C:\Users\mateo\.gradle\caches\journal-1)" [_thread_blocked, id=12792, stack(0x00000025aec00000,0x00000025aed00000)]
  0x00000214ba8a6510 JavaThread "File lock request listener" [_thread_in_native, id=8648, stack(0x00000025af700000,0x00000025af800000)]
  0x00000214ba8a69e0 JavaThread "Cache worker for file hash cache (C:\Users\mateo\.gradle\caches\7.3.3\fileHashes)" [_thread_blocked, id=1752, stack(0x00000025afc00000,0x00000025afd00000)]
  0x00000214bcb98860 JavaThread "Cache worker for file hash cache (C:\Users\mateo\Desktop\PokePabellon2\.gradle\7.3.3\fileHashes)" [_thread_blocked, id=4892, stack(0x00000025afd00000,0x00000025afe00000)]
  0x00000214bcb9a540 JavaThread "File watcher server" daemon [_thread_in_native, id=14728, stack(0x00000025aff00000,0x00000025b0000000)]
  0x00000214bcb931c0 JavaThread "File watcher consumer" daemon [_thread_blocked, id=10564, stack(0x00000025b0000000,0x00000025b0100000)]
  0x00000214bcb93690 JavaThread "Cache worker for checksums cache (C:\Users\mateo\Desktop\PokePabellon2\.gradle\7.3.3\checksums)" [_thread_blocked, id=1828, stack(0x00000025b0100000,0x00000025b0200000)]
  0x00000214bcb96b80 JavaThread "Cache worker for cache directory md-supplier (C:\Users\mateo\.gradle\caches\7.3.3\md-supplier)" [_thread_blocked, id=11096, stack(0x00000025b0200000,0x00000025b0300000)]
  0x00000214bcb97050 JavaThread "Cache worker for cache directory md-rule (C:\Users\mateo\.gradle\caches\7.3.3\md-rule)" [_thread_blocked, id=4076, stack(0x00000025b0300000,0x00000025b0400000)]
  0x00000214bcb92cf0 JavaThread "Cache worker for execution history cache (C:\Users\mateo\.gradle\caches\7.3.3\executionHistory)" [_thread_blocked, id=12032, stack(0x00000025b0400000,0x00000025b0500000)]
  0x00000214bcb98d30 JavaThread "jar transforms" [_thread_blocked, id=9856, stack(0x00000025b0500000,0x00000025b0600000)]
  0x00000214bcb93b60 JavaThread "jar transforms Thread 2" [_thread_blocked, id=7544, stack(0x00000025b0600000,0x00000025b0700000)]
  0x00000214bcb99ba0 JavaThread "Cache worker for file content cache (C:\Users\mateo\.gradle\caches\7.3.3\fileContent)" [_thread_blocked, id=4896, stack(0x00000025b0700000,0x00000025b0800000)]
  0x00000214bcb94030 JavaThread "jar transforms Thread 3" [_thread_blocked, id=18008, stack(0x00000025afe00000,0x00000025aff00000)]
  0x00000214bcb95840 JavaThread "jar transforms Thread 4" [_thread_blocked, id=10848, stack(0x00000025b0800000,0x00000025b0900000)]
  0x00000214bcb9a070 JavaThread "Cache worker for dependencies-accessors (C:\Users\mateo\Desktop\PokePabellon2\.gradle\7.3.3\dependencies-accessors)" [_thread_blocked, id=8876, stack(0x00000025b0a00000,0x00000025b0b00000)]
  0x00000214bcb94500 JavaThread "jar transforms Thread 5" [_thread_blocked, id=10800, stack(0x00000025b0b00000,0x00000025b0c00000)]
  0x00000214bcb961e0 JavaThread "Cache worker for Build Output Cleanup Cache (C:\Users\mateo\Desktop\PokePabellon2\.gradle\buildOutputCleanup)" [_thread_blocked, id=14212, stack(0x00000025ae700000,0x00000025ae800000)]
  0x00000214bcb979f0 JavaThread "Unconstrained build operations" [_thread_blocked, id=2592, stack(0x00000025b0d00000,0x00000025b0e00000)]
  0x00000214b998e920 JavaThread "Unconstrained build operations Thread 2" [_thread_blocked, id=4728, stack(0x00000025b0e00000,0x00000025b0f00000)]
  0x00000214b998c770 JavaThread "Unconstrained build operations Thread 3" [_thread_blocked, id=17456, stack(0x00000025b0f00000,0x00000025b1000000)]
  0x00000214b998b430 JavaThread "Unconstrained build operations Thread 4" [_thread_blocked, id=10872, stack(0x00000025b1000000,0x00000025b1100000)]
  0x00000214b998cc40 JavaThread "Unconstrained build operations Thread 5" [_thread_blocked, id=15796, stack(0x00000025b1100000,0x00000025b1200000)]
  0x00000214b998d110 JavaThread "Unconstrained build operations Thread 6" [_thread_blocked, id=10832, stack(0x00000025b1200000,0x00000025b1300000)]
  0x00000214b998edf0 JavaThread "Unconstrained build operations Thread 7" [_thread_blocked, id=1268, stack(0x00000025b1300000,0x00000025b1400000)]
  0x00000214b998b900 JavaThread "Unconstrained build operations Thread 8" [_thread_blocked, id=11332, stack(0x00000025b1400000,0x00000025b1500000)]
  0x00000214b998bdd0 JavaThread "Unconstrained build operations Thread 9" [_thread_blocked, id=5864, stack(0x00000025b1500000,0x00000025b1600000)]
  0x00000214b998c2a0 JavaThread "Unconstrained build operations Thread 10" [_thread_blocked, id=10328, stack(0x00000025b1600000,0x00000025b1700000)]
  0x00000214b998d5e0 JavaThread "Unconstrained build operations Thread 11" [_thread_blocked, id=13512, stack(0x00000025b1700000,0x00000025b1800000)]
  0x00000214b998dab0 JavaThread "Unconstrained build operations Thread 12" [_thread_blocked, id=6160, stack(0x00000025b1800000,0x00000025b1900000)]
  0x00000214b998df80 JavaThread "Unconstrained build operations Thread 13" [_thread_blocked, id=8420, stack(0x00000025b1900000,0x00000025b1a00000)]
  0x00000214b998e450 JavaThread "Unconstrained build operations Thread 14" [_thread_blocked, id=11648, stack(0x00000025b1a00000,0x00000025b1b00000)]
  0x00000214bb8bb230 JavaThread "Unconstrained build operations Thread 15" [_thread_blocked, id=10380, stack(0x00000025b1b00000,0x00000025b1c00000)]
  0x00000214bb8b86e0 JavaThread "Unconstrained build operations Thread 16" [_thread_blocked, id=15640, stack(0x00000025b1c00000,0x00000025b1d00000)]
  0x00000214bb8b39e0 JavaThread "Unconstrained build operations Thread 17" [_thread_blocked, id=4788, stack(0x00000025b1d00000,0x00000025b1e00000)]
  0x00000214bb8b9080 JavaThread "Unconstrained build operations Thread 18" [_thread_blocked, id=4632, stack(0x00000025b1e00000,0x00000025b1f00000)]
  0x00000214bb8b7870 JavaThread "Unconstrained build operations Thread 19" [_thread_blocked, id=14608, stack(0x00000025b1f00000,0x00000025b2000000)]
  0x00000214bb8b5b90 JavaThread "Unconstrained build operations Thread 20" [_thread_blocked, id=5952, stack(0x00000025b2000000,0x00000025b2100000)]
  0x00000214bb8b7d40 JavaThread "Unconstrained build operations Thread 21" [_thread_blocked, id=16440, stack(0x00000025b2100000,0x00000025b2200000)]
  0x00000214bb8b9550 JavaThread "Unconstrained build operations Thread 22" [_thread_blocked, id=5948, stack(0x00000025b2200000,0x00000025b2300000)]
  0x00000214bb8b6530 JavaThread "Unconstrained build operations Thread 23" [_thread_blocked, id=17248, stack(0x00000025b2300000,0x00000025b2400000)]
  0x00000214bb8b4d20 JavaThread "Unconstrained build operations Thread 24" [_thread_blocked, id=6528, stack(0x00000025b2400000,0x00000025b2500000)]
  0x00000214bb8b4380 JavaThread "Unconstrained build operations Thread 25" [_thread_blocked, id=6140, stack(0x00000025b2500000,0x00000025b2600000)]
  0x00000214bb8b6ed0 JavaThread "Unconstrained build operations Thread 26" [_thread_blocked, id=14112, stack(0x00000025b2600000,0x00000025b2700000)]
  0x00000214bb8bad60 JavaThread "Unconstrained build operations Thread 27" [_thread_blocked, id=17912, stack(0x00000025b2700000,0x00000025b2800000)]
  0x00000214bb8b6060 JavaThread "Unconstrained build operations Thread 28" [_thread_blocked, id=8960, stack(0x00000025b2800000,0x00000025b2900000)]
  0x00000214bb8b73a0 JavaThread "Unconstrained build operations Thread 29" [_thread_blocked, id=8988, stack(0x00000025b2900000,0x00000025b2a00000)]
  0x00000214bb8b51f0 JavaThread "Unconstrained build operations Thread 30" [_thread_blocked, id=10140, stack(0x00000025b2a00000,0x00000025b2b00000)]
  0x00000214bb8b4850 JavaThread "Unconstrained build operations Thread 31" [_thread_in_Java, id=16716, stack(0x00000025b2b00000,0x00000025b2c00000)]
  0x00000214bb8b9a20 JavaThread "Unconstrained build operations Thread 32" [_thread_blocked, id=16172, stack(0x00000025b2c00000,0x00000025b2d00000)]
  0x00000214bb8b6a00 JavaThread "Unconstrained build operations Thread 33" [_thread_blocked, id=4268, stack(0x00000025b2d00000,0x00000025b2e00000)]
  0x00000214bb8b3eb0 JavaThread "Unconstrained build operations Thread 34" [_thread_blocked, id=2508, stack(0x00000025b2e00000,0x00000025b2f00000)]
  0x00000214bb8b8210 JavaThread "Unconstrained build operations Thread 35" [_thread_blocked, id=8196, stack(0x00000025b2f00000,0x00000025b3000000)]
  0x00000214bb8b8bb0 JavaThread "Unconstrained build operations Thread 36" [_thread_blocked, id=1428, stack(0x00000025b3000000,0x00000025b3100000)]
  0x00000214bb8b9ef0 JavaThread "Unconstrained build operations Thread 37" [_thread_blocked, id=12724, stack(0x00000025b3100000,0x00000025b3200000)]
  0x00000214bb8ba3c0 JavaThread "Unconstrained build operations Thread 38" [_thread_blocked, id=13052, stack(0x00000025b3200000,0x00000025b3300000)]
  0x00000214bb8b56c0 JavaThread "Unconstrained build operations Thread 39" [_thread_blocked, id=14052, stack(0x00000025b3300000,0x00000025b3400000)]
  0x00000214bb8ba890 JavaThread "Unconstrained build operations Thread 40" [_thread_blocked, id=7292, stack(0x00000025b3400000,0x00000025b3500000)]
  0x00000214bd02b580 JavaThread "Unconstrained build operations Thread 41" [_thread_blocked, id=12436, stack(0x00000025b3500000,0x00000025b3600000)]
  0x00000214bd026880 JavaThread "Unconstrained build operations Thread 42" [_thread_blocked, id=16368, stack(0x00000025b3600000,0x00000025b3700000)]
  0x00000214bd02c8c0 JavaThread "Unconstrained build operations Thread 43" [_thread_blocked, id=7592, stack(0x00000025b3700000,0x00000025b3800000)]
  0x00000214bd029d70 JavaThread "Unconstrained build operations Thread 44" [_thread_blocked, id=17092, stack(0x00000025b3800000,0x00000025b3900000)]
  0x00000214bd02c3f0 JavaThread "Unconstrained build operations Thread 45" [_thread_blocked, id=12040, stack(0x00000025b3900000,0x00000025b3a00000)]
  0x00000214bd02d260 JavaThread "Unconstrained build operations Thread 46" [_thread_blocked, id=14456, stack(0x00000025b3a00000,0x00000025b3b00000)]
  0x00000214bd02ba50 JavaThread "Unconstrained build operations Thread 47" [_thread_blocked, id=10768, stack(0x00000025b3b00000,0x00000025b3c00000)]
  0x00000214bd028f00 JavaThread "Unconstrained build operations Thread 48" [_thread_blocked, id=5740, stack(0x00000025b3c00000,0x00000025b3d00000)]
  0x00000214bd02d730 JavaThread "Unconstrained build operations Thread 49" [_thread_blocked, id=10856, stack(0x00000025b3d00000,0x00000025b3e00000)]
  0x00000214bd0276f0 JavaThread "Unconstrained build operations Thread 50" [_thread_blocked, id=3076, stack(0x00000025b3e00000,0x00000025b3f00000)]
  0x00000214bd02a240 JavaThread "Unconstrained build operations Thread 51" [_thread_blocked, id=5964, stack(0x00000025b3f00000,0x00000025b4000000)]
  0x00000214bd02bf20 JavaThread "Unconstrained build operations Thread 52" [_thread_blocked, id=17780, stack(0x00000025b4000000,0x00000025b4100000)]
  0x00000214bd02a710 JavaThread "Unconstrained build operations Thread 53" [_thread_blocked, id=6088, stack(0x00000025b4100000,0x00000025b4200000)]
  0x00000214bd026d50 JavaThread "Unconstrained build operations Thread 54" [_thread_blocked, id=3300, stack(0x00000025b4200000,0x00000025b4300000)]
  0x00000214bd0293d0 JavaThread "Unconstrained build operations Thread 55" [_thread_blocked, id=1080, stack(0x00000025b4300000,0x00000025b4400000)]
  0x00000214bd0298a0 JavaThread "Unconstrained build operations Thread 56" [_thread_blocked, id=17200, stack(0x00000025b4400000,0x00000025b4500000)]
  0x00000214bd02cd90 JavaThread "Unconstrained build operations Thread 57" [_thread_blocked, id=13284, stack(0x00000025b4500000,0x00000025b4600000)]
  0x00000214bd02abe0 JavaThread "Unconstrained build operations Thread 58" [_thread_blocked, id=1324, stack(0x00000025b4600000,0x00000025b4700000)]
  0x00000214bd02b0b0 JavaThread "Unconstrained build operations Thread 59" [_thread_blocked, id=1384, stack(0x00000025b4700000,0x00000025b4800000)]
  0x00000214bd027220 JavaThread "Unconstrained build operations Thread 60" [_thread_blocked, id=9200, stack(0x00000025b4800000,0x00000025b4900000)]
  0x00000214bd02dc00 JavaThread "Unconstrained build operations Thread 61" [_thread_blocked, id=12076, stack(0x00000025b4900000,0x00000025b4a00000)]
  0x00000214bd027bc0 JavaThread "Unconstrained build operations Thread 62" [_thread_blocked, id=11436, stack(0x00000025b4a00000,0x00000025b4b00000)]
  0x00000214bd02e0d0 JavaThread "Unconstrained build operations Thread 63" [_thread_blocked, id=11244, stack(0x00000025b4b00000,0x00000025b4c00000)]
  0x00000214bd028090 JavaThread "Unconstrained build operations Thread 64" [_thread_blocked, id=8432, stack(0x00000025b4c00000,0x00000025b4d00000)]
  0x00000214bd028560 JavaThread "Unconstrained build operations Thread 65" [_thread_blocked, id=12360, stack(0x00000025b4d00000,0x00000025b4e00000)]
  0x00000214bd028a30 JavaThread "Unconstrained build operations Thread 66" [_thread_blocked, id=15088, stack(0x00000025b4e00000,0x00000025b4f00000)]
  0x00000214bd2278b0 JavaThread "Unconstrained build operations Thread 67" [_thread_blocked, id=15720, stack(0x00000025b4f00000,0x00000025b5000000)]
  0x00000214bd220060 JavaThread "Unconstrained build operations Thread 68" [_thread_blocked, id=10720, stack(0x00000025b5000000,0x00000025b5100000)]
  0x00000214bd2226e0 JavaThread "Unconstrained build operations Thread 69" [_thread_blocked, id=16972, stack(0x00000025b5100000,0x00000025b5200000)]
  0x00000214bd225230 JavaThread "Unconstrained build operations Thread 70" [_thread_blocked, id=6700, stack(0x00000025b5200000,0x00000025b5300000)]
  0x00000214bd225700 JavaThread "Unconstrained build operations Thread 71" [_thread_blocked, id=2312, stack(0x00000025b5300000,0x00000025b5400000)]
  0x00000214bd226a40 JavaThread "Unconstrained build operations Thread 72" [_thread_blocked, id=1816, stack(0x00000025b5400000,0x00000025b5500000)]
  0x00000214bd222bb0 JavaThread "Unconstrained build operations Thread 73" [_thread_blocked, id=11620, stack(0x00000025b5500000,0x00000025b5600000)]
  0x00000214bd226f10 JavaThread "Unconstrained build operations Thread 74" [_thread_blocked, id=12312, stack(0x00000025b5600000,0x00000025b5700000)]
  0x00000214bd226570 JavaThread "Unconstrained build operations Thread 75" [_thread_blocked, id=7860, stack(0x00000025b5700000,0x00000025b5800000)]
  0x00000214bd2273e0 JavaThread "Unconstrained build operations Thread 76" [_thread_blocked, id=16952, stack(0x00000025b5800000,0x00000025b5900000)]
  0x00000214bd222210 JavaThread "Unconstrained build operations Thread 77" [_thread_blocked, id=16040, stack(0x00000025b5900000,0x00000025b5a00000)]
  0x00000214bd225bd0 JavaThread "Unconstrained build operations Thread 78" [_thread_blocked, id=13532, stack(0x00000025b5a00000,0x00000025b5b00000)]
  0x00000214bd224d60 JavaThread "Unconstrained build operations Thread 79" [_thread_blocked, id=16696, stack(0x00000025b5b00000,0x00000025b5c00000)]
  0x00000214bd2260a0 JavaThread "Unconstrained build operations Thread 80" [_thread_blocked, id=4404, stack(0x00000025b5c00000,0x00000025b5d00000)]
  0x00000214bd2213a0 JavaThread "jar transforms Thread 6" [_thread_blocked, id=7072, stack(0x00000025b5d00000,0x00000025b5e00000)]
  0x00000214bd220ed0 JavaThread "jar transforms Thread 7" [_thread_blocked, id=13868, stack(0x00000025b5e00000,0x00000025b5f00000)]
  0x00000214bd223080 JavaThread "jar transforms Thread 8" [_thread_blocked, id=14500, stack(0x00000025b5f00000,0x00000025b6000000)]
  0x00000214bd221d40 JavaThread "Memory manager" [_thread_blocked, id=10252, stack(0x00000025b6000000,0x00000025b6100000)]
=>0x00000214bbf70830 JavaThread "C2 CompilerThread1" daemon [_thread_in_native, id=15280, stack(0x00000025b0900000,0x00000025b0a00000)]
  0x00000214bbeff550 JavaThread "C2 CompilerThread2" daemon [_thread_in_native, id=7636, stack(0x00000025b0c00000,0x00000025b0d00000)]
  0x00000214c2f07d60 JavaThread "build event listener" [_thread_blocked, id=10388, stack(0x00000025b6100000,0x00000025b6200000)]
  0x00000214c2f08230 JavaThread "Execution worker for ':'" [_thread_blocked, id=1888, stack(0x00000025b6200000,0x00000025b6300000)]
  0x00000214c2f09a40 JavaThread "Execution worker for ':' Thread 2" [_thread_blocked, id=4508, stack(0x00000025b6300000,0x00000025b6400000)]
  0x00000214c2f06550 JavaThread "Execution worker for ':' Thread 3" [_thread_blocked, id=5656, stack(0x00000025b6400000,0x00000025b6500000)]
  0x00000214c2f06a20 JavaThread "Execution worker for ':' Thread 4" [_thread_blocked, id=17908, stack(0x00000025b6500000,0x00000025b6600000)]
  0x00000214c2f073c0 JavaThread "Execution worker for ':' Thread 5" [_thread_blocked, id=9284, stack(0x00000025b6600000,0x00000025b6700000)]
  0x00000214c2f06ef0 JavaThread "Execution worker for ':' Thread 6" [_thread_blocked, id=2320, stack(0x00000025b6700000,0x00000025b6800000)]
  0x00000214c0490590 JavaThread "Execution worker for ':' Thread 7" [_thread_blocked, id=18356, stack(0x00000025b6800000,0x00000025b6900000)]
  0x00000214c048cbd0 JavaThread "Cache worker for execution history cache (C:\Users\mateo\Desktop\PokePabellon2\.gradle\7.3.3\executionHistory)" [_thread_blocked, id=13392, stack(0x00000025b6900000,0x00000025b6a00000)]

Other Threads:
  0x00000214b82f5070 VMThread "VM Thread" [stack: 0x00000025ada00000,0x00000025adb00000] [id=3444]
  0x000002149e522b30 WatcherThread [stack: 0x00000025ae600000,0x00000025ae700000] [id=16612]
  0x000002149e4f9420 GCTaskThread "GC Thread#0" [stack: 0x00000025ad500000,0x00000025ad600000] [id=12324]
  0x00000214b991e8f0 GCTaskThread "GC Thread#1" [stack: 0x00000025ae800000,0x00000025ae900000] [id=2780]
  0x00000214b95f4670 GCTaskThread "GC Thread#2" [stack: 0x00000025ae900000,0x00000025aea00000] [id=15180]
  0x00000214b99c08a0 GCTaskThread "GC Thread#3" [stack: 0x00000025aea00000,0x00000025aeb00000] [id=740]
  0x00000214ba4e64d0 GCTaskThread "GC Thread#4" [stack: 0x00000025aeb00000,0x00000025aec00000] [id=14116]
  0x00000214bc8c2dc0 GCTaskThread "GC Thread#5" [stack: 0x00000025af800000,0x00000025af900000] [id=12268]
  0x00000214ba71b030 GCTaskThread "GC Thread#6" [stack: 0x00000025af900000,0x00000025afa00000] [id=16664]
  0x00000214ba546ca0 GCTaskThread "GC Thread#7" [stack: 0x00000025afa00000,0x00000025afb00000] [id=16792]
  0x000002149e50a360 ConcurrentGCThread "G1 Main Marker" [stack: 0x00000025ad600000,0x00000025ad700000] [id=6936]
  0x000002149e50b510 ConcurrentGCThread "G1 Conc#0" [stack: 0x00000025ad700000,0x00000025ad800000] [id=9840]
  0x00000214bbb03400 ConcurrentGCThread "G1 Conc#1" [stack: 0x00000025afb00000,0x00000025afc00000] [id=9396]
  0x000002149e55e5a0 ConcurrentGCThread "G1 Refine#0" [stack: 0x00000025ad800000,0x00000025ad900000] [id=7576]
  0x00000214b81480f0 ConcurrentGCThread "G1 Service" [stack: 0x00000025ad900000,0x00000025ada00000] [id=7132]

Threads with active compile tasks:
C2 CompilerThread0    23784 9194   !   4       org.gradle.internal.serialize.kryo.KryoBackedDecoder::readBytes (23 bytes)
C1 CompilerThread0    23784 9225   !   3       org.gradle.api.internal.artifacts.transform.TransformingAsyncArtifactListener$TransformedArtifact::finalizeValue (165 bytes)
C2 CompilerThread1    23784 8952       4       org.gradle.cache.internal.btree.CachingBlockStore::read (56 bytes)
C2 CompilerThread2    23784 8971       4       org.gradle.cache.internal.btree.FreeListBlockStore::read (12 bytes)

VM state: not at safepoint (normal execution)

VM Mutex/Monitor currently owned by a thread: None

Heap address: 0x0000000080000000, size: 2048 MB, Compressed Oops mode: 32-bit

CDS archive(s) not mapped
Compressed class space mapped at: 0x0000000100000000-0x0000000140000000, reserved size: 1073741824
Narrow klass base: 0x0000000000000000, Narrow klass shift: 3, Narrow klass range: 0x140000000

GC Precious Log:
 CPUs: 8 total, 8 available
 Memory: 8066M
 Large Page Support: Disabled
 NUMA Support: Disabled
 Compressed Oops: Enabled (32-bit)
 Heap Region Size: 1M
 Heap Min Capacity: 8M
 Heap Initial Capacity: 128M
 Heap Max Capacity: 2G
 Pre-touch: Disabled
 Parallel Workers: 8
 Concurrent Workers: 2
 Concurrent Refinement Workers: 8
 Periodic GC: Disabled

Heap:
 garbage-first heap   total 126976K, used 94512K [0x0000000080000000, 0x0000000100000000)
  region size 1024K, 25 young (25600K), 3 survivors (3072K)
 Metaspace       used 82492K, committed 83072K, reserved 1122304K
  class space    used 11273K, committed 11520K, reserved 1048576K

Heap Regions: E=young(eden), S=young(survivor), O=old, HS=humongous(starts), HC=humongous(continues), CS=collection set, F=free, OA=open archive, CA=closed archive, TAMS=top-at-mark-start (previous, next)
|   0|0x0000000080000000, 0x0000000080100000, 0x0000000080100000|100%| O|  |TAMS 0x0000000080100000, 0x0000000080000000| Untracked 
|   1|0x0000000080100000, 0x0000000080200000, 0x0000000080200000|100%| O|  |TAMS 0x0000000080200000, 0x0000000080100000| Untracked 
|   2|0x0000000080200000, 0x0000000080300000, 0x0000000080300000|100%| O|  |TAMS 0x0000000080300000, 0x0000000080200000| Untracked 
|   3|0x0000000080300000, 0x0000000080400000, 0x0000000080400000|100%|HS|  |TAMS 0x0000000080400000, 0x0000000080300000| Complete 
|   4|0x0000000080400000, 0x0000000080500000, 0x0000000080500000|100%|HC|  |TAMS 0x0000000080500000, 0x0000000080400000| Complete 
|   5|0x0000000080500000, 0x0000000080600000, 0x0000000080600000|100%|HC|  |TAMS 0x0000000080600000, 0x0000000080500000| Complete 
|   6|0x0000000080600000, 0x0000000080700000, 0x0000000080700000|100%| O|  |TAMS 0x0000000080700000, 0x0000000080600000| Untracked 
|   7|0x0000000080700000, 0x0000000080800000, 0x0000000080800000|100%| O|  |TAMS 0x0000000080800000, 0x0000000080700000| Untracked 
|   8|0x0000000080800000, 0x0000000080900000, 0x0000000080900000|100%| O|  |TAMS 0x0000000080900000, 0x0000000080800000| Untracked 
|   9|0x0000000080900000, 0x0000000080a00000, 0x0000000080a00000|100%| O|  |TAMS 0x0000000080a00000, 0x0000000080900000| Untracked 
|  10|0x0000000080a00000, 0x0000000080a4b400, 0x0000000080b00000| 29%| O|  |TAMS 0x0000000080a4b400, 0x0000000080a00000| Untracked 
|  11|0x0000000080b00000, 0x0000000080c00000, 0x0000000080c00000|100%| O|  |TAMS 0x0000000080c00000, 0x0000000080b00000| Untracked 
|  12|0x0000000080c00000, 0x0000000080d00000, 0x0000000080d00000|100%| O|  |TAMS 0x0000000080d00000, 0x0000000080c00000| Untracked 
|  13|0x0000000080d00000, 0x0000000080e00000, 0x0000000080e00000|100%| O|  |TAMS 0x0000000080e00000, 0x0000000080d00000| Untracked 
|  14|0x0000000080e00000, 0x0000000080f00000, 0x0000000080f00000|100%| O|  |TAMS 0x0000000080f00000, 0x0000000080e00000| Untracked 
|  15|0x0000000080f00000, 0x0000000081000000, 0x0000000081000000|100%| O|  |TAMS 0x0000000081000000, 0x0000000080f00000| Untracked 
|  16|0x0000000081000000, 0x0000000081100000, 0x0000000081100000|100%| O|  |TAMS 0x0000000081100000, 0x0000000081000000| Untracked 
|  17|0x0000000081100000, 0x0000000081200000, 0x0000000081200000|100%| O|  |TAMS 0x0000000081200000, 0x0000000081100000| Untracked 
|  18|0x0000000081200000, 0x0000000081300000, 0x0000000081300000|100%| O|  |TAMS 0x0000000081300000, 0x0000000081200000| Untracked 
|  19|0x0000000081300000, 0x0000000081400000, 0x0000000081400000|100%| O|  |TAMS 0x0000000081400000, 0x0000000081300000| Untracked 
|  20|0x0000000081400000, 0x0000000081500000, 0x0000000081500000|100%| O|  |TAMS 0x0000000081500000, 0x0000000081400000| Untracked 
|  21|0x0000000081500000, 0x0000000081600000, 0x0000000081600000|100%| O|  |TAMS 0x0000000081600000, 0x0000000081500000| Untracked 
|  22|0x0000000081600000, 0x0000000081700000, 0x0000000081700000|100%| O|  |TAMS 0x0000000081700000, 0x0000000081600000| Untracked 
|  23|0x0000000081700000, 0x0000000081800000, 0x0000000081800000|100%| O|  |TAMS 0x0000000081800000, 0x0000000081700000| Untracked 
|  24|0x0000000081800000, 0x0000000081900000, 0x0000000081900000|100%| O|  |TAMS 0x0000000081900000, 0x0000000081800000| Untracked 
|  25|0x0000000081900000, 0x0000000081a00000, 0x0000000081a00000|100%| O|  |TAMS 0x0000000081a00000, 0x0000000081900000| Untracked 
|  26|0x0000000081a00000, 0x0000000081b00000, 0x0000000081b00000|100%| O|  |TAMS 0x0000000081b00000, 0x0000000081a00000| Untracked 
|  27|0x0000000081b00000, 0x0000000081c00000, 0x0000000081c00000|100%| O|  |TAMS 0x0000000081c00000, 0x0000000081b00000| Untracked 
|  28|0x0000000081c00000, 0x0000000081d00000, 0x0000000081d00000|100%| O|  |TAMS 0x0000000081d00000, 0x0000000081c00000| Untracked 
|  29|0x0000000081d00000, 0x0000000081e00000, 0x0000000081e00000|100%| O|  |TAMS 0x0000000081e00000, 0x0000000081d00000| Untracked 
|  30|0x0000000081e00000, 0x0000000081f00000, 0x0000000081f00000|100%|HS|  |TAMS 0x0000000081f00000, 0x0000000081e00000| Complete 
|  31|0x0000000081f00000, 0x0000000082000000, 0x0000000082000000|100%|HS|  |TAMS 0x0000000082000000, 0x0000000081f00000| Complete 
|  32|0x0000000082000000, 0x0000000082100000, 0x0000000082100000|100%|HS|  |TAMS 0x0000000082100000, 0x0000000082000000| Complete 
|  33|0x0000000082100000, 0x0000000082200000, 0x0000000082200000|100%|HC|  |TAMS 0x0000000082200000, 0x0000000082100000| Complete 
|  34|0x0000000082200000, 0x0000000082300000, 0x0000000082300000|100%| O|  |TAMS 0x0000000082300000, 0x0000000082200000| Untracked 
|  35|0x0000000082300000, 0x0000000082400000, 0x0000000082400000|100%| O|  |TAMS 0x0000000082400000, 0x0000000082300000| Untracked 
|  36|0x0000000082400000, 0x0000000082500000, 0x0000000082500000|100%| O|  |TAMS 0x0000000082500000, 0x0000000082400000| Untracked 
|  37|0x0000000082500000, 0x0000000082600000, 0x0000000082600000|100%| O|  |TAMS 0x0000000082600000, 0x0000000082500000| Untracked 
|  38|0x0000000082600000, 0x0000000082700000, 0x0000000082700000|100%| O|  |TAMS 0x0000000082700000, 0x0000000082600000| Untracked 
|  39|0x0000000082700000, 0x0000000082800000, 0x0000000082800000|100%| O|  |TAMS 0x0000000082800000, 0x0000000082700000| Untracked 
|  40|0x0000000082800000, 0x0000000082900000, 0x0000000082900000|100%| O|  |TAMS 0x0000000082900000, 0x0000000082800000| Untracked 
|  41|0x0000000082900000, 0x0000000082a00000, 0x0000000082a00000|100%| O|  |TAMS 0x0000000082a00000, 0x0000000082900000| Untracked 
|  42|0x0000000082a00000, 0x0000000082b00000, 0x0000000082b00000|100%| O|  |TAMS 0x0000000082b00000, 0x0000000082a00000| Untracked 
|  43|0x0000000082b00000, 0x0000000082c00000, 0x0000000082c00000|100%| O|  |TAMS 0x0000000082c00000, 0x0000000082b00000| Untracked 
|  44|0x0000000082c00000, 0x0000000082d00000, 0x0000000082d00000|100%| O|  |TAMS 0x0000000082d00000, 0x0000000082c00000| Untracked 
|  45|0x0000000082d00000, 0x0000000082e00000, 0x0000000082e00000|100%| O|  |TAMS 0x0000000082e00000, 0x0000000082d00000| Untracked 
|  46|0x0000000082e00000, 0x0000000082f00000, 0x0000000082f00000|100%| O|  |TAMS 0x0000000082f00000, 0x0000000082e00000| Untracked 
|  47|0x0000000082f00000, 0x0000000083000000, 0x0000000083000000|100%| O|  |TAMS 0x0000000083000000, 0x0000000082f00000| Untracked 
|  48|0x0000000083000000, 0x0000000083100000, 0x0000000083100000|100%| O|  |TAMS 0x0000000083100000, 0x0000000083000000| Untracked 
|  49|0x0000000083100000, 0x0000000083200000, 0x0000000083200000|100%| O|  |TAMS 0x0000000083200000, 0x0000000083100000| Untracked 
|  50|0x0000000083200000, 0x0000000083300000, 0x0000000083300000|100%| O|  |TAMS 0x0000000083300000, 0x0000000083200000| Untracked 
|  51|0x0000000083300000, 0x0000000083400000, 0x0000000083400000|100%| O|  |TAMS 0x0000000083400000, 0x0000000083300000| Untracked 
|  52|0x0000000083400000, 0x0000000083500000, 0x0000000083500000|100%| O|  |TAMS 0x0000000083500000, 0x0000000083400000| Untracked 
|  53|0x0000000083500000, 0x0000000083600000, 0x0000000083600000|100%| O|  |TAMS 0x0000000083600000, 0x0000000083500000| Untracked 
|  54|0x0000000083600000, 0x0000000083700000, 0x0000000083700000|100%| O|  |TAMS 0x0000000083700000, 0x0000000083600000| Untracked 
|  55|0x0000000083700000, 0x0000000083800000, 0x0000000083800000|100%| O|  |TAMS 0x0000000083800000, 0x0000000083700000| Untracked 
|  56|0x0000000083800000, 0x0000000083900000, 0x0000000083900000|100%| O|  |TAMS 0x0000000083900000, 0x0000000083800000| Untracked 
|  57|0x0000000083900000, 0x0000000083a00000, 0x0000000083a00000|100%| O|  |TAMS 0x0000000083a00000, 0x0000000083900000| Untracked 
|  58|0x0000000083a00000, 0x0000000083b00000, 0x0000000083b00000|100%| O|  |TAMS 0x0000000083b00000, 0x0000000083a00000| Untracked 
|  59|0x0000000083b00000, 0x0000000083c00000, 0x0000000083c00000|100%| O|  |TAMS 0x0000000083c00000, 0x0000000083b00000| Untracked 
|  60|0x0000000083c00000, 0x0000000083d00000, 0x0000000083d00000|100%| O|  |TAMS 0x0000000083d00000, 0x0000000083c00000| Untracked 
|  61|0x0000000083d00000, 0x0000000083e00000, 0x0000000083e00000|100%| O|  |TAMS 0x0000000083e00000, 0x0000000083d00000| Untracked 
|  62|0x0000000083e00000, 0x0000000083f00000, 0x0000000083f00000|100%| O|  |TAMS 0x0000000083f00000, 0x0000000083e00000| Untracked 
|  63|0x0000000083f00000, 0x0000000084000000, 0x0000000084000000|100%| O|  |TAMS 0x0000000083f96c00, 0x0000000083f00000| Untracked 
|  64|0x0000000084000000, 0x0000000084100000, 0x0000000084100000|100%| O|  |TAMS 0x0000000084000000, 0x0000000084000000| Untracked 
|  65|0x0000000084100000, 0x0000000084200000, 0x0000000084200000|100%| O|  |TAMS 0x0000000084100000, 0x0000000084100000| Untracked 
|  66|0x0000000084200000, 0x0000000084300000, 0x0000000084300000|100%| O|  |TAMS 0x0000000084200000, 0x0000000084200000| Untracked 
|  67|0x0000000084300000, 0x0000000084400000, 0x0000000084400000|100%| O|  |TAMS 0x0000000084300000, 0x0000000084300000| Untracked 
|  68|0x0000000084400000, 0x0000000084500000, 0x0000000084500000|100%| O|  |TAMS 0x0000000084400000, 0x0000000084400000| Untracked 
|  69|0x0000000084500000, 0x0000000084600000, 0x0000000084600000|100%| O|  |TAMS 0x0000000084500000, 0x0000000084500000| Untracked 
|  70|0x0000000084600000, 0x00000000846ed400, 0x0000000084700000| 92%| O|  |TAMS 0x0000000084600000, 0x0000000084600000| Untracked 
|  71|0x0000000084700000, 0x0000000084700000, 0x0000000084800000|  0%| F|  |TAMS 0x0000000084700000, 0x0000000084700000| Untracked 
|  72|0x0000000084800000, 0x0000000084800000, 0x0000000084900000|  0%| F|  |TAMS 0x0000000084800000, 0x0000000084800000| Untracked 
|  73|0x0000000084900000, 0x0000000084900000, 0x0000000084a00000|  0%| F|  |TAMS 0x0000000084900000, 0x0000000084900000| Untracked 
|  74|0x0000000084a00000, 0x0000000084a00000, 0x0000000084b00000|  0%| F|  |TAMS 0x0000000084a00000, 0x0000000084a00000| Untracked 
|  75|0x0000000084b00000, 0x0000000084b00000, 0x0000000084c00000|  0%| F|  |TAMS 0x0000000084b00000, 0x0000000084b00000| Untracked 
|  76|0x0000000084c00000, 0x0000000084c00000, 0x0000000084d00000|  0%| F|  |TAMS 0x0000000084c00000, 0x0000000084c00000| Untracked 
|  77|0x0000000084d00000, 0x0000000084d00000, 0x0000000084e00000|  0%| F|  |TAMS 0x0000000084d00000, 0x0000000084d00000| Untracked 
|  78|0x0000000084e00000, 0x0000000084e00000, 0x0000000084f00000|  0%| F|  |TAMS 0x0000000084e00000, 0x0000000084e00000| Untracked 
|  79|0x0000000084f00000, 0x0000000084f00000, 0x0000000085000000|  0%| F|  |TAMS 0x0000000084f00000, 0x0000000084f00000| Untracked 
|  80|0x0000000085000000, 0x0000000085000000, 0x0000000085100000|  0%| F|  |TAMS 0x0000000085000000, 0x0000000085000000| Untracked 
|  81|0x0000000085100000, 0x0000000085100000, 0x0000000085200000|  0%| F|  |TAMS 0x0000000085100000, 0x0000000085100000| Untracked 
|  82|0x0000000085200000, 0x0000000085200000, 0x0000000085300000|  0%| F|  |TAMS 0x0000000085200000, 0x0000000085200000| Untracked 
|  83|0x0000000085300000, 0x0000000085300000, 0x0000000085400000|  0%| F|  |TAMS 0x0000000085300000, 0x0000000085300000| Untracked 
|  84|0x0000000085400000, 0x0000000085400000, 0x0000000085500000|  0%| F|  |TAMS 0x0000000085400000, 0x0000000085400000| Untracked 
|  85|0x0000000085500000, 0x0000000085500000, 0x0000000085600000|  0%| F|  |TAMS 0x0000000085500000, 0x0000000085500000| Untracked 
|  86|0x0000000085600000, 0x0000000085600000, 0x0000000085700000|  0%| F|  |TAMS 0x0000000085600000, 0x0000000085600000| Untracked 
|  87|0x0000000085700000, 0x0000000085700000, 0x0000000085800000|  0%| F|  |TAMS 0x0000000085700000, 0x0000000085700000| Untracked 
|  88|0x0000000085800000, 0x0000000085800000, 0x0000000085900000|  0%| F|  |TAMS 0x0000000085800000, 0x0000000085800000| Untracked 
|  89|0x0000000085900000, 0x0000000085900000, 0x0000000085a00000|  0%| F|  |TAMS 0x0000000085900000, 0x0000000085900000| Untracked 
|  90|0x0000000085a00000, 0x0000000085a00000, 0x0000000085b00000|  0%| F|  |TAMS 0x0000000085a00000, 0x0000000085a00000| Untracked 
|  91|0x0000000085b00000, 0x0000000085b00000, 0x0000000085c00000|  0%| F|  |TAMS 0x0000000085b00000, 0x0000000085b00000| Untracked 
|  92|0x0000000085c00000, 0x0000000085c00000, 0x0000000085d00000|  0%| F|  |TAMS 0x0000000085c00000, 0x0000000085c00000| Untracked 
|  93|0x0000000085d00000, 0x0000000085d00000, 0x0000000085e00000|  0%| F|  |TAMS 0x0000000085d00000, 0x0000000085d00000| Untracked 
|  94|0x0000000085e00000, 0x0000000085e00000, 0x0000000085f00000|  0%| F|  |TAMS 0x0000000085e00000, 0x0000000085e00000| Untracked 
|  95|0x0000000085f00000, 0x0000000085f138d0, 0x0000000086000000|  7%| S|CS|TAMS 0x0000000085f00000, 0x0000000085f00000| Complete 
|  96|0x0000000086000000, 0x0000000086100000, 0x0000000086100000|100%| S|CS|TAMS 0x0000000086000000, 0x0000000086000000| Complete 
|  97|0x0000000086100000, 0x0000000086200000, 0x0000000086200000|100%| S|CS|TAMS 0x0000000086100000, 0x0000000086100000| Complete 
|  98|0x0000000086200000, 0x0000000086200000, 0x0000000086300000|  0%| F|  |TAMS 0x0000000086200000, 0x0000000086200000| Untracked 
|  99|0x0000000086300000, 0x0000000086300000, 0x0000000086400000|  0%| F|  |TAMS 0x0000000086300000, 0x0000000086300000| Untracked 
| 100|0x0000000086400000, 0x0000000086400000, 0x0000000086500000|  0%| F|  |TAMS 0x0000000086400000, 0x0000000086400000| Untracked 
| 101|0x0000000086500000, 0x000000008650bdd8, 0x0000000086600000|  4%| E|  |TAMS 0x0000000086500000, 0x0000000086500000| Complete 
| 102|0x0000000086600000, 0x00000000866ff5b0, 0x0000000086700000| 99%| E|  |TAMS 0x0000000086600000, 0x0000000086600000| Complete 
| 103|0x0000000086700000, 0x0000000086800000, 0x0000000086800000|100%| E|CS|TAMS 0x0000000086700000, 0x0000000086700000| Complete 
| 104|0x0000000086800000, 0x0000000086900000, 0x0000000086900000|100%| E|CS|TAMS 0x0000000086800000, 0x0000000086800000| Complete 
| 105|0x0000000086900000, 0x0000000086a00000, 0x0000000086a00000|100%| E|CS|TAMS 0x0000000086900000, 0x0000000086900000| Complete 
| 106|0x0000000086a00000, 0x0000000086b00000, 0x0000000086b00000|100%| E|CS|TAMS 0x0000000086a00000, 0x0000000086a00000| Complete 
| 107|0x0000000086b00000, 0x0000000086c00000, 0x0000000086c00000|100%| E|CS|TAMS 0x0000000086b00000, 0x0000000086b00000| Complete 
| 108|0x0000000086c00000, 0x0000000086d00000, 0x0000000086d00000|100%| E|CS|TAMS 0x0000000086c00000, 0x0000000086c00000| Complete 
| 109|0x0000000086d00000, 0x0000000086e00000, 0x0000000086e00000|100%| E|CS|TAMS 0x0000000086d00000, 0x0000000086d00000| Complete 
| 110|0x0000000086e00000, 0x0000000086f00000, 0x0000000086f00000|100%| E|CS|TAMS 0x0000000086e00000, 0x0000000086e00000| Complete 
| 111|0x0000000086f00000, 0x0000000087000000, 0x0000000087000000|100%| E|CS|TAMS 0x0000000086f00000, 0x0000000086f00000| Complete 
| 112|0x0000000087000000, 0x0000000087100000, 0x0000000087100000|100%| E|CS|TAMS 0x0000000087000000, 0x0000000087000000| Complete 
| 113|0x0000000087100000, 0x0000000087200000, 0x0000000087200000|100%| E|CS|TAMS 0x0000000087100000, 0x0000000087100000| Complete 
| 114|0x0000000087200000, 0x0000000087300000, 0x0000000087300000|100%| E|CS|TAMS 0x0000000087200000, 0x0000000087200000| Complete 
| 115|0x0000000087300000, 0x0000000087400000, 0x0000000087400000|100%| E|CS|TAMS 0x0000000087300000, 0x0000000087300000| Complete 
| 116|0x0000000087400000, 0x0000000087500000, 0x0000000087500000|100%| E|CS|TAMS 0x0000000087400000, 0x0000000087400000| Complete 
| 117|0x0000000087500000, 0x0000000087600000, 0x0000000087600000|100%| E|CS|TAMS 0x0000000087500000, 0x0000000087500000| Complete 
| 118|0x0000000087600000, 0x0000000087700000, 0x0000000087700000|100%| E|CS|TAMS 0x0000000087600000, 0x0000000087600000| Complete 
| 119|0x0000000087700000, 0x0000000087800000, 0x0000000087800000|100%| E|CS|TAMS 0x0000000087700000, 0x0000000087700000| Complete 
| 120|0x0000000087800000, 0x0000000087900000, 0x0000000087900000|100%| E|CS|TAMS 0x0000000087800000, 0x0000000087800000| Complete 
| 121|0x0000000087900000, 0x0000000087a00000, 0x0000000087a00000|100%| E|CS|TAMS 0x0000000087900000, 0x0000000087900000| Complete 
| 122|0x0000000087a00000, 0x0000000087b00000, 0x0000000087b00000|100%| E|CS|TAMS 0x0000000087a00000, 0x0000000087a00000| Complete 
| 127|0x0000000087f00000, 0x0000000088000000, 0x0000000088000000|100%| E|CS|TAMS 0x0000000087f00000, 0x0000000087f00000| Complete 

Card table byte_map: [0x00000214b1090000,0x00000214b1490000] _byte_map_base: 0x00000214b0c90000

Marking Bits (Prev, Next): (CMBitMap*) 0x000002149e4f9a70, (CMBitMap*) 0x000002149e4f9a30
 Prev Bits: [0x00000214b3890000, 0x00000214b5890000)
 Next Bits: [0x00000214b1890000, 0x00000214b3890000)

Polling page: 0x000002149dc60000

Metaspace:

Usage:
  Non-class:     69.55 MB used.
      Class:     11.01 MB used.
       Both:     80.56 MB used.

Virtual space:
  Non-class space:       72.00 MB reserved,      69.88 MB ( 97%) committed,  9 nodes.
      Class space:        1.00 GB reserved,      11.25 MB (  1%) committed,  1 nodes.
             Both:        1.07 GB reserved,      81.12 MB (  7%) committed. 

Chunk freelists:
   Non-Class:  1.34 MB
       Class:  783.00 KB
        Both:  2.11 MB

MaxMetaspaceSize: unlimited
CompressedClassSpaceSize: 1.00 GB
Initial GC threshold: 21.00 MB
Current GC threshold: 134.62 MB
CDS: off
MetaspaceReclaimPolicy: balanced
 - commit_granule_bytes: 65536.
 - commit_granule_words: 8192.
 - virtual_space_node_default_size: 1048576.
 - enlarge_chunks_in_place: 1.
 - new_chunks_are_fully_committed: 0.
 - uncommit_free_chunks: 1.
 - use_allocation_guard: 0.
 - handle_deallocations: 1.


Internal statistics:

num_allocs_failed_limit: 9.
num_arena_births: 728.
num_arena_deaths: 0.
num_vsnodes_births: 10.
num_vsnodes_deaths: 0.
num_space_committed: 1298.
num_space_uncommitted: 0.
num_chunks_returned_to_freelist: 9.
num_chunks_taken_from_freelist: 3665.
num_chunk_merges: 3.
num_chunk_splits: 2400.
num_chunks_enlarged: 1596.
num_purges: 0.
num_inconsistent_stats: 0.

CodeHeap 'non-profiled nmethods': size=120000Kb used=5274Kb max_used=5274Kb free=114725Kb
 bounds [0x00000214a9430000, 0x00000214a9960000, 0x00000214b0960000]
CodeHeap 'profiled nmethods': size=120000Kb used=16757Kb max_used=16757Kb free=103242Kb
 bounds [0x00000214a1960000, 0x00000214a29c0000, 0x00000214a8e90000]
CodeHeap 'non-nmethods': size=5760Kb used=2368Kb max_used=2464Kb free=3392Kb
 bounds [0x00000214a8e90000, 0x00000214a9110000, 0x00000214a9430000]
 total_blobs=9236 nmethods=8339 adapters=809
 compilation: enabled
              stopped_count=0, restarted_count=0
 full_count=0

Compilation events (20 events):
Event: 23.642 Thread 0x00000214b8c75030 9099       3       java.io.BufferedInputStream::read1 (108 bytes)
Event: 23.644 Thread 0x00000214b8c75030 nmethod 9099 0x00000214a2985d90 code [0x00000214a2985fe0, 0x00000214a29868d8]
Event: 23.644 Thread 0x00000214b8c75030 9098       3       org.gradle.internal.execution.steps.AssignWorkspaceStep$1::getIdentity (10 bytes)
Event: 23.644 Thread 0x00000214b8c75030 nmethod 9098 0x00000214a2986b90 code [0x00000214a2986d40, 0x00000214a2986f08]
Event: 23.658 Thread 0x00000214b8c75030 9100       3       org.gradle.internal.file.FileHierarchySet$Node::isChildOfOrThis (110 bytes)
Event: 23.665 Thread 0x00000214b8c75030 nmethod 9100 0x00000214a2987010 code [0x00000214a2987340, 0x00000214a29888f8]
Event: 23.674 Thread 0x00000214b8c75030 9101       3       org.gradle.api.internal.file.collections.UnpackingVisitor$SingleFileResolvingFileCollection::<init> (16 bytes)
Event: 23.675 Thread 0x00000214b8c75030 nmethod 9101 0x00000214a2989210 code [0x00000214a29893c0, 0x00000214a29896f8]
Event: 23.677 Thread 0x00000214b8309900 nmethod 9075% 0x00000214a994ae90 code [0x00000214a994b040, 0x00000214a994ba38]
Event: 23.677 Thread 0x00000214b8309900 8969       4       sun.security.provider.MD5::implCompress (13 bytes)
Event: 23.679 Thread 0x00000214b8309900 nmethod 8969 0x00000214a994bf10 code [0x00000214a994c080, 0x00000214a994c198]
Event: 23.679 Thread 0x00000214b8309900 8950       4       java.nio.HeapByteBuffer::putInt (31 bytes)
Event: 23.683 Thread 0x00000214b8309900 nmethod 8950 0x00000214a994c290 code [0x00000214a994c400, 0x00000214a994c518]
Event: 23.683 Thread 0x00000214b8309900 9102       4       sun.nio.fs.WindowsFileAttributes::isSymbolicLink (15 bytes)
Event: 23.684 Thread 0x00000214b8c75030 9103   !   3       java.nio.file.Files::walkFileTree (297 bytes)
Event: 23.684 Thread 0x00000214b8309900 nmethod 9102 0x00000214a994c690 code [0x00000214a994c800, 0x00000214a994c898]
Event: 23.684 Thread 0x00000214b8309900 9046       4       com.google.common.collect.NaturalOrdering::compare (13 bytes)
Event: 23.687 Thread 0x00000214b8309900 nmethod 9046 0x00000214a994c990 code [0x00000214a994cb20, 0x00000214a994cc78]
Event: 23.688 Thread 0x00000214b8309900 9104       4       java.math.BigInteger::stripLeadingZeroBytes (141 bytes)
Event: 23.689 Thread 0x00000214b8c75030 nmethod 9103 0x00000214a2989810 code [0x00000214a2989c00, 0x00000214a298b7c8]

GC Heap History (20 events):
Event: 15.422 GC heap before
{Heap before GC invocations=24 (full 0):
 garbage-first heap   total 101376K, used 63459K [0x0000000080000000, 0x0000000100000000)
  region size 1024K, 16 young (16384K), 2 survivors (2048K)
 Metaspace       used 65487K, committed 65920K, reserved 1114112K
  class space    used 8532K, committed 8704K, reserved 1048576K
}
Event: 15.427 GC heap after
{Heap after GC invocations=25 (full 0):
 garbage-first heap   total 101376K, used 51201K [0x0000000080000000, 0x0000000100000000)
  region size 1024K, 3 young (3072K), 3 survivors (3072K)
 Metaspace       used 65487K, committed 65920K, reserved 1114112K
  class space    used 8532K, committed 8704K, reserved 1048576K
}
Event: 16.212 GC heap before
{Heap before GC invocations=26 (full 0):
 garbage-first heap   total 101376K, used 81921K [0x0000000080000000, 0x0000000100000000)
  region size 1024K, 32 young (32768K), 3 survivors (3072K)
 Metaspace       used 66296K, committed 66688K, reserved 1114112K
  class space    used 8668K, committed 8832K, reserved 1048576K
}
Event: 16.218 GC heap after
{Heap after GC invocations=27 (full 0):
 garbage-first heap   total 101376K, used 53351K [0x0000000080000000, 0x0000000100000000)
  region size 1024K, 4 young (4096K), 4 survivors (4096K)
 Metaspace       used 66296K, committed 66688K, reserved 1114112K
  class space    used 8668K, committed 8832K, reserved 1048576K
}
Event: 17.318 GC heap before
{Heap before GC invocations=27 (full 0):
 garbage-first heap   total 101376K, used 82023K [0x0000000080000000, 0x0000000100000000)
  region size 1024K, 32 young (32768K), 4 survivors (4096K)
 Metaspace       used 69374K, committed 69824K, reserved 1114112K
  class space    used 9192K, committed 9408K, reserved 1048576K
}
Event: 17.327 GC heap after
{Heap after GC invocations=28 (full 0):
 garbage-first heap   total 101376K, used 55550K [0x0000000080000000, 0x0000000100000000)
  region size 1024K, 3 young (3072K), 3 survivors (3072K)
 Metaspace       used 69374K, committed 69824K, reserved 1114112K
  class space    used 9192K, committed 9408K, reserved 1048576K
}
Event: 18.233 GC heap before
{Heap before GC invocations=29 (full 0):
 garbage-first heap   total 101376K, used 82174K [0x0000000080000000, 0x0000000100000000)
  region size 1024K, 29 young (29696K), 3 survivors (3072K)
 Metaspace       used 72408K, committed 72896K, reserved 1114112K
  class space    used 9709K, committed 9920K, reserved 1048576K
}
Event: 18.244 GC heap after
{Heap after GC invocations=30 (full 0):
 garbage-first heap   total 101376K, used 57781K [0x0000000080000000, 0x0000000100000000)
  region size 1024K, 4 young (4096K), 4 survivors (4096K)
 Metaspace       used 72408K, committed 72896K, reserved 1114112K
  class space    used 9709K, committed 9920K, reserved 1048576K
}
Event: 19.052 GC heap before
{Heap before GC invocations=30 (full 0):
 garbage-first heap   total 101376K, used 82357K [0x0000000080000000, 0x0000000100000000)
  region size 1024K, 28 young (28672K), 4 survivors (4096K)
 Metaspace       used 75205K, committed 75776K, reserved 1114112K
  class space    used 10154K, committed 10432K, reserved 1048576K
}
Event: 19.059 GC heap after
{Heap after GC invocations=31 (full 0):
 garbage-first heap   total 101376K, used 59350K [0x0000000080000000, 0x0000000100000000)
  region size 1024K, 2 young (2048K), 2 survivors (2048K)
 Metaspace       used 75205K, committed 75776K, reserved 1114112K
  class space    used 10154K, committed 10432K, reserved 1048576K
}
Event: 20.127 GC heap before
{Heap before GC invocations=32 (full 0):
 garbage-first heap   total 107520K, used 81878K [0x0000000080000000, 0x0000000100000000)
  region size 1024K, 24 young (24576K), 2 survivors (2048K)
 Metaspace       used 78382K, committed 78912K, reserved 1122304K
  class space    used 10588K, committed 10816K, reserved 1048576K
}
Event: 20.134 GC heap after
{Heap after GC invocations=33 (full 0):
 garbage-first heap   total 107520K, used 60774K [0x0000000080000000, 0x0000000100000000)
  region size 1024K, 3 young (3072K), 3 survivors (3072K)
 Metaspace       used 78382K, committed 78912K, reserved 1122304K
  class space    used 10588K, committed 10816K, reserved 1048576K
}
Event: 20.920 GC heap before
{Heap before GC invocations=33 (full 0):
 garbage-first heap   total 107520K, used 88422K [0x0000000080000000, 0x0000000100000000)
  region size 1024K, 30 young (30720K), 3 survivors (3072K)
 Metaspace       used 79743K, committed 80256K, reserved 1122304K
  class space    used 10757K, committed 11008K, reserved 1048576K
}
Event: 20.929 GC heap after
{Heap after GC invocations=34 (full 0):
 garbage-first heap   total 107520K, used 64132K [0x0000000080000000, 0x0000000100000000)
  region size 1024K, 4 young (4096K), 4 survivors (4096K)
 Metaspace       used 79743K, committed 80256K, reserved 1122304K
  class space    used 10757K, committed 11008K, reserved 1048576K
}
Event: 21.307 GC heap before
{Heap before GC invocations=35 (full 0):
 garbage-first heap   total 122880K, used 86660K [0x0000000080000000, 0x0000000100000000)
  region size 1024K, 26 young (26624K), 4 survivors (4096K)
 Metaspace       used 79783K, committed 80256K, reserved 1122304K
  class space    used 10761K, committed 11008K, reserved 1048576K
}
Event: 21.318 GC heap after
{Heap after GC invocations=36 (full 0):
 garbage-first heap   total 122880K, used 68488K [0x0000000080000000, 0x0000000100000000)
  region size 1024K, 4 young (4096K), 4 survivors (4096K)
 Metaspace       used 79783K, committed 80256K, reserved 1122304K
  class space    used 10761K, committed 11008K, reserved 1048576K
}
Event: 22.682 GC heap before
{Heap before GC invocations=36 (full 0):
 garbage-first heap   total 122880K, used 99208K [0x0000000080000000, 0x0000000100000000)
  region size 1024K, 34 young (34816K), 4 survivors (4096K)
 Metaspace       used 82014K, committed 82624K, reserved 1122304K
  class space    used 11224K, committed 11520K, reserved 1048576K
}
Event: 22.698 GC heap after
{Heap after GC invocations=37 (full 0):
 garbage-first heap   total 122880K, used 71847K [0x0000000080000000, 0x0000000100000000)
  region size 1024K, 4 young (4096K), 4 survivors (4096K)
 Metaspace       used 82014K, committed 82624K, reserved 1122304K
  class space    used 11224K, committed 11520K, reserved 1048576K
}
Event: 23.368 GC heap before
{Heap before GC invocations=38 (full 0):
 garbage-first heap   total 126976K, used 97447K [0x0000000080000000, 0x0000000100000000)
  region size 1024K, 30 young (30720K), 4 survivors (4096K)
 Metaspace       used 82283K, committed 82880K, reserved 1122304K
  class space    used 11266K, committed 11520K, reserved 1048576K
}
Event: 23.375 GC heap after
{Heap after GC invocations=39 (full 0):
 garbage-first heap   total 126976K, used 74032K [0x0000000080000000, 0x0000000100000000)
  region size 1024K, 3 young (3072K), 3 survivors (3072K)
 Metaspace       used 82283K, committed 82880K, reserved 1122304K
  class space    used 11266K, committed 11520K, reserved 1048576K
}

Dll operation events (2 events):
Event: 0.011 Loaded shared library C:\Program Files\Android\Android Studio\jbr\bin\java.dll
Event: 0.580 Loaded shared library C:\Program Files\Android\Android Studio\jbr\bin\verify.dll

Deoptimization events (20 events):
Event: 23.427 Thread 0x00000214bb8b3eb0 Uncommon trap: trap_request=0xffffffd6 fr.pc=0x00000214a993f010 relative=0x0000000000000750
Event: 23.427 Thread 0x00000214bb8b3eb0 Uncommon trap: reason=array_check action=maybe_recompile pc=0x00000214a993f010 method=java.util.TimSort.binarySort([Ljava/lang/Object;IIILjava/util/Comparator;)V @ 215 c2
Event: 23.427 Thread 0x00000214bb8b3eb0 DEOPT PACKING pc=0x00000214a993f010 sp=0x00000025b2efe080
Event: 23.427 Thread 0x00000214bb8b3eb0 DEOPT UNPACKING pc=0x00000214a8ee69a3 sp=0x00000025b2efe018 mode 2
Event: 23.427 Thread 0x00000214bd2226e0 Uncommon trap: trap_request=0xffffffd6 fr.pc=0x00000214a993f010 relative=0x0000000000000750
Event: 23.427 Thread 0x00000214bd2226e0 Uncommon trap: reason=array_check action=maybe_recompile pc=0x00000214a993f010 method=java.util.TimSort.binarySort([Ljava/lang/Object;IIILjava/util/Comparator;)V @ 215 c2
Event: 23.427 Thread 0x00000214bd2226e0 DEOPT PACKING pc=0x00000214a993f010 sp=0x00000025b51fd9e0
Event: 23.427 Thread 0x00000214bd2226e0 DEOPT UNPACKING pc=0x00000214a8ee69a3 sp=0x00000025b51fd978 mode 2
Event: 23.476 Thread 0x00000214bcb92cf0 Uncommon trap: trap_request=0xffffffc6 fr.pc=0x00000214a97725d0 relative=0x0000000000000950
Event: 23.476 Thread 0x00000214bcb92cf0 Uncommon trap: reason=bimorphic_or_optimized_type_check action=maybe_recompile pc=0x00000214a97725d0 method=java.io.BufferedInputStream.read1([BII)I @ 39 c2
Event: 23.476 Thread 0x00000214bcb92cf0 DEOPT PACKING pc=0x00000214a97725d0 sp=0x00000025b04fe100
Event: 23.476 Thread 0x00000214bcb92cf0 DEOPT UNPACKING pc=0x00000214a8ee69a3 sp=0x00000025b04fe018 mode 2
Event: 23.585 Thread 0x00000214ba8a5b70 Uncommon trap: trap_request=0xffffff45 fr.pc=0x00000214a9912094 relative=0x0000000000000574
Event: 23.585 Thread 0x00000214ba8a5b70 Uncommon trap: reason=unstable_if action=reinterpret pc=0x00000214a9912094 method=org.gradle.internal.file.FileHierarchySet$Node.isChildOfOrThis(Ljava/lang/String;I)Z @ 72 c2
Event: 23.585 Thread 0x00000214ba8a5b70 DEOPT PACKING pc=0x00000214a9912094 sp=0x00000025af3f95b0
Event: 23.585 Thread 0x00000214ba8a5b70 DEOPT UNPACKING pc=0x00000214a8ee69a3 sp=0x00000025af3f9518 mode 2
Event: 23.618 Thread 0x00000214c048cbd0 Uncommon trap: trap_request=0xffffffc6 fr.pc=0x00000214a977330c relative=0x00000000000001cc
Event: 23.618 Thread 0x00000214c048cbd0 Uncommon trap: reason=bimorphic_or_optimized_type_check action=maybe_recompile pc=0x00000214a977330c method=java.io.BufferedInputStream.read1([BII)I @ 39 c2
Event: 23.618 Thread 0x00000214c048cbd0 DEOPT PACKING pc=0x00000214a977330c sp=0x00000025b69fe3e0
Event: 23.618 Thread 0x00000214c048cbd0 DEOPT UNPACKING pc=0x00000214a8ee69a3 sp=0x00000025b69fe368 mode 2

Classes unloaded (0 events):
No events

Classes redefined (0 events):
No events

Internal exceptions (20 events):
Event: 21.666 Thread 0x00000214c2f07d60 Exception <a 'java/lang/NoSuchMethodError'{0x0000000086b62548}: static Lcom/android/ide/common/attribution/AndroidGradlePluginAttributionData$BuildInfo;.<clinit>()V> (0x0000000086b62548) 
thrown [s\src\hotspot\share\prims\jni.cpp, line 1108]
Event: 21.672 Thread 0x00000214c2f07d60 Exception <a 'java/lang/NoSuchMethodError'{0x0000000086bc4d78}: static Lcom/android/ide/common/attribution/AndroidGradlePluginAttributionData$JavaInfo;.<clinit>()V> (0x0000000086bc4d78) 
thrown [s\src\hotspot\share\prims\jni.cpp, line 1108]
Event: 21.677 Thread 0x00000214c2f07d60 Exception <a 'java/lang/NoSuchMethodError'{0x0000000086be6578}: static [Ljava/lang/String;.<clinit>()V> (0x0000000086be6578) 
thrown [s\src\hotspot\share\prims\jni.cpp, line 1108]
Event: 21.684 Thread 0x00000214ba8a5b70 Exception <a 'java/lang/IncompatibleClassChangeError'{0x0000000086a2c408}: Found class java.lang.Object, but interface was expected> (0x0000000086a2c408) 
thrown [s\src\hotspot\share\interpreter\linkResolver.cpp, line 838]
Event: 21.685 Thread 0x00000214c2f07d60 Exception <a 'java/lang/NoSuchMethodError'{0x0000000086a05270}: 'void java.lang.invoke.DirectMethodHandle$Holder.invokeSpecial(java.lang.Object, java.lang.Object, java.lang.Object, int)'> (0x0000000086a05270) 
thrown [s\src\hotspot\share\interpreter\linkResolver.cpp, line 771]
Event: 21.767 Thread 0x00000214ba8a4830 Exception <a 'java/lang/NoSuchMethodError'{0x000000008698a1f0}: static Lorg/gradle/internal/build/event/types/DefaultTaskSkippedResult;.<clinit>()V> (0x000000008698a1f0) 
thrown [s\src\hotspot\share\prims\jni.cpp, line 1108]
Event: 21.767 Thread 0x00000214ba8a5b70 Exception <a 'java/lang/NoSuchMethodError'{0x000000008694b940}: 'java.lang.Object java.lang.invoke.DirectMethodHandle$Holder.invokeInterface(java.lang.Object, java.lang.Object, int)'> (0x000000008694b940) 
thrown [s\src\hotspot\share\interpreter\linkResolver.cpp, line 771]
Event: 21.774 Thread 0x00000214ba8a5b70 Exception <a 'java/lang/NoSuchMethodError'{0x000000008695f710}: 'void java.lang.invoke.DirectMethodHandle$Holder.invokeStatic(java.lang.Object, java.lang.Object, java.lang.Object, int)'> (0x000000008695f710) 
thrown [s\src\hotspot\share\interpreter\linkResolver.cpp, line 771]
Event: 21.902 Thread 0x00000214ba8a5b70 Implicit null exception at 0x00000214a97399d7 to 0x00000214a9739b74
Event: 21.962 Thread 0x00000214ba8a5b70 Exception <a 'java/lang/IncompatibleClassChangeError'{0x00000000867acdd0}: Found class java.lang.Object, but interface was expected> (0x00000000867acdd0) 
thrown [s\src\hotspot\share\interpreter\linkResolver.cpp, line 838]
Event: 22.093 Thread 0x00000214ba8a5b70 Exception <a 'java/lang/NoSuchMethodError'{0x00000000865a3550}: 'int java.lang.invoke.DirectMethodHandle$Holder.invokeStaticInit(java.lang.Object, java.lang.Object, java.lang.Object, java.lang.Object, java.lang.Object)'> (0x00000000865a3550) 
thrown [s\src\hotspot\share\interpreter\linkResolver.cpp, line 771]
Event: 22.542 Thread 0x00000214ba8a5b70 Exception <a 'java/lang/NoSuchMethodError'{0x0000000085cd6b18}: 'void java.lang.invoke.DirectMethodHandle$Holder.invokeStatic(java.lang.Object, java.lang.Object, java.lang.Object, java.lang.Object, int, java.lang.Object, java.lang.Object)'> (0x0000000085cd6b18) 
thrown [s\src\hotspot\share\interpreter\linkResolver.cpp, line 771]
Event: 22.642 Thread 0x00000214b998c2a0 Exception <a 'java/lang/NoSuchMethodError'{0x00000000857f9cd8}: 'java.lang.Object java.lang.invoke.DirectMethodHandle$Holder.invokeSpecialIFC(java.lang.Object, java.lang.Object, java.lang.Object)'> (0x00000000857f9cd8) 
thrown [s\src\hotspot\share\interpreter\linkResolver.cpp, line 771]
Event: 22.642 Thread 0x00000214b998c770 Exception <a 'java/lang/NoSuchMethodError'{0x00000000857f0260}: 'java.lang.Object java.lang.invoke.DirectMethodHandle$Holder.invokeSpecialIFC(java.lang.Object, java.lang.Object, java.lang.Object)'> (0x00000000857f0260) 
thrown [s\src\hotspot\share\interpreter\linkResolver.cpp, line 771]
Event: 22.642 Thread 0x00000214b998cc40 Exception <a 'java/lang/NoSuchMethodError'{0x0000000085623928}: 'java.lang.Object java.lang.invoke.DirectMethodHandle$Holder.invokeSpecialIFC(java.lang.Object, java.lang.Object, java.lang.Object)'> (0x0000000085623928) 
thrown [s\src\hotspot\share\interpreter\linkResolver.cpp, line 771]
Event: 22.642 Thread 0x00000214bd028f00 Exception <a 'java/lang/NoSuchMethodError'{0x000000008561ae90}: 'java.lang.Object java.lang.invoke.DirectMethodHandle$Holder.invokeSpecialIFC(java.lang.Object, java.lang.Object, java.lang.Object)'> (0x000000008561ae90) 
thrown [s\src\hotspot\share\interpreter\linkResolver.cpp, line 771]
Event: 22.642 Thread 0x00000214bb8ba890 Exception <a 'java/lang/NoSuchMethodError'{0x0000000085606868}: 'java.lang.Object java.lang.invoke.DirectMethodHandle$Holder.invokeSpecialIFC(java.lang.Object, java.lang.Object, java.lang.Object)'> (0x0000000085606868) 
thrown [s\src\hotspot\share\interpreter\linkResolver.cpp, line 771]
Event: 22.652 Thread 0x00000214b998d110 Exception <a 'java/lang/NoSuchMethodError'{0x000000008562fbe8}: 'java.lang.Object java.lang.invoke.DirectMethodHandle$Holder.invokeSpecialIFC(java.lang.Object, java.lang.Object, java.lang.Object)'> (0x000000008562fbe8) 
thrown [s\src\hotspot\share\interpreter\linkResolver.cpp, line 771]
Event: 22.652 Thread 0x00000214ba8a5b70 Exception <a 'java/lang/NoSuchMethodError'{0x000000008572c5c8}: 'java.lang.Object java.lang.invoke.DirectMethodHandle$Holder.invokeSpecialIFC(java.lang.Object, java.lang.Object, java.lang.Object)'> (0x000000008572c5c8) 
thrown [s\src\hotspot\share\interpreter\linkResolver.cpp, line 771]
Event: 23.275 Thread 0x00000214bd224d60 Exception <a 'java/lang/NoSuchMethodError'{0x00000000875de448}: 'void java.lang.invoke.DirectMethodHandle$Holder.invokeVirtual(java.lang.Object, java.lang.Object)'> (0x00000000875de448) 
thrown [s\src\hotspot\share\interpreter\linkResolver.cpp, line 771]

VM Operations (20 events):
Event: 21.616 Executing VM operation: HandshakeAllThreads
Event: 21.617 Executing VM operation: HandshakeAllThreads done
Event: 21.658 Executing VM operation: HandshakeAllThreads
Event: 21.658 Executing VM operation: HandshakeAllThreads done
Event: 21.682 Executing VM operation: HandshakeAllThreads
Event: 21.683 Executing VM operation: HandshakeAllThreads done
Event: 21.695 Executing VM operation: HandshakeAllThreads
Event: 21.695 Executing VM operation: HandshakeAllThreads done
Event: 21.756 Executing VM operation: HandshakeAllThreads
Event: 21.757 Executing VM operation: HandshakeAllThreads done
Event: 22.395 Executing VM operation: ICBufferFull
Event: 22.396 Executing VM operation: ICBufferFull done
Event: 22.678 Executing VM operation: G1CollectForAllocation
Event: 22.707 Executing VM operation: G1CollectForAllocation done
Event: 22.814 Executing VM operation: G1Concurrent
Event: 22.861 Executing VM operation: G1Concurrent done
Event: 22.932 Executing VM operation: G1Concurrent
Event: 22.934 Executing VM operation: G1Concurrent done
Event: 23.368 Executing VM operation: G1CollectForAllocation
Event: 23.376 Executing VM operation: G1CollectForAllocation done

Events (20 events):
Event: 21.700 loading class jdk/internal/event/DeserializationEvent
Event: 21.700 loading class jdk/internal/event/DeserializationEvent done
Event: 21.700 loading class java/io/ObjectInputStream$FieldValues
Event: 21.701 loading class java/io/ObjectInputStream$GetField
Event: 21.701 loading class java/io/ObjectInputStream$GetField done
Event: 21.701 loading class java/io/ObjectInputStream$FieldValues done
Event: 21.874 loading class java/util/stream/ReduceOps$6
Event: 21.874 loading class java/util/stream/ReduceOps$6 done
Event: 21.875 loading class java/util/stream/ReduceOps$5ReducingSink
Event: 21.875 loading class java/util/stream/ReduceOps$5ReducingSink done
Event: 21.984 loading class com/sun/org/apache/xerces/internal/util/URI
Event: 21.991 loading class com/sun/org/apache/xerces/internal/util/URI done
Event: 21.991 loading class java/net/HttpURLConnection
Event: 21.992 loading class java/net/HttpURLConnection done
Event: 21.992 loading class sun/net/ProgressMonitor
Event: 21.993 loading class sun/net/ProgressMonitor done
Event: 21.993 loading class sun/net/DefaultProgressMeteringPolicy
Event: 21.993 loading class sun/net/ProgressMeteringPolicy
Event: 21.993 loading class sun/net/ProgressMeteringPolicy done
Event: 21.994 loading class sun/net/DefaultProgressMeteringPolicy done


Dynamic libraries:
0x00007ff7eb060000 - 0x00007ff7eb06a000 	C:\Program Files\Android\Android Studio\jbr\bin\java.exe
0x00007ff82ef90000 - 0x00007ff82f1a7000 	C:\WINDOWS\SYSTEM32\ntdll.dll
0x00007ff82cd40000 - 0x00007ff82ce04000 	C:\WINDOWS\System32\KERNEL32.DLL
0x00007ff82c840000 - 0x00007ff82cbe5000 	C:\WINDOWS\System32\KERNELBASE.dll
0x00007ff82c540000 - 0x00007ff82c651000 	C:\WINDOWS\System32\ucrtbase.dll
0x00007ff8283d0000 - 0x00007ff8283e7000 	C:\Program Files\Android\Android Studio\jbr\bin\jli.dll
0x00007ff816890000 - 0x00007ff8168ab000 	C:\Program Files\Android\Android Studio\jbr\bin\VCRUNTIME140.dll
0x00007ff82d230000 - 0x00007ff82d3de000 	C:\WINDOWS\System32\USER32.dll
0x00007ff82c510000 - 0x00007ff82c536000 	C:\WINDOWS\System32\win32u.dll
0x00007ff82d9e0000 - 0x00007ff82da09000 	C:\WINDOWS\System32\GDI32.dll
0x00007ff810a50000 - 0x00007ff810ce3000 	C:\WINDOWS\WinSxS\amd64_microsoft.windows.common-controls_6595b64144ccf1df_6.0.22621.2506_none_270c5ae97388e100\COMCTL32.dll
0x00007ff82c720000 - 0x00007ff82c839000 	C:\WINDOWS\System32\gdi32full.dll
0x00007ff82d930000 - 0x00007ff82d9d7000 	C:\WINDOWS\System32\msvcrt.dll
0x00007ff82c300000 - 0x00007ff82c39a000 	C:\WINDOWS\System32\msvcp_win.dll
0x00007ff82ce70000 - 0x00007ff82cea1000 	C:\WINDOWS\System32\IMM32.DLL
0x00007ff8248f0000 - 0x00007ff8248fc000 	C:\Program Files\Android\Android Studio\jbr\bin\vcruntime140_1.dll
0x00007fffe9d60000 - 0x00007fffe9ded000 	C:\Program Files\Android\Android Studio\jbr\bin\msvcp140.dll
0x00007fffe7fa0000 - 0x00007fffe8c0e000 	C:\Program Files\Android\Android Studio\jbr\bin\server\jvm.dll
0x00007ff82ceb0000 - 0x00007ff82cf61000 	C:\WINDOWS\System32\ADVAPI32.dll
0x00007ff82d3e0000 - 0x00007ff82d486000 	C:\WINDOWS\System32\sechost.dll
0x00007ff82df60000 - 0x00007ff82e077000 	C:\WINDOWS\System32\RPCRT4.dll
0x00007ff829730000 - 0x00007ff829764000 	C:\WINDOWS\SYSTEM32\WINMM.dll
0x00007ff815e10000 - 0x00007ff815e19000 	C:\WINDOWS\SYSTEM32\WSOCK32.dll
0x00007ff824d30000 - 0x00007ff824d3a000 	C:\WINDOWS\SYSTEM32\VERSION.dll
0x00007ff82e160000 - 0x00007ff82e1d1000 	C:\WINDOWS\System32\WS2_32.dll
0x00007ff82b390000 - 0x00007ff82b3a8000 	C:\WINDOWS\SYSTEM32\kernel.appcore.dll
0x00007ff829940000 - 0x00007ff82994a000 	C:\Program Files\Android\Android Studio\jbr\bin\jimage.dll
0x00007ff828cc0000 - 0x00007ff828ef3000 	C:\WINDOWS\SYSTEM32\DBGHELP.DLL
0x00007ff82db60000 - 0x00007ff82dee9000 	C:\WINDOWS\System32\combase.dll
0x00007ff82e080000 - 0x00007ff82e157000 	C:\WINDOWS\System32\OLEAUT32.dll
0x00007ff8050f0000 - 0x00007ff805122000 	C:\WINDOWS\SYSTEM32\dbgcore.DLL
0x00007ff82cc60000 - 0x00007ff82ccda000 	C:\WINDOWS\System32\bcryptPrimitives.dll
0x00007ff828980000 - 0x00007ff8289a5000 	C:\Program Files\Android\Android Studio\jbr\bin\java.dll
0x00007ff829780000 - 0x00007ff829798000 	C:\Program Files\Android\Android Studio\jbr\bin\zip.dll
0x00007ff82e670000 - 0x00007ff82eec9000 	C:\WINDOWS\System32\SHELL32.dll
0x00007ff82a230000 - 0x00007ff82ab24000 	C:\WINDOWS\SYSTEM32\windows.storage.dll
0x00007ff82a0f0000 - 0x00007ff82a22e000 	C:\WINDOWS\SYSTEM32\wintypes.dll
0x00007ff82e380000 - 0x00007ff82e473000 	C:\WINDOWS\System32\SHCORE.dll
0x00007ff82cce0000 - 0x00007ff82cd3e000 	C:\WINDOWS\System32\shlwapi.dll
0x00007ff82c230000 - 0x00007ff82c256000 	C:\WINDOWS\SYSTEM32\profapi.dll
0x00007ff8295d0000 - 0x00007ff8295e9000 	C:\Program Files\Android\Android Studio\jbr\bin\net.dll
0x00007ff8292e0000 - 0x00007ff829417000 	C:\WINDOWS\SYSTEM32\WINHTTP.dll
0x00007ff82b870000 - 0x00007ff82b8d9000 	C:\WINDOWS\system32\mswsock.dll
0x00007ff8288a0000 - 0x00007ff8288b6000 	C:\Program Files\Android\Android Studio\jbr\bin\nio.dll
0x00007ff828970000 - 0x00007ff828980000 	C:\Program Files\Android\Android Studio\jbr\bin\verify.dll
0x00007ffff9010000 - 0x00007ffff9037000 	C:\Users\mateo\.gradle\native\e1d6ef7f7dcc3fd88c89a11ec53ec762bb8ba0a96d01ffa2cd45eb1d1d8dd5c5\windows-amd64\native-platform.dll
0x00007fffe0b50000 - 0x00007fffe0c94000 	C:\Users\mateo\.gradle\native\5664cfc778a61ccfe75a443a1ab52a65af34e5dc3c78e0209fed803814484fcb\windows-amd64\native-platform-file-events.dll
0x00007ff828890000 - 0x00007ff828899000 	C:\Program Files\Android\Android Studio\jbr\bin\management.dll
0x00007ff828880000 - 0x00007ff82888b000 	C:\Program Files\Android\Android Studio\jbr\bin\management_ext.dll
0x00007ff82e660000 - 0x00007ff82e668000 	C:\WINDOWS\System32\PSAPI.DLL
0x00007ff82bac0000 - 0x00007ff82badb000 	C:\WINDOWS\SYSTEM32\CRYPTSP.dll
0x00007ff82b350000 - 0x00007ff82b385000 	C:\WINDOWS\system32\rsaenh.dll
0x00007ff82b960000 - 0x00007ff82b98c000 	C:\WINDOWS\SYSTEM32\USERENV.dll
0x00007ff82bcb0000 - 0x00007ff82bcd8000 	C:\WINDOWS\SYSTEM32\bcrypt.dll
0x00007ff82bae0000 - 0x00007ff82baec000 	C:\WINDOWS\SYSTEM32\CRYPTBASE.dll
0x00007ff82ae00000 - 0x00007ff82ae2d000 	C:\WINDOWS\SYSTEM32\IPHLPAPI.DLL
0x00007ff82daa0000 - 0x00007ff82daa9000 	C:\WINDOWS\System32\NSI.dll
0x00007ff8249e0000 - 0x00007ff8249f9000 	C:\WINDOWS\SYSTEM32\dhcpcsvc6.DLL
0x00007ff8249c0000 - 0x00007ff8249df000 	C:\WINDOWS\SYSTEM32\dhcpcsvc.DLL
0x00007ff82ae70000 - 0x00007ff82af69000 	C:\WINDOWS\SYSTEM32\DNSAPI.dll
0x00007ff828500000 - 0x00007ff828508000 	C:\WINDOWS\system32\wshunix.dll

dbghelp: loaded successfully - version: 4.0.5 - missing functions: none
symbol engine: initialized successfully - sym options: 0x614 - pdb path: .;C:\Program Files\Android\Android Studio\jbr\bin;C:\WINDOWS\SYSTEM32;C:\WINDOWS\WinSxS\amd64_microsoft.windows.common-controls_6595b64144ccf1df_6.0.22621.2506_none_270c5ae97388e100;C:\Program Files\Android\Android Studio\jbr\bin\server;C:\Users\mateo\.gradle\native\e1d6ef7f7dcc3fd88c89a11ec53ec762bb8ba0a96d01ffa2cd45eb1d1d8dd5c5\windows-amd64;C:\Users\mateo\.gradle\native\5664cfc778a61ccfe75a443a1ab52a65af34e5dc3c78e0209fed803814484fcb\windows-amd64

VM Arguments:
jvm_args: --add-opens=java.base/java.util=ALL-UNNAMED --add-opens=java.base/java.lang=ALL-UNNAMED --add-opens=java.base/java.lang.invoke=ALL-UNNAMED --add-opens=java.base/java.util=ALL-UNNAMED --add-opens=java.prefs/java.util.prefs=ALL-UNNAMED --add-opens=java.prefs/java.util.prefs=ALL-UNNAMED --add-opens=java.base/java.nio.charset=ALL-UNNAMED --add-opens=java.base/java.net=ALL-UNNAMED --add-opens=java.base/java.util.concurrent.atomic=ALL-UNNAMED -Xmx2048m -Dfile.encoding=UTF-8 -Duser.country=ES -Duser.language=es -Duser.variant 
java_command: org.gradle.launcher.daemon.bootstrap.GradleDaemon 7.3.3
java_class_path (initial): C:\Users\mateo\.gradle\wrapper\dists\gradle-7.3.3-bin\6a41zxkdtcxs8rphpq6y0069z\gradle-7.3.3\lib\gradle-launcher-7.3.3.jar
Launcher Type: SUN_STANDARD

[Global flags]
     intx CICompilerCount                          = 4                                         {product} {ergonomic}
     uint ConcGCThreads                            = 2                                         {product} {ergonomic}
     uint G1ConcRefinementThreads                  = 8                                         {product} {ergonomic}
   size_t G1HeapRegionSize                         = 1048576                                   {product} {ergonomic}
    uintx GCDrainStackTargetSize                   = 64                                        {product} {ergonomic}
   size_t InitialHeapSize                          = 134217728                                 {product} {ergonomic}
   size_t MarkStackSize                            = 4194304                                   {product} {ergonomic}
   size_t MaxHeapSize                              = 2147483648                                {product} {command line}
   size_t MaxNewSize                               = 1287651328                                {product} {ergonomic}
   size_t MinHeapDeltaBytes                        = 1048576                                   {product} {ergonomic}
   size_t MinHeapSize                              = 8388608                                   {product} {ergonomic}
    uintx NonNMethodCodeHeapSize                   = 5839372                                {pd product} {ergonomic}
    uintx NonProfiledCodeHeapSize                  = 122909434                              {pd product} {ergonomic}
    uintx ProfiledCodeHeapSize                     = 122909434                              {pd product} {ergonomic}
    uintx ReservedCodeCacheSize                    = 251658240                              {pd product} {ergonomic}
     bool SegmentedCodeCache                       = true                                      {product} {ergonomic}
   size_t SoftMaxHeapSize                          = 2147483648                             {manageable} {ergonomic}
     bool UseCompressedClassPointers               = true                           {product lp64_product} {ergonomic}
     bool UseCompressedOops                        = true                           {product lp64_product} {ergonomic}
     bool UseG1GC                                  = true                                      {product} {ergonomic}
     bool UseLargePagesIndividualAllocation        = false                                  {pd product} {ergonomic}

Logging:
Log output configuration:
 #0: stdout all=warning uptime,level,tags
 #1: stderr all=off uptime,level,tags

Environment Variables:
JAVA_HOME=C:\Program Files\Java\jre1.8.0_271
PATH=C:\Program Files (x86)\Common Files\Oracle\Java\javapath;C:\Program Files (x86)\OpenLogic\jdk-8.0.372.07-hotspot\bin;C:\Program Files\OpenLogic\jdk-11.0.19.7-hotspot\bin;C:\Program Files (x86)\Intel\iCLS Client\;C:\Program Files\Intel\iCLS Client\;C:\Windows\system32;C:\Windows;C:\Windows\System32\Wbem;C:\Windows\System32\WindowsPowerShell\v1.0\;C:\Program Files (x86)\NVIDIA Corporation\PhysX\Common;C:\Program Files (x86)\Intel\Intel(R) Management Engine Components\DAL;C:\Program Files\Intel\Intel(R) Management Engine Components\DAL;C:\Program Files (x86)\Intel\Intel(R) Management Engine Components\IPT;C:\Program Files\Intel\Intel(R) Management Engine Components\IPT;C:\WINDOWS\system32;C:\WINDOWS;C:\WINDOWS\System32\Wbem;C:\WINDOWS\System32\WindowsPowerShell\v1.0\;C:\WINDOWS\System32\OpenSSH\;C:\Program Files\AutoFirma\AutoFirma;C:\Program Files\NVIDIA Corporation\NVIDIA NvDLISR;C:\Program Files\MongoDB\Server\6.0\bin;C:\Program Files\dotnet\;C:\WINDOWS\system32;C:\WINDOWS;C:\WINDOWS\System32\Wbem;C:\WINDOWS\System32\WindowsPowerShell\v1.0\;C:\WINDOWS\System32\OpenSSH\;C:\Program Files\Git\cmd;C:\Program Files\Git\mingw64\bin;C:\Program Files\Git\usr\bin;C:\Users\mateo\AppData\Local\Microsoft\WindowsApps;C:\Program Files\Java\jre1.8.0_271\bin;C:\Gradle\gradle-8.1.1\bin
USERNAME=mateo
OS=Windows_NT
PROCESSOR_IDENTIFIER=Intel64 Family 6 Model 142 Stepping 10, GenuineIntel
TMP=C:\Users\mateo\AppData\Local\Temp
TEMP=C:\Users\mateo\AppData\Local\Temp


JNI global refs:
JNI global refs: 27, weak refs: 1

JNI global refs memory usage: 843, weak refs: 841


---------------  S Y S T E M  ---------------

OS:
 Windows 11 , 64 bit Build 22621 (10.0.22621.2506)
OS uptime: 4 days 0:26 hours

CPU: total 8 (initial active 8) (4 cores per cpu, 2 threads per core) family 6 model 142 stepping 10 microcode 0xe0, cx8, cmov, fxsr, ht, mmx, 3dnowpref, sse, sse2, sse3, ssse3, sse4.1, sse4.2, popcnt, lzcnt, tsc, tscinvbit, avx, avx2, aes, erms, clmul, bmi1, bmi2, adx, fma, vzeroupper, clflush, clflushopt

Memory: 4k page, system-wide physical 8066M (902M free)
TotalPageFile size 12162M (AvailPageFile size 19M)
current process WorkingSet (physical memory assigned to process): 370M, peak: 372M
current process commit charge ("private bytes"): 404M, peak: 408M

vm_info: OpenJDK 64-Bit Server VM (17.0.6+0-b2043.56-10027231) for windows-amd64 JRE (17.0.6+0-b2043.56-10027231), built on Apr 28 2023 00:43:19 by "androidbuild" with MS VC++ 16.10 / 16.11 (VS2019)

END.
