#
# There is insufficient memory for the Java Runtime Environment to continue.
# Native memory allocation (mmap) failed to map 413138944 bytes for G1 virtual space
# Possible reasons:
#   The system is out of physical RAM or swap space
#   The process is running with CompressedOops enabled, and the Java Heap may be blocking the growth of the native heap
# Possible solutions:
#   Reduce memory load on the system
#   Increase physical memory or swap space
#   Check if swap backing store is full
#   Decrease Java heap size (-Xmx/-Xms)
#   Decrease number of Java threads
#   Decrease Java thread stack sizes (-Xss)
#   Set larger code cache with -XX:ReservedCodeCacheSize=
#   JVM is running with Unscaled Compressed Oops mode in which the Java heap is
#     placed in the first 4GB address space. The Java Heap base address is the
#     maximum limit for the native heap growth. Please use -XX:HeapBaseMinAddress
#     to set the Java Heap base and to place the Java Heap above 4GB virtual address.
# This output file may be truncated or incomplete.
#
#  Out of Memory Error (os_windows.cpp:3769), pid=10896, tid=9984
#
# JRE version: OpenJDK Runtime Environment (17.0.6) (build 17.0.6+0-b2043.56-10027231)
# Java VM: OpenJDK 64-Bit Server VM (17.0.6+0-b2043.56-10027231, mixed mode, tiered, compressed oops, compressed class ptrs, g1 gc, windows-amd64)
# No core dump will be written. Minidumps are not enabled by default on client versions of Windows
#

---------------  S U M M A R Y ------------

Command Line: --add-opens=java.base/java.util=ALL-UNNAMED --add-opens=java.base/java.lang=ALL-UNNAMED --add-opens=java.base/java.lang.invoke=ALL-UNNAMED --add-opens=java.base/java.util=ALL-UNNAMED --add-opens=java.prefs/java.util.prefs=ALL-UNNAMED --add-opens=java.prefs/java.util.prefs=ALL-UNNAMED --add-opens=java.base/java.nio.charset=ALL-UNNAMED --add-opens=java.base/java.net=ALL-UNNAMED --add-opens=java.base/java.util.concurrent.atomic=ALL-UNNAMED -Xmx2048m -Dfile.encoding=UTF-8 -Duser.country=ES -Duser.language=es -Duser.variant org.gradle.launcher.daemon.bootstrap.GradleDaemon 7.3.3

Host: Intel(R) Core(TM) i7-8550U CPU @ 1.80GHz, 8 cores, 7G,  Windows 11 , 64 bit Build 22621 (10.0.22621.2506)
Time: Sat Nov 18 11:10:11 2023 Hora estándar romance elapsed time: 177.228530 seconds (0d 0h 2m 57s)

---------------  T H R E A D  ---------------

Current thread (0x0000026d3e93d450):  VMThread "VM Thread" [stack: 0x000000e909000000,0x000000e909100000] [id=9984]

Stack: [0x000000e909000000,0x000000e909100000]
Native frames: (J=compiled Java code, j=interpreted, Vv=VM code, C=native code)
V  [jvm.dll+0x683c9a]
V  [jvm.dll+0x8427a4]
V  [jvm.dll+0x843f9e]
V  [jvm.dll+0x844603]
V  [jvm.dll+0x249b75]
V  [jvm.dll+0x680b69]
V  [jvm.dll+0x67505a]
V  [jvm.dll+0x309acb]
V  [jvm.dll+0x310f86]
V  [jvm.dll+0x3608ee]
V  [jvm.dll+0x360b1f]
V  [jvm.dll+0x2dfbf8]
V  [jvm.dll+0x2ddec4]
V  [jvm.dll+0x2dd4cc]
V  [jvm.dll+0x321f3b]
V  [jvm.dll+0x848ccb]
V  [jvm.dll+0x849a04]
V  [jvm.dll+0x849f1d]
V  [jvm.dll+0x84a2f4]
V  [jvm.dll+0x84a3c0]
V  [jvm.dll+0x7f274a]
V  [jvm.dll+0x682ad5]
C  [ucrtbase.dll+0x29363]
C  [KERNEL32.DLL+0x1257d]
C  [ntdll.dll+0x5aa58]

VM_Operation (0x000000e9110f7550): G1CollectForAllocation, mode: safepoint, requested by thread 0x0000026d41ad25e0


---------------  P R O C E S S  ---------------

Threads class SMR info:
_java_thread_list=0x0000026d4344fea0, length=134, elements={
0x0000026d24afb3a0, 0x0000026d3e93eae0, 0x0000026d3e93f950, 0x0000026d3e96e670,
0x0000026d3f44e300, 0x0000026d3f44edb0, 0x0000026d3f450770, 0x0000026d3f454a00,
0x0000026d3f45d4b0, 0x0000026d3f4631d0, 0x0000026d3f5e8030, 0x0000026d3f5ec590,
0x0000026d40ce8c50, 0x0000026d42790420, 0x0000026d42734a20, 0x0000026d40ab96a0,
0x0000026d40abaeb0, 0x0000026d40ab7e90, 0x0000026d40aba040, 0x0000026d40ab8d00,
0x0000026d41bf9690, 0x0000026d41bf8350, 0x0000026d41bf61a0, 0x0000026d41bf6b40,
0x0000026d41bf8820, 0x0000026d41bf6670, 0x0000026d41bf91c0, 0x0000026d433d52a0,
0x0000026d433d6ab0, 0x0000026d433d3f60, 0x0000026d433d5770, 0x0000026d434a44d0,
0x0000026d434a0170, 0x0000026d434a3660, 0x0000026d480ed9c0, 0x0000026d480f09e0,
0x0000026d480ede90, 0x0000026d480ee830, 0x0000026d480ee360, 0x0000026d480eed00,
0x0000026d480eae70, 0x0000026d480ebce0, 0x0000026d480ef1d0, 0x0000026d480ed4f0,
0x0000026d480ec680, 0x0000026d480ef6a0, 0x0000026d480ea000, 0x0000026d480ecb50,
0x0000026d480ed020, 0x0000026d480f0eb0, 0x0000026d480efb70, 0x0000026d480eb340,
0x0000026d480f1380, 0x0000026d480f1850, 0x0000026d480ea4d0, 0x0000026d480ea9a0,
0x0000026d480eb810, 0x0000026d433d65e0, 0x0000026d433d6f80, 0x0000026d433d7450,
0x0000026d433d8790, 0x0000026d433d7920, 0x0000026d433da470, 0x0000026d433d6110,
0x0000026d433d8c60, 0x0000026d433d9600, 0x0000026d433d9130, 0x0000026d433d7df0,
0x0000026d433d82c0, 0x0000026d433d9ad0, 0x0000026d433d9fa0, 0x0000026d433da940,
0x0000026d433d30f0, 0x0000026d433d35c0, 0x0000026d433d4900, 0x0000026d433d3a90,
0x0000026d433d4430, 0x0000026d434a5810, 0x0000026d434a2cc0, 0x0000026d434a7020,
0x0000026d434a3190, 0x0000026d434a3b30, 0x0000026d434a74f0, 0x0000026d434a6680,
0x0000026d434a4000, 0x0000026d434a4e70, 0x0000026d434a49a0, 0x0000026d434a5ce0,
0x0000026d434a0fe0, 0x0000026d434a6b50, 0x0000026d434a27f0, 0x0000026d434a14b0,
0x0000026d434a5340, 0x0000026d434a1980, 0x0000026d434a2320, 0x0000026d434a61b0,
0x0000026d40aba510, 0x0000026d40abb380, 0x0000026d40abb850, 0x0000026d40ab91d0,
0x0000026d40aba9e0, 0x0000026d40ab8360, 0x0000026d41bf8cf0, 0x0000026d41bf7010,
0x0000026d41bf74e0, 0x0000026d41acfa90, 0x0000026d41acddb0, 0x0000026d41ad2ab0,
0x0000026d41ad2f80, 0x0000026d41ad3df0, 0x0000026d41ad1c40, 0x0000026d41ad3450,
0x0000026d41acff60, 0x0000026d41acf0f0, 0x0000026d41ad1770, 0x0000026d41ace280,
0x0000026d41ad0dd0, 0x0000026d41ad42c0, 0x0000026d41acf5c0, 0x0000026d41ad0430,
0x0000026d41ad2110, 0x0000026d41ad0900, 0x0000026d41ad4790, 0x0000026d41ad12a0,
0x0000026d41ad5130, 0x0000026d41ad4c60, 0x0000026d41acd8e0, 0x0000026d41ad25e0,
0x0000026d41ad3920, 0x0000026d41ace750, 0x0000026d41acec20, 0x0000026d48271640,
0x0000026d482737f0, 0x0000026d48270300
}

Java Threads: ( => current thread )
  0x0000026d24afb3a0 JavaThread "main" [_thread_blocked, id=8508, stack(0x000000e908a00000,0x000000e908b00000)]
  0x0000026d3e93eae0 JavaThread "Reference Handler" daemon [_thread_blocked, id=6380, stack(0x000000e909100000,0x000000e909200000)]
  0x0000026d3e93f950 JavaThread "Finalizer" daemon [_thread_blocked, id=8812, stack(0x000000e909200000,0x000000e909300000)]
  0x0000026d3e96e670 JavaThread "Signal Dispatcher" daemon [_thread_blocked, id=852, stack(0x000000e909300000,0x000000e909400000)]
  0x0000026d3f44e300 JavaThread "Attach Listener" daemon [_thread_blocked, id=12912, stack(0x000000e909400000,0x000000e909500000)]
  0x0000026d3f44edb0 JavaThread "Service Thread" daemon [_thread_blocked, id=3732, stack(0x000000e909500000,0x000000e909600000)]
  0x0000026d3f450770 JavaThread "Monitor Deflation Thread" daemon [_thread_blocked, id=12664, stack(0x000000e909600000,0x000000e909700000)]
  0x0000026d3f454a00 JavaThread "C2 CompilerThread0" daemon [_thread_blocked, id=8256, stack(0x000000e909700000,0x000000e909800000)]
  0x0000026d3f45d4b0 JavaThread "C1 CompilerThread0" daemon [_thread_blocked, id=2196, stack(0x000000e909800000,0x000000e909900000)]
  0x0000026d3f4631d0 JavaThread "Sweeper thread" daemon [_thread_blocked, id=4256, stack(0x000000e909900000,0x000000e909a00000)]
  0x0000026d3f5e8030 JavaThread "Common-Cleaner" daemon [_thread_blocked, id=3668, stack(0x000000e909a00000,0x000000e909b00000)]
  0x0000026d3f5ec590 JavaThread "Notification Thread" daemon [_thread_blocked, id=476, stack(0x000000e909b00000,0x000000e909c00000)]
  0x0000026d40ce8c50 JavaThread "Daemon health stats" [_thread_blocked, id=1600, stack(0x000000e90a200000,0x000000e90a300000)]
  0x0000026d42790420 JavaThread "Incoming local TCP Connector on port 61324" [_thread_in_native, id=3436, stack(0x000000e90a300000,0x000000e90a400000)]
  0x0000026d42734a20 JavaThread "Daemon periodic checks" [_thread_blocked, id=16212, stack(0x000000e90a400000,0x000000e90a500000)]
  0x0000026d40ab96a0 JavaThread "Cache worker for journal cache (C:\Users\mateo\.gradle\caches\journal-1)" [_thread_blocked, id=7708, stack(0x000000e90a000000,0x000000e90a100000)]
  0x0000026d40abaeb0 JavaThread "File lock request listener" [_thread_in_native, id=16088, stack(0x000000e90ac00000,0x000000e90ad00000)]
  0x0000026d40ab7e90 JavaThread "Cache worker for file hash cache (C:\Users\mateo\.gradle\caches\7.3.3\fileHashes)" [_thread_blocked, id=5028, stack(0x000000e90b100000,0x000000e90b200000)]
  0x0000026d40aba040 JavaThread "File watcher server" daemon [_thread_blocked, id=1392, stack(0x000000e90b300000,0x000000e90b400000)]
  0x0000026d40ab8d00 JavaThread "File watcher consumer" daemon [_thread_blocked, id=12392, stack(0x000000e90b400000,0x000000e90b500000)]
  0x0000026d41bf9690 JavaThread "Cache worker for execution history cache (C:\Users\mateo\.gradle\caches\7.3.3\executionHistory)" [_thread_blocked, id=8716, stack(0x000000e90b800000,0x000000e90b900000)]
  0x0000026d41bf8350 JavaThread "jar transforms" [_thread_blocked, id=9164, stack(0x000000e90b900000,0x000000e90ba00000)]
  0x0000026d41bf61a0 JavaThread "jar transforms Thread 2" [_thread_blocked, id=4312, stack(0x000000e90ba00000,0x000000e90bb00000)]
  0x0000026d41bf6b40 JavaThread "Cache worker for file content cache (C:\Users\mateo\.gradle\caches\7.3.3\fileContent)" [_thread_blocked, id=16544, stack(0x000000e90bb00000,0x000000e90bc00000)]
  0x0000026d41bf8820 JavaThread "jar transforms Thread 3" [_thread_blocked, id=15448, stack(0x000000e90bc00000,0x000000e90bd00000)]
  0x0000026d41bf6670 JavaThread "jar transforms Thread 4" [_thread_blocked, id=3612, stack(0x000000e90bd00000,0x000000e90be00000)]
  0x0000026d41bf91c0 JavaThread "jar transforms Thread 5" [_thread_blocked, id=15608, stack(0x000000e90bf00000,0x000000e90c000000)]
  0x0000026d433d52a0 JavaThread "jar transforms Thread 6" [_thread_blocked, id=11720, stack(0x000000e911100000,0x000000e911200000)]
  0x0000026d433d6ab0 JavaThread "jar transforms Thread 7" [_thread_blocked, id=10708, stack(0x000000e911200000,0x000000e911300000)]
  0x0000026d433d3f60 JavaThread "jar transforms Thread 8" [_thread_blocked, id=10648, stack(0x000000e911300000,0x000000e911400000)]
  0x0000026d433d5770 JavaThread "Memory manager" [_thread_blocked, id=6284, stack(0x000000e911400000,0x000000e911500000)]
  0x0000026d434a44d0 JavaThread "Cache worker for Java compile cache (C:\Users\mateo\.gradle\caches\7.3.3\javaCompile)" [_thread_blocked, id=6220, stack(0x000000e912000000,0x000000e912100000)]
  0x0000026d434a0170 JavaThread "Daemon Thread 2" [_thread_blocked, id=6520, stack(0x000000e908700000,0x000000e908800000)]
  0x0000026d434a3660 JavaThread "Daemon worker Thread 2" [_thread_blocked, id=460, stack(0x000000e90a500000,0x000000e90a600000)]
  0x0000026d480ed9c0 JavaThread "Handler for socket connection from /127.0.0.1:61324 to /127.0.0.1:61511" [_thread_in_native, id=13656, stack(0x000000e908800000,0x000000e908900000)]
  0x0000026d480f09e0 JavaThread "Cancel handler" [_thread_blocked, id=15172, stack(0x000000e908900000,0x000000e908a00000)]
  0x0000026d480ede90 JavaThread "Asynchronous log dispatcher for DefaultDaemonConnection: socket connection from /127.0.0.1:61324 to /127.0.0.1:61511" [_thread_blocked, id=7712, stack(0x000000e90a600000,0x000000e90a700000)]
  0x0000026d480ee830 JavaThread "Stdin handler" [_thread_blocked, id=13452, stack(0x000000e90a700000,0x000000e90a800000)]
  0x0000026d480ee360 JavaThread "Daemon client event forwarder" [_thread_blocked, id=15548, stack(0x000000e90a800000,0x000000e90a900000)]
  0x0000026d480eed00 JavaThread "Cache worker for file hash cache (C:\Users\mateo\Desktop\PokePabellon2\.gradle\7.3.3\fileHashes)" [_thread_blocked, id=11152, stack(0x000000e90a900000,0x000000e90aa00000)]
  0x0000026d480eae70 JavaThread "Cache worker for checksums cache (C:\Users\mateo\Desktop\PokePabellon2\.gradle\7.3.3\checksums)" [_thread_blocked, id=5004, stack(0x000000e90aa00000,0x000000e90ab00000)]
  0x0000026d480ebce0 JavaThread "Cache worker for cache directory md-supplier (C:\Users\mateo\.gradle\caches\7.3.3\md-supplier)" [_thread_blocked, id=17352, stack(0x000000e90ab00000,0x000000e90ac00000)]
  0x0000026d480ef1d0 JavaThread "Cache worker for cache directory md-rule (C:\Users\mateo\.gradle\caches\7.3.3\md-rule)" [_thread_blocked, id=8876, stack(0x000000e90b200000,0x000000e90b300000)]
  0x0000026d480ed4f0 JavaThread "Cache worker for dependencies-accessors (C:\Users\mateo\Desktop\PokePabellon2\.gradle\7.3.3\dependencies-accessors)" [_thread_blocked, id=4800, stack(0x000000e90b500000,0x000000e90b600000)]
  0x0000026d480ec680 JavaThread "Cache worker for Build Output Cleanup Cache (C:\Users\mateo\Desktop\PokePabellon2\.gradle\buildOutputCleanup)" [_thread_blocked, id=12316, stack(0x000000e90b600000,0x000000e90b700000)]
  0x0000026d480ef6a0 JavaThread "Unconstrained build operations" [_thread_blocked, id=3208, stack(0x000000e90b700000,0x000000e90b800000)]
  0x0000026d480ea000 JavaThread "Unconstrained build operations Thread 2" [_thread_blocked, id=1608, stack(0x000000e90be00000,0x000000e90bf00000)]
  0x0000026d480ecb50 JavaThread "Unconstrained build operations Thread 3" [_thread_blocked, id=9548, stack(0x000000e90c000000,0x000000e90c100000)]
  0x0000026d480ed020 JavaThread "Unconstrained build operations Thread 4" [_thread_blocked, id=12548, stack(0x000000e90c100000,0x000000e90c200000)]
  0x0000026d480f0eb0 JavaThread "Unconstrained build operations Thread 5" [_thread_blocked, id=17192, stack(0x000000e90c200000,0x000000e90c300000)]
  0x0000026d480efb70 JavaThread "Unconstrained build operations Thread 6" [_thread_blocked, id=6932, stack(0x000000e90c300000,0x000000e90c400000)]
  0x0000026d480eb340 JavaThread "Unconstrained build operations Thread 7" [_thread_blocked, id=2464, stack(0x000000e90c400000,0x000000e90c500000)]
  0x0000026d480f1380 JavaThread "Unconstrained build operations Thread 8" [_thread_blocked, id=3252, stack(0x000000e90c500000,0x000000e90c600000)]
  0x0000026d480f1850 JavaThread "Unconstrained build operations Thread 9" [_thread_blocked, id=2276, stack(0x000000e90c600000,0x000000e90c700000)]
  0x0000026d480ea4d0 JavaThread "Unconstrained build operations Thread 10" [_thread_blocked, id=14388, stack(0x000000e90c700000,0x000000e90c800000)]
  0x0000026d480ea9a0 JavaThread "Unconstrained build operations Thread 11" [_thread_blocked, id=13812, stack(0x000000e90c800000,0x000000e90c900000)]
  0x0000026d480eb810 JavaThread "Unconstrained build operations Thread 12" [_thread_blocked, id=3432, stack(0x000000e90c900000,0x000000e90ca00000)]
  0x0000026d433d65e0 JavaThread "Unconstrained build operations Thread 13" [_thread_blocked, id=11640, stack(0x000000e90ca00000,0x000000e90cb00000)]
  0x0000026d433d6f80 JavaThread "Unconstrained build operations Thread 14" [_thread_blocked, id=2088, stack(0x000000e90cb00000,0x000000e90cc00000)]
  0x0000026d433d7450 JavaThread "Unconstrained build operations Thread 15" [_thread_blocked, id=14340, stack(0x000000e90cc00000,0x000000e90cd00000)]
  0x0000026d433d8790 JavaThread "Unconstrained build operations Thread 16" [_thread_blocked, id=6928, stack(0x000000e90cd00000,0x000000e90ce00000)]
  0x0000026d433d7920 JavaThread "Unconstrained build operations Thread 17" [_thread_blocked, id=5352, stack(0x000000e90ce00000,0x000000e90cf00000)]
  0x0000026d433da470 JavaThread "Unconstrained build operations Thread 18" [_thread_blocked, id=17384, stack(0x000000e90cf00000,0x000000e90d000000)]
  0x0000026d433d6110 JavaThread "Unconstrained build operations Thread 19" [_thread_blocked, id=10728, stack(0x000000e90d000000,0x000000e90d100000)]
  0x0000026d433d8c60 JavaThread "Unconstrained build operations Thread 20" [_thread_blocked, id=5756, stack(0x000000e90d100000,0x000000e90d200000)]
  0x0000026d433d9600 JavaThread "Unconstrained build operations Thread 21" [_thread_blocked, id=13912, stack(0x000000e90d200000,0x000000e90d300000)]
  0x0000026d433d9130 JavaThread "Unconstrained build operations Thread 22" [_thread_blocked, id=3520, stack(0x000000e90d300000,0x000000e90d400000)]
  0x0000026d433d7df0 JavaThread "Unconstrained build operations Thread 23" [_thread_blocked, id=9868, stack(0x000000e90d400000,0x000000e90d500000)]
  0x0000026d433d82c0 JavaThread "Unconstrained build operations Thread 24" [_thread_blocked, id=12872, stack(0x000000e90d500000,0x000000e90d600000)]
  0x0000026d433d9ad0 JavaThread "Unconstrained build operations Thread 25" [_thread_blocked, id=13084, stack(0x000000e90d600000,0x000000e90d700000)]
  0x0000026d433d9fa0 JavaThread "Unconstrained build operations Thread 26" [_thread_blocked, id=1616, stack(0x000000e90d700000,0x000000e90d800000)]
  0x0000026d433da940 JavaThread "Unconstrained build operations Thread 27" [_thread_blocked, id=1968, stack(0x000000e90d800000,0x000000e90d900000)]
  0x0000026d433d30f0 JavaThread "Unconstrained build operations Thread 28" [_thread_blocked, id=15104, stack(0x000000e90d900000,0x000000e90da00000)]
  0x0000026d433d35c0 JavaThread "Unconstrained build operations Thread 29" [_thread_blocked, id=1832, stack(0x000000e90da00000,0x000000e90db00000)]
  0x0000026d433d4900 JavaThread "Unconstrained build operations Thread 30" [_thread_blocked, id=12272, stack(0x000000e90db00000,0x000000e90dc00000)]
  0x0000026d433d3a90 JavaThread "Unconstrained build operations Thread 31" [_thread_blocked, id=15656, stack(0x000000e90dc00000,0x000000e90dd00000)]
  0x0000026d433d4430 JavaThread "Unconstrained build operations Thread 32" [_thread_blocked, id=3388, stack(0x000000e90dd00000,0x000000e90de00000)]
  0x0000026d434a5810 JavaThread "Unconstrained build operations Thread 33" [_thread_blocked, id=472, stack(0x000000e90de00000,0x000000e90df00000)]
  0x0000026d434a2cc0 JavaThread "Unconstrained build operations Thread 34" [_thread_blocked, id=16736, stack(0x000000e90df00000,0x000000e90e000000)]
  0x0000026d434a7020 JavaThread "Unconstrained build operations Thread 35" [_thread_blocked, id=15372, stack(0x000000e90e000000,0x000000e90e100000)]
  0x0000026d434a3190 JavaThread "Unconstrained build operations Thread 36" [_thread_blocked, id=10552, stack(0x000000e90e100000,0x000000e90e200000)]
  0x0000026d434a3b30 JavaThread "Unconstrained build operations Thread 37" [_thread_blocked, id=5804, stack(0x000000e90e200000,0x000000e90e300000)]
  0x0000026d434a74f0 JavaThread "Unconstrained build operations Thread 38" [_thread_blocked, id=12364, stack(0x000000e90e300000,0x000000e90e400000)]
  0x0000026d434a6680 JavaThread "Unconstrained build operations Thread 39" [_thread_blocked, id=15044, stack(0x000000e90e400000,0x000000e90e500000)]
  0x0000026d434a4000 JavaThread "Unconstrained build operations Thread 40" [_thread_blocked, id=10564, stack(0x000000e90e500000,0x000000e90e600000)]
  0x0000026d434a4e70 JavaThread "Unconstrained build operations Thread 41" [_thread_blocked, id=8756, stack(0x000000e90e600000,0x000000e90e700000)]
  0x0000026d434a49a0 JavaThread "Unconstrained build operations Thread 42" [_thread_blocked, id=15112, stack(0x000000e90e700000,0x000000e90e800000)]
  0x0000026d434a5ce0 JavaThread "Unconstrained build operations Thread 43" [_thread_blocked, id=14228, stack(0x000000e90e800000,0x000000e90e900000)]
  0x0000026d434a0fe0 JavaThread "Unconstrained build operations Thread 44" [_thread_blocked, id=12268, stack(0x000000e90e900000,0x000000e90ea00000)]
  0x0000026d434a6b50 JavaThread "Unconstrained build operations Thread 45" [_thread_blocked, id=7024, stack(0x000000e90ea00000,0x000000e90eb00000)]
  0x0000026d434a27f0 JavaThread "Unconstrained build operations Thread 46" [_thread_blocked, id=2720, stack(0x000000e90eb00000,0x000000e90ec00000)]
  0x0000026d434a14b0 JavaThread "Unconstrained build operations Thread 47" [_thread_blocked, id=8924, stack(0x000000e90ec00000,0x000000e90ed00000)]
  0x0000026d434a5340 JavaThread "Unconstrained build operations Thread 48" [_thread_blocked, id=9416, stack(0x000000e90ed00000,0x000000e90ee00000)]
  0x0000026d434a1980 JavaThread "Unconstrained build operations Thread 49" [_thread_blocked, id=16804, stack(0x000000e90ee00000,0x000000e90ef00000)]
  0x0000026d434a2320 JavaThread "Unconstrained build operations Thread 50" [_thread_blocked, id=13052, stack(0x000000e90ef00000,0x000000e90f000000)]
  0x0000026d434a61b0 JavaThread "Unconstrained build operations Thread 51" [_thread_blocked, id=11184, stack(0x000000e90f000000,0x000000e90f100000)]
  0x0000026d40aba510 JavaThread "Unconstrained build operations Thread 52" [_thread_blocked, id=17016, stack(0x000000e90f100000,0x000000e90f200000)]
  0x0000026d40abb380 JavaThread "Unconstrained build operations Thread 53" [_thread_blocked, id=13024, stack(0x000000e90f200000,0x000000e90f300000)]
  0x0000026d40abb850 JavaThread "Unconstrained build operations Thread 54" [_thread_blocked, id=8892, stack(0x000000e90f300000,0x000000e90f400000)]
  0x0000026d40ab91d0 JavaThread "Unconstrained build operations Thread 55" [_thread_blocked, id=11864, stack(0x000000e90f400000,0x000000e90f500000)]
  0x0000026d40aba9e0 JavaThread "Unconstrained build operations Thread 56" [_thread_blocked, id=8180, stack(0x000000e90f500000,0x000000e90f600000)]
  0x0000026d40ab8360 JavaThread "Unconstrained build operations Thread 57" [_thread_blocked, id=6016, stack(0x000000e90f600000,0x000000e90f700000)]
  0x0000026d41bf8cf0 JavaThread "Unconstrained build operations Thread 58" [_thread_blocked, id=6576, stack(0x000000e90f700000,0x000000e90f800000)]
  0x0000026d41bf7010 JavaThread "Unconstrained build operations Thread 59" [_thread_blocked, id=16124, stack(0x000000e90f800000,0x000000e90f900000)]
  0x0000026d41bf74e0 JavaThread "Unconstrained build operations Thread 60" [_thread_blocked, id=16940, stack(0x000000e90f900000,0x000000e90fa00000)]
  0x0000026d41acfa90 JavaThread "Unconstrained build operations Thread 61" [_thread_blocked, id=14912, stack(0x000000e90fa00000,0x000000e90fb00000)]
  0x0000026d41acddb0 JavaThread "Unconstrained build operations Thread 62" [_thread_blocked, id=7908, stack(0x000000e90fb00000,0x000000e90fc00000)]
  0x0000026d41ad2ab0 JavaThread "Unconstrained build operations Thread 63" [_thread_blocked, id=15176, stack(0x000000e90fc00000,0x000000e90fd00000)]
  0x0000026d41ad2f80 JavaThread "Unconstrained build operations Thread 64" [_thread_blocked, id=11480, stack(0x000000e90fd00000,0x000000e90fe00000)]
  0x0000026d41ad3df0 JavaThread "Unconstrained build operations Thread 65" [_thread_blocked, id=1584, stack(0x000000e90fe00000,0x000000e90ff00000)]
  0x0000026d41ad1c40 JavaThread "Unconstrained build operations Thread 66" [_thread_blocked, id=14072, stack(0x000000e90ff00000,0x000000e910000000)]
  0x0000026d41ad3450 JavaThread "Unconstrained build operations Thread 67" [_thread_blocked, id=10512, stack(0x000000e910000000,0x000000e910100000)]
  0x0000026d41acff60 JavaThread "Unconstrained build operations Thread 68" [_thread_blocked, id=860, stack(0x000000e910100000,0x000000e910200000)]
  0x0000026d41acf0f0 JavaThread "Unconstrained build operations Thread 69" [_thread_blocked, id=16268, stack(0x000000e910200000,0x000000e910300000)]
  0x0000026d41ad1770 JavaThread "Unconstrained build operations Thread 70" [_thread_blocked, id=15272, stack(0x000000e910300000,0x000000e910400000)]
  0x0000026d41ace280 JavaThread "Unconstrained build operations Thread 71" [_thread_blocked, id=9040, stack(0x000000e910400000,0x000000e910500000)]
  0x0000026d41ad0dd0 JavaThread "Unconstrained build operations Thread 72" [_thread_blocked, id=14472, stack(0x000000e910500000,0x000000e910600000)]
  0x0000026d41ad42c0 JavaThread "Unconstrained build operations Thread 73" [_thread_blocked, id=324, stack(0x000000e910600000,0x000000e910700000)]
  0x0000026d41acf5c0 JavaThread "Unconstrained build operations Thread 74" [_thread_blocked, id=11000, stack(0x000000e910700000,0x000000e910800000)]
  0x0000026d41ad0430 JavaThread "Unconstrained build operations Thread 75" [_thread_blocked, id=15944, stack(0x000000e910800000,0x000000e910900000)]
  0x0000026d41ad2110 JavaThread "Unconstrained build operations Thread 76" [_thread_blocked, id=14652, stack(0x000000e910900000,0x000000e910a00000)]
  0x0000026d41ad0900 JavaThread "Unconstrained build operations Thread 77" [_thread_blocked, id=540, stack(0x000000e910a00000,0x000000e910b00000)]
  0x0000026d41ad4790 JavaThread "Unconstrained build operations Thread 78" [_thread_blocked, id=644, stack(0x000000e910b00000,0x000000e910c00000)]
  0x0000026d41ad12a0 JavaThread "Unconstrained build operations Thread 79" [_thread_blocked, id=9264, stack(0x000000e910c00000,0x000000e910d00000)]
  0x0000026d41ad5130 JavaThread "Unconstrained build operations Thread 80" [_thread_blocked, id=1432, stack(0x000000e910d00000,0x000000e910e00000)]
  0x0000026d41ad4c60 JavaThread "build event listener" [_thread_blocked, id=11872, stack(0x000000e910e00000,0x000000e910f00000)]
  0x0000026d41acd8e0 JavaThread "Execution worker for ':'" [_thread_blocked, id=10444, stack(0x000000e910f00000,0x000000e911000000)]
  0x0000026d41ad25e0 JavaThread "Execution worker for ':' Thread 2" [_thread_blocked, id=4740, stack(0x000000e911000000,0x000000e911100000)]
  0x0000026d41ad3920 JavaThread "Execution worker for ':' Thread 3" [_thread_blocked, id=7816, stack(0x000000e911500000,0x000000e911600000)]
  0x0000026d41ace750 JavaThread "Execution worker for ':' Thread 4" [_thread_blocked, id=8236, stack(0x000000e911600000,0x000000e911700000)]
  0x0000026d41acec20 JavaThread "Execution worker for ':' Thread 5" [_thread_blocked, id=288, stack(0x000000e911700000,0x000000e911800000)]
  0x0000026d48271640 JavaThread "Execution worker for ':' Thread 6" [_thread_blocked, id=15740, stack(0x000000e911800000,0x000000e911900000)]
  0x0000026d482737f0 JavaThread "Execution worker for ':' Thread 7" [_thread_blocked, id=11492, stack(0x000000e911900000,0x000000e911a00000)]
  0x0000026d48270300 JavaThread "Cache worker for execution history cache (C:\Users\mateo\Desktop\PokePabellon2\.gradle\7.3.3\executionHistory)" [_thread_blocked, id=10908, stack(0x000000e911a00000,0x000000e911b00000)]

Other Threads:
=>0x0000026d3e93d450 VMThread "VM Thread" [stack: 0x000000e909000000,0x000000e909100000] [id=9984]
  0x0000026d24b7d580 WatcherThread [stack: 0x000000e909c00000,0x000000e909d00000] [id=1060]
  0x0000026d24b57340 GCTaskThread "GC Thread#0" [stack: 0x000000e908b00000,0x000000e908c00000] [id=14240]
  0x0000026d3fd32310 GCTaskThread "GC Thread#1" [stack: 0x000000e909d00000,0x000000e909e00000] [id=15240]
  0x0000026d3f925fb0 GCTaskThread "GC Thread#2" [stack: 0x000000e909e00000,0x000000e909f00000] [id=8928]
  0x0000026d3fe53610 GCTaskThread "GC Thread#3" [stack: 0x000000e909f00000,0x000000e90a000000] [id=12704]
  0x0000026d40982c50 GCTaskThread "GC Thread#4" [stack: 0x000000e90a100000,0x000000e90a200000] [id=10432]
  0x0000026d40401f10 GCTaskThread "GC Thread#5" [stack: 0x000000e90ad00000,0x000000e90ae00000] [id=13548]
  0x0000026d404021c0 GCTaskThread "GC Thread#6" [stack: 0x000000e90ae00000,0x000000e90af00000] [id=15260]
  0x0000026d40f77490 GCTaskThread "GC Thread#7" [stack: 0x000000e90af00000,0x000000e90b000000] [id=1308]
  0x0000026d24b68280 ConcurrentGCThread "G1 Main Marker" [stack: 0x000000e908c00000,0x000000e908d00000] [id=6556]
  0x0000026d24b69430 ConcurrentGCThread "G1 Conc#0" [stack: 0x000000e908d00000,0x000000e908e00000] [id=8168]
  0x0000026d41caba50 ConcurrentGCThread "G1 Conc#1" [stack: 0x000000e90b000000,0x000000e90b100000] [id=4444]
  0x0000026d24bbdb00 ConcurrentGCThread "G1 Refine#0" [stack: 0x000000e908e00000,0x000000e908f00000] [id=16952]
  0x0000026d47f5dae0 ConcurrentGCThread "G1 Refine#1" [stack: 0x000000e912900000,0x000000e912a00000] [id=2980]
  0x0000026d3f8d5370 ConcurrentGCThread "G1 Refine#2" [stack: 0x000000e912a00000,0x000000e912b00000] [id=16256]
  0x0000026d429077a0 ConcurrentGCThread "G1 Refine#3" [stack: 0x000000e912b00000,0x000000e912c00000] [id=10320]
  0x0000026d3f71caa0 ConcurrentGCThread "G1 Refine#4" [stack: 0x000000e912c00000,0x000000e912d00000] [id=9080]
  0x0000026d3f8d6940 ConcurrentGCThread "G1 Refine#5" [stack: 0x000000e912d00000,0x000000e912e00000] [id=4596]
  0x0000026d468b75f0 ConcurrentGCThread "G1 Refine#6" [stack: 0x000000e912e00000,0x000000e912f00000] [id=7480]
  0x0000026d24bbe520 ConcurrentGCThread "G1 Service" [stack: 0x000000e908f00000,0x000000e909000000] [id=6264]

Threads with active compile tasks:
C2 CompilerThread0   177309 15427   !   4       com.sun.tools.javac.parser.JavaTokenizer::readToken (1731 bytes)

VM state: at safepoint (normal execution)

VM Mutex/Monitor currently owned by a thread:  ([mutex/lock_event])
[0x0000026d24af4ba0] Threads_lock - owner thread: 0x0000026d3e93d450
[0x0000026d24af6970] Heap_lock - owner thread: 0x0000026d41ad25e0

Heap address: 0x0000000080000000, size: 2048 MB, Compressed Oops mode: 32-bit

CDS archive(s) not mapped
Compressed class space mapped at: 0x0000000100000000-0x0000000140000000, reserved size: 1073741824
Narrow klass base: 0x0000000000000000, Narrow klass shift: 3, Narrow klass range: 0x140000000

GC Precious Log:
 CPUs: 8 total, 8 available
 Memory: 8066M
 Large Page Support: Disabled
 NUMA Support: Disabled
 Compressed Oops: Enabled (32-bit)
 Heap Region Size: 1M
 Heap Min Capacity: 8M
 Heap Initial Capacity: 128M
 Heap Max Capacity: 2G
 Pre-touch: Disabled
 Parallel Workers: 8
 Concurrent Workers: 2
 Concurrent Refinement Workers: 8
 Periodic GC: Disabled

Heap:
 garbage-first heap   total 201728K, used 117487K [0x0000000080000000, 0x0000000100000000)
  region size 1024K, 2 young (2048K), 2 survivors (2048K)
 Metaspace       used 97128K, committed 97792K, reserved 1138688K
  class space    used 12820K, committed 13184K, reserved 1048576K

Heap Regions: E=young(eden), S=young(survivor), O=old, HS=humongous(starts), HC=humongous(continues), CS=collection set, F=free, OA=open archive, CA=closed archive, TAMS=top-at-mark-start (previous, next)
|   0|0x0000000080000000, 0x0000000080100000, 0x0000000080100000|100%| O|  |TAMS 0x0000000080100000, 0x0000000080000000| Untracked 
|   1|0x0000000080100000, 0x0000000080200000, 0x0000000080200000|100%| O|  |TAMS 0x0000000080200000, 0x0000000080100000| Untracked 
|   2|0x0000000080200000, 0x0000000080300000, 0x0000000080300000|100%| O|  |TAMS 0x0000000080300000, 0x0000000080200000| Untracked 
|   3|0x0000000080300000, 0x0000000080400000, 0x0000000080400000|100%|HS|  |TAMS 0x0000000080400000, 0x0000000080300000| Complete 
|   4|0x0000000080400000, 0x0000000080500000, 0x0000000080500000|100%|HC|  |TAMS 0x0000000080500000, 0x0000000080400000| Complete 
|   5|0x0000000080500000, 0x0000000080600000, 0x0000000080600000|100%|HC|  |TAMS 0x0000000080600000, 0x0000000080500000| Complete 
|   6|0x0000000080600000, 0x0000000080700000, 0x0000000080700000|100%| O|  |TAMS 0x0000000080700000, 0x0000000080600000| Untracked 
|   7|0x0000000080700000, 0x0000000080800000, 0x0000000080800000|100%| O|  |TAMS 0x0000000080800000, 0x0000000080700000| Untracked 
|   8|0x0000000080800000, 0x0000000080900000, 0x0000000080900000|100%| O|  |TAMS 0x0000000080900000, 0x0000000080800000| Untracked 
|   9|0x0000000080900000, 0x0000000080a00000, 0x0000000080a00000|100%| O|  |TAMS 0x0000000080a00000, 0x0000000080900000| Untracked 
|  10|0x0000000080a00000, 0x0000000080b00000, 0x0000000080b00000|100%| O|  |TAMS 0x0000000080b00000, 0x0000000080a00000| Untracked 
|  11|0x0000000080b00000, 0x0000000080c00000, 0x0000000080c00000|100%| O|  |TAMS 0x0000000080c00000, 0x0000000080b00000| Untracked 
|  12|0x0000000080c00000, 0x0000000080d00000, 0x0000000080d00000|100%| O|  |TAMS 0x0000000080d00000, 0x0000000080c00000| Untracked 
|  13|0x0000000080d00000, 0x0000000080e00000, 0x0000000080e00000|100%| O|  |TAMS 0x0000000080e00000, 0x0000000080d00000| Untracked 
|  14|0x0000000080e00000, 0x0000000080f00000, 0x0000000080f00000|100%| O|  |TAMS 0x0000000080f00000, 0x0000000080e00000| Untracked 
|  15|0x0000000080f00000, 0x0000000081000000, 0x0000000081000000|100%| O|  |TAMS 0x0000000081000000, 0x0000000080f00000| Untracked 
|  16|0x0000000081000000, 0x0000000081100000, 0x0000000081100000|100%| O|  |TAMS 0x0000000081100000, 0x0000000081000000| Untracked 
|  17|0x0000000081100000, 0x0000000081200000, 0x0000000081200000|100%| O|  |TAMS 0x0000000081200000, 0x0000000081100000| Untracked 
|  18|0x0000000081200000, 0x0000000081300000, 0x0000000081300000|100%| O|  |TAMS 0x0000000081300000, 0x0000000081200000| Untracked 
|  19|0x0000000081300000, 0x0000000081400000, 0x0000000081400000|100%| O|  |TAMS 0x0000000081400000, 0x0000000081300000| Untracked 
|  20|0x0000000081400000, 0x0000000081500000, 0x0000000081500000|100%| O|  |TAMS 0x0000000081500000, 0x0000000081400000| Untracked 
|  21|0x0000000081500000, 0x0000000081600000, 0x0000000081600000|100%| O|  |TAMS 0x0000000081600000, 0x0000000081500000| Untracked 
|  22|0x0000000081600000, 0x0000000081700000, 0x0000000081700000|100%| O|  |TAMS 0x0000000081700000, 0x0000000081600000| Untracked 
|  23|0x0000000081700000, 0x0000000081800000, 0x0000000081800000|100%| O|  |TAMS 0x0000000081800000, 0x0000000081700000| Untracked 
|  24|0x0000000081800000, 0x0000000081900000, 0x0000000081900000|100%| O|  |TAMS 0x0000000081900000, 0x0000000081800000| Untracked 
|  25|0x0000000081900000, 0x0000000081a00000, 0x0000000081a00000|100%| O|  |TAMS 0x0000000081a00000, 0x0000000081900000| Untracked 
|  26|0x0000000081a00000, 0x0000000081b00000, 0x0000000081b00000|100%| O|  |TAMS 0x0000000081b00000, 0x0000000081a00000| Untracked 
|  27|0x0000000081b00000, 0x0000000081c00000, 0x0000000081c00000|100%| O|  |TAMS 0x0000000081c00000, 0x0000000081b00000| Untracked 
|  28|0x0000000081c00000, 0x0000000081d00000, 0x0000000081d00000|100%| O|  |TAMS 0x0000000081d00000, 0x0000000081c00000| Untracked 
|  29|0x0000000081d00000, 0x0000000081e00000, 0x0000000081e00000|100%| O|  |TAMS 0x0000000081e00000, 0x0000000081d00000| Untracked 
|  30|0x0000000081e00000, 0x0000000081f00000, 0x0000000081f00000|100%| O|  |TAMS 0x0000000081f00000, 0x0000000081e00000| Untracked 
|  31|0x0000000081f00000, 0x0000000082000000, 0x0000000082000000|100%|HS|  |TAMS 0x0000000082000000, 0x0000000081f00000| Complete 
|  32|0x0000000082000000, 0x0000000082100000, 0x0000000082100000|100%|HS|  |TAMS 0x0000000082100000, 0x0000000082000000| Complete 
|  33|0x0000000082100000, 0x0000000082200000, 0x0000000082200000|100%|HS|  |TAMS 0x0000000082200000, 0x0000000082100000| Complete 
|  34|0x0000000082200000, 0x0000000082300000, 0x0000000082300000|100%|HC|  |TAMS 0x0000000082300000, 0x0000000082200000| Complete 
|  35|0x0000000082300000, 0x0000000082400000, 0x0000000082400000|100%| O|  |TAMS 0x0000000082400000, 0x0000000082300000| Untracked 
|  36|0x0000000082400000, 0x0000000082500000, 0x0000000082500000|100%| O|  |TAMS 0x0000000082500000, 0x0000000082400000| Untracked 
|  37|0x0000000082500000, 0x0000000082600000, 0x0000000082600000|100%| O|  |TAMS 0x0000000082600000, 0x0000000082500000| Untracked 
|  38|0x0000000082600000, 0x0000000082700000, 0x0000000082700000|100%| O|  |TAMS 0x0000000082700000, 0x0000000082600000| Untracked 
|  39|0x0000000082700000, 0x0000000082800000, 0x0000000082800000|100%| O|  |TAMS 0x0000000082800000, 0x0000000082700000| Untracked 
|  40|0x0000000082800000, 0x0000000082900000, 0x0000000082900000|100%| O|  |TAMS 0x0000000082900000, 0x0000000082800000| Untracked 
|  41|0x0000000082900000, 0x0000000082a00000, 0x0000000082a00000|100%| O|  |TAMS 0x0000000082a00000, 0x0000000082900000| Untracked 
|  42|0x0000000082a00000, 0x0000000082b00000, 0x0000000082b00000|100%| O|  |TAMS 0x0000000082b00000, 0x0000000082a00000| Untracked 
|  43|0x0000000082b00000, 0x0000000082c00000, 0x0000000082c00000|100%| O|  |TAMS 0x0000000082c00000, 0x0000000082b00000| Untracked 
|  44|0x0000000082c00000, 0x0000000082d00000, 0x0000000082d00000|100%| O|  |TAMS 0x0000000082d00000, 0x0000000082c00000| Untracked 
|  45|0x0000000082d00000, 0x0000000082e00000, 0x0000000082e00000|100%| O|  |TAMS 0x0000000082e00000, 0x0000000082d00000| Untracked 
|  46|0x0000000082e00000, 0x0000000082f00000, 0x0000000082f00000|100%| O|  |TAMS 0x0000000082f00000, 0x0000000082e00000| Untracked 
|  47|0x0000000082f00000, 0x0000000083000000, 0x0000000083000000|100%| O|  |TAMS 0x0000000083000000, 0x0000000082f00000| Untracked 
|  48|0x0000000083000000, 0x0000000083100000, 0x0000000083100000|100%| O|  |TAMS 0x0000000083100000, 0x0000000083000000| Untracked 
|  49|0x0000000083100000, 0x0000000083200000, 0x0000000083200000|100%| O|  |TAMS 0x0000000083200000, 0x0000000083100000| Untracked 
|  50|0x0000000083200000, 0x0000000083300000, 0x0000000083300000|100%| O|  |TAMS 0x0000000083300000, 0x0000000083200000| Untracked 
|  51|0x0000000083300000, 0x0000000083400000, 0x0000000083400000|100%| O|  |TAMS 0x0000000083400000, 0x0000000083300000| Untracked 
|  52|0x0000000083400000, 0x0000000083500000, 0x0000000083500000|100%| O|  |TAMS 0x0000000083500000, 0x0000000083400000| Untracked 
|  53|0x0000000083500000, 0x0000000083600000, 0x0000000083600000|100%| O|  |TAMS 0x0000000083600000, 0x0000000083500000| Untracked 
|  54|0x0000000083600000, 0x0000000083700000, 0x0000000083700000|100%| O|  |TAMS 0x0000000083700000, 0x0000000083600000| Untracked 
|  55|0x0000000083700000, 0x0000000083800000, 0x0000000083800000|100%| O|  |TAMS 0x0000000083800000, 0x0000000083700000| Untracked 
|  56|0x0000000083800000, 0x0000000083900000, 0x0000000083900000|100%| O|  |TAMS 0x0000000083900000, 0x0000000083800000| Untracked 
|  57|0x0000000083900000, 0x0000000083900000, 0x0000000083a00000|  0%| F|  |TAMS 0x0000000083900000, 0x0000000083900000| Untracked 
|  58|0x0000000083a00000, 0x0000000083b00000, 0x0000000083b00000|100%| O|  |TAMS 0x0000000083b00000, 0x0000000083a00000| Untracked 
|  59|0x0000000083b00000, 0x0000000083c00000, 0x0000000083c00000|100%| O|  |TAMS 0x0000000083c00000, 0x0000000083b00000| Untracked 
|  60|0x0000000083c00000, 0x0000000083d00000, 0x0000000083d00000|100%| O|  |TAMS 0x0000000083d00000, 0x0000000083c00000| Untracked 
|  61|0x0000000083d00000, 0x0000000083d00000, 0x0000000083e00000|  0%| F|  |TAMS 0x0000000083d00000, 0x0000000083d00000| Untracked 
|  62|0x0000000083e00000, 0x0000000083f00000, 0x0000000083f00000|100%| O|  |TAMS 0x0000000083f00000, 0x0000000083e00000| Untracked 
|  63|0x0000000083f00000, 0x0000000084000000, 0x0000000084000000|100%| O|  |TAMS 0x0000000084000000, 0x0000000083f00000| Untracked 
|  64|0x0000000084000000, 0x0000000084100000, 0x0000000084100000|100%| O|  |TAMS 0x0000000084100000, 0x0000000084000000| Untracked 
|  65|0x0000000084100000, 0x0000000084200000, 0x0000000084200000|100%| O|  |TAMS 0x0000000084200000, 0x0000000084100000| Untracked 
|  66|0x0000000084200000, 0x0000000084300000, 0x0000000084300000|100%| O|  |TAMS 0x0000000084300000, 0x0000000084200000| Untracked 
|  67|0x0000000084300000, 0x0000000084400000, 0x0000000084400000|100%| O|  |TAMS 0x0000000084400000, 0x0000000084300000| Untracked 
|  68|0x0000000084400000, 0x0000000084400000, 0x0000000084500000|  0%| F|  |TAMS 0x0000000084400000, 0x0000000084400000| Untracked 
|  69|0x0000000084500000, 0x0000000084600000, 0x0000000084600000|100%| O|  |TAMS 0x0000000084600000, 0x0000000084500000| Untracked 
|  70|0x0000000084600000, 0x0000000084700000, 0x0000000084700000|100%| O|  |TAMS 0x0000000084700000, 0x0000000084600000| Untracked 
|  71|0x0000000084700000, 0x0000000084800000, 0x0000000084800000|100%| O|  |TAMS 0x0000000084700000, 0x0000000084700000| Untracked 
|  72|0x0000000084800000, 0x0000000084900000, 0x0000000084900000|100%| O|  |TAMS 0x0000000084900000, 0x0000000084800000| Untracked 
|  73|0x0000000084900000, 0x0000000084a00000, 0x0000000084a00000|100%| O|  |TAMS 0x0000000084a00000, 0x0000000084900000| Untracked 
|  74|0x0000000084a00000, 0x0000000084b00000, 0x0000000084b00000|100%| O|  |TAMS 0x0000000084b00000, 0x0000000084a00000| Untracked 
|  75|0x0000000084b00000, 0x0000000084c00000, 0x0000000084c00000|100%| O|  |TAMS 0x0000000084c00000, 0x0000000084b00000| Untracked 
|  76|0x0000000084c00000, 0x0000000084d00000, 0x0000000084d00000|100%|HS|  |TAMS 0x0000000084c00000, 0x0000000084c00000| Complete 
|  77|0x0000000084d00000, 0x0000000084e00000, 0x0000000084e00000|100%|HC|  |TAMS 0x0000000084d00000, 0x0000000084d00000| Complete 
|  78|0x0000000084e00000, 0x0000000084f00000, 0x0000000084f00000|100%| O|  |TAMS 0x0000000084e00000, 0x0000000084e00000| Untracked 
|  79|0x0000000084f00000, 0x0000000085000000, 0x0000000085000000|100%| O|  |TAMS 0x0000000085000000, 0x0000000084f00000| Untracked 
|  80|0x0000000085000000, 0x0000000085100000, 0x0000000085100000|100%| O|  |TAMS 0x0000000085100000, 0x0000000085000000| Untracked 
|  81|0x0000000085100000, 0x0000000085200000, 0x0000000085200000|100%| O|  |TAMS 0x0000000085200000, 0x0000000085100000| Untracked 
|  82|0x0000000085200000, 0x0000000085300000, 0x0000000085300000|100%| O|  |TAMS 0x0000000085200000, 0x0000000085200000| Untracked 
|  83|0x0000000085300000, 0x0000000085400000, 0x0000000085400000|100%| O|  |TAMS 0x0000000085400000, 0x0000000085300000| Untracked 
|  84|0x0000000085400000, 0x0000000085500000, 0x0000000085500000|100%| O|  |TAMS 0x0000000085400000, 0x0000000085400000| Untracked 
|  85|0x0000000085500000, 0x0000000085500000, 0x0000000085600000|  0%| F|  |TAMS 0x0000000085500000, 0x0000000085500000| Untracked 
|  86|0x0000000085600000, 0x0000000085700000, 0x0000000085700000|100%| O|  |TAMS 0x0000000085700000, 0x0000000085600000| Untracked 
|  87|0x0000000085700000, 0x0000000085800000, 0x0000000085800000|100%| O|  |TAMS 0x0000000085700000, 0x0000000085700000| Untracked 
|  88|0x0000000085800000, 0x0000000085900000, 0x0000000085900000|100%| O|  |TAMS 0x0000000085800000, 0x0000000085800000| Untracked 
|  89|0x0000000085900000, 0x0000000085a00000, 0x0000000085a00000|100%| O|  |TAMS 0x0000000085900000, 0x0000000085900000| Untracked 
|  90|0x0000000085a00000, 0x0000000085b00000, 0x0000000085b00000|100%| O|  |TAMS 0x0000000085b00000, 0x0000000085a00000| Untracked 
|  91|0x0000000085b00000, 0x0000000085c00000, 0x0000000085c00000|100%| O|  |TAMS 0x0000000085b00000, 0x0000000085b00000| Untracked 
|  92|0x0000000085c00000, 0x0000000085c00000, 0x0000000085d00000|  0%| F|  |TAMS 0x0000000085c00000, 0x0000000085c00000| Untracked 
|  93|0x0000000085d00000, 0x0000000085e00000, 0x0000000085e00000|100%| O|  |TAMS 0x0000000085d00000, 0x0000000085d00000| Untracked 
|  94|0x0000000085e00000, 0x0000000085f00000, 0x0000000085f00000|100%| O|  |TAMS 0x0000000085e00000, 0x0000000085e00000| Untracked 
|  95|0x0000000085f00000, 0x0000000085f00000, 0x0000000086000000|  0%| F|  |TAMS 0x0000000085f00000, 0x0000000085f00000| Untracked 
|  96|0x0000000086000000, 0x0000000086100000, 0x0000000086100000|100%| O|  |TAMS 0x0000000086100000, 0x0000000086000000| Untracked 
|  97|0x0000000086100000, 0x0000000086200000, 0x0000000086200000|100%| O|  |TAMS 0x0000000086200000, 0x0000000086100000| Untracked 
|  98|0x0000000086200000, 0x0000000086300000, 0x0000000086300000|100%| O|  |TAMS 0x0000000086300000, 0x0000000086200000| Untracked 
|  99|0x0000000086300000, 0x0000000086400000, 0x0000000086400000|100%| O|  |TAMS 0x0000000086400000, 0x0000000086300000| Untracked 
| 100|0x0000000086400000, 0x0000000086400000, 0x0000000086500000|  0%| F|  |TAMS 0x0000000086400000, 0x0000000086400000| Untracked 
| 101|0x0000000086500000, 0x0000000086600000, 0x0000000086600000|100%| O|  |TAMS 0x0000000086600000, 0x0000000086500000| Untracked 
| 102|0x0000000086600000, 0x0000000086700000, 0x0000000086700000|100%| O|  |TAMS 0x0000000086700000, 0x0000000086600000| Untracked 
| 103|0x0000000086700000, 0x0000000086800000, 0x0000000086800000|100%| O|  |TAMS 0x0000000086800000, 0x0000000086700000| Untracked 
| 104|0x0000000086800000, 0x0000000086900000, 0x0000000086900000|100%|HS|  |TAMS 0x0000000086900000, 0x0000000086800000| Complete 
| 105|0x0000000086900000, 0x0000000086a00000, 0x0000000086a00000|100%|HC|  |TAMS 0x0000000086a00000, 0x0000000086900000| Complete 
| 106|0x0000000086a00000, 0x0000000086b00000, 0x0000000086b00000|100%| O|  |TAMS 0x0000000086b00000, 0x0000000086a00000| Untracked 
| 107|0x0000000086b00000, 0x0000000086c00000, 0x0000000086c00000|100%| O|  |TAMS 0x0000000086c00000, 0x0000000086b00000| Untracked 
| 108|0x0000000086c00000, 0x0000000086d00000, 0x0000000086d00000|100%| O|  |TAMS 0x0000000086d00000, 0x0000000086c00000| Untracked 
| 109|0x0000000086d00000, 0x0000000086e00000, 0x0000000086e00000|100%| O|  |TAMS 0x0000000086e00000, 0x0000000086d00000| Untracked 
| 110|0x0000000086e00000, 0x0000000086f00000, 0x0000000086f00000|100%| O|  |TAMS 0x0000000086f00000, 0x0000000086e00000| Untracked 
| 111|0x0000000086f00000, 0x0000000087000000, 0x0000000087000000|100%| O|  |TAMS 0x0000000087000000, 0x0000000086f00000| Untracked 
| 112|0x0000000087000000, 0x0000000087100000, 0x0000000087100000|100%| O|  |TAMS 0x0000000087100000, 0x0000000087000000| Untracked 
| 113|0x0000000087100000, 0x0000000087100000, 0x0000000087200000|  0%| F|  |TAMS 0x0000000087100000, 0x0000000087100000| Untracked 
| 114|0x0000000087200000, 0x0000000087200000, 0x0000000087300000|  0%| F|  |TAMS 0x0000000087200000, 0x0000000087200000| Untracked 
| 115|0x0000000087300000, 0x0000000087300000, 0x0000000087400000|  0%| F|  |TAMS 0x0000000087300000, 0x0000000087300000| Untracked 
| 116|0x0000000087400000, 0x0000000087500000, 0x0000000087500000|100%| O|  |TAMS 0x0000000087499a00, 0x0000000087400000| Untracked 
| 117|0x0000000087500000, 0x0000000087600000, 0x0000000087600000|100%| O|  |TAMS 0x0000000087500000, 0x0000000087500000| Untracked 
| 118|0x0000000087600000, 0x0000000087700000, 0x0000000087700000|100%| O|  |TAMS 0x0000000087600000, 0x0000000087600000| Untracked 
| 119|0x0000000087700000, 0x0000000087800000, 0x0000000087800000|100%| O|  |TAMS 0x0000000087700000, 0x0000000087700000| Untracked 
| 120|0x0000000087800000, 0x0000000087900000, 0x0000000087900000|100%| O|  |TAMS 0x0000000087800000, 0x0000000087800000| Untracked 
| 121|0x0000000087900000, 0x0000000087a00000, 0x0000000087a00000|100%| O|  |TAMS 0x0000000087900000, 0x0000000087900000| Untracked 
| 122|0x0000000087a00000, 0x0000000087b00000, 0x0000000087b00000|100%| O|  |TAMS 0x0000000087a00000, 0x0000000087a00000| Untracked 
| 123|0x0000000087b00000, 0x0000000087b77a00, 0x0000000087c00000| 46%| O|  |TAMS 0x0000000087b00000, 0x0000000087b00000| Untracked 
| 124|0x0000000087c00000, 0x0000000087c00000, 0x0000000087d00000|  0%| F|  |TAMS 0x0000000087c00000, 0x0000000087c00000| Untracked 
| 125|0x0000000087d00000, 0x0000000087d00000, 0x0000000087e00000|  0%| F|  |TAMS 0x0000000087d00000, 0x0000000087d00000| Untracked 
| 126|0x0000000087e00000, 0x0000000087e00000, 0x0000000087f00000|  0%| F|  |TAMS 0x0000000087e00000, 0x0000000087e00000| Untracked 
| 127|0x0000000087f00000, 0x0000000087f00000, 0x0000000088000000|  0%| F|  |TAMS 0x0000000087f00000, 0x0000000087f00000| Untracked 
| 128|0x0000000088000000, 0x0000000088000000, 0x0000000088100000|  0%| F|  |TAMS 0x0000000088000000, 0x0000000088000000| Untracked 
| 129|0x0000000088100000, 0x0000000088100000, 0x0000000088200000|  0%| F|  |TAMS 0x0000000088100000, 0x0000000088100000| Untracked 
| 130|0x0000000088200000, 0x0000000088200000, 0x0000000088300000|  0%| F|  |TAMS 0x0000000088200000, 0x0000000088200000| Untracked 
| 131|0x0000000088300000, 0x0000000088300000, 0x0000000088400000|  0%| F|  |TAMS 0x0000000088300000, 0x0000000088300000| Untracked 
| 132|0x0000000088400000, 0x0000000088400000, 0x0000000088500000|  0%| F|  |TAMS 0x0000000088400000, 0x0000000088400000| Untracked 
| 133|0x0000000088500000, 0x0000000088500000, 0x0000000088600000|  0%| F|  |TAMS 0x0000000088500000, 0x0000000088500000| Untracked 
| 134|0x0000000088600000, 0x0000000088600000, 0x0000000088700000|  0%| F|  |TAMS 0x0000000088600000, 0x0000000088600000| Untracked 
| 135|0x0000000088700000, 0x0000000088700000, 0x0000000088800000|  0%| F|  |TAMS 0x0000000088700000, 0x0000000088700000| Untracked 
| 136|0x0000000088800000, 0x0000000088800000, 0x0000000088900000|  0%| F|  |TAMS 0x0000000088800000, 0x0000000088800000| Untracked 
| 137|0x0000000088900000, 0x0000000088900000, 0x0000000088a00000|  0%| F|  |TAMS 0x0000000088900000, 0x0000000088900000| Untracked 
| 138|0x0000000088a00000, 0x0000000088a00000, 0x0000000088b00000|  0%| F|  |TAMS 0x0000000088a00000, 0x0000000088a00000| Untracked 
| 139|0x0000000088b00000, 0x0000000088b00000, 0x0000000088c00000|  0%| F|  |TAMS 0x0000000088b00000, 0x0000000088b00000| Untracked 
| 140|0x0000000088c00000, 0x0000000088c00000, 0x0000000088d00000|  0%| F|  |TAMS 0x0000000088c00000, 0x0000000088c00000| Untracked 
| 141|0x0000000088d00000, 0x0000000088d00000, 0x0000000088e00000|  0%| F|  |TAMS 0x0000000088d00000, 0x0000000088d00000| Untracked 
| 142|0x0000000088e00000, 0x0000000088e00000, 0x0000000088f00000|  0%| F|  |TAMS 0x0000000088e00000, 0x0000000088e00000| Untracked 
| 143|0x0000000088f00000, 0x0000000088f00000, 0x0000000089000000|  0%| F|  |TAMS 0x0000000088f00000, 0x0000000088f00000| Untracked 
| 144|0x0000000089000000, 0x0000000089000000, 0x0000000089100000|  0%| F|  |TAMS 0x0000000089000000, 0x0000000089000000| Untracked 
| 145|0x0000000089100000, 0x0000000089100000, 0x0000000089200000|  0%| F|  |TAMS 0x0000000089100000, 0x0000000089100000| Untracked 
| 146|0x0000000089200000, 0x0000000089200000, 0x0000000089300000|  0%| F|  |TAMS 0x0000000089200000, 0x0000000089200000| Untracked 
| 147|0x0000000089300000, 0x0000000089300000, 0x0000000089400000|  0%| F|  |TAMS 0x0000000089300000, 0x0000000089300000| Untracked 
| 148|0x0000000089400000, 0x0000000089400000, 0x0000000089500000|  0%| F|  |TAMS 0x0000000089400000, 0x0000000089400000| Untracked 
| 149|0x0000000089500000, 0x0000000089500000, 0x0000000089600000|  0%| F|  |TAMS 0x0000000089500000, 0x0000000089500000| Untracked 
| 150|0x0000000089600000, 0x0000000089600000, 0x0000000089700000|  0%| F|  |TAMS 0x0000000089600000, 0x0000000089600000| Untracked 
| 151|0x0000000089700000, 0x0000000089700000, 0x0000000089800000|  0%| F|  |TAMS 0x0000000089700000, 0x0000000089700000| Untracked 
| 152|0x0000000089800000, 0x0000000089800000, 0x0000000089900000|  0%| F|  |TAMS 0x0000000089800000, 0x0000000089800000| Untracked 
| 153|0x0000000089900000, 0x0000000089900000, 0x0000000089a00000|  0%| F|  |TAMS 0x0000000089900000, 0x0000000089900000| Untracked 
| 154|0x0000000089a00000, 0x0000000089a00000, 0x0000000089b00000|  0%| F|  |TAMS 0x0000000089a00000, 0x0000000089a00000| Untracked 
| 155|0x0000000089b00000, 0x0000000089b00000, 0x0000000089c00000|  0%| F|  |TAMS 0x0000000089b00000, 0x0000000089b00000| Untracked 
| 156|0x0000000089c00000, 0x0000000089c00000, 0x0000000089d00000|  0%| F|  |TAMS 0x0000000089c00000, 0x0000000089c00000| Untracked 
| 157|0x0000000089d00000, 0x0000000089d00000, 0x0000000089e00000|  0%| F|  |TAMS 0x0000000089d00000, 0x0000000089d00000| Untracked 
| 158|0x0000000089e00000, 0x0000000089e00000, 0x0000000089f00000|  0%| F|  |TAMS 0x0000000089e00000, 0x0000000089e00000| Untracked 
| 159|0x0000000089f00000, 0x0000000089f00000, 0x000000008a000000|  0%| F|  |TAMS 0x0000000089f00000, 0x0000000089f00000| Untracked 
| 160|0x000000008a000000, 0x000000008a000000, 0x000000008a100000|  0%| F|  |TAMS 0x000000008a000000, 0x000000008a000000| Untracked 
| 161|0x000000008a100000, 0x000000008a100000, 0x000000008a200000|  0%| F|  |TAMS 0x000000008a100000, 0x000000008a100000| Untracked 
| 162|0x000000008a200000, 0x000000008a200000, 0x000000008a300000|  0%| F|  |TAMS 0x000000008a200000, 0x000000008a200000| Untracked 
| 163|0x000000008a300000, 0x000000008a300000, 0x000000008a400000|  0%| F|  |TAMS 0x000000008a300000, 0x000000008a300000| Untracked 
| 164|0x000000008a400000, 0x000000008a400000, 0x000000008a500000|  0%| F|  |TAMS 0x000000008a400000, 0x000000008a400000| Untracked 
| 165|0x000000008a500000, 0x000000008a500000, 0x000000008a600000|  0%| F|  |TAMS 0x000000008a500000, 0x000000008a500000| Untracked 
| 166|0x000000008a600000, 0x000000008a600000, 0x000000008a700000|  0%| F|  |TAMS 0x000000008a600000, 0x000000008a600000| Untracked 
| 167|0x000000008a700000, 0x000000008a700000, 0x000000008a800000|  0%| F|  |TAMS 0x000000008a700000, 0x000000008a700000| Untracked 
| 168|0x000000008a800000, 0x000000008a800000, 0x000000008a900000|  0%| F|  |TAMS 0x000000008a800000, 0x000000008a800000| Untracked 
| 169|0x000000008a900000, 0x000000008a900000, 0x000000008aa00000|  0%| F|  |TAMS 0x000000008a900000, 0x000000008a900000| Untracked 
| 170|0x000000008aa00000, 0x000000008aa00000, 0x000000008ab00000|  0%| F|  |TAMS 0x000000008aa00000, 0x000000008aa00000| Untracked 
| 171|0x000000008ab00000, 0x000000008ab00000, 0x000000008ac00000|  0%| F|  |TAMS 0x000000008ab00000, 0x000000008ab00000| Untracked 
| 172|0x000000008ac00000, 0x000000008ac00000, 0x000000008ad00000|  0%| F|  |TAMS 0x000000008ac00000, 0x000000008ac00000| Untracked 
| 173|0x000000008ad00000, 0x000000008ad00000, 0x000000008ae00000|  0%| F|  |TAMS 0x000000008ad00000, 0x000000008ad00000| Untracked 
| 174|0x000000008ae00000, 0x000000008ae00000, 0x000000008af00000|  0%| F|  |TAMS 0x000000008ae00000, 0x000000008ae00000| Untracked 
| 175|0x000000008af00000, 0x000000008af00000, 0x000000008b000000|  0%| F|  |TAMS 0x000000008af00000, 0x000000008af00000| Untracked 
| 176|0x000000008b000000, 0x000000008b000000, 0x000000008b100000|  0%| F|  |TAMS 0x000000008b000000, 0x000000008b000000| Untracked 
| 177|0x000000008b100000, 0x000000008b100000, 0x000000008b200000|  0%| F|  |TAMS 0x000000008b100000, 0x000000008b100000| Untracked 
| 178|0x000000008b200000, 0x000000008b200000, 0x000000008b300000|  0%| F|  |TAMS 0x000000008b200000, 0x000000008b200000| Untracked 
| 179|0x000000008b300000, 0x000000008b300000, 0x000000008b400000|  0%| F|  |TAMS 0x000000008b300000, 0x000000008b300000| Untracked 
| 180|0x000000008b400000, 0x000000008b400000, 0x000000008b500000|  0%| F|  |TAMS 0x000000008b400000, 0x000000008b400000| Untracked 
| 181|0x000000008b500000, 0x000000008b500000, 0x000000008b600000|  0%| F|  |TAMS 0x000000008b500000, 0x000000008b500000| Untracked 
| 182|0x000000008b600000, 0x000000008b600000, 0x000000008b700000|  0%| F|  |TAMS 0x000000008b600000, 0x000000008b600000| Untracked 
| 183|0x000000008b700000, 0x000000008b700000, 0x000000008b800000|  0%| F|  |TAMS 0x000000008b700000, 0x000000008b700000| Untracked 
| 184|0x000000008b800000, 0x000000008b800000, 0x000000008b900000|  0%| F|  |TAMS 0x000000008b800000, 0x000000008b800000| Untracked 
| 185|0x000000008b900000, 0x000000008b900000, 0x000000008ba00000|  0%| F|  |TAMS 0x000000008b900000, 0x000000008b900000| Untracked 
| 186|0x000000008ba00000, 0x000000008ba00000, 0x000000008bb00000|  0%| F|  |TAMS 0x000000008ba00000, 0x000000008ba00000| Untracked 
| 187|0x000000008bb00000, 0x000000008bb00000, 0x000000008bc00000|  0%| F|  |TAMS 0x000000008bb00000, 0x000000008bb00000| Untracked 
| 188|0x000000008bc00000, 0x000000008bc00000, 0x000000008bd00000|  0%| F|  |TAMS 0x000000008bc00000, 0x000000008bc00000| Untracked 
| 189|0x000000008bd00000, 0x000000008bd00000, 0x000000008be00000|  0%| F|  |TAMS 0x000000008bd00000, 0x000000008bd00000| Untracked 
| 190|0x000000008be00000, 0x000000008be00000, 0x000000008bf00000|  0%| F|  |TAMS 0x000000008be00000, 0x000000008be00000| Untracked 
| 191|0x000000008bf00000, 0x000000008bf00000, 0x000000008c000000|  0%| F|  |TAMS 0x000000008bf00000, 0x000000008bf00000| Untracked 
| 192|0x000000008c000000, 0x000000008c000000, 0x000000008c100000|  0%| F|  |TAMS 0x000000008c000000, 0x000000008c000000| Untracked 
| 193|0x000000008c100000, 0x000000008c1445f0, 0x000000008c200000| 26%| S|CS|TAMS 0x000000008c100000, 0x000000008c100000| Complete 
| 194|0x000000008c200000, 0x000000008c300000, 0x000000008c300000|100%| S|CS|TAMS 0x000000008c200000, 0x000000008c200000| Complete 
| 195|0x000000008c300000, 0x000000008c300000, 0x000000008c400000|  0%| F|  |TAMS 0x000000008c300000, 0x000000008c300000| Untracked 
| 196|0x000000008c400000, 0x000000008c400000, 0x000000008c500000|  0%| F|  |TAMS 0x000000008c400000, 0x000000008c400000| Untracked 

Card table byte_map: [0x0000026d376f0000,0x0000026d37af0000] _byte_map_base: 0x0000026d372f0000

Marking Bits (Prev, Next): (CMBitMap*) 0x0000026d24b57990, (CMBitMap*) 0x0000026d24b57950
 Prev Bits: [0x0000026d39ef0000, 0x0000026d3bef0000)
 Next Bits: [0x0000026d37ef0000, 0x0000026d39ef0000)

Polling page: 0x0000026d22c90000

Metaspace:

Usage:
  Non-class:     82.33 MB used.
      Class:     12.52 MB used.
       Both:     94.85 MB used.

Virtual space:
  Non-class space:       88.00 MB reserved,      82.62 MB ( 94%) committed,  11 nodes.
      Class space:        1.00 GB reserved,      12.88 MB (  1%) committed,  1 nodes.
             Both:        1.09 GB reserved,      95.50 MB (  9%) committed. 

Chunk freelists:
   Non-Class:  704.00 KB
       Class:  2.98 MB
        Both:  3.67 MB

MaxMetaspaceSize: unlimited
CompressedClassSpaceSize: 1.00 GB
Initial GC threshold: 21.00 MB
Current GC threshold: 158.75 MB
CDS: off
MetaspaceReclaimPolicy: balanced
 - commit_granule_bytes: 65536.
 - commit_granule_words: 8192.
 - virtual_space_node_default_size: 1048576.
 - enlarge_chunks_in_place: 1.
 - new_chunks_are_fully_committed: 0.
 - uncommit_free_chunks: 1.
 - use_allocation_guard: 0.
 - handle_deallocations: 1.


Internal statistics:

num_allocs_failed_limit: 9.
num_arena_births: 986.
num_arena_deaths: 14.
num_vsnodes_births: 12.
num_vsnodes_deaths: 0.
num_space_committed: 1528.
num_space_uncommitted: 0.
num_chunks_returned_to_freelist: 27.
num_chunks_taken_from_freelist: 4619.
num_chunk_merges: 10.
num_chunk_splits: 3002.
num_chunks_enlarged: 1948.
num_purges: 2.
num_inconsistent_stats: 0.

CodeHeap 'non-profiled nmethods': size=120000Kb used=5184Kb max_used=5184Kb free=114816Kb
 bounds [0x0000026d2fa90000, 0x0000026d2ffa0000, 0x0000026d36fc0000]
CodeHeap 'profiled nmethods': size=120000Kb used=24172Kb max_used=24172Kb free=95828Kb
 bounds [0x0000026d27fc0000, 0x0000026d29760000, 0x0000026d2f4f0000]
CodeHeap 'non-nmethods': size=5760Kb used=2386Kb max_used=2473Kb free=3373Kb
 bounds [0x0000026d2f4f0000, 0x0000026d2f790000, 0x0000026d2fa90000]
 total_blobs=14091 nmethods=13174 adapters=828
 compilation: enabled
              stopped_count=0, restarted_count=0
 full_count=0

Compilation events (20 events):
Event: 176.860 Thread 0x0000026d3f45d4b0 15455       2       com.sun.tools.javac.parser.JavacParser::optFinal (29 bytes)
Event: 176.860 Thread 0x0000026d3f45d4b0 nmethod 15455 0x0000026d29751310 code [0x0000026d297514c0, 0x0000026d29751678]
Event: 176.860 Thread 0x0000026d3f45d4b0 15456       2       com.sun.tools.javac.parser.JavacParser::checkNoMods (13 bytes)
Event: 176.860 Thread 0x0000026d3f45d4b0 nmethod 15456 0x0000026d29751810 code [0x0000026d297519a0, 0x0000026d29751ac8]
Event: 176.860 Thread 0x0000026d3f45d4b0 15457       2       com.sun.tools.javac.parser.JavacParser::checkNoMods (32 bytes)
Event: 176.861 Thread 0x0000026d3f45d4b0 nmethod 15457 0x0000026d29751b90 code [0x0000026d29751d40, 0x0000026d29751ec8]
Event: 176.861 Thread 0x0000026d3f45d4b0 15458       2       com.sun.tools.javac.parser.JavacParser::variableDeclaratorId (448 bytes)
Event: 176.864 Thread 0x0000026d3f45d4b0 nmethod 15458 0x0000026d29752010 code [0x0000026d29752320, 0x0000026d29752ee8]
Event: 176.864 Thread 0x0000026d3f45d4b0 15459       2       com.sun.tools.javac.parser.JavacParser::creator (678 bytes)
Event: 176.869 Thread 0x0000026d3f45d4b0 nmethod 15459 0x0000026d29753990 code [0x0000026d29753e40, 0x0000026d29755738]
Event: 176.869 Thread 0x0000026d3f45d4b0 15460       2       com.sun.tools.javac.parser.JavacParser::block (13 bytes)
Event: 176.869 Thread 0x0000026d3f45d4b0 nmethod 15460 0x0000026d29756b90 code [0x0000026d29756d20, 0x0000026d29756e68]
Event: 176.869 Thread 0x0000026d3f45d4b0 15461       2       com.sun.tools.javac.parser.JavacParser::formalParameter (182 bytes)
Event: 176.871 Thread 0x0000026d3f45d4b0 nmethod 15461 0x0000026d29756f90 code [0x0000026d297571e0, 0x0000026d29757828]
Event: 176.885 Thread 0x0000026d3f45d4b0 15463       2       jdk.nio.zipfs.ZipFileSystem::initCEN (477 bytes)
Event: 176.888 Thread 0x0000026d3f45d4b0 nmethod 15463 0x0000026d29757d10 code [0x0000026d297580c0, 0x0000026d29759468]
Event: 176.900 Thread 0x0000026d3f45d4b0 15464   !   2       jdk.nio.zipfs.ZipFileSystem::buildNodeTree (123 bytes)
Event: 176.901 Thread 0x0000026d3f45d4b0 nmethod 15464 0x0000026d2975a010 code [0x0000026d2975a280, 0x0000026d2975ab68]
Event: 176.976 Thread 0x0000026d3f454a00 nmethod 15421 0x0000026d2ff9ba10 code [0x0000026d2ff9bce0, 0x0000026d2ff9ea40]
Event: 176.977 Thread 0x0000026d3f454a00 15427   !   4       com.sun.tools.javac.parser.JavaTokenizer::readToken (1731 bytes)

GC Heap History (20 events):
Event: 39.731 GC heap after
{Heap after GC invocations=47 (full 0):
 garbage-first heap   total 199680K, used 97341K [0x0000000080000000, 0x0000000100000000)
  region size 1024K, 11 young (11264K), 11 survivors (11264K)
 Metaspace       used 93848K, committed 94464K, reserved 1130496K
  class space    used 12569K, committed 12864K, reserved 1048576K
}
Event: 39.769 GC heap before
{Heap before GC invocations=47 (full 0):
 garbage-first heap   total 199680K, used 98365K [0x0000000080000000, 0x0000000100000000)
  region size 1024K, 12 young (12288K), 11 survivors (11264K)
 Metaspace       used 93876K, committed 94464K, reserved 1130496K
  class space    used 12569K, committed 12864K, reserved 1048576K
}
Event: 39.791 GC heap after
{Heap after GC invocations=48 (full 0):
 garbage-first heap   total 199680K, used 99272K [0x0000000080000000, 0x0000000100000000)
  region size 1024K, 2 young (2048K), 2 survivors (2048K)
 Metaspace       used 93876K, committed 94464K, reserved 1130496K
  class space    used 12569K, committed 12864K, reserved 1048576K
}
Event: 40.877 GC heap before
{Heap before GC invocations=48 (full 0):
 garbage-first heap   total 199680K, used 151496K [0x0000000080000000, 0x0000000100000000)
  region size 1024K, 54 young (55296K), 2 survivors (2048K)
 Metaspace       used 94441K, committed 95040K, reserved 1138688K
  class space    used 12633K, committed 12928K, reserved 1048576K
}
Event: 40.885 GC heap after
{Heap after GC invocations=49 (full 0):
 garbage-first heap   total 199680K, used 100733K [0x0000000080000000, 0x0000000100000000)
  region size 1024K, 4 young (4096K), 4 survivors (4096K)
 Metaspace       used 94441K, committed 95040K, reserved 1138688K
  class space    used 12633K, committed 12928K, reserved 1048576K
}
Event: 126.990 GC heap before
{Heap before GC invocations=50 (full 0):
 garbage-first heap   total 199680K, used 156029K [0x0000000080000000, 0x0000000100000000)
  region size 1024K, 59 young (60416K), 4 survivors (4096K)
 Metaspace       used 95784K, committed 96448K, reserved 1138688K
  class space    used 12775K, committed 13120K, reserved 1048576K
}
Event: 127.021 GC heap after
{Heap after GC invocations=51 (full 0):
 garbage-first heap   total 199680K, used 105189K [0x0000000080000000, 0x0000000100000000)
  region size 1024K, 8 young (8192K), 8 survivors (8192K)
 Metaspace       used 95784K, committed 96448K, reserved 1138688K
  class space    used 12775K, committed 13120K, reserved 1048576K
}
Event: 127.073 GC heap before
{Heap before GC invocations=51 (full 0):
 garbage-first heap   total 199680K, used 106213K [0x0000000080000000, 0x0000000100000000)
  region size 1024K, 9 young (9216K), 8 survivors (8192K)
 Metaspace       used 95799K, committed 96448K, reserved 1138688K
  class space    used 12775K, committed 13120K, reserved 1048576K
}
Event: 127.092 GC heap after
{Heap after GC invocations=52 (full 0):
 garbage-first heap   total 199680K, used 104462K [0x0000000080000000, 0x0000000100000000)
  region size 1024K, 1 young (1024K), 1 survivors (1024K)
 Metaspace       used 95799K, committed 96448K, reserved 1138688K
  class space    used 12775K, committed 13120K, reserved 1048576K
}
Event: 128.467 GC heap before
{Heap before GC invocations=52 (full 0):
 garbage-first heap   total 199680K, used 131086K [0x0000000080000000, 0x0000000100000000)
  region size 1024K, 29 young (29696K), 1 survivors (1024K)
 Metaspace       used 96203K, committed 96896K, reserved 1138688K
  class space    used 12793K, committed 13120K, reserved 1048576K
}
Event: 128.478 GC heap after
{Heap after GC invocations=53 (full 0):
 garbage-first heap   total 199680K, used 108323K [0x0000000080000000, 0x0000000100000000)
  region size 1024K, 5 young (5120K), 5 survivors (5120K)
 Metaspace       used 96203K, committed 96896K, reserved 1138688K
  class space    used 12793K, committed 13120K, reserved 1048576K
}
Event: 130.942 GC heap before
{Heap before GC invocations=54 (full 0):
 garbage-first heap   total 199680K, used 159523K [0x0000000080000000, 0x0000000100000000)
  region size 1024K, 57 young (58368K), 5 survivors (5120K)
 Metaspace       used 96458K, committed 97088K, reserved 1138688K
  class space    used 12796K, committed 13120K, reserved 1048576K
}
Event: 130.960 GC heap after
{Heap after GC invocations=55 (full 0):
 garbage-first heap   total 199680K, used 115712K [0x0000000080000000, 0x0000000100000000)
  region size 1024K, 8 young (8192K), 8 survivors (8192K)
 Metaspace       used 96458K, committed 97088K, reserved 1138688K
  class space    used 12796K, committed 13120K, reserved 1048576K
}
Event: 130.968 GC heap before
{Heap before GC invocations=55 (full 0):
 garbage-first heap   total 199680K, used 116736K [0x0000000080000000, 0x0000000100000000)
  region size 1024K, 9 young (9216K), 8 survivors (8192K)
 Metaspace       used 96460K, committed 97088K, reserved 1138688K
  class space    used 12796K, committed 13120K, reserved 1048576K
}
Event: 130.987 GC heap after
{Heap after GC invocations=56 (full 0):
 garbage-first heap   total 199680K, used 110182K [0x0000000080000000, 0x0000000100000000)
  region size 1024K, 1 young (1024K), 1 survivors (1024K)
 Metaspace       used 96460K, committed 97088K, reserved 1138688K
  class space    used 12796K, committed 13120K, reserved 1048576K
}
Event: 175.513 GC heap before
{Heap before GC invocations=56 (full 0):
 garbage-first heap   total 199680K, used 160358K [0x0000000080000000, 0x0000000100000000)
  region size 1024K, 50 young (51200K), 1 survivors (1024K)
 Metaspace       used 96801K, committed 97536K, reserved 1138688K
  class space    used 12813K, committed 13184K, reserved 1048576K
}
Event: 175.523 GC heap after
{Heap after GC invocations=57 (full 0):
 garbage-first heap   total 199680K, used 112223K [0x0000000080000000, 0x0000000100000000)
  region size 1024K, 3 young (3072K), 3 survivors (3072K)
 Metaspace       used 96801K, committed 97536K, reserved 1138688K
  class space    used 12813K, committed 13184K, reserved 1048576K
}
Event: 176.930 GC heap before
{Heap before GC invocations=58 (full 0):
 garbage-first heap   total 201728K, used 161375K [0x0000000080000000, 0x0000000100000000)
  region size 1024K, 52 young (53248K), 3 survivors (3072K)
 Metaspace       used 97128K, committed 97792K, reserved 1138688K
  class space    used 12820K, committed 13184K, reserved 1048576K
}
Event: 176.948 GC heap after
{Heap after GC invocations=59 (full 0):
 garbage-first heap   total 201728K, used 120547K [0x0000000080000000, 0x0000000100000000)
  region size 1024K, 7 young (7168K), 7 survivors (7168K)
 Metaspace       used 97128K, committed 97792K, reserved 1138688K
  class space    used 12820K, committed 13184K, reserved 1048576K
}
Event: 177.194 GC heap before
{Heap before GC invocations=59 (full 0):
 garbage-first heap   total 201728K, used 122595K [0x0000000080000000, 0x0000000100000000)
  region size 1024K, 9 young (9216K), 7 survivors (7168K)
 Metaspace       used 97128K, committed 97792K, reserved 1138688K
  class space    used 12820K, committed 13184K, reserved 1048576K
}

Dll operation events (2 events):
Event: 0.016 Loaded shared library C:\Program Files\Android\Android Studio\jbr\bin\java.dll
Event: 0.849 Loaded shared library C:\Program Files\Android\Android Studio\jbr\bin\verify.dll

Deoptimization events (20 events):
Event: 175.967 Thread 0x0000026d434a3660 DEOPT PACKING pc=0x0000026d28bd0484 sp=0x000000e90a5f90a0
Event: 175.967 Thread 0x0000026d434a3660 DEOPT UNPACKING pc=0x0000026d2f547143 sp=0x000000e90a5f8590 mode 0
Event: 176.156 Thread 0x0000026d41ad25e0 DEOPT PACKING pc=0x0000026d294282f1 sp=0x000000e9110fbb60
Event: 176.156 Thread 0x0000026d41ad25e0 DEOPT UNPACKING pc=0x0000026d2f547143 sp=0x000000e9110fb070 mode 0
Event: 176.355 Thread 0x0000026d41ad25e0 DEOPT PACKING pc=0x0000026d28fef590 sp=0x000000e9110fd2e0
Event: 176.355 Thread 0x0000026d41ad25e0 DEOPT UNPACKING pc=0x0000026d2f547143 sp=0x000000e9110fc7e8 mode 0
Event: 176.359 Thread 0x0000026d41ad25e0 DEOPT PACKING pc=0x0000026d29428312 sp=0x000000e9110fb6b0
Event: 176.359 Thread 0x0000026d41ad25e0 DEOPT UNPACKING pc=0x0000026d2f547143 sp=0x000000e9110fabc0 mode 0
Event: 176.367 Thread 0x0000026d41ad25e0 DEOPT PACKING pc=0x0000026d28f7a17b sp=0x000000e9110fb9b0
Event: 176.367 Thread 0x0000026d41ad25e0 DEOPT UNPACKING pc=0x0000026d2f547143 sp=0x000000e9110faf18 mode 0
Event: 176.774 Thread 0x0000026d41ad25e0 DEOPT PACKING pc=0x0000026d287ccdd1 sp=0x000000e9110f94b0
Event: 176.774 Thread 0x0000026d41ad25e0 DEOPT UNPACKING pc=0x0000026d2f547143 sp=0x000000e9110f89a8 mode 0
Event: 176.801 Thread 0x0000026d41ad25e0 Uncommon trap: trap_request=0xffffffe4 fr.pc=0x0000026d2fd1e924 relative=0x00000000000022c4
Event: 176.801 Thread 0x0000026d41ad25e0 Uncommon trap: reason=range_check action=make_not_entrant pc=0x0000026d2fd1e924 method=com.sun.tools.javac.util.Convert.utf2chars([BI[CII)I @ 25 c2
Event: 176.801 Thread 0x0000026d41ad25e0 DEOPT PACKING pc=0x0000026d2fd1e924 sp=0x000000e9110f8ba0
Event: 176.801 Thread 0x0000026d41ad25e0 DEOPT UNPACKING pc=0x0000026d2f5469a3 sp=0x000000e9110f8928 mode 2
Event: 176.803 Thread 0x0000026d41ad25e0 Uncommon trap: trap_request=0xfffffff4 fr.pc=0x0000026d2fbdc19c relative=0x000000000000077c
Event: 176.803 Thread 0x0000026d41ad25e0 Uncommon trap: reason=null_check action=make_not_entrant pc=0x0000026d2fbdc19c method=com.sun.tools.javac.parser.Tokens.lookupKind(Ljava/lang/String;)Lcom/sun/tools/javac/parser/Tokens$TokenKind; @ 10 c2
Event: 176.803 Thread 0x0000026d41ad25e0 DEOPT PACKING pc=0x0000026d2fbdc19c sp=0x000000e9110f7cc0
Event: 176.803 Thread 0x0000026d41ad25e0 DEOPT UNPACKING pc=0x0000026d2f5469a3 sp=0x000000e9110f7bb8 mode 2

Classes unloaded (7 events):
Event: 33.362 Thread 0x0000026d3e93d450 Unloading class 0x0000000100b25c00 'java/lang/invoke/LambdaForm$DMH+0x0000000100b25c00'
Event: 33.362 Thread 0x0000026d3e93d450 Unloading class 0x0000000100b25800 'java/lang/invoke/LambdaForm$DMH+0x0000000100b25800'
Event: 33.362 Thread 0x0000026d3e93d450 Unloading class 0x0000000100b25400 'java/lang/invoke/LambdaForm$DMH+0x0000000100b25400'
Event: 33.362 Thread 0x0000026d3e93d450 Unloading class 0x0000000100b24c00 'java/lang/invoke/LambdaForm$DMH+0x0000000100b24c00'
Event: 33.362 Thread 0x0000026d3e93d450 Unloading class 0x0000000100b25000 'java/lang/invoke/LambdaForm$DMH+0x0000000100b25000'
Event: 33.362 Thread 0x0000026d3e93d450 Unloading class 0x0000000100b24800 'java/lang/invoke/LambdaForm$DMH+0x0000000100b24800'
Event: 33.362 Thread 0x0000026d3e93d450 Unloading class 0x0000000100b24400 'java/lang/invoke/LambdaForm$DMH+0x0000000100b24400'

Classes redefined (0 events):
No events

Internal exceptions (20 events):
Event: 131.218 Thread 0x0000026d434a3660 Exception <a 'sun/nio/fs/WindowsException'{0x000000008b5990c8}> (0x000000008b5990c8) 
thrown [s\src\hotspot\share\prims\jni.cpp, line 517]
Event: 131.225 Thread 0x0000026d434a3660 Exception <a 'sun/nio/fs/WindowsException'{0x000000008b5a2e90}> (0x000000008b5a2e90) 
thrown [s\src\hotspot\share\prims\jni.cpp, line 517]
Event: 131.231 Thread 0x0000026d434a3660 Exception <a 'sun/nio/fs/WindowsException'{0x000000008b5aff20}> (0x000000008b5aff20) 
thrown [s\src\hotspot\share\prims\jni.cpp, line 517]
Event: 131.269 Thread 0x0000026d434a3660 Exception <a 'sun/nio/fs/WindowsException'{0x000000008b222c58}> (0x000000008b222c58) 
thrown [s\src\hotspot\share\prims\jni.cpp, line 517]
Event: 131.273 Thread 0x0000026d434a3660 Exception <a 'sun/nio/fs/WindowsException'{0x000000008b22b2c8}> (0x000000008b22b2c8) 
thrown [s\src\hotspot\share\prims\jni.cpp, line 517]
Event: 131.277 Thread 0x0000026d434a3660 Exception <a 'sun/nio/fs/WindowsException'{0x000000008b234398}> (0x000000008b234398) 
thrown [s\src\hotspot\share\prims\jni.cpp, line 517]
Event: 131.458 Thread 0x0000026d434a3660 Exception <a 'java/lang/reflect/InvocationTargetException'{0x000000008ae9ec68}> (0x000000008ae9ec68) 
thrown [s\src\hotspot\share\runtime\reflection.cpp, line 1127]
Event: 131.839 Thread 0x0000026d434a3660 Exception <a 'sun/nio/fs/WindowsException'{0x000000008a41f788}> (0x000000008a41f788) 
thrown [s\src\hotspot\share\prims\jni.cpp, line 517]
Event: 131.839 Thread 0x0000026d434a3660 Exception <a 'sun/nio/fs/WindowsException'{0x000000008a41fb18}> (0x000000008a41fb18) 
thrown [s\src\hotspot\share\prims\jni.cpp, line 517]
Event: 131.839 Thread 0x0000026d434a3660 Exception <a 'sun/nio/fs/WindowsException'{0x000000008a421460}> (0x000000008a421460) 
thrown [s\src\hotspot\share\prims\jni.cpp, line 517]
Event: 175.766 Thread 0x0000026d434a3660 Exception <a 'sun/nio/fs/WindowsException'{0x000000008c400040}> (0x000000008c400040) 
thrown [s\src\hotspot\share\prims\jni.cpp, line 517]
Event: 175.849 Thread 0x0000026d434a3660 Exception <a 'java/lang/NoClassDefFoundError'{0x000000008b8f00e0}: org/jetbrains/kotlin/gradle/plugin/KotlinBasePluginWrapper> (0x000000008b8f00e0) 
thrown [s\src\hotspot\share\oops\constantPool.cpp, line 835]
Event: 175.944 Thread 0x0000026d434a3660 Exception <a 'sun/nio/fs/WindowsException'{0x000000008b5ae840}> (0x000000008b5ae840) 
thrown [s\src\hotspot\share\prims\jni.cpp, line 517]
Event: 175.956 Thread 0x0000026d434a3660 Exception <a 'sun/nio/fs/WindowsException'{0x000000008b44a080}> (0x000000008b44a080) 
thrown [s\src\hotspot\share\prims\jni.cpp, line 517]
Event: 175.956 Thread 0x0000026d434a3660 Exception <a 'sun/nio/fs/WindowsException'{0x000000008b44b3f8}> (0x000000008b44b3f8) 
thrown [s\src\hotspot\share\prims\jni.cpp, line 517]
Event: 175.957 Thread 0x0000026d434a3660 Exception <a 'sun/nio/fs/WindowsException'{0x000000008b44c7c0}> (0x000000008b44c7c0) 
thrown [s\src\hotspot\share\prims\jni.cpp, line 517]
Event: 175.957 Thread 0x0000026d434a3660 Exception <a 'sun/nio/fs/WindowsException'{0x000000008b44db88}> (0x000000008b44db88) 
thrown [s\src\hotspot\share\prims\jni.cpp, line 517]
Event: 176.803 Thread 0x0000026d41ad25e0 Implicit null exception at 0x0000026d2fbdd847 to 0x0000026d2fbdc180
Event: 176.872 Thread 0x0000026d41ad25e0 Exception <a 'sun/nio/fs/WindowsException'{0x0000000089c7efb0}> (0x0000000089c7efb0) 
thrown [s\src\hotspot\share\prims\jni.cpp, line 517]
Event: 176.872 Thread 0x0000026d41ad25e0 Exception <a 'sun/nio/fs/WindowsException'{0x0000000089c7f240}> (0x0000000089c7f240) 
thrown [s\src\hotspot\share\prims\jni.cpp, line 517]

VM Operations (20 events):
Event: 131.991 Executing VM operation: Cleanup done
Event: 133.995 Executing VM operation: Cleanup
Event: 133.995 Executing VM operation: Cleanup done
Event: 172.340 Executing VM operation: Cleanup
Event: 172.340 Executing VM operation: Cleanup done
Event: 174.343 Executing VM operation: Cleanup
Event: 174.343 Executing VM operation: Cleanup done
Event: 175.358 Executing VM operation: Cleanup
Event: 175.358 Executing VM operation: Cleanup done
Event: 175.512 Executing VM operation: G1CollectForAllocation
Event: 175.527 Executing VM operation: G1CollectForAllocation done
Event: 175.723 Executing VM operation: G1Concurrent
Event: 175.763 Executing VM operation: G1Concurrent done
Event: 175.852 Executing VM operation: G1Concurrent
Event: 175.854 Executing VM operation: G1Concurrent done
Event: 176.628 Executing VM operation: ICBufferFull
Event: 176.628 Executing VM operation: ICBufferFull done
Event: 176.929 Executing VM operation: G1CollectForAllocation
Event: 176.948 Executing VM operation: G1CollectForAllocation done
Event: 177.194 Executing VM operation: G1CollectForAllocation

Events (20 events):
Event: 175.505 Thread 0x0000026d41ad1770 Thread added: 0x0000026d41ad1770
Event: 175.505 Thread 0x0000026d41ace280 Thread added: 0x0000026d41ace280
Event: 175.505 Thread 0x0000026d41ad0dd0 Thread added: 0x0000026d41ad0dd0
Event: 175.505 Thread 0x0000026d41ad42c0 Thread added: 0x0000026d41ad42c0
Event: 175.506 Thread 0x0000026d41acf5c0 Thread added: 0x0000026d41acf5c0
Event: 175.506 Thread 0x0000026d41ad0430 Thread added: 0x0000026d41ad0430
Event: 175.506 Thread 0x0000026d41ad2110 Thread added: 0x0000026d41ad2110
Event: 175.506 Thread 0x0000026d41ad0900 Thread added: 0x0000026d41ad0900
Event: 175.506 Thread 0x0000026d41ad4790 Thread added: 0x0000026d41ad4790
Event: 175.507 Thread 0x0000026d41ad12a0 Thread added: 0x0000026d41ad12a0
Event: 175.507 Thread 0x0000026d41ad5130 Thread added: 0x0000026d41ad5130
Event: 176.016 Thread 0x0000026d41ad4c60 Thread added: 0x0000026d41ad4c60
Event: 176.017 Thread 0x0000026d41acd8e0 Thread added: 0x0000026d41acd8e0
Event: 176.018 Thread 0x0000026d41ad25e0 Thread added: 0x0000026d41ad25e0
Event: 176.019 Thread 0x0000026d41ad3920 Thread added: 0x0000026d41ad3920
Event: 176.019 Thread 0x0000026d41ace750 Thread added: 0x0000026d41ace750
Event: 176.019 Thread 0x0000026d41acec20 Thread added: 0x0000026d41acec20
Event: 176.019 Thread 0x0000026d48271640 Thread added: 0x0000026d48271640
Event: 176.019 Thread 0x0000026d482737f0 Thread added: 0x0000026d482737f0
Event: 176.020 Thread 0x0000026d48270300 Thread added: 0x0000026d48270300


Dynamic libraries:
0x00007ff682270000 - 0x00007ff68227a000 	C:\Program Files\Android\Android Studio\jbr\bin\java.exe
0x00007ffc12890000 - 0x00007ffc12aa7000 	C:\WINDOWS\SYSTEM32\ntdll.dll
0x00007ffc10ff0000 - 0x00007ffc110b4000 	C:\WINDOWS\System32\KERNEL32.DLL
0x00007ffc0ff10000 - 0x00007ffc102b5000 	C:\WINDOWS\System32\KERNELBASE.dll
0x00007ffc10390000 - 0x00007ffc104a1000 	C:\WINDOWS\System32\ucrtbase.dll
0x00007ffbeda80000 - 0x00007ffbeda97000 	C:\Program Files\Android\Android Studio\jbr\bin\jli.dll
0x00007ffbc1950000 - 0x00007ffbc196b000 	C:\Program Files\Android\Android Studio\jbr\bin\VCRUNTIME140.dll
0x00007ffc11140000 - 0x00007ffc112ee000 	C:\WINDOWS\System32\USER32.dll
0x00007ffc10360000 - 0x00007ffc10386000 	C:\WINDOWS\System32\win32u.dll
0x00007ffbf1e90000 - 0x00007ffbf2123000 	C:\WINDOWS\WinSxS\amd64_microsoft.windows.common-controls_6595b64144ccf1df_6.0.22621.2506_none_270c5ae97388e100\COMCTL32.dll
0x00007ffc10df0000 - 0x00007ffc10e19000 	C:\WINDOWS\System32\GDI32.dll
0x00007ffc11a20000 - 0x00007ffc11ac7000 	C:\WINDOWS\System32\msvcrt.dll
0x00007ffc0fdf0000 - 0x00007ffc0ff09000 	C:\WINDOWS\System32\gdi32full.dll
0x00007ffc102c0000 - 0x00007ffc1035a000 	C:\WINDOWS\System32\msvcp_win.dll
0x00007ffc10a20000 - 0x00007ffc10a51000 	C:\WINDOWS\System32\IMM32.DLL
0x00007ffbe6900000 - 0x00007ffbe690c000 	C:\Program Files\Android\Android Studio\jbr\bin\vcruntime140_1.dll
0x00007ffb8f220000 - 0x00007ffb8f2ad000 	C:\Program Files\Android\Android Studio\jbr\bin\msvcp140.dll
0x00007ffb918a0000 - 0x00007ffb9250e000 	C:\Program Files\Android\Android Studio\jbr\bin\server\jvm.dll
0x00007ffc113d0000 - 0x00007ffc11481000 	C:\WINDOWS\System32\ADVAPI32.dll
0x00007ffc125c0000 - 0x00007ffc12666000 	C:\WINDOWS\System32\sechost.dll
0x00007ffc108b0000 - 0x00007ffc109c7000 	C:\WINDOWS\System32\RPCRT4.dll
0x00007ffc0d3a0000 - 0x00007ffc0d3a9000 	C:\WINDOWS\SYSTEM32\WSOCK32.dll
0x00007ffbf79f0000 - 0x00007ffbf7a24000 	C:\WINDOWS\SYSTEM32\WINMM.dll
0x00007ffc126d0000 - 0x00007ffc12741000 	C:\WINDOWS\System32\WS2_32.dll
0x00007ffc08d40000 - 0x00007ffc08d4a000 	C:\WINDOWS\SYSTEM32\VERSION.dll
0x00007ffc0ecf0000 - 0x00007ffc0ed08000 	C:\WINDOWS\SYSTEM32\kernel.appcore.dll
0x00007ffc05b90000 - 0x00007ffc05b9a000 	C:\Program Files\Android\Android Studio\jbr\bin\jimage.dll
0x00007ffc0c5c0000 - 0x00007ffc0c7f3000 	C:\WINDOWS\SYSTEM32\DBGHELP.DLL
0x00007ffc10a60000 - 0x00007ffc10de9000 	C:\WINDOWS\System32\combase.dll
0x00007ffc112f0000 - 0x00007ffc113c7000 	C:\WINDOWS\System32\OLEAUT32.dll
0x00007ffbe84f0000 - 0x00007ffbe8522000 	C:\WINDOWS\SYSTEM32\dbgcore.DLL
0x00007ffc0fd70000 - 0x00007ffc0fdea000 	C:\WINDOWS\System32\bcryptPrimitives.dll
0x00007ffbfbf50000 - 0x00007ffbfbf75000 	C:\Program Files\Android\Android Studio\jbr\bin\java.dll
0x00007ffbfbc10000 - 0x00007ffbfbc28000 	C:\Program Files\Android\Android Studio\jbr\bin\zip.dll
0x00007ffc11ad0000 - 0x00007ffc12329000 	C:\WINDOWS\System32\SHELL32.dll
0x00007ffc0db30000 - 0x00007ffc0e424000 	C:\WINDOWS\SYSTEM32\windows.storage.dll
0x00007ffc0d9f0000 - 0x00007ffc0db2e000 	C:\WINDOWS\SYSTEM32\wintypes.dll
0x00007ffc11490000 - 0x00007ffc11583000 	C:\WINDOWS\System32\SHCORE.dll
0x00007ffc12670000 - 0x00007ffc126ce000 	C:\WINDOWS\System32\shlwapi.dll
0x00007ffc0fb30000 - 0x00007ffc0fb56000 	C:\WINDOWS\SYSTEM32\profapi.dll
0x00007ffbf3550000 - 0x00007ffbf3569000 	C:\Program Files\Android\Android Studio\jbr\bin\net.dll
0x00007ffc0cce0000 - 0x00007ffc0ce17000 	C:\WINDOWS\SYSTEM32\WINHTTP.dll
0x00007ffc0f170000 - 0x00007ffc0f1d9000 	C:\WINDOWS\system32\mswsock.dll
0x00007ffbedaa0000 - 0x00007ffbedab6000 	C:\Program Files\Android\Android Studio\jbr\bin\nio.dll
0x00007ffbfcd20000 - 0x00007ffbfcd30000 	C:\Program Files\Android\Android Studio\jbr\bin\verify.dll
0x00007ffbc26a0000 - 0x00007ffbc26c7000 	C:\Users\mateo\.gradle\native\e1d6ef7f7dcc3fd88c89a11ec53ec762bb8ba0a96d01ffa2cd45eb1d1d8dd5c5\windows-amd64\native-platform.dll
0x00007ffb8ccb0000 - 0x00007ffb8cdf4000 	C:\Users\mateo\.gradle\native\5664cfc778a61ccfe75a443a1ab52a65af34e5dc3c78e0209fed803814484fcb\windows-amd64\native-platform-file-events.dll
0x00007ffbfbf40000 - 0x00007ffbfbf49000 	C:\Program Files\Android\Android Studio\jbr\bin\management.dll
0x00007ffbf78e0000 - 0x00007ffbf78eb000 	C:\Program Files\Android\Android Studio\jbr\bin\management_ext.dll
0x00007ffc11590000 - 0x00007ffc11598000 	C:\WINDOWS\System32\PSAPI.DLL
0x00007ffc0f3d0000 - 0x00007ffc0f3eb000 	C:\WINDOWS\SYSTEM32\CRYPTSP.dll
0x00007ffc0ec50000 - 0x00007ffc0ec85000 	C:\WINDOWS\system32\rsaenh.dll
0x00007ffc0f260000 - 0x00007ffc0f28c000 	C:\WINDOWS\SYSTEM32\USERENV.dll
0x00007ffc0f5b0000 - 0x00007ffc0f5d8000 	C:\WINDOWS\SYSTEM32\bcrypt.dll
0x00007ffc0f3c0000 - 0x00007ffc0f3cc000 	C:\WINDOWS\SYSTEM32\CRYPTBASE.dll
0x00007ffc0e700000 - 0x00007ffc0e72d000 	C:\WINDOWS\SYSTEM32\IPHLPAPI.DLL
0x00007ffc123f0000 - 0x00007ffc123f9000 	C:\WINDOWS\System32\NSI.dll
0x00007ffc08c20000 - 0x00007ffc08c39000 	C:\WINDOWS\SYSTEM32\dhcpcsvc6.DLL
0x00007ffc08bf0000 - 0x00007ffc08c0f000 	C:\WINDOWS\SYSTEM32\dhcpcsvc.DLL
0x00007ffc0e770000 - 0x00007ffc0e869000 	C:\WINDOWS\SYSTEM32\DNSAPI.dll
0x00007ffbf56d0000 - 0x00007ffbf56d8000 	C:\WINDOWS\system32\wshunix.dll

dbghelp: loaded successfully - version: 4.0.5 - missing functions: none
symbol engine: initialized successfully - sym options: 0x614 - pdb path: .;C:\Program Files\Android\Android Studio\jbr\bin;C:\WINDOWS\SYSTEM32;C:\WINDOWS\WinSxS\amd64_microsoft.windows.common-controls_6595b64144ccf1df_6.0.22621.2506_none_270c5ae97388e100;C:\Program Files\Android\Android Studio\jbr\bin\server;C:\Users\mateo\.gradle\native\e1d6ef7f7dcc3fd88c89a11ec53ec762bb8ba0a96d01ffa2cd45eb1d1d8dd5c5\windows-amd64;C:\Users\mateo\.gradle\native\5664cfc778a61ccfe75a443a1ab52a65af34e5dc3c78e0209fed803814484fcb\windows-amd64

VM Arguments:
jvm_args: --add-opens=java.base/java.util=ALL-UNNAMED --add-opens=java.base/java.lang=ALL-UNNAMED --add-opens=java.base/java.lang.invoke=ALL-UNNAMED --add-opens=java.base/java.util=ALL-UNNAMED --add-opens=java.prefs/java.util.prefs=ALL-UNNAMED --add-opens=java.prefs/java.util.prefs=ALL-UNNAMED --add-opens=java.base/java.nio.charset=ALL-UNNAMED --add-opens=java.base/java.net=ALL-UNNAMED --add-opens=java.base/java.util.concurrent.atomic=ALL-UNNAMED -Xmx2048m -Dfile.encoding=UTF-8 -Duser.country=ES -Duser.language=es -Duser.variant 
java_command: org.gradle.launcher.daemon.bootstrap.GradleDaemon 7.3.3
java_class_path (initial): C:\Users\mateo\.gradle\wrapper\dists\gradle-7.3.3-bin\6a41zxkdtcxs8rphpq6y0069z\gradle-7.3.3\lib\gradle-launcher-7.3.3.jar
Launcher Type: SUN_STANDARD

[Global flags]
     intx CICompilerCount                          = 4                                         {product} {ergonomic}
     uint ConcGCThreads                            = 2                                         {product} {ergonomic}
     uint G1ConcRefinementThreads                  = 8                                         {product} {ergonomic}
   size_t G1HeapRegionSize                         = 1048576                                   {product} {ergonomic}
    uintx GCDrainStackTargetSize                   = 64                                        {product} {ergonomic}
   size_t InitialHeapSize                          = 134217728                                 {product} {ergonomic}
   size_t MarkStackSize                            = 4194304                                   {product} {ergonomic}
   size_t MaxHeapSize                              = 2147483648                                {product} {command line}
   size_t MaxNewSize                               = 1287651328                                {product} {ergonomic}
   size_t MinHeapDeltaBytes                        = 1048576                                   {product} {ergonomic}
   size_t MinHeapSize                              = 8388608                                   {product} {ergonomic}
    uintx NonNMethodCodeHeapSize                   = 5839372                                {pd product} {ergonomic}
    uintx NonProfiledCodeHeapSize                  = 122909434                              {pd product} {ergonomic}
    uintx ProfiledCodeHeapSize                     = 122909434                              {pd product} {ergonomic}
    uintx ReservedCodeCacheSize                    = 251658240                              {pd product} {ergonomic}
     bool SegmentedCodeCache                       = true                                      {product} {ergonomic}
   size_t SoftMaxHeapSize                          = 2147483648                             {manageable} {ergonomic}
     bool UseCompressedClassPointers               = true                           {product lp64_product} {ergonomic}
     bool UseCompressedOops                        = true                           {product lp64_product} {ergonomic}
     bool UseG1GC                                  = true                                      {product} {ergonomic}
     bool UseLargePagesIndividualAllocation        = false                                  {pd product} {ergonomic}

Logging:
Log output configuration:
 #0: stdout all=warning uptime,level,tags
 #1: stderr all=off uptime,level,tags

Environment Variables:
JAVA_HOME=C:\Program Files\Java\jre1.8.0_271
PATH=C:\Program Files (x86)\Common Files\Oracle\Java\javapath;C:\Program Files (x86)\OpenLogic\jdk-8.0.372.07-hotspot\bin;C:\Program Files\OpenLogic\jdk-11.0.19.7-hotspot\bin;C:\Program Files (x86)\Intel\iCLS Client\;C:\Program Files\Intel\iCLS Client\;C:\Windows\system32;C:\Windows;C:\Windows\System32\Wbem;C:\Windows\System32\WindowsPowerShell\v1.0\;C:\Program Files (x86)\NVIDIA Corporation\PhysX\Common;C:\Program Files (x86)\Intel\Intel(R) Management Engine Components\DAL;C:\Program Files\Intel\Intel(R) Management Engine Components\DAL;C:\Program Files (x86)\Intel\Intel(R) Management Engine Components\IPT;C:\Program Files\Intel\Intel(R) Management Engine Components\IPT;C:\WINDOWS\system32;C:\WINDOWS;C:\WINDOWS\System32\Wbem;C:\WINDOWS\System32\WindowsPowerShell\v1.0\;C:\WINDOWS\System32\OpenSSH\;C:\Program Files\AutoFirma\AutoFirma;C:\Program Files\NVIDIA Corporation\NVIDIA NvDLISR;C:\Program Files\MongoDB\Server\6.0\bin;C:\Program Files\dotnet\;C:\WINDOWS\system32;C:\WINDOWS;C:\WINDOWS\System32\Wbem;C:\WINDOWS\System32\WindowsPowerShell\v1.0\;C:\WINDOWS\System32\OpenSSH\;C:\Program Files\Git\cmd;C:\Program Files\Git\mingw64\bin;C:\Program Files\Git\usr\bin;C:\Users\mateo\AppData\Local\Microsoft\WindowsApps;C:\Program Files\Java\jre1.8.0_271\bin;C:\Gradle\gradle-8.1.1\bin
USERNAME=mateo
OS=Windows_NT
PROCESSOR_IDENTIFIER=Intel64 Family 6 Model 142 Stepping 10, GenuineIntel
TMP=C:\Users\mateo\AppData\Local\Temp
TEMP=C:\Users\mateo\AppData\Local\Temp


JNI global refs:
JNI global refs: 28, weak refs: 18

JNI global refs memory usage: 843, weak refs: 841


---------------  S Y S T E M  ---------------

OS:
 Windows 11 , 64 bit Build 22621 (10.0.22621.2506)
OS uptime: 1 days 23:10 hours

CPU: total 8 (initial active 8) (4 cores per cpu, 2 threads per core) family 6 model 142 stepping 10 microcode 0xe0, cx8, cmov, fxsr, ht, mmx, 3dnowpref, sse, sse2, sse3, ssse3, sse4.1, sse4.2, popcnt, lzcnt, tsc, tscinvbit, avx, avx2, aes, erms, clmul, bmi1, bmi2, adx, fma, vzeroupper, clflush, clflushopt

Memory: 4k page, system-wide physical 8066M (347M free)
TotalPageFile size 12162M (AvailPageFile size 213M)
current process WorkingSet (physical memory assigned to process): 364M, peak: 447M
current process commit charge ("private bytes"): 484M, peak: 877M

vm_info: OpenJDK 64-Bit Server VM (17.0.6+0-b2043.56-10027231) for windows-amd64 JRE (17.0.6+0-b2043.56-10027231), built on Apr 28 2023 00:43:19 by "androidbuild" with MS VC++ 16.10 / 16.11 (VS2019)

END.
