#
# There is insufficient memory for the Java Runtime Environment to continue.
# Native memory allocation (malloc) failed to allocate 109984 bytes for Chunk::new
# Possible reasons:
#   The system is out of physical RAM or swap space
#   The process is running with CompressedOops enabled, and the Java Heap may be blocking the growth of the native heap
# Possible solutions:
#   Reduce memory load on the system
#   Increase physical memory or swap space
#   Check if swap backing store is full
#   Decrease Java heap size (-Xmx/-Xms)
#   Decrease number of Java threads
#   Decrease Java thread stack sizes (-Xss)
#   Set larger code cache with -XX:ReservedCodeCacheSize=
#   JVM is running with Unscaled Compressed Oops mode in which the Java heap is
#     placed in the first 4GB address space. The Java Heap base address is the
#     maximum limit for the native heap growth. Please use -XX:HeapBaseMinAddress
#     to set the Java Heap base and to place the Java Heap above 4GB virtual address.
# This output file may be truncated or incomplete.
#
#  Out of Memory Error (arena.cpp:189), pid=3260, tid=340
#
# JRE version: OpenJDK Runtime Environment (17.0.6) (build 17.0.6+0-b2043.56-10027231)
# Java VM: OpenJDK 64-Bit Server VM (17.0.6+0-b2043.56-10027231, mixed mode, tiered, compressed oops, compressed class ptrs, g1 gc, windows-amd64)
# No core dump will be written. Minidumps are not enabled by default on client versions of Windows
#

---------------  S U M M A R Y ------------

Command Line: --add-opens=java.base/java.util=ALL-UNNAMED --add-opens=java.base/java.lang=ALL-UNNAMED --add-opens=java.base/java.lang.invoke=ALL-UNNAMED --add-opens=java.base/java.util=ALL-UNNAMED --add-opens=java.prefs/java.util.prefs=ALL-UNNAMED --add-opens=java.prefs/java.util.prefs=ALL-UNNAMED --add-opens=java.base/java.nio.charset=ALL-UNNAMED --add-opens=java.base/java.net=ALL-UNNAMED --add-opens=java.base/java.util.concurrent.atomic=ALL-UNNAMED -Xmx2048m -Dfile.encoding=UTF-8 -Duser.country=ES -Duser.language=es -Duser.variant org.gradle.launcher.daemon.bootstrap.GradleDaemon 7.3.3

Host: Intel(R) Core(TM) i7-8550U CPU @ 1.80GHz, 8 cores, 7G,  Windows 11 , 64 bit Build 22621 (10.0.22621.2428)
Time: Thu Oct 19 16:41:09 2023 Hora de verano romance elapsed time: 15.725233 seconds (0d 0h 0m 15s)

---------------  T H R E A D  ---------------

Current thread (0x000001e86745f7e0):  JavaThread "C2 CompilerThread0" daemon [_thread_in_native, id=340, stack(0x00000099f5800000,0x00000099f5900000)]


Current CompileTask:
C2:  15725 10192       4       java.net.URLClassLoader$1::run (5 bytes)

Stack: [0x00000099f5800000,0x00000099f5900000]
Native frames: (J=compiled Java code, j=interpreted, Vv=VM code, C=native code)
V  [jvm.dll+0x683c9a]
V  [jvm.dll+0x8427a4]
V  [jvm.dll+0x843f9e]
V  [jvm.dll+0x844603]
V  [jvm.dll+0x249b75]
V  [jvm.dll+0xabcac]
V  [jvm.dll+0xac27c]
V  [jvm.dll+0x6d231b]
V  [jvm.dll+0x1bd277]
V  [jvm.dll+0x21c359]
V  [jvm.dll+0x21b621]
V  [jvm.dll+0x1a4fdd]
V  [jvm.dll+0x22b098]
V  [jvm.dll+0x229159]
V  [jvm.dll+0x7f81ec]
V  [jvm.dll+0x7f274a]
V  [jvm.dll+0x682ad5]
C  [ucrtbase.dll+0x29363]
C  [KERNEL32.DLL+0x1257d]
C  [ntdll.dll+0x5aa78]


---------------  P R O C E S S  ---------------

Threads class SMR info:
_java_thread_list=0x000001e8727295d0, length=138, elements={
0x000001e84cc5ca00, 0x000001e866ac06a0, 0x000001e866ac1510, 0x000001e866ae6240,
0x000001e866aeac10, 0x000001e866aeb6c0, 0x000001e866aed080, 0x000001e86745f7e0,
0x000001e86745fe90, 0x000001e867462890, 0x000001e8675b2a70, 0x000001e8675b6f60,
0x000001e8687cf770, 0x000001e8687330e0, 0x000001e86b433df0, 0x000001e86a67c460,
0x000001e86a951760, 0x000001e868e09ac0, 0x000001e869c6f060, 0x000001e86881e330,
0x000001e868821cf0, 0x000001e8688204e0, 0x000001e868820010, 0x000001e8688209b0,
0x000001e86881f670, 0x000001e86881fb40, 0x000001e868820e80, 0x000001e868821350,
0x000001e868821820, 0x000001e86881e800, 0x000001e86881f1a0, 0x000001e86b7a0760,
0x000001e86b7a1f70, 0x000001e86b7a62d0, 0x000001e86b7a15d0, 0x000001e86b7a2440,
0x000001e86b7a0c30, 0x000001e86b7a4ac0, 0x000001e86b7a1aa0, 0x000001e86b7a2de0,
0x000001e86ce91d40, 0x000001e86b7a5e00, 0x000001e86b7a6c70, 0x000001e86b7a5460,
0x000001e86b7a32b0, 0x000001e86b7a5930, 0x000001e86b7a3780, 0x000001e86b7a3c50,
0x000001e86b79f8f0, 0x000001e86b72abd0, 0x000001e86b7276e0, 0x000001e86b725060,
0x000001e86b728ef0, 0x000001e86b728080, 0x000001e86b72a230, 0x000001e86b72b570,
0x000001e86b7241f0, 0x000001e86b728550, 0x000001e86b72b0a0, 0x000001e86b724b90,
0x000001e86b723d20, 0x000001e86b7263a0, 0x000001e86b729890, 0x000001e86b729d60,
0x000001e86b725530, 0x000001e86b7246c0, 0x000001e86b728a20, 0x000001e86b725a00,
0x000001e86b725ed0, 0x000001e86b7293c0, 0x000001e86b72a700, 0x000001e86b726870,
0x000001e86b726d40, 0x000001e86b727210, 0x000001e86b727bb0, 0x000001e8683ac7e0,
0x000001e8683ad180, 0x000001e8683b19b0, 0x000001e8683ad650, 0x000001e8683b1e80,
0x000001e8683af330, 0x000001e8683ab970, 0x000001e8683accb0, 0x000001e8683afcd0,
0x000001e8683adb20, 0x000001e8683adff0, 0x000001e8683b01a0, 0x000001e8683b0670,
0x000001e8683af800, 0x000001e8683ae4c0, 0x000001e8683abe40, 0x000001e8683b0b40,
0x000001e8683b1010, 0x000001e8683ac310, 0x000001e8683ae990, 0x000001e8683aee60,
0x000001e8683b14e0, 0x000001e8683b2350, 0x000001e8683b2820, 0x000001e8683aafd0,
0x000001e8683ab4a0, 0x000001e8684a20c0, 0x000001e8684a1250, 0x000001e86849ff10,
0x000001e86849e230, 0x000001e86849dd60, 0x000001e8684a08b0, 0x000001e86849ca20,
0x000001e86849c550, 0x000001e86849cef0, 0x000001e8684a03e0, 0x000001e8684a0d80,
0x000001e86849d3c0, 0x000001e86849e700, 0x000001e8684a1720, 0x000001e8684a2590,
0x000001e86849b6e0, 0x000001e86849ebd0, 0x000001e8684a1bf0, 0x000001e8684a2a60,
0x000001e86849b210, 0x000001e86849bbb0, 0x000001e86849c080, 0x000001e86849f570,
0x000001e86f460ed0, 0x000001e86f466570, 0x000001e86f461870, 0x000001e86f466f10,
0x000001e86f461d40, 0x000001e86f4626e0, 0x000001e86f4673e0, 0x000001e86f463a20,
0x000001e86f45fb90, 0x000001e86f463550, 0x000001e870353880, 0x000001e86bf57660,
0x000001e86bf57190, 0x000001e86bf56320
}

Java Threads: ( => current thread )
  0x000001e84cc5ca00 JavaThread "main" [_thread_blocked, id=15104, stack(0x00000099f4b00000,0x00000099f4c00000)]
  0x000001e866ac06a0 JavaThread "Reference Handler" daemon [_thread_blocked, id=10028, stack(0x00000099f5200000,0x00000099f5300000)]
  0x000001e866ac1510 JavaThread "Finalizer" daemon [_thread_blocked, id=2160, stack(0x00000099f5300000,0x00000099f5400000)]
  0x000001e866ae6240 JavaThread "Signal Dispatcher" daemon [_thread_blocked, id=11496, stack(0x00000099f5400000,0x00000099f5500000)]
  0x000001e866aeac10 JavaThread "Attach Listener" daemon [_thread_blocked, id=10012, stack(0x00000099f5500000,0x00000099f5600000)]
  0x000001e866aeb6c0 JavaThread "Service Thread" daemon [_thread_blocked, id=5804, stack(0x00000099f5600000,0x00000099f5700000)]
  0x000001e866aed080 JavaThread "Monitor Deflation Thread" daemon [_thread_blocked, id=7148, stack(0x00000099f5700000,0x00000099f5800000)]
=>0x000001e86745f7e0 JavaThread "C2 CompilerThread0" daemon [_thread_in_native, id=340, stack(0x00000099f5800000,0x00000099f5900000)]
  0x000001e86745fe90 JavaThread "C1 CompilerThread0" daemon [_thread_in_native, id=13280, stack(0x00000099f5900000,0x00000099f5a00000)]
  0x000001e867462890 JavaThread "Sweeper thread" daemon [_thread_blocked, id=5552, stack(0x00000099f5a00000,0x00000099f5b00000)]
  0x000001e8675b2a70 JavaThread "Common-Cleaner" daemon [_thread_blocked, id=12944, stack(0x00000099f5b00000,0x00000099f5c00000)]
  0x000001e8675b6f60 JavaThread "Notification Thread" daemon [_thread_blocked, id=14768, stack(0x00000099f5c00000,0x00000099f5d00000)]
  0x000001e8687cf770 JavaThread "Daemon health stats" [_thread_blocked, id=9984, stack(0x00000099f6300000,0x00000099f6400000)]
  0x000001e8687330e0 JavaThread "Incoming local TCP Connector on port 58866" [_thread_in_native, id=5800, stack(0x00000099f6400000,0x00000099f6500000)]
  0x000001e86b433df0 JavaThread "Daemon periodic checks" [_thread_blocked, id=11876, stack(0x00000099f6500000,0x00000099f6600000)]
  0x000001e86a67c460 JavaThread "Daemon" [_thread_blocked, id=16080, stack(0x00000099f6600000,0x00000099f6700000)]
  0x000001e86a951760 JavaThread "Handler for socket connection from /127.0.0.1:58866 to /127.0.0.1:58867" [_thread_in_native, id=11344, stack(0x00000099f6700000,0x00000099f6800000)]
  0x000001e868e09ac0 JavaThread "Cancel handler" [_thread_blocked, id=11524, stack(0x00000099f6800000,0x00000099f6900000)]
  0x000001e869c6f060 JavaThread "Daemon worker" [_thread_blocked, id=1216, stack(0x00000099f6900000,0x00000099f6a00000)]
  0x000001e86881e330 JavaThread "Asynchronous log dispatcher for DefaultDaemonConnection: socket connection from /127.0.0.1:58866 to /127.0.0.1:58867" [_thread_blocked, id=9308, stack(0x00000099f6a00000,0x00000099f6b00000)]
  0x000001e868821cf0 JavaThread "Stdin handler" [_thread_blocked, id=16032, stack(0x00000099f6b00000,0x00000099f6c00000)]
  0x000001e8688204e0 JavaThread "Daemon client event forwarder" [_thread_blocked, id=9132, stack(0x00000099f6c00000,0x00000099f6d00000)]
  0x000001e868820010 JavaThread "Cache worker for journal cache (C:\Users\mateo\.gradle\caches\journal-1)" [_thread_blocked, id=12480, stack(0x00000099f6d00000,0x00000099f6e00000)]
  0x000001e8688209b0 JavaThread "File lock request listener" [_thread_in_native, id=12576, stack(0x00000099f6e00000,0x00000099f6f00000)]
  0x000001e86881f670 JavaThread "Cache worker for file hash cache (C:\Users\mateo\.gradle\caches\7.3.3\fileHashes)" [_thread_blocked, id=8536, stack(0x00000099f7300000,0x00000099f7400000)]
  0x000001e86881fb40 JavaThread "Cache worker for file hash cache (C:\Users\mateo\Desktop\PokePabellon2\.gradle\7.3.3\fileHashes)" [_thread_blocked, id=4104, stack(0x00000099f7400000,0x00000099f7500000)]
  0x000001e868820e80 JavaThread "File watcher server" daemon [_thread_in_native, id=8372, stack(0x00000099f7500000,0x00000099f7600000)]
  0x000001e868821350 JavaThread "File watcher consumer" daemon [_thread_blocked, id=15776, stack(0x00000099f7600000,0x00000099f7700000)]
  0x000001e868821820 JavaThread "Cache worker for checksums cache (C:\Users\mateo\Desktop\PokePabellon2\.gradle\7.3.3\checksums)" [_thread_blocked, id=12524, stack(0x00000099f7700000,0x00000099f7800000)]
  0x000001e86881e800 JavaThread "Cache worker for cache directory md-supplier (C:\Users\mateo\.gradle\caches\7.3.3\md-supplier)" [_thread_blocked, id=16720, stack(0x00000099f7800000,0x00000099f7900000)]
  0x000001e86881f1a0 JavaThread "Cache worker for cache directory md-rule (C:\Users\mateo\.gradle\caches\7.3.3\md-rule)" [_thread_blocked, id=14020, stack(0x00000099f7900000,0x00000099f7a00000)]
  0x000001e86b7a0760 JavaThread "Cache worker for execution history cache (C:\Users\mateo\.gradle\caches\7.3.3\executionHistory)" [_thread_blocked, id=10248, stack(0x00000099f7a00000,0x00000099f7b00000)]
  0x000001e86b7a1f70 JavaThread "jar transforms" [_thread_blocked, id=12868, stack(0x00000099f7b00000,0x00000099f7c00000)]
  0x000001e86b7a62d0 JavaThread "jar transforms Thread 2" [_thread_blocked, id=11056, stack(0x00000099f7c00000,0x00000099f7d00000)]
  0x000001e86b7a15d0 JavaThread "Cache worker for file content cache (C:\Users\mateo\.gradle\caches\7.3.3\fileContent)" [_thread_blocked, id=16304, stack(0x00000099f7e00000,0x00000099f7f00000)]
  0x000001e86b7a2440 JavaThread "jar transforms Thread 3" [_thread_blocked, id=9476, stack(0x00000099f7f00000,0x00000099f8000000)]
  0x000001e86b7a0c30 JavaThread "jar transforms Thread 4" [_thread_blocked, id=16600, stack(0x00000099f8000000,0x00000099f8100000)]
  0x000001e86b7a4ac0 JavaThread "Cache worker for dependencies-accessors (C:\Users\mateo\Desktop\PokePabellon2\.gradle\7.3.3\dependencies-accessors)" [_thread_blocked, id=1136, stack(0x00000099f8100000,0x00000099f8200000)]
  0x000001e86b7a1aa0 JavaThread "jar transforms Thread 5" [_thread_blocked, id=16376, stack(0x00000099f8200000,0x00000099f8300000)]
  0x000001e86b7a2de0 JavaThread "Cache worker for Build Output Cleanup Cache (C:\Users\mateo\Desktop\PokePabellon2\.gradle\buildOutputCleanup)" [_thread_blocked, id=17280, stack(0x00000099f5e00000,0x00000099f5f00000)]
  0x000001e86ce91d40 JavaThread "C2 CompilerThread1" daemon [_thread_in_native, id=12176, stack(0x00000099f8300000,0x00000099f8400000)]
  0x000001e86b7a5e00 JavaThread "Unconstrained build operations" [_thread_blocked, id=880, stack(0x00000099f8400000,0x00000099f8500000)]
  0x000001e86b7a6c70 JavaThread "Unconstrained build operations Thread 2" [_thread_blocked, id=11136, stack(0x00000099f8500000,0x00000099f8600000)]
  0x000001e86b7a5460 JavaThread "Unconstrained build operations Thread 3" [_thread_blocked, id=15260, stack(0x00000099f8600000,0x00000099f8700000)]
  0x000001e86b7a32b0 JavaThread "Unconstrained build operations Thread 4" [_thread_blocked, id=14736, stack(0x00000099f8700000,0x00000099f8800000)]
  0x000001e86b7a5930 JavaThread "Unconstrained build operations Thread 5" [_thread_blocked, id=2428, stack(0x00000099f8800000,0x00000099f8900000)]
  0x000001e86b7a3780 JavaThread "Unconstrained build operations Thread 6" [_thread_blocked, id=16084, stack(0x00000099f8900000,0x00000099f8a00000)]
  0x000001e86b7a3c50 JavaThread "Unconstrained build operations Thread 7" [_thread_blocked, id=9720, stack(0x00000099f8a00000,0x00000099f8b00000)]
  0x000001e86b79f8f0 JavaThread "Unconstrained build operations Thread 8" [_thread_blocked, id=10256, stack(0x00000099f8b00000,0x00000099f8c00000)]
  0x000001e86b72abd0 JavaThread "Unconstrained build operations Thread 9" [_thread_blocked, id=14900, stack(0x00000099f8c00000,0x00000099f8d00000)]
  0x000001e86b7276e0 JavaThread "Unconstrained build operations Thread 10" [_thread_blocked, id=3492, stack(0x00000099f8d00000,0x00000099f8e00000)]
  0x000001e86b725060 JavaThread "Unconstrained build operations Thread 11" [_thread_blocked, id=15908, stack(0x00000099f8e00000,0x00000099f8f00000)]
  0x000001e86b728ef0 JavaThread "Unconstrained build operations Thread 12" [_thread_blocked, id=10528, stack(0x00000099f8f00000,0x00000099f9000000)]
  0x000001e86b728080 JavaThread "Unconstrained build operations Thread 13" [_thread_blocked, id=11752, stack(0x00000099f9000000,0x00000099f9100000)]
  0x000001e86b72a230 JavaThread "Unconstrained build operations Thread 14" [_thread_in_Java, id=1864, stack(0x00000099f9100000,0x00000099f9200000)]
  0x000001e86b72b570 JavaThread "Unconstrained build operations Thread 15" [_thread_blocked, id=7552, stack(0x00000099f9200000,0x00000099f9300000)]
  0x000001e86b7241f0 JavaThread "Unconstrained build operations Thread 16" [_thread_blocked, id=17356, stack(0x00000099f9300000,0x00000099f9400000)]
  0x000001e86b728550 JavaThread "Unconstrained build operations Thread 17" [_thread_blocked, id=1520, stack(0x00000099f9400000,0x00000099f9500000)]
  0x000001e86b72b0a0 JavaThread "Unconstrained build operations Thread 18" [_thread_blocked, id=16056, stack(0x00000099f9500000,0x00000099f9600000)]
  0x000001e86b724b90 JavaThread "Unconstrained build operations Thread 19" [_thread_blocked, id=1396, stack(0x00000099f9600000,0x00000099f9700000)]
  0x000001e86b723d20 JavaThread "Unconstrained build operations Thread 20" [_thread_blocked, id=14708, stack(0x00000099f9700000,0x00000099f9800000)]
  0x000001e86b7263a0 JavaThread "Unconstrained build operations Thread 21" [_thread_blocked, id=3788, stack(0x00000099f9800000,0x00000099f9900000)]
  0x000001e86b729890 JavaThread "Unconstrained build operations Thread 22" [_thread_blocked, id=13104, stack(0x00000099f9900000,0x00000099f9a00000)]
  0x000001e86b729d60 JavaThread "Unconstrained build operations Thread 23" [_thread_blocked, id=9816, stack(0x00000099f9a00000,0x00000099f9b00000)]
  0x000001e86b725530 JavaThread "Unconstrained build operations Thread 24" [_thread_in_Java, id=16280, stack(0x00000099f9b00000,0x00000099f9c00000)]
  0x000001e86b7246c0 JavaThread "Unconstrained build operations Thread 25" [_thread_blocked, id=15740, stack(0x00000099f9c00000,0x00000099f9d00000)]
  0x000001e86b728a20 JavaThread "Unconstrained build operations Thread 26" [_thread_blocked, id=12500, stack(0x00000099f9d00000,0x00000099f9e00000)]
  0x000001e86b725a00 JavaThread "Unconstrained build operations Thread 27" [_thread_blocked, id=9840, stack(0x00000099f9e00000,0x00000099f9f00000)]
  0x000001e86b725ed0 JavaThread "Unconstrained build operations Thread 28" [_thread_blocked, id=6652, stack(0x00000099f9f00000,0x00000099fa000000)]
  0x000001e86b7293c0 JavaThread "Unconstrained build operations Thread 29" [_thread_blocked, id=10332, stack(0x00000099fa000000,0x00000099fa100000)]
  0x000001e86b72a700 JavaThread "Unconstrained build operations Thread 30" [_thread_blocked, id=4172, stack(0x00000099fa100000,0x00000099fa200000)]
  0x000001e86b726870 JavaThread "Unconstrained build operations Thread 31" [_thread_blocked, id=9148, stack(0x00000099fa200000,0x00000099fa300000)]
  0x000001e86b726d40 JavaThread "Unconstrained build operations Thread 32" [_thread_blocked, id=12356, stack(0x00000099fa300000,0x00000099fa400000)]
  0x000001e86b727210 JavaThread "Unconstrained build operations Thread 33" [_thread_blocked, id=11448, stack(0x00000099fa400000,0x00000099fa500000)]
  0x000001e86b727bb0 JavaThread "Unconstrained build operations Thread 34" [_thread_blocked, id=17000, stack(0x00000099fa500000,0x00000099fa600000)]
  0x000001e8683ac7e0 JavaThread "Unconstrained build operations Thread 35" [_thread_blocked, id=11392, stack(0x00000099fa600000,0x00000099fa700000)]
  0x000001e8683ad180 JavaThread "Unconstrained build operations Thread 36" [_thread_blocked, id=5868, stack(0x00000099fa700000,0x00000099fa800000)]
  0x000001e8683b19b0 JavaThread "Unconstrained build operations Thread 37" [_thread_blocked, id=12160, stack(0x00000099fa800000,0x00000099fa900000)]
  0x000001e8683ad650 JavaThread "Unconstrained build operations Thread 38" [_thread_blocked, id=9836, stack(0x00000099fa900000,0x00000099faa00000)]
  0x000001e8683b1e80 JavaThread "Unconstrained build operations Thread 39" [_thread_blocked, id=16952, stack(0x00000099faa00000,0x00000099fab00000)]
  0x000001e8683af330 JavaThread "Unconstrained build operations Thread 40" [_thread_blocked, id=13520, stack(0x00000099fab00000,0x00000099fac00000)]
  0x000001e8683ab970 JavaThread "Unconstrained build operations Thread 41" [_thread_blocked, id=9680, stack(0x00000099fac00000,0x00000099fad00000)]
  0x000001e8683accb0 JavaThread "Unconstrained build operations Thread 42" [_thread_blocked, id=9004, stack(0x00000099fad00000,0x00000099fae00000)]
  0x000001e8683afcd0 JavaThread "Unconstrained build operations Thread 43" [_thread_blocked, id=8496, stack(0x00000099fae00000,0x00000099faf00000)]
  0x000001e8683adb20 JavaThread "Unconstrained build operations Thread 44" [_thread_blocked, id=13248, stack(0x00000099faf00000,0x00000099fb000000)]
  0x000001e8683adff0 JavaThread "Unconstrained build operations Thread 45" [_thread_blocked, id=13464, stack(0x00000099fb000000,0x00000099fb100000)]
  0x000001e8683b01a0 JavaThread "Unconstrained build operations Thread 46" [_thread_blocked, id=14752, stack(0x00000099fb100000,0x00000099fb200000)]
  0x000001e8683b0670 JavaThread "Unconstrained build operations Thread 47" [_thread_blocked, id=16752, stack(0x00000099fb200000,0x00000099fb300000)]
  0x000001e8683af800 JavaThread "Unconstrained build operations Thread 48" [_thread_blocked, id=15356, stack(0x00000099fb300000,0x00000099fb400000)]
  0x000001e8683ae4c0 JavaThread "Unconstrained build operations Thread 49" [_thread_blocked, id=13992, stack(0x00000099fb400000,0x00000099fb500000)]
  0x000001e8683abe40 JavaThread "Unconstrained build operations Thread 50" [_thread_blocked, id=4312, stack(0x00000099fb500000,0x00000099fb600000)]
  0x000001e8683b0b40 JavaThread "Unconstrained build operations Thread 51" [_thread_blocked, id=15188, stack(0x00000099fb600000,0x00000099fb700000)]
  0x000001e8683b1010 JavaThread "Unconstrained build operations Thread 52" [_thread_blocked, id=14704, stack(0x00000099fb700000,0x00000099fb800000)]
  0x000001e8683ac310 JavaThread "Unconstrained build operations Thread 53" [_thread_blocked, id=12404, stack(0x00000099fb800000,0x00000099fb900000)]
  0x000001e8683ae990 JavaThread "Unconstrained build operations Thread 54" [_thread_blocked, id=9692, stack(0x00000099fb900000,0x00000099fba00000)]
  0x000001e8683aee60 JavaThread "Unconstrained build operations Thread 55" [_thread_blocked, id=11224, stack(0x00000099fba00000,0x00000099fbb00000)]
  0x000001e8683b14e0 JavaThread "Unconstrained build operations Thread 56" [_thread_blocked, id=14448, stack(0x00000099fbb00000,0x00000099fbc00000)]
  0x000001e8683b2350 JavaThread "Unconstrained build operations Thread 57" [_thread_blocked, id=17168, stack(0x00000099fbc00000,0x00000099fbd00000)]
  0x000001e8683b2820 JavaThread "Unconstrained build operations Thread 58" [_thread_blocked, id=15108, stack(0x00000099fbd00000,0x00000099fbe00000)]
  0x000001e8683aafd0 JavaThread "Unconstrained build operations Thread 59" [_thread_blocked, id=10244, stack(0x00000099fbe00000,0x00000099fbf00000)]
  0x000001e8683ab4a0 JavaThread "Unconstrained build operations Thread 60" [_thread_blocked, id=12624, stack(0x00000099fbf00000,0x00000099fc000000)]
  0x000001e8684a20c0 JavaThread "Unconstrained build operations Thread 61" [_thread_in_Java, id=15332, stack(0x00000099fc000000,0x00000099fc100000)]
  0x000001e8684a1250 JavaThread "Unconstrained build operations Thread 62" [_thread_blocked, id=15804, stack(0x00000099fc100000,0x00000099fc200000)]
  0x000001e86849ff10 JavaThread "Unconstrained build operations Thread 63" [_thread_blocked, id=2748, stack(0x00000099fc200000,0x00000099fc300000)]
  0x000001e86849e230 JavaThread "Unconstrained build operations Thread 64" [_thread_blocked, id=8616, stack(0x00000099fc300000,0x00000099fc400000)]
  0x000001e86849dd60 JavaThread "Unconstrained build operations Thread 65" [_thread_blocked, id=14216, stack(0x00000099fc400000,0x00000099fc500000)]
  0x000001e8684a08b0 JavaThread "Unconstrained build operations Thread 66" [_thread_in_vm, id=12380, stack(0x00000099fc500000,0x00000099fc600000)]
  0x000001e86849ca20 JavaThread "Unconstrained build operations Thread 67" [_thread_blocked, id=5972, stack(0x00000099fc600000,0x00000099fc700000)]
  0x000001e86849c550 JavaThread "Unconstrained build operations Thread 68" [_thread_blocked, id=876, stack(0x00000099fc700000,0x00000099fc800000)]
  0x000001e86849cef0 JavaThread "Unconstrained build operations Thread 69" [_thread_blocked, id=2784, stack(0x00000099fc800000,0x00000099fc900000)]
  0x000001e8684a03e0 JavaThread "Unconstrained build operations Thread 70" [_thread_blocked, id=4472, stack(0x00000099fc900000,0x00000099fca00000)]
  0x000001e8684a0d80 JavaThread "Unconstrained build operations Thread 71" [_thread_blocked, id=11760, stack(0x00000099fca00000,0x00000099fcb00000)]
  0x000001e86849d3c0 JavaThread "Unconstrained build operations Thread 72" [_thread_blocked, id=11728, stack(0x00000099fcb00000,0x00000099fcc00000)]
  0x000001e86849e700 JavaThread "Unconstrained build operations Thread 73" [_thread_blocked, id=9020, stack(0x00000099fcc00000,0x00000099fcd00000)]
  0x000001e8684a1720 JavaThread "Unconstrained build operations Thread 74" [_thread_blocked, id=10276, stack(0x00000099fcd00000,0x00000099fce00000)]
  0x000001e8684a2590 JavaThread "Unconstrained build operations Thread 75" [_thread_blocked, id=14032, stack(0x00000099fce00000,0x00000099fcf00000)]
  0x000001e86849b6e0 JavaThread "Unconstrained build operations Thread 76" [_thread_blocked, id=5536, stack(0x00000099fcf00000,0x00000099fd000000)]
  0x000001e86849ebd0 JavaThread "Unconstrained build operations Thread 77" [_thread_in_vm, id=16992, stack(0x00000099fd000000,0x00000099fd100000)]
  0x000001e8684a1bf0 JavaThread "Unconstrained build operations Thread 78" [_thread_blocked, id=2996, stack(0x00000099fd100000,0x00000099fd200000)]
  0x000001e8684a2a60 JavaThread "Unconstrained build operations Thread 79" [_thread_blocked, id=13796, stack(0x00000099fd200000,0x00000099fd300000)]
  0x000001e86849b210 JavaThread "Unconstrained build operations Thread 80" [_thread_blocked, id=12248, stack(0x00000099fd300000,0x00000099fd400000)]
  0x000001e86849bbb0 JavaThread "jar transforms Thread 6" [_thread_blocked, id=8304, stack(0x00000099fd400000,0x00000099fd500000)]
  0x000001e86849c080 JavaThread "jar transforms Thread 7" [_thread_blocked, id=10624, stack(0x00000099fd500000,0x00000099fd600000)]
  0x000001e86849f570 JavaThread "jar transforms Thread 8" [_thread_blocked, id=10116, stack(0x00000099fd600000,0x00000099fd700000)]
  0x000001e86f460ed0 JavaThread "Memory manager" [_thread_blocked, id=1196, stack(0x00000099fd700000,0x00000099fd800000)]
  0x000001e86f466570 JavaThread "build event listener" [_thread_blocked, id=10936, stack(0x00000099fd800000,0x00000099fd900000)]
  0x000001e86f461870 JavaThread "Execution worker for ':'" [_thread_blocked, id=17172, stack(0x00000099fd900000,0x00000099fda00000)]
  0x000001e86f466f10 JavaThread "Execution worker for ':' Thread 2" [_thread_blocked, id=1612, stack(0x00000099fda00000,0x00000099fdb00000)]
  0x000001e86f461d40 JavaThread "Execution worker for ':' Thread 3" [_thread_blocked, id=14120, stack(0x00000099fdb00000,0x00000099fdc00000)]
  0x000001e86f4626e0 JavaThread "Execution worker for ':' Thread 4" [_thread_blocked, id=11612, stack(0x00000099fdc00000,0x00000099fdd00000)]
  0x000001e86f4673e0 JavaThread "Execution worker for ':' Thread 5" [_thread_blocked, id=8108, stack(0x00000099fdd00000,0x00000099fde00000)]
  0x000001e86f463a20 JavaThread "Execution worker for ':' Thread 6" [_thread_blocked, id=11040, stack(0x00000099fde00000,0x00000099fdf00000)]
  0x000001e86f45fb90 JavaThread "Execution worker for ':' Thread 7" [_thread_blocked, id=9912, stack(0x00000099fdf00000,0x00000099fe000000)]
  0x000001e86f463550 JavaThread "Cache worker for execution history cache (C:\Users\mateo\Desktop\PokePabellon2\.gradle\7.3.3\executionHistory)" [_thread_blocked, id=6904, stack(0x00000099fe000000,0x00000099fe100000)]
  0x000001e870353880 JavaThread "WorkerExecutor Queue" [_thread_blocked, id=12512, stack(0x00000099fe100000,0x00000099fe200000)]
  0x000001e86bf57660 JavaThread "pool-3-thread-1" [_thread_blocked, id=1152, stack(0x00000099fe200000,0x00000099fe300000)]
  0x000001e86bf57190 JavaThread "stderr" [_thread_in_native, id=13832, stack(0x00000099fe300000,0x00000099fe400000)]
  0x000001e86bf56320 JavaThread "stdout" [_thread_in_native, id=8236, stack(0x00000099fe400000,0x00000099fe500000)]

Other Threads:
  0x000001e866adca20 VMThread "VM Thread" [stack: 0x00000099f5100000,0x00000099f5200000] [id=10008]
  0x000001e84ccddf00 WatcherThread [stack: 0x00000099f5d00000,0x00000099f5e00000] [id=5004]
  0x000001e84ccb8820 GCTaskThread "GC Thread#0" [stack: 0x00000099f4c00000,0x00000099f4d00000] [id=4420]
  0x000001e867f8a9d0 GCTaskThread "GC Thread#1" [stack: 0x00000099f5f00000,0x00000099f6000000] [id=4868]
  0x000001e8683cc010 GCTaskThread "GC Thread#2" [stack: 0x00000099f6000000,0x00000099f6100000] [id=10944]
  0x000001e86849acd0 GCTaskThread "GC Thread#3" [stack: 0x00000099f6100000,0x00000099f6200000] [id=14784]
  0x000001e868da1580 GCTaskThread "GC Thread#4" [stack: 0x00000099f6200000,0x00000099f6300000] [id=16208]
  0x000001e86b4dd5f0 GCTaskThread "GC Thread#5" [stack: 0x00000099f6f00000,0x00000099f7000000] [id=3352]
  0x000001e86b4dd8a0 GCTaskThread "GC Thread#6" [stack: 0x00000099f7000000,0x00000099f7100000] [id=13744]
  0x000001e86b4ddb50 GCTaskThread "GC Thread#7" [stack: 0x00000099f7100000,0x00000099f7200000] [id=3280]
  0x000001e84ccc9760 ConcurrentGCThread "G1 Main Marker" [stack: 0x00000099f4d00000,0x00000099f4e00000] [id=10628]
  0x000001e84ccca910 ConcurrentGCThread "G1 Conc#0" [stack: 0x00000099f4e00000,0x00000099f4f00000] [id=15400]
  0x000001e86a0f1010 ConcurrentGCThread "G1 Conc#1" [stack: 0x00000099f7200000,0x00000099f7300000] [id=7068]
  0x000001e84cd1de80 ConcurrentGCThread "G1 Refine#0" [stack: 0x00000099f4f00000,0x00000099f5000000] [id=10488]
  0x000001e86cdbbeb0 ConcurrentGCThread "G1 Refine#1" [stack: 0x00000099f7d00000,0x00000099f7e00000] [id=9740]
  0x000001e84cd1e8a0 ConcurrentGCThread "G1 Service" [stack: 0x00000099f5000000,0x00000099f5100000] [id=12812]

Threads with active compile tasks:
C2 CompilerThread0    15801 10192       4       java.net.URLClassLoader$1::run (5 bytes)
C1 CompilerThread0    15801 10851       2       com.android.tools.r8.internal.xa::a (4216 bytes)
C2 CompilerThread1    15801 10193   !   4       java.net.URLClassLoader$1::run (81 bytes)

VM state: not at safepoint (normal execution)

VM Mutex/Monitor currently owned by a thread: None

Heap address: 0x0000000080000000, size: 2048 MB, Compressed Oops mode: 32-bit

CDS archive(s) not mapped
Compressed class space mapped at: 0x0000000100000000-0x0000000140000000, reserved size: 1073741824
Narrow klass base: 0x0000000000000000, Narrow klass shift: 3, Narrow klass range: 0x140000000

GC Precious Log:
 CPUs: 8 total, 8 available
 Memory: 8066M
 Large Page Support: Disabled
 NUMA Support: Disabled
 Compressed Oops: Enabled (32-bit)
 Heap Region Size: 1M
 Heap Min Capacity: 8M
 Heap Initial Capacity: 128M
 Heap Max Capacity: 2G
 Pre-touch: Disabled
 Parallel Workers: 8
 Concurrent Workers: 2
 Concurrent Refinement Workers: 8
 Periodic GC: Disabled

Heap:
 garbage-first heap   total 243712K, used 140492K [0x0000000080000000, 0x0000000100000000)
  region size 1024K, 58 young (59392K), 14 survivors (14336K)
 Metaspace       used 93121K, committed 93696K, reserved 1130496K
  class space    used 12690K, committed 12992K, reserved 1048576K

Heap Regions: E=young(eden), S=young(survivor), O=old, HS=humongous(starts), HC=humongous(continues), CS=collection set, F=free, OA=open archive, CA=closed archive, TAMS=top-at-mark-start (previous, next)
|   0|0x0000000080000000, 0x0000000080100000, 0x0000000080100000|100%| O|  |TAMS 0x0000000080100000, 0x0000000080000000| Untracked 
|   1|0x0000000080100000, 0x0000000080200000, 0x0000000080200000|100%| O|  |TAMS 0x0000000080200000, 0x0000000080100000| Untracked 
|   2|0x0000000080200000, 0x0000000080300000, 0x0000000080300000|100%| O|  |TAMS 0x0000000080300000, 0x0000000080200000| Untracked 
|   3|0x0000000080300000, 0x0000000080400000, 0x0000000080400000|100%|HS|  |TAMS 0x0000000080400000, 0x0000000080300000| Complete 
|   4|0x0000000080400000, 0x0000000080500000, 0x0000000080500000|100%|HC|  |TAMS 0x0000000080500000, 0x0000000080400000| Complete 
|   5|0x0000000080500000, 0x0000000080600000, 0x0000000080600000|100%|HC|  |TAMS 0x0000000080600000, 0x0000000080500000| Complete 
|   6|0x0000000080600000, 0x0000000080700000, 0x0000000080700000|100%| O|  |TAMS 0x0000000080700000, 0x0000000080600000| Untracked 
|   7|0x0000000080700000, 0x0000000080800000, 0x0000000080800000|100%| O|  |TAMS 0x0000000080800000, 0x0000000080700000| Untracked 
|   8|0x0000000080800000, 0x0000000080900000, 0x0000000080900000|100%| O|  |TAMS 0x0000000080900000, 0x0000000080800000| Untracked 
|   9|0x0000000080900000, 0x0000000080a00000, 0x0000000080a00000|100%| O|  |TAMS 0x0000000080a00000, 0x0000000080900000| Untracked 
|  10|0x0000000080a00000, 0x0000000080b00000, 0x0000000080b00000|100%| O|  |TAMS 0x0000000080a00000, 0x0000000080a00000| Untracked 
|  11|0x0000000080b00000, 0x0000000080c00000, 0x0000000080c00000|100%| O|  |TAMS 0x0000000080c00000, 0x0000000080b00000| Untracked 
|  12|0x0000000080c00000, 0x0000000080d00000, 0x0000000080d00000|100%| O|  |TAMS 0x0000000080d00000, 0x0000000080c00000| Untracked 
|  13|0x0000000080d00000, 0x0000000080e00000, 0x0000000080e00000|100%| O|  |TAMS 0x0000000080e00000, 0x0000000080d00000| Untracked 
|  14|0x0000000080e00000, 0x0000000080f00000, 0x0000000080f00000|100%| O|  |TAMS 0x0000000080f00000, 0x0000000080e00000| Untracked 
|  15|0x0000000080f00000, 0x0000000081000000, 0x0000000081000000|100%| O|  |TAMS 0x0000000081000000, 0x0000000080f00000| Untracked 
|  16|0x0000000081000000, 0x0000000081100000, 0x0000000081100000|100%| O|  |TAMS 0x0000000081100000, 0x0000000081000000| Untracked 
|  17|0x0000000081100000, 0x0000000081200000, 0x0000000081200000|100%| O|  |TAMS 0x0000000081200000, 0x0000000081100000| Untracked 
|  18|0x0000000081200000, 0x0000000081300000, 0x0000000081300000|100%| O|  |TAMS 0x0000000081300000, 0x0000000081200000| Untracked 
|  19|0x0000000081300000, 0x0000000081400000, 0x0000000081400000|100%| O|  |TAMS 0x0000000081400000, 0x0000000081300000| Untracked 
|  20|0x0000000081400000, 0x0000000081500000, 0x0000000081500000|100%| O|  |TAMS 0x0000000081500000, 0x0000000081400000| Untracked 
|  21|0x0000000081500000, 0x0000000081600000, 0x0000000081600000|100%| O|  |TAMS 0x0000000081600000, 0x0000000081500000| Untracked 
|  22|0x0000000081600000, 0x0000000081700000, 0x0000000081700000|100%| O|  |TAMS 0x0000000081700000, 0x0000000081600000| Untracked 
|  23|0x0000000081700000, 0x0000000081800000, 0x0000000081800000|100%| O|  |TAMS 0x0000000081800000, 0x0000000081700000| Untracked 
|  24|0x0000000081800000, 0x0000000081900000, 0x0000000081900000|100%| O|  |TAMS 0x0000000081900000, 0x0000000081800000| Untracked 
|  25|0x0000000081900000, 0x0000000081a00000, 0x0000000081a00000|100%| O|  |TAMS 0x0000000081a00000, 0x0000000081900000| Untracked 
|  26|0x0000000081a00000, 0x0000000081b00000, 0x0000000081b00000|100%| O|  |TAMS 0x0000000081b00000, 0x0000000081a00000| Untracked 
|  27|0x0000000081b00000, 0x0000000081c00000, 0x0000000081c00000|100%| O|  |TAMS 0x0000000081c00000, 0x0000000081b00000| Untracked 
|  28|0x0000000081c00000, 0x0000000081d00000, 0x0000000081d00000|100%| O|  |TAMS 0x0000000081d00000, 0x0000000081c00000| Untracked 
|  29|0x0000000081d00000, 0x0000000081e00000, 0x0000000081e00000|100%| O|  |TAMS 0x0000000081e00000, 0x0000000081d00000| Untracked 
|  30|0x0000000081e00000, 0x0000000081f00000, 0x0000000081f00000|100%|HS|  |TAMS 0x0000000081f00000, 0x0000000081e00000| Complete 
|  31|0x0000000081f00000, 0x0000000082000000, 0x0000000082000000|100%|HS|  |TAMS 0x0000000082000000, 0x0000000081f00000| Complete 
|  32|0x0000000082000000, 0x0000000082100000, 0x0000000082100000|100%|HS|  |TAMS 0x0000000082100000, 0x0000000082000000| Complete 
|  33|0x0000000082100000, 0x0000000082200000, 0x0000000082200000|100%|HC|  |TAMS 0x0000000082200000, 0x0000000082100000| Complete 
|  34|0x0000000082200000, 0x0000000082300000, 0x0000000082300000|100%| O|  |TAMS 0x0000000082300000, 0x0000000082200000| Untracked 
|  35|0x0000000082300000, 0x0000000082400000, 0x0000000082400000|100%| O|  |TAMS 0x0000000082400000, 0x0000000082300000| Untracked 
|  36|0x0000000082400000, 0x0000000082500000, 0x0000000082500000|100%| O|  |TAMS 0x0000000082500000, 0x0000000082400000| Untracked 
|  37|0x0000000082500000, 0x0000000082600000, 0x0000000082600000|100%| O|  |TAMS 0x0000000082600000, 0x0000000082500000| Untracked 
|  38|0x0000000082600000, 0x0000000082700000, 0x0000000082700000|100%| O|  |TAMS 0x0000000082700000, 0x0000000082600000| Untracked 
|  39|0x0000000082700000, 0x0000000082800000, 0x0000000082800000|100%| O|  |TAMS 0x0000000082700000, 0x0000000082700000| Untracked 
|  40|0x0000000082800000, 0x0000000082900000, 0x0000000082900000|100%| O|  |TAMS 0x0000000082900000, 0x0000000082800000| Untracked 
|  41|0x0000000082900000, 0x0000000082a00000, 0x0000000082a00000|100%| O|  |TAMS 0x0000000082a00000, 0x0000000082900000| Untracked 
|  42|0x0000000082a00000, 0x0000000082b00000, 0x0000000082b00000|100%| O|  |TAMS 0x0000000082b00000, 0x0000000082a00000| Untracked 
|  43|0x0000000082b00000, 0x0000000082c00000, 0x0000000082c00000|100%| O|  |TAMS 0x0000000082c00000, 0x0000000082b00000| Untracked 
|  44|0x0000000082c00000, 0x0000000082d00000, 0x0000000082d00000|100%| O|  |TAMS 0x0000000082d00000, 0x0000000082c00000| Untracked 
|  45|0x0000000082d00000, 0x0000000082e00000, 0x0000000082e00000|100%| O|  |TAMS 0x0000000082e00000, 0x0000000082d00000| Untracked 
|  46|0x0000000082e00000, 0x0000000082f00000, 0x0000000082f00000|100%| O|  |TAMS 0x0000000082f00000, 0x0000000082e00000| Untracked 
|  47|0x0000000082f00000, 0x0000000083000000, 0x0000000083000000|100%| O|  |TAMS 0x0000000083000000, 0x0000000082f00000| Untracked 
|  48|0x0000000083000000, 0x0000000083100000, 0x0000000083100000|100%| O|  |TAMS 0x0000000083100000, 0x0000000083000000| Untracked 
|  49|0x0000000083100000, 0x0000000083200000, 0x0000000083200000|100%| O|  |TAMS 0x0000000083200000, 0x0000000083100000| Untracked 
|  50|0x0000000083200000, 0x0000000083300000, 0x0000000083300000|100%| O|  |TAMS 0x0000000083300000, 0x0000000083200000| Untracked 
|  51|0x0000000083300000, 0x0000000083400000, 0x0000000083400000|100%| O|  |TAMS 0x0000000083400000, 0x0000000083300000| Untracked 
|  52|0x0000000083400000, 0x0000000083500000, 0x0000000083500000|100%| O|  |TAMS 0x0000000083500000, 0x0000000083400000| Untracked 
|  53|0x0000000083500000, 0x0000000083600000, 0x0000000083600000|100%| O|  |TAMS 0x0000000083600000, 0x0000000083500000| Untracked 
|  54|0x0000000083600000, 0x0000000083700000, 0x0000000083700000|100%| O|  |TAMS 0x0000000083700000, 0x0000000083600000| Untracked 
|  55|0x0000000083700000, 0x0000000083800000, 0x0000000083800000|100%| O|  |TAMS 0x0000000083800000, 0x0000000083700000| Untracked 
|  56|0x0000000083800000, 0x0000000083900000, 0x0000000083900000|100%| O|  |TAMS 0x0000000083900000, 0x0000000083800000| Untracked 
|  57|0x0000000083900000, 0x0000000083a00000, 0x0000000083a00000|100%| O|  |TAMS 0x0000000083a00000, 0x0000000083900000| Untracked 
|  58|0x0000000083a00000, 0x0000000083b00000, 0x0000000083b00000|100%| O|  |TAMS 0x0000000083b00000, 0x0000000083a00000| Untracked 
|  59|0x0000000083b00000, 0x0000000083c00000, 0x0000000083c00000|100%| O|  |TAMS 0x0000000083c00000, 0x0000000083b00000| Untracked 
|  60|0x0000000083c00000, 0x0000000083d00000, 0x0000000083d00000|100%| O|  |TAMS 0x0000000083d00000, 0x0000000083c00000| Untracked 
|  61|0x0000000083d00000, 0x0000000083e00000, 0x0000000083e00000|100%| O|  |TAMS 0x0000000083e00000, 0x0000000083d00000| Untracked 
|  62|0x0000000083e00000, 0x0000000083f00000, 0x0000000083f00000|100%| O|  |TAMS 0x0000000083f00000, 0x0000000083e00000| Untracked 
|  63|0x0000000083f00000, 0x0000000084000000, 0x0000000084000000|100%| O|  |TAMS 0x0000000084000000, 0x0000000083f00000| Untracked 
|  64|0x0000000084000000, 0x0000000084100000, 0x0000000084100000|100%| O|  |TAMS 0x0000000084100000, 0x0000000084000000| Untracked 
|  65|0x0000000084100000, 0x0000000084200000, 0x0000000084200000|100%| O|  |TAMS 0x0000000084200000, 0x0000000084100000| Untracked 
|  66|0x0000000084200000, 0x0000000084300000, 0x0000000084300000|100%| O|  |TAMS 0x0000000084300000, 0x0000000084200000| Untracked 
|  67|0x0000000084300000, 0x0000000084400000, 0x0000000084400000|100%| O|  |TAMS 0x00000000843aac00, 0x0000000084300000| Untracked 
|  68|0x0000000084400000, 0x0000000084500000, 0x0000000084500000|100%| O|  |TAMS 0x0000000084400000, 0x0000000084400000| Untracked 
|  69|0x0000000084500000, 0x0000000084600000, 0x0000000084600000|100%| O|  |TAMS 0x0000000084500000, 0x0000000084500000| Untracked 
|  70|0x0000000084600000, 0x0000000084700000, 0x0000000084700000|100%| O|  |TAMS 0x0000000084600000, 0x0000000084600000| Untracked 
|  71|0x0000000084700000, 0x0000000084800000, 0x0000000084800000|100%| O|  |TAMS 0x0000000084700000, 0x0000000084700000| Untracked 
|  72|0x0000000084800000, 0x0000000084900000, 0x0000000084900000|100%| O|  |TAMS 0x0000000084800000, 0x0000000084800000| Untracked 
|  73|0x0000000084900000, 0x0000000084a00000, 0x0000000084a00000|100%| O|  |TAMS 0x0000000084900000, 0x0000000084900000| Untracked 
|  74|0x0000000084a00000, 0x0000000084b00000, 0x0000000084b00000|100%| O|  |TAMS 0x0000000084a00000, 0x0000000084a00000| Untracked 
|  75|0x0000000084b00000, 0x0000000084c00000, 0x0000000084c00000|100%| O|  |TAMS 0x0000000084b00000, 0x0000000084b00000| Untracked 
|  76|0x0000000084c00000, 0x0000000084d00000, 0x0000000084d00000|100%| O|  |TAMS 0x0000000084c00000, 0x0000000084c00000| Untracked 
|  77|0x0000000084d00000, 0x0000000084e00000, 0x0000000084e00000|100%| O|  |TAMS 0x0000000084d00000, 0x0000000084d00000| Untracked 
|  78|0x0000000084e00000, 0x0000000084f00000, 0x0000000084f00000|100%| O|  |TAMS 0x0000000084e00000, 0x0000000084e00000| Untracked 
|  79|0x0000000084f00000, 0x0000000085000000, 0x0000000085000000|100%| O|  |TAMS 0x0000000084f00000, 0x0000000084f00000| Untracked 
|  80|0x0000000085000000, 0x0000000085100000, 0x0000000085100000|100%| O|  |TAMS 0x0000000085000000, 0x0000000085000000| Untracked 
|  81|0x0000000085100000, 0x0000000085133200, 0x0000000085200000| 19%| O|  |TAMS 0x0000000085100000, 0x0000000085100000| Untracked 
|  82|0x0000000085200000, 0x0000000085200000, 0x0000000085300000|  0%| F|  |TAMS 0x0000000085200000, 0x0000000085200000| Untracked 
|  83|0x0000000085300000, 0x0000000085300000, 0x0000000085400000|  0%| F|  |TAMS 0x0000000085300000, 0x0000000085300000| Untracked 
|  84|0x0000000085400000, 0x0000000085400000, 0x0000000085500000|  0%| F|  |TAMS 0x0000000085400000, 0x0000000085400000| Untracked 
|  85|0x0000000085500000, 0x0000000085500000, 0x0000000085600000|  0%| F|  |TAMS 0x0000000085500000, 0x0000000085500000| Untracked 
|  86|0x0000000085600000, 0x0000000085600000, 0x0000000085700000|  0%| F|  |TAMS 0x0000000085600000, 0x0000000085600000| Untracked 
|  87|0x0000000085700000, 0x0000000085700000, 0x0000000085800000|  0%| F|  |TAMS 0x0000000085700000, 0x0000000085700000| Untracked 
|  88|0x0000000085800000, 0x0000000085800000, 0x0000000085900000|  0%| F|  |TAMS 0x0000000085800000, 0x0000000085800000| Untracked 
|  89|0x0000000085900000, 0x0000000085900000, 0x0000000085a00000|  0%| F|  |TAMS 0x0000000085900000, 0x0000000085900000| Untracked 
|  90|0x0000000085a00000, 0x0000000085a00000, 0x0000000085b00000|  0%| F|  |TAMS 0x0000000085a00000, 0x0000000085a00000| Untracked 
|  91|0x0000000085b00000, 0x0000000085b00000, 0x0000000085c00000|  0%| F|  |TAMS 0x0000000085b00000, 0x0000000085b00000| Untracked 
|  92|0x0000000085c00000, 0x0000000085c00000, 0x0000000085d00000|  0%| F|  |TAMS 0x0000000085c00000, 0x0000000085c00000| Untracked 
|  93|0x0000000085d00000, 0x0000000085d00000, 0x0000000085e00000|  0%| F|  |TAMS 0x0000000085d00000, 0x0000000085d00000| Untracked 
|  94|0x0000000085e00000, 0x0000000085e00000, 0x0000000085f00000|  0%| F|  |TAMS 0x0000000085e00000, 0x0000000085e00000| Untracked 
|  95|0x0000000085f00000, 0x0000000085f00000, 0x0000000086000000|  0%| F|  |TAMS 0x0000000085f00000, 0x0000000085f00000| Untracked 
|  96|0x0000000086000000, 0x0000000086000000, 0x0000000086100000|  0%| F|  |TAMS 0x0000000086000000, 0x0000000086000000| Untracked 
|  97|0x0000000086100000, 0x0000000086100000, 0x0000000086200000|  0%| F|  |TAMS 0x0000000086100000, 0x0000000086100000| Untracked 
|  98|0x0000000086200000, 0x0000000086200000, 0x0000000086300000|  0%| F|  |TAMS 0x0000000086200000, 0x0000000086200000| Untracked 
|  99|0x0000000086300000, 0x0000000086300000, 0x0000000086400000|  0%| F|  |TAMS 0x0000000086300000, 0x0000000086300000| Untracked 
| 100|0x0000000086400000, 0x0000000086400000, 0x0000000086500000|  0%| F|  |TAMS 0x0000000086400000, 0x0000000086400000| Untracked 
| 101|0x0000000086500000, 0x0000000086500000, 0x0000000086600000|  0%| F|  |TAMS 0x0000000086500000, 0x0000000086500000| Untracked 
| 102|0x0000000086600000, 0x0000000086600000, 0x0000000086700000|  0%| F|  |TAMS 0x0000000086600000, 0x0000000086600000| Untracked 
| 103|0x0000000086700000, 0x0000000086700000, 0x0000000086800000|  0%| F|  |TAMS 0x0000000086700000, 0x0000000086700000| Untracked 
| 104|0x0000000086800000, 0x0000000086800000, 0x0000000086900000|  0%| F|  |TAMS 0x0000000086800000, 0x0000000086800000| Untracked 
| 105|0x0000000086900000, 0x0000000086900000, 0x0000000086a00000|  0%| F|  |TAMS 0x0000000086900000, 0x0000000086900000| Untracked 
| 106|0x0000000086a00000, 0x0000000086a00000, 0x0000000086b00000|  0%| F|  |TAMS 0x0000000086a00000, 0x0000000086a00000| Untracked 
| 107|0x0000000086b00000, 0x0000000086b00000, 0x0000000086c00000|  0%| F|  |TAMS 0x0000000086b00000, 0x0000000086b00000| Untracked 
| 108|0x0000000086c00000, 0x0000000086c00000, 0x0000000086d00000|  0%| F|  |TAMS 0x0000000086c00000, 0x0000000086c00000| Untracked 
| 109|0x0000000086d00000, 0x0000000086d00000, 0x0000000086e00000|  0%| F|  |TAMS 0x0000000086d00000, 0x0000000086d00000| Untracked 
| 110|0x0000000086e00000, 0x0000000086e00000, 0x0000000086f00000|  0%| F|  |TAMS 0x0000000086e00000, 0x0000000086e00000| Untracked 
| 111|0x0000000086f00000, 0x0000000086f00000, 0x0000000087000000|  0%| F|  |TAMS 0x0000000086f00000, 0x0000000086f00000| Untracked 
| 112|0x0000000087000000, 0x0000000087000000, 0x0000000087100000|  0%| F|  |TAMS 0x0000000087000000, 0x0000000087000000| Untracked 
| 113|0x0000000087100000, 0x0000000087100000, 0x0000000087200000|  0%| F|  |TAMS 0x0000000087100000, 0x0000000087100000| Untracked 
| 114|0x0000000087200000, 0x0000000087200000, 0x0000000087300000|  0%| F|  |TAMS 0x0000000087200000, 0x0000000087200000| Untracked 
| 115|0x0000000087300000, 0x0000000087300000, 0x0000000087400000|  0%| F|  |TAMS 0x0000000087300000, 0x0000000087300000| Untracked 
| 116|0x0000000087400000, 0x0000000087400000, 0x0000000087500000|  0%| F|  |TAMS 0x0000000087400000, 0x0000000087400000| Untracked 
| 117|0x0000000087500000, 0x0000000087500000, 0x0000000087600000|  0%| F|  |TAMS 0x0000000087500000, 0x0000000087500000| Untracked 
| 118|0x0000000087600000, 0x0000000087600000, 0x0000000087700000|  0%| F|  |TAMS 0x0000000087600000, 0x0000000087600000| Untracked 
| 119|0x0000000087700000, 0x0000000087800000, 0x0000000087800000|100%| S|CS|TAMS 0x0000000087700000, 0x0000000087700000| Complete 
| 120|0x0000000087800000, 0x0000000087900000, 0x0000000087900000|100%| S|CS|TAMS 0x0000000087800000, 0x0000000087800000| Complete 
| 121|0x0000000087900000, 0x0000000087a00000, 0x0000000087a00000|100%| S|CS|TAMS 0x0000000087900000, 0x0000000087900000| Complete 
| 122|0x0000000087a00000, 0x0000000087b00000, 0x0000000087b00000|100%| S|CS|TAMS 0x0000000087a00000, 0x0000000087a00000| Complete 
| 123|0x0000000087b00000, 0x0000000087c00000, 0x0000000087c00000|100%| S|CS|TAMS 0x0000000087b00000, 0x0000000087b00000| Complete 
| 124|0x0000000087c00000, 0x0000000087d00000, 0x0000000087d00000|100%| S|CS|TAMS 0x0000000087c00000, 0x0000000087c00000| Complete 
| 125|0x0000000087d00000, 0x0000000087e00000, 0x0000000087e00000|100%| S|CS|TAMS 0x0000000087d00000, 0x0000000087d00000| Complete 
| 126|0x0000000087e00000, 0x0000000087f00000, 0x0000000087f00000|100%| S|CS|TAMS 0x0000000087e00000, 0x0000000087e00000| Complete 
| 127|0x0000000087f00000, 0x0000000088000000, 0x0000000088000000|100%| S|CS|TAMS 0x0000000087f00000, 0x0000000087f00000| Complete 
| 128|0x0000000088000000, 0x0000000088100000, 0x0000000088100000|100%| S|CS|TAMS 0x0000000088000000, 0x0000000088000000| Complete 
| 129|0x0000000088100000, 0x0000000088200000, 0x0000000088200000|100%| S|CS|TAMS 0x0000000088100000, 0x0000000088100000| Complete 
| 130|0x0000000088200000, 0x0000000088300000, 0x0000000088300000|100%| S|CS|TAMS 0x0000000088200000, 0x0000000088200000| Complete 
| 131|0x0000000088300000, 0x0000000088400000, 0x0000000088400000|100%| S|CS|TAMS 0x0000000088300000, 0x0000000088300000| Complete 
| 132|0x0000000088400000, 0x0000000088500000, 0x0000000088500000|100%| S|CS|TAMS 0x0000000088400000, 0x0000000088400000| Complete 
| 133|0x0000000088500000, 0x0000000088500000, 0x0000000088600000|  0%| F|  |TAMS 0x0000000088500000, 0x0000000088500000| Untracked 
| 134|0x0000000088600000, 0x0000000088600000, 0x0000000088700000|  0%| F|  |TAMS 0x0000000088600000, 0x0000000088600000| Untracked 
| 135|0x0000000088700000, 0x0000000088700000, 0x0000000088800000|  0%| F|  |TAMS 0x0000000088700000, 0x0000000088700000| Untracked 
| 136|0x0000000088800000, 0x0000000088800000, 0x0000000088900000|  0%| F|  |TAMS 0x0000000088800000, 0x0000000088800000| Untracked 
| 137|0x0000000088900000, 0x0000000088900000, 0x0000000088a00000|  0%| F|  |TAMS 0x0000000088900000, 0x0000000088900000| Untracked 
| 138|0x0000000088a00000, 0x0000000088a00000, 0x0000000088b00000|  0%| F|  |TAMS 0x0000000088a00000, 0x0000000088a00000| Untracked 
| 139|0x0000000088b00000, 0x0000000088b00000, 0x0000000088c00000|  0%| F|  |TAMS 0x0000000088b00000, 0x0000000088b00000| Untracked 
| 140|0x0000000088c00000, 0x0000000088c00000, 0x0000000088d00000|  0%| F|  |TAMS 0x0000000088c00000, 0x0000000088c00000| Untracked 
| 141|0x0000000088d00000, 0x0000000088d00000, 0x0000000088e00000|  0%| F|  |TAMS 0x0000000088d00000, 0x0000000088d00000| Untracked 
| 142|0x0000000088e00000, 0x0000000088e00000, 0x0000000088f00000|  0%| F|  |TAMS 0x0000000088e00000, 0x0000000088e00000| Untracked 
| 143|0x0000000088f00000, 0x0000000088f00000, 0x0000000089000000|  0%| F|  |TAMS 0x0000000088f00000, 0x0000000088f00000| Untracked 
| 144|0x0000000089000000, 0x0000000089000000, 0x0000000089100000|  0%| F|  |TAMS 0x0000000089000000, 0x0000000089000000| Untracked 
| 145|0x0000000089100000, 0x0000000089100000, 0x0000000089200000|  0%| F|  |TAMS 0x0000000089100000, 0x0000000089100000| Untracked 
| 146|0x0000000089200000, 0x0000000089200000, 0x0000000089300000|  0%| F|  |TAMS 0x0000000089200000, 0x0000000089200000| Untracked 
| 147|0x0000000089300000, 0x0000000089300000, 0x0000000089400000|  0%| F|  |TAMS 0x0000000089300000, 0x0000000089300000| Untracked 
| 148|0x0000000089400000, 0x0000000089400000, 0x0000000089500000|  0%| F|  |TAMS 0x0000000089400000, 0x0000000089400000| Untracked 
| 149|0x0000000089500000, 0x0000000089500000, 0x0000000089600000|  0%| F|  |TAMS 0x0000000089500000, 0x0000000089500000| Untracked 
| 150|0x0000000089600000, 0x0000000089600000, 0x0000000089700000|  0%| F|  |TAMS 0x0000000089600000, 0x0000000089600000| Untracked 
| 151|0x0000000089700000, 0x0000000089700000, 0x0000000089800000|  0%| F|  |TAMS 0x0000000089700000, 0x0000000089700000| Untracked 
| 152|0x0000000089800000, 0x0000000089800000, 0x0000000089900000|  0%| F|  |TAMS 0x0000000089800000, 0x0000000089800000| Untracked 
| 153|0x0000000089900000, 0x0000000089900000, 0x0000000089a00000|  0%| F|  |TAMS 0x0000000089900000, 0x0000000089900000| Untracked 
| 154|0x0000000089a00000, 0x0000000089a00000, 0x0000000089b00000|  0%| F|  |TAMS 0x0000000089a00000, 0x0000000089a00000| Untracked 
| 155|0x0000000089b00000, 0x0000000089b00000, 0x0000000089c00000|  0%| F|  |TAMS 0x0000000089b00000, 0x0000000089b00000| Untracked 
| 156|0x0000000089c00000, 0x0000000089c00000, 0x0000000089d00000|  0%| F|  |TAMS 0x0000000089c00000, 0x0000000089c00000| Untracked 
| 157|0x0000000089d00000, 0x0000000089d00000, 0x0000000089e00000|  0%| F|  |TAMS 0x0000000089d00000, 0x0000000089d00000| Untracked 
| 158|0x0000000089e00000, 0x0000000089e00000, 0x0000000089f00000|  0%| F|  |TAMS 0x0000000089e00000, 0x0000000089e00000| Untracked 
| 159|0x0000000089f00000, 0x0000000089f00000, 0x000000008a000000|  0%| F|  |TAMS 0x0000000089f00000, 0x0000000089f00000| Untracked 
| 160|0x000000008a000000, 0x000000008a000000, 0x000000008a100000|  0%| F|  |TAMS 0x000000008a000000, 0x000000008a000000| Untracked 
| 161|0x000000008a100000, 0x000000008a100000, 0x000000008a200000|  0%| F|  |TAMS 0x000000008a100000, 0x000000008a100000| Untracked 
| 162|0x000000008a200000, 0x000000008a200000, 0x000000008a300000|  0%| F|  |TAMS 0x000000008a200000, 0x000000008a200000| Untracked 
| 163|0x000000008a300000, 0x000000008a300000, 0x000000008a400000|  0%| F|  |TAMS 0x000000008a300000, 0x000000008a300000| Untracked 
| 164|0x000000008a400000, 0x000000008a400000, 0x000000008a500000|  0%| F|  |TAMS 0x000000008a400000, 0x000000008a400000| Untracked 
| 165|0x000000008a500000, 0x000000008a500000, 0x000000008a600000|  0%| F|  |TAMS 0x000000008a500000, 0x000000008a500000| Untracked 
| 166|0x000000008a600000, 0x000000008a600000, 0x000000008a700000|  0%| F|  |TAMS 0x000000008a600000, 0x000000008a600000| Untracked 
| 167|0x000000008a700000, 0x000000008a700000, 0x000000008a800000|  0%| F|  |TAMS 0x000000008a700000, 0x000000008a700000| Untracked 
| 168|0x000000008a800000, 0x000000008a800000, 0x000000008a900000|  0%| F|  |TAMS 0x000000008a800000, 0x000000008a800000| Untracked 
| 169|0x000000008a900000, 0x000000008a900000, 0x000000008aa00000|  0%| F|  |TAMS 0x000000008a900000, 0x000000008a900000| Untracked 
| 170|0x000000008aa00000, 0x000000008aa00000, 0x000000008ab00000|  0%| F|  |TAMS 0x000000008aa00000, 0x000000008aa00000| Untracked 
| 171|0x000000008ab00000, 0x000000008ab00000, 0x000000008ac00000|  0%| F|  |TAMS 0x000000008ab00000, 0x000000008ab00000| Untracked 
| 172|0x000000008ac00000, 0x000000008ac00000, 0x000000008ad00000|  0%| F|  |TAMS 0x000000008ac00000, 0x000000008ac00000| Untracked 
| 173|0x000000008ad00000, 0x000000008ad00000, 0x000000008ae00000|  0%| F|  |TAMS 0x000000008ad00000, 0x000000008ad00000| Untracked 
| 174|0x000000008ae00000, 0x000000008ae00000, 0x000000008af00000|  0%| F|  |TAMS 0x000000008ae00000, 0x000000008ae00000| Untracked 
| 175|0x000000008af00000, 0x000000008af00000, 0x000000008b000000|  0%| F|  |TAMS 0x000000008af00000, 0x000000008af00000| Untracked 
| 176|0x000000008b000000, 0x000000008b000000, 0x000000008b100000|  0%| F|  |TAMS 0x000000008b000000, 0x000000008b000000| Untracked 
| 177|0x000000008b100000, 0x000000008b100000, 0x000000008b200000|  0%| F|  |TAMS 0x000000008b100000, 0x000000008b100000| Untracked 
| 178|0x000000008b200000, 0x000000008b200000, 0x000000008b300000|  0%| F|  |TAMS 0x000000008b200000, 0x000000008b200000| Untracked 
| 179|0x000000008b300000, 0x000000008b300000, 0x000000008b400000|  0%| F|  |TAMS 0x000000008b300000, 0x000000008b300000| Untracked 
| 180|0x000000008b400000, 0x000000008b400000, 0x000000008b500000|  0%| F|  |TAMS 0x000000008b400000, 0x000000008b400000| Untracked 
| 181|0x000000008b500000, 0x000000008b500000, 0x000000008b600000|  0%| F|  |TAMS 0x000000008b500000, 0x000000008b500000| Untracked 
| 182|0x000000008b600000, 0x000000008b600000, 0x000000008b700000|  0%| F|  |TAMS 0x000000008b600000, 0x000000008b600000| Untracked 
| 183|0x000000008b700000, 0x000000008b700000, 0x000000008b800000|  0%| F|  |TAMS 0x000000008b700000, 0x000000008b700000| Untracked 
| 184|0x000000008b800000, 0x000000008b800000, 0x000000008b900000|  0%| F|  |TAMS 0x000000008b800000, 0x000000008b800000| Untracked 
| 185|0x000000008b900000, 0x000000008b900000, 0x000000008ba00000|  0%| F|  |TAMS 0x000000008b900000, 0x000000008b900000| Untracked 
| 186|0x000000008ba00000, 0x000000008ba00000, 0x000000008bb00000|  0%| F|  |TAMS 0x000000008ba00000, 0x000000008ba00000| Untracked 
| 187|0x000000008bb00000, 0x000000008bb00000, 0x000000008bc00000|  0%| F|  |TAMS 0x000000008bb00000, 0x000000008bb00000| Untracked 
| 188|0x000000008bc00000, 0x000000008bc00000, 0x000000008bd00000|  0%| F|  |TAMS 0x000000008bc00000, 0x000000008bc00000| Untracked 
| 189|0x000000008bd00000, 0x000000008bd00000, 0x000000008be00000|  0%| F|  |TAMS 0x000000008bd00000, 0x000000008bd00000| Untracked 
| 190|0x000000008be00000, 0x000000008be00000, 0x000000008bf00000|  0%| F|  |TAMS 0x000000008be00000, 0x000000008be00000| Untracked 
| 191|0x000000008bf00000, 0x000000008bf00000, 0x000000008c000000|  0%| F|  |TAMS 0x000000008bf00000, 0x000000008bf00000| Untracked 
| 192|0x000000008c000000, 0x000000008c0c6020, 0x000000008c100000| 77%| E|  |TAMS 0x000000008c000000, 0x000000008c000000| Complete 
| 193|0x000000008c100000, 0x000000008c200000, 0x000000008c200000|100%| E|CS|TAMS 0x000000008c100000, 0x000000008c100000| Complete 
| 194|0x000000008c200000, 0x000000008c300000, 0x000000008c300000|100%| E|CS|TAMS 0x000000008c200000, 0x000000008c200000| Complete 
| 195|0x000000008c300000, 0x000000008c400000, 0x000000008c400000|100%| E|CS|TAMS 0x000000008c300000, 0x000000008c300000| Complete 
| 196|0x000000008c400000, 0x000000008c500000, 0x000000008c500000|100%| E|CS|TAMS 0x000000008c400000, 0x000000008c400000| Complete 
| 197|0x000000008c500000, 0x000000008c600000, 0x000000008c600000|100%| E|CS|TAMS 0x000000008c500000, 0x000000008c500000| Complete 
| 198|0x000000008c600000, 0x000000008c700000, 0x000000008c700000|100%| E|CS|TAMS 0x000000008c600000, 0x000000008c600000| Complete 
| 199|0x000000008c700000, 0x000000008c800000, 0x000000008c800000|100%| E|CS|TAMS 0x000000008c700000, 0x000000008c700000| Complete 
| 200|0x000000008c800000, 0x000000008c900000, 0x000000008c900000|100%| E|CS|TAMS 0x000000008c800000, 0x000000008c800000| Complete 
| 201|0x000000008c900000, 0x000000008ca00000, 0x000000008ca00000|100%| E|CS|TAMS 0x000000008c900000, 0x000000008c900000| Complete 
| 202|0x000000008ca00000, 0x000000008cb00000, 0x000000008cb00000|100%| E|CS|TAMS 0x000000008ca00000, 0x000000008ca00000| Complete 
| 203|0x000000008cb00000, 0x000000008cc00000, 0x000000008cc00000|100%| E|CS|TAMS 0x000000008cb00000, 0x000000008cb00000| Complete 
| 204|0x000000008cc00000, 0x000000008cd00000, 0x000000008cd00000|100%| E|CS|TAMS 0x000000008cc00000, 0x000000008cc00000| Complete 
| 205|0x000000008cd00000, 0x000000008ce00000, 0x000000008ce00000|100%| E|CS|TAMS 0x000000008cd00000, 0x000000008cd00000| Complete 
| 206|0x000000008ce00000, 0x000000008cf00000, 0x000000008cf00000|100%| E|CS|TAMS 0x000000008ce00000, 0x000000008ce00000| Complete 
| 207|0x000000008cf00000, 0x000000008d000000, 0x000000008d000000|100%| E|CS|TAMS 0x000000008cf00000, 0x000000008cf00000| Complete 
| 208|0x000000008d000000, 0x000000008d100000, 0x000000008d100000|100%| E|CS|TAMS 0x000000008d000000, 0x000000008d000000| Complete 
| 209|0x000000008d100000, 0x000000008d200000, 0x000000008d200000|100%| E|CS|TAMS 0x000000008d100000, 0x000000008d100000| Complete 
| 210|0x000000008d200000, 0x000000008d300000, 0x000000008d300000|100%| E|CS|TAMS 0x000000008d200000, 0x000000008d200000| Complete 
| 211|0x000000008d300000, 0x000000008d400000, 0x000000008d400000|100%| E|CS|TAMS 0x000000008d300000, 0x000000008d300000| Complete 
| 212|0x000000008d400000, 0x000000008d500000, 0x000000008d500000|100%| E|CS|TAMS 0x000000008d400000, 0x000000008d400000| Complete 
| 213|0x000000008d500000, 0x000000008d600000, 0x000000008d600000|100%| E|CS|TAMS 0x000000008d500000, 0x000000008d500000| Complete 
| 214|0x000000008d600000, 0x000000008d700000, 0x000000008d700000|100%| E|CS|TAMS 0x000000008d600000, 0x000000008d600000| Complete 
| 215|0x000000008d700000, 0x000000008d800000, 0x000000008d800000|100%| E|CS|TAMS 0x000000008d700000, 0x000000008d700000| Complete 
| 216|0x000000008d800000, 0x000000008d900000, 0x000000008d900000|100%| E|CS|TAMS 0x000000008d800000, 0x000000008d800000| Complete 
| 217|0x000000008d900000, 0x000000008da00000, 0x000000008da00000|100%| E|CS|TAMS 0x000000008d900000, 0x000000008d900000| Complete 
| 218|0x000000008da00000, 0x000000008db00000, 0x000000008db00000|100%| E|CS|TAMS 0x000000008da00000, 0x000000008da00000| Complete 
| 219|0x000000008db00000, 0x000000008dc00000, 0x000000008dc00000|100%| E|CS|TAMS 0x000000008db00000, 0x000000008db00000| Complete 
| 220|0x000000008dc00000, 0x000000008dd00000, 0x000000008dd00000|100%| E|CS|TAMS 0x000000008dc00000, 0x000000008dc00000| Complete 
| 221|0x000000008dd00000, 0x000000008de00000, 0x000000008de00000|100%| E|CS|TAMS 0x000000008dd00000, 0x000000008dd00000| Complete 
| 222|0x000000008de00000, 0x000000008df00000, 0x000000008df00000|100%| E|CS|TAMS 0x000000008de00000, 0x000000008de00000| Complete 
| 223|0x000000008df00000, 0x000000008e000000, 0x000000008e000000|100%| E|CS|TAMS 0x000000008df00000, 0x000000008df00000| Complete 
| 224|0x000000008e000000, 0x000000008e100000, 0x000000008e100000|100%| E|  |TAMS 0x000000008e000000, 0x000000008e000000| Complete 
| 225|0x000000008e100000, 0x000000008e200000, 0x000000008e200000|100%| E|CS|TAMS 0x000000008e100000, 0x000000008e100000| Complete 
| 226|0x000000008e200000, 0x000000008e300000, 0x000000008e300000|100%| E|CS|TAMS 0x000000008e200000, 0x000000008e200000| Complete 
| 227|0x000000008e300000, 0x000000008e400000, 0x000000008e400000|100%| E|CS|TAMS 0x000000008e300000, 0x000000008e300000| Complete 
| 228|0x000000008e400000, 0x000000008e500000, 0x000000008e500000|100%| E|CS|TAMS 0x000000008e400000, 0x000000008e400000| Complete 
| 229|0x000000008e500000, 0x000000008e600000, 0x000000008e600000|100%| E|CS|TAMS 0x000000008e500000, 0x000000008e500000| Complete 
| 230|0x000000008e600000, 0x000000008e700000, 0x000000008e700000|100%| E|CS|TAMS 0x000000008e600000, 0x000000008e600000| Complete 
| 231|0x000000008e700000, 0x000000008e800000, 0x000000008e800000|100%| E|CS|TAMS 0x000000008e700000, 0x000000008e700000| Complete 
| 232|0x000000008e800000, 0x000000008e900000, 0x000000008e900000|100%| E|CS|TAMS 0x000000008e800000, 0x000000008e800000| Complete 
| 233|0x000000008e900000, 0x000000008ea00000, 0x000000008ea00000|100%| E|CS|TAMS 0x000000008e900000, 0x000000008e900000| Complete 
| 234|0x000000008ea00000, 0x000000008eb00000, 0x000000008eb00000|100%| E|CS|TAMS 0x000000008ea00000, 0x000000008ea00000| Complete 
| 235|0x000000008eb00000, 0x000000008ec00000, 0x000000008ec00000|100%| E|CS|TAMS 0x000000008eb00000, 0x000000008eb00000| Complete 
| 236|0x000000008ec00000, 0x000000008ed00000, 0x000000008ed00000|100%| E|CS|TAMS 0x000000008ec00000, 0x000000008ec00000| Complete 
| 237|0x000000008ed00000, 0x000000008ee00000, 0x000000008ee00000|100%| E|CS|TAMS 0x000000008ed00000, 0x000000008ed00000| Complete 

Card table byte_map: [0x000001e85f860000,0x000001e85fc60000] _byte_map_base: 0x000001e85f460000

Marking Bits (Prev, Next): (CMBitMap*) 0x000001e84ccb8e70, (CMBitMap*) 0x000001e84ccb8e30
 Prev Bits: [0x000001e862060000, 0x000001e864060000)
 Next Bits: [0x000001e860060000, 0x000001e862060000)

Polling page: 0x000001e84abf0000

Metaspace:

Usage:
  Non-class:     78.62 MB used.
      Class:     12.41 MB used.
       Both:     91.02 MB used.

Virtual space:
  Non-class space:       80.00 MB reserved,      78.94 MB ( 99%) committed,  10 nodes.
      Class space:        1.00 GB reserved,      12.69 MB (  1%) committed,  1 nodes.
             Both:        1.08 GB reserved,      91.62 MB (  8%) committed. 

Chunk freelists:
   Non-Class:  624.00 KB
       Class:  3.12 MB
        Both:  3.73 MB

MaxMetaspaceSize: unlimited
CompressedClassSpaceSize: 1.00 GB
Initial GC threshold: 21.00 MB
Current GC threshold: 134.50 MB
CDS: off
MetaspaceReclaimPolicy: balanced
 - commit_granule_bytes: 65536.
 - commit_granule_words: 8192.
 - virtual_space_node_default_size: 1048576.
 - enlarge_chunks_in_place: 1.
 - new_chunks_are_fully_committed: 0.
 - uncommit_free_chunks: 1.
 - use_allocation_guard: 0.
 - handle_deallocations: 1.


Internal statistics:

num_allocs_failed_limit: 9.
num_arena_births: 812.
num_arena_deaths: 0.
num_vsnodes_births: 11.
num_vsnodes_deaths: 0.
num_space_committed: 1466.
num_space_uncommitted: 0.
num_chunks_returned_to_freelist: 9.
num_chunks_taken_from_freelist: 4234.
num_chunk_merges: 3.
num_chunk_splits: 2785.
num_chunks_enlarged: 1835.
num_purges: 0.
num_inconsistent_stats: 0.

CodeHeap 'non-profiled nmethods': size=120000Kb used=4856Kb max_used=4856Kb free=115143Kb
 bounds [0x000001e857bf0000, 0x000001e8580b0000, 0x000001e85f120000]
CodeHeap 'profiled nmethods': size=120000Kb used=19105Kb max_used=19105Kb free=100894Kb
 bounds [0x000001e850120000, 0x000001e8513d0000, 0x000001e857650000]
CodeHeap 'non-nmethods': size=5760Kb used=2397Kb max_used=2480Kb free=3362Kb
 bounds [0x000001e857650000, 0x000001e8578d0000, 0x000001e857bf0000]
 total_blobs=10777 nmethods=9845 adapters=844
 compilation: enabled
              stopped_count=0, restarted_count=0
 full_count=0

Compilation events (20 events):
Event: 15.719 Thread 0x000001e86745fe90 nmethod 10756 0x000001e8513a5290 code [0x000001e8513a5440, 0x000001e8513a5798]
Event: 15.719 Thread 0x000001e86745fe90 10757       2       com.android.tools.r8.internal.V1::<init> (6 bytes)
Event: 15.720 Thread 0x000001e86745fe90 nmethod 10757 0x000001e8513a5890 code [0x000001e8513a5a20, 0x000001e8513a5b58]
Event: 15.720 Thread 0x000001e86745fe90 10759       2       com.android.tools.r8.graph.z::<init> (15 bytes)
Event: 15.720 Thread 0x000001e86745fe90 nmethod 10759 0x000001e8513a5c10 code [0x000001e8513a5da0, 0x000001e8513a5ef8]
Event: 15.720 Thread 0x000001e86745fe90 10769       2       com.android.tools.r8.internal.cH::put (269 bytes)
Event: 15.721 Thread 0x000001e86745fe90 nmethod 10769 0x000001e8513a5f90 code [0x000001e8513a61e0, 0x000001e8513a69a8]
Event: 15.721 Thread 0x000001e86745fe90 10768       2       com.android.tools.r8.graph.V0::b (8 bytes)
Event: 15.721 Thread 0x000001e86745fe90 nmethod 10768 0x000001e8513a6e10 code [0x000001e8513a6fa0, 0x000001e8513a70b8]
Event: 15.721 Thread 0x000001e86745fe90 10761       2       com.android.tools.r8.internal.nl::a (10 bytes)
Event: 15.721 Thread 0x000001e86745fe90 nmethod 10761 0x000001e8513a7190 code [0x000001e8513a7320, 0x000001e8513a7418]
Event: 15.721 Thread 0x000001e86745fe90 10677       2       com.android.tools.r8.graph.c::k (6 bytes)
Event: 15.721 Thread 0x000001e86745fe90 nmethod 10677 0x000001e8513a7490 code [0x000001e8513a7620, 0x000001e8513a7758]
Event: 15.721 Thread 0x000001e86745fe90 10760       2       com.android.tools.r8.internal.PN::a (33 bytes)
Event: 15.722 Thread 0x000001e86745fe90 nmethod 10760 0x000001e8513a7810 code [0x000001e8513a79c0, 0x000001e8513a7b28]
Event: 15.722 Thread 0x000001e86745fe90 10747       2       java.util.IdentityHashMap::<init> (11 bytes)
Event: 15.722 Thread 0x000001e86745fe90 nmethod 10747 0x000001e8513a7c10 code [0x000001e8513a7da0, 0x000001e8513a7f98]
Event: 15.722 Thread 0x000001e86745fe90 10763       2       com.android.tools.r8.graph.r2::a (8 bytes)
Event: 15.722 Thread 0x000001e86745fe90 nmethod 10763 0x000001e8513a8090 code [0x000001e8513a8220, 0x000001e8513a8328]
Event: 15.722 Thread 0x000001e86745fe90 10764       2       com.android.tools.r8.graph.r2::b (64 bytes)

GC Heap History (20 events):
Event: 10.008 GC heap before
{Heap before GC invocations=28 (full 0):
 garbage-first heap   total 101376K, used 82415K [0x0000000080000000, 0x0000000100000000)
  region size 1024K, 29 young (29696K), 3 survivors (3072K)
 Metaspace       used 72087K, committed 72576K, reserved 1114112K
  class space    used 9661K, committed 9856K, reserved 1048576K
}
Event: 10.014 GC heap after
{Heap after GC invocations=29 (full 0):
 garbage-first heap   total 101376K, used 57682K [0x0000000080000000, 0x0000000100000000)
  region size 1024K, 4 young (4096K), 4 survivors (4096K)
 Metaspace       used 72087K, committed 72576K, reserved 1114112K
  class space    used 9661K, committed 9856K, reserved 1048576K
}
Event: 10.546 GC heap before
{Heap before GC invocations=29 (full 0):
 garbage-first heap   total 101376K, used 82258K [0x0000000080000000, 0x0000000100000000)
  region size 1024K, 29 young (29696K), 4 survivors (4096K)
 Metaspace       used 74955K, committed 75520K, reserved 1114112K
  class space    used 10100K, committed 10368K, reserved 1048576K
}
Event: 10.552 GC heap after
{Heap after GC invocations=30 (full 0):
 garbage-first heap   total 101376K, used 59259K [0x0000000080000000, 0x0000000100000000)
  region size 1024K, 4 young (4096K), 4 survivors (4096K)
 Metaspace       used 74955K, committed 75520K, reserved 1114112K
  class space    used 10100K, committed 10368K, reserved 1048576K
}
Event: 11.115 GC heap before
{Heap before GC invocations=31 (full 0):
 garbage-first heap   total 106496K, used 82811K [0x0000000080000000, 0x0000000100000000)
  region size 1024K, 27 young (27648K), 4 survivors (4096K)
 Metaspace       used 78263K, committed 78784K, reserved 1122304K
  class space    used 10573K, committed 10816K, reserved 1048576K
}
Event: 11.122 GC heap after
{Heap after GC invocations=32 (full 0):
 garbage-first heap   total 106496K, used 61115K [0x0000000080000000, 0x0000000100000000)
  region size 1024K, 4 young (4096K), 4 survivors (4096K)
 Metaspace       used 78263K, committed 78784K, reserved 1122304K
  class space    used 10573K, committed 10816K, reserved 1048576K
}
Event: 11.682 GC heap before
{Heap before GC invocations=32 (full 0):
 garbage-first heap   total 106496K, used 87739K [0x0000000080000000, 0x0000000100000000)
  region size 1024K, 30 young (30720K), 4 survivors (4096K)
 Metaspace       used 79630K, committed 80128K, reserved 1122304K
  class space    used 10744K, committed 11008K, reserved 1048576K
}
Event: 11.692 GC heap after
{Heap after GC invocations=33 (full 0):
 garbage-first heap   total 106496K, used 64174K [0x0000000080000000, 0x0000000100000000)
  region size 1024K, 4 young (4096K), 4 survivors (4096K)
 Metaspace       used 79630K, committed 80128K, reserved 1122304K
  class space    used 10744K, committed 11008K, reserved 1048576K
}
Event: 12.004 GC heap before
{Heap before GC invocations=34 (full 0):
 garbage-first heap   total 121856K, used 86702K [0x0000000080000000, 0x0000000100000000)
  region size 1024K, 26 young (26624K), 4 survivors (4096K)
 Metaspace       used 79710K, committed 80192K, reserved 1122304K
  class space    used 10757K, committed 11008K, reserved 1048576K
}
Event: 12.014 GC heap after
{Heap after GC invocations=35 (full 0):
 garbage-first heap   total 121856K, used 68300K [0x0000000080000000, 0x0000000100000000)
  region size 1024K, 4 young (4096K), 4 survivors (4096K)
 Metaspace       used 79710K, committed 80192K, reserved 1122304K
  class space    used 10757K, committed 11008K, reserved 1048576K
}
Event: 12.024 GC heap before
{Heap before GC invocations=35 (full 0):
 garbage-first heap   total 121856K, used 69324K [0x0000000080000000, 0x0000000100000000)
  region size 1024K, 5 young (5120K), 4 survivors (4096K)
 Metaspace       used 79710K, committed 80192K, reserved 1122304K
  class space    used 10757K, committed 11008K, reserved 1048576K
}
Event: 12.029 GC heap after
{Heap after GC invocations=36 (full 0):
 garbage-first heap   total 121856K, used 69048K [0x0000000080000000, 0x0000000100000000)
  region size 1024K, 1 young (1024K), 1 survivors (1024K)
 Metaspace       used 79710K, committed 80192K, reserved 1122304K
  class space    used 10757K, committed 11008K, reserved 1048576K
}
Event: 12.606 GC heap before
{Heap before GC invocations=36 (full 0):
 garbage-first heap   total 121856K, used 98744K [0x0000000080000000, 0x0000000100000000)
  region size 1024K, 30 young (30720K), 1 survivors (1024K)
 Metaspace       used 81834K, committed 82368K, reserved 1122304K
  class space    used 11173K, committed 11456K, reserved 1048576K
}
Event: 12.615 GC heap after
{Heap after GC invocations=37 (full 0):
 garbage-first heap   total 243712K, used 71451K [0x0000000080000000, 0x0000000100000000)
  region size 1024K, 4 young (4096K), 4 survivors (4096K)
 Metaspace       used 81834K, committed 82368K, reserved 1122304K
  class space    used 11173K, committed 11456K, reserved 1048576K
}
Event: 14.076 GC heap before
{Heap before GC invocations=38 (full 0):
 garbage-first heap   total 243712K, used 177947K [0x0000000080000000, 0x0000000100000000)
  region size 1024K, 109 young (111616K), 4 survivors (4096K)
 Metaspace       used 84616K, committed 85120K, reserved 1130496K
  class space    used 11481K, committed 11712K, reserved 1048576K
}
Event: 14.092 GC heap after
{Heap after GC invocations=39 (full 0):
 garbage-first heap   total 243712K, used 79320K [0x0000000080000000, 0x0000000100000000)
  region size 1024K, 11 young (11264K), 11 survivors (11264K)
 Metaspace       used 84616K, committed 85120K, reserved 1130496K
  class space    used 11481K, committed 11712K, reserved 1048576K
}
Event: 14.100 GC heap before
{Heap before GC invocations=39 (full 0):
 garbage-first heap   total 243712K, used 79320K [0x0000000080000000, 0x0000000100000000)
  region size 1024K, 12 young (12288K), 11 survivors (11264K)
 Metaspace       used 84627K, committed 85120K, reserved 1130496K
  class space    used 11481K, committed 11712K, reserved 1048576K
}
Event: 14.113 GC heap after
{Heap after GC invocations=40 (full 0):
 garbage-first heap   total 243712K, used 80261K [0x0000000080000000, 0x0000000100000000)
  region size 1024K, 2 young (2048K), 2 survivors (2048K)
 Metaspace       used 84627K, committed 85120K, reserved 1130496K
  class space    used 11481K, committed 11712K, reserved 1048576K
}
Event: 15.215 GC heap before
{Heap before GC invocations=40 (full 0):
 garbage-first heap   total 243712K, used 184709K [0x0000000080000000, 0x0000000100000000)
  region size 1024K, 105 young (107520K), 2 survivors (2048K)
 Metaspace       used 89500K, committed 90112K, reserved 1130496K
  class space    used 12149K, committed 12416K, reserved 1048576K
}
Event: 15.228 GC heap after
{Heap after GC invocations=41 (full 0):
 garbage-first heap   total 243712K, used 97484K [0x0000000080000000, 0x0000000100000000)
  region size 1024K, 14 young (14336K), 14 survivors (14336K)
 Metaspace       used 89500K, committed 90112K, reserved 1130496K
  class space    used 12149K, committed 12416K, reserved 1048576K
}

Dll operation events (2 events):
Event: 0.009 Loaded shared library C:\Program Files\Android\Android Studio\jbr\bin\java.dll
Event: 0.481 Loaded shared library C:\Program Files\Android\Android Studio\jbr\bin\verify.dll

Deoptimization events (20 events):
Event: 14.795 Thread 0x000001e8684a20c0 DEOPT PACKING pc=0x000001e858003d1c sp=0x00000099fc0f6b80
Event: 14.795 Thread 0x000001e8684a20c0 DEOPT UNPACKING pc=0x000001e8576a69a3 sp=0x00000099fc0f6b38 mode 2
Event: 15.440 Thread 0x000001e86849ebd0 Uncommon trap: trap_request=0xffffff45 fr.pc=0x000001e85806d924 relative=0x0000000000000404
Event: 15.440 Thread 0x000001e86849ebd0 Uncommon trap: reason=unstable_if action=reinterpret pc=0x000001e85806d924 method=java.util.stream.StreamOpFlag.getMask(I)I @ 1 c2
Event: 15.440 Thread 0x000001e86849ebd0 DEOPT PACKING pc=0x000001e85806d924 sp=0x00000099fd0fac80
Event: 15.440 Thread 0x000001e86849ebd0 DEOPT UNPACKING pc=0x000001e8576a69a3 sp=0x00000099fd0fab70 mode 2
Event: 15.612 Thread 0x000001e8684a20c0 Uncommon trap: trap_request=0xffffff45 fr.pc=0x000001e857ce56fc relative=0x000000000000045c
Event: 15.612 Thread 0x000001e8684a20c0 Uncommon trap: reason=unstable_if action=reinterpret pc=0x000001e857ce56fc method=java.util.WeakHashMap.remove(Ljava/lang/Object;)Ljava/lang/Object; @ 92 c2
Event: 15.612 Thread 0x000001e8684a20c0 DEOPT PACKING pc=0x000001e857ce56fc sp=0x00000099fc0f5f40
Event: 15.612 Thread 0x000001e8684a20c0 DEOPT UNPACKING pc=0x000001e8576a69a3 sp=0x00000099fc0f5ee0 mode 2
Event: 15.625 Thread 0x000001e86b72a230 Uncommon trap: trap_request=0xffffff45 fr.pc=0x000001e85807e388 relative=0x00000000000007a8
Event: 15.625 Thread 0x000001e86b72a230 Uncommon trap: reason=unstable_if action=reinterpret pc=0x000001e85807e388 method=java.util.zip.ZipFile$Source.getEntryPos(Ljava/lang/String;Z)I @ 117 c2
Event: 15.625 Thread 0x000001e86b72a230 DEOPT PACKING pc=0x000001e85807e388 sp=0x00000099f91f56d0
Event: 15.625 Thread 0x000001e86b72a230 DEOPT UNPACKING pc=0x000001e8576a69a3 sp=0x00000099f91f5660 mode 2
Event: 15.678 Thread 0x000001e8684a20c0 DEOPT PACKING pc=0x000001e8513765c8 sp=0x00000099fc0fa000
Event: 15.678 Thread 0x000001e8684a20c0 DEOPT UNPACKING pc=0x000001e8576a7143 sp=0x00000099fc0f9560 mode 0
Event: 15.694 Thread 0x000001e8684a08b0 DEOPT PACKING pc=0x000001e8513796cf sp=0x00000099fc5f9d40
Event: 15.694 Thread 0x000001e8684a08b0 DEOPT UNPACKING pc=0x000001e8576a7143 sp=0x00000099fc5f92b8 mode 0
Event: 15.695 Thread 0x000001e8683b19b0 DEOPT PACKING pc=0x000001e851377365 sp=0x00000099fa8fa1c0
Event: 15.695 Thread 0x000001e8683b19b0 DEOPT UNPACKING pc=0x000001e8576a7143 sp=0x00000099fa8f9680 mode 0

Classes unloaded (0 events):
No events

Classes redefined (0 events):
No events

Internal exceptions (20 events):
Event: 14.914 Thread 0x000001e8683b19b0 Exception <a 'sun/nio/fs/WindowsException'{0x000000008afca990}> (0x000000008afca990) 
thrown [s\src\hotspot\share\prims\jni.cpp, line 517]
Event: 14.917 Thread 0x000001e86849ebd0 Exception <a 'sun/nio/fs/WindowsException'{0x000000008aa0d6e0}> (0x000000008aa0d6e0) 
thrown [s\src\hotspot\share\prims\jni.cpp, line 517]
Event: 14.952 Thread 0x000001e8684a20c0 Exception <a 'sun/nio/fs/WindowsException'{0x000000008a3a6110}> (0x000000008a3a6110) 
thrown [s\src\hotspot\share\prims\jni.cpp, line 517]
Event: 15.003 Thread 0x000001e86b72a230 Exception <a 'sun/nio/fs/WindowsException'{0x0000000089995c10}> (0x0000000089995c10) 
thrown [s\src\hotspot\share\prims\jni.cpp, line 517]
Event: 15.345 Thread 0x000001e86b725530 Exception <a 'sun/nio/fs/WindowsException'{0x000000008e445c60}> (0x000000008e445c60) 
thrown [s\src\hotspot\share\prims\jni.cpp, line 517]
Event: 15.435 Thread 0x000001e870353880 Exception <a 'java/lang/NoSuchMethodError'{0x000000008e3dce98}: 'void java.lang.invoke.DirectMethodHandle$Holder.invokeStatic(java.lang.Object, long)'> (0x000000008e3dce98) 
thrown [s\src\hotspot\share\interpreter\linkResolver.cpp, line 771]
Event: 15.440 Thread 0x000001e870353880 Exception <a 'java/lang/NoSuchMethodError'{0x000000008e2ec820}: 'java.lang.Object java.lang.invoke.DirectMethodHandle$Holder.newInvokeSpecial(java.lang.Object, long)'> (0x000000008e2ec820) 
thrown [s\src\hotspot\share\interpreter\linkResolver.cpp, line 771]
Event: 15.448 Thread 0x000001e870353880 Exception <a 'java/lang/NoSuchMethodError'{0x000000008e2f3688}: 'java.lang.Object java.lang.invoke.DirectMethodHandle$Holder.invokeStatic(java.lang.Object, java.lang.Object, long, java.lang.Object)'> (0x000000008e2f3688) 
thrown [s\src\hotspot\share\interpreter\linkResolver.cpp, line 771]
Event: 15.449 Thread 0x000001e870353880 Exception <a 'java/lang/NoSuchMethodError'{0x000000008e2f73c8}: 'java.lang.Object java.lang.invoke.DirectMethodHandle$Holder.invokeStaticInit(java.lang.Object, java.lang.Object, long, java.lang.Object)'> (0x000000008e2f73c8) 
thrown [s\src\hotspot\share\interpreter\linkResolver.cpp, line 771]
Event: 15.449 Thread 0x000001e870353880 Exception <a 'java/lang/NoSuchMethodError'{0x000000008e2fdc88}: 'java.lang.Object java.lang.invoke.DirectMethodHandle$Holder.newInvokeSpecial(java.lang.Object, java.lang.Object, long)'> (0x000000008e2fdc88) 
thrown [s\src\hotspot\share\interpreter\linkResolver.cpp, line 771]
Event: 15.450 Thread 0x000001e870353880 Exception <a 'java/lang/NoSuchMethodError'{0x000000008e1327f0}: 'java.lang.Object java.lang.invoke.Invokers$Holder.linkToTargetMethod(java.lang.Object, long, java.lang.Object)'> (0x000000008e1327f0) 
thrown [s\src\hotspot\share\interpreter\linkResolver.cpp, line 771]
Event: 15.557 Thread 0x000001e8684a08b0 Exception <a 'java/lang/NoSuchMethodError'{0x000000008ded99c0}: 'java.lang.Object java.lang.invoke.DirectMethodHandle$Holder.invokeStaticInit(java.lang.Object, java.lang.Object, java.lang.Object, java.lang.Object, java.lang.Object, java.lang.Object, java.lang.Object, java.lang.Object, java.lang.Object, java.lang.Object, java.lang.Object, java.lang.Object, java.lang.Object, java.lang.Object, java.lang.Object, java.lang.Object, java.lang.Object, java.lang.Object, int, java.lang.Object, java.lang.Object)'> (0
Event: 15.596 Thread 0x000001e86b725530 Exception <a 'java/lang/IncompatibleClassChangeError'{0x000000008de77f38}: Found class java.lang.Object, but interface was expected> (0x000000008de77f38) 
thrown [s\src\hotspot\share\interpreter\linkResolver.cpp, line 838]
Event: 15.596 Thread 0x000001e86b72a230 Exception <a 'java/lang/IncompatibleClassChangeError'{0x000000008df5a970}: Found class java.lang.Object, but interface was expected> (0x000000008df5a970) 
thrown [s\src\hotspot\share\interpreter\linkResolver.cpp, line 838]
Event: 15.596 Thread 0x000001e8683b19b0 Exception <a 'java/lang/IncompatibleClassChangeError'{0x000000008dc24920}: Found class java.lang.Object, but interface was expected> (0x000000008dc24920) 
thrown [s\src\hotspot\share\interpreter\linkResolver.cpp, line 838]
Event: 15.596 Thread 0x000001e8684a08b0 Exception <a 'java/lang/IncompatibleClassChangeError'{0x000000008dc157c8}: Found class java.lang.Object, but interface was expected> (0x000000008dc157c8) 
thrown [s\src\hotspot\share\interpreter\linkResolver.cpp, line 838]
Event: 15.596 Thread 0x000001e86849ebd0 Exception <a 'java/lang/IncompatibleClassChangeError'{0x000000008dda04e8}: Found class java.lang.Object, but interface was expected> (0x000000008dda04e8) 
thrown [s\src\hotspot\share\interpreter\linkResolver.cpp, line 838]
Event: 15.596 Thread 0x000001e8684a20c0 Exception <a 'java/lang/IncompatibleClassChangeError'{0x000000008ddf8b08}: Found class java.lang.Object, but interface was expected> (0x000000008ddf8b08) 
thrown [s\src\hotspot\share\interpreter\linkResolver.cpp, line 838]
Event: 15.615 Thread 0x000001e86b72a230 Exception <a 'java/lang/NoSuchMethodError'{0x000000008db83a50}: 'java.lang.Object java.lang.invoke.DirectMethodHandle$Holder.invokeSpecial(java.lang.Object, java.lang.Object, java.lang.Object, int, java.lang.Object, java.lang.Object)'> (0x000000008db83a50) 
thrown [s\src\hotspot\share\interpreter\linkResolver.cpp, line 771]
Event: 15.615 Thread 0x000001e8684a08b0 Exception <a 'java/lang/NoSuchMethodError'{0x000000008db72910}: 'java.lang.Object java.lang.invoke.DirectMethodHandle$Holder.invokeSpecial(java.lang.Object, java.lang.Object, java.lang.Object, int, java.lang.Object, java.lang.Object)'> (0x000000008db72910) 
thrown [s\src\hotspot\share\interpreter\linkResolver.cpp, line 771]

VM Operations (20 events):
Event: 13.944 Executing VM operation: ICBufferFull
Event: 13.944 Executing VM operation: ICBufferFull done
Event: 14.075 Executing VM operation: G1CollectForAllocation
Event: 14.094 Executing VM operation: G1CollectForAllocation done
Event: 14.097 Executing VM operation: G1CollectForAllocation
Event: 14.116 Executing VM operation: G1CollectForAllocation done
Event: 14.218 Executing VM operation: HandshakeAllThreads
Event: 14.218 Executing VM operation: HandshakeAllThreads done
Event: 14.483 Executing VM operation: ICBufferFull
Event: 14.483 Executing VM operation: ICBufferFull done
Event: 14.935 Executing VM operation: HandshakeAllThreads
Event: 14.935 Executing VM operation: HandshakeAllThreads done
Event: 15.215 Executing VM operation: G1CollectForAllocation
Event: 15.229 Executing VM operation: G1CollectForAllocation done
Event: 15.253 Executing VM operation: HandshakeAllThreads
Event: 15.254 Executing VM operation: HandshakeAllThreads done
Event: 15.453 Executing VM operation: HandshakeAllThreads
Event: 15.454 Executing VM operation: HandshakeAllThreads done
Event: 15.572 Executing VM operation: HandshakeAllThreads
Event: 15.573 Executing VM operation: HandshakeAllThreads done

Events (20 events):
Event: 15.411 loading class java/lang/ProcessBuilder
Event: 15.414 loading class java/lang/ProcessBuilder done
Event: 15.415 loading class java/lang/ProcessImpl
Event: 15.416 loading class java/lang/ProcessImpl done
Event: 15.443 loading class java/lang/ProcessHandleImpl
Event: 15.446 loading class java/lang/ProcessHandleImpl done
Event: 15.451 loading class java/lang/ProcessImpl$2
Event: 15.451 loading class java/lang/ProcessImpl$2 done
Event: 15.451 loading class java/lang/Process$PipeInputStream
Event: 15.452 loading class java/lang/Process$PipeInputStream done
Event: 15.454 loading class jdk/internal/event/ProcessStartEvent
Event: 15.455 loading class jdk/internal/event/ProcessStartEvent done
Event: 15.459 Thread 0x000001e86bf57190 Thread added: 0x000001e86bf57190
Event: 15.459 Thread 0x000001e86bf56320 Thread added: 0x000001e86bf56320
Event: 15.465 loading class java/util/concurrent/RejectedExecutionException
Event: 15.465 loading class java/util/concurrent/RejectedExecutionException done
Event: 15.592 loading class java/lang/reflect/GenericSignatureFormatError
Event: 15.592 loading class java/lang/reflect/GenericSignatureFormatError done
Event: 15.705 loading class java/util/concurrent/ConcurrentLinkedQueue$Itr
Event: 15.706 loading class java/util/concurrent/ConcurrentLinkedQueue$Itr done


Dynamic libraries:
0x00007ff6f11b0000 - 0x00007ff6f11ba000 	C:\Program Files\Android\Android Studio\jbr\bin\java.exe
0x00007ffd1af70000 - 0x00007ffd1b187000 	C:\WINDOWS\SYSTEM32\ntdll.dll
0x00007ffd19510000 - 0x00007ffd195d4000 	C:\WINDOWS\System32\KERNEL32.DLL
0x00007ffd184b0000 - 0x00007ffd18856000 	C:\WINDOWS\System32\KERNELBASE.dll
0x00007ffd189d0000 - 0x00007ffd18ae1000 	C:\WINDOWS\System32\ucrtbase.dll
0x00007ffd04990000 - 0x00007ffd049ab000 	C:\Program Files\Android\Android Studio\jbr\bin\VCRUNTIME140.dll
0x00007ffced990000 - 0x00007ffced9a7000 	C:\Program Files\Android\Android Studio\jbr\bin\jli.dll
0x00007ffd18e40000 - 0x00007ffd18fed000 	C:\WINDOWS\System32\USER32.dll
0x00007ffd18920000 - 0x00007ffd18946000 	C:\WINDOWS\System32\win32u.dll
0x00007ffd174e0000 - 0x00007ffd17773000 	C:\WINDOWS\WinSxS\amd64_microsoft.windows.common-controls_6595b64144ccf1df_6.0.22621.2361_none_2712ced57382f843\COMCTL32.dll
0x00007ffd19380000 - 0x00007ffd193a9000 	C:\WINDOWS\System32\GDI32.dll
0x00007ffd19f80000 - 0x00007ffd1a027000 	C:\WINDOWS\System32\msvcrt.dll
0x00007ffd182f0000 - 0x00007ffd18408000 	C:\WINDOWS\System32\gdi32full.dll
0x00007ffd18410000 - 0x00007ffd184aa000 	C:\WINDOWS\System32\msvcp_win.dll
0x00007ffd19ed0000 - 0x00007ffd19f01000 	C:\WINDOWS\System32\IMM32.DLL
0x00007ffcfc810000 - 0x00007ffcfc81c000 	C:\Program Files\Android\Android Studio\jbr\bin\vcruntime140_1.dll
0x00007ffcd89e0000 - 0x00007ffcd8a6d000 	C:\Program Files\Android\Android Studio\jbr\bin\msvcp140.dll
0x00007ffcd33c0000 - 0x00007ffcd402e000 	C:\Program Files\Android\Android Studio\jbr\bin\server\jvm.dll
0x00007ffd1a030000 - 0x00007ffd1a0e0000 	C:\WINDOWS\System32\ADVAPI32.dll
0x00007ffd1ae70000 - 0x00007ffd1af16000 	C:\WINDOWS\System32\sechost.dll
0x00007ffd19260000 - 0x00007ffd19377000 	C:\WINDOWS\System32\RPCRT4.dll
0x00007ffd17b50000 - 0x00007ffd17b59000 	C:\WINDOWS\SYSTEM32\WSOCK32.dll
0x00007ffcfe830000 - 0x00007ffcfe864000 	C:\WINDOWS\SYSTEM32\WINMM.dll
0x00007ffd11090000 - 0x00007ffd1109a000 	C:\WINDOWS\SYSTEM32\VERSION.dll
0x00007ffd1a470000 - 0x00007ffd1a4e1000 	C:\WINDOWS\System32\WS2_32.dll
0x00007ffd16aa0000 - 0x00007ffd16ab8000 	C:\WINDOWS\SYSTEM32\kernel.appcore.dll
0x00007ffd04f90000 - 0x00007ffd04f9a000 	C:\Program Files\Android\Android Studio\jbr\bin\jimage.dll
0x00007ffd17c70000 - 0x00007ffd17e9e000 	C:\WINDOWS\SYSTEM32\DBGHELP.DLL
0x00007ffd1a0e0000 - 0x00007ffd1a46a000 	C:\WINDOWS\System32\combase.dll
0x00007ffd193b0000 - 0x00007ffd19487000 	C:\WINDOWS\System32\OLEAUT32.dll
0x00007ffd17ae0000 - 0x00007ffd17b12000 	C:\WINDOWS\SYSTEM32\dbgcore.DLL
0x00007ffd18950000 - 0x00007ffd189ca000 	C:\WINDOWS\System32\bcryptPrimitives.dll
0x00007ffcedc20000 - 0x00007ffcedc45000 	C:\Program Files\Android\Android Studio\jbr\bin\java.dll
0x00007ffcfab00000 - 0x00007ffcfab18000 	C:\Program Files\Android\Android Studio\jbr\bin\zip.dll
0x00007ffd19670000 - 0x00007ffd19ec8000 	C:\WINDOWS\System32\SHELL32.dll
0x00007ffd159f0000 - 0x00007ffd162e2000 	C:\WINDOWS\SYSTEM32\windows.storage.dll
0x00007ffd158b0000 - 0x00007ffd159ee000 	C:\WINDOWS\SYSTEM32\wintypes.dll
0x00007ffd18d40000 - 0x00007ffd18e33000 	C:\WINDOWS\System32\SHCORE.dll
0x00007ffd19490000 - 0x00007ffd194ee000 	C:\WINDOWS\System32\shlwapi.dll
0x00007ffd18220000 - 0x00007ffd18246000 	C:\WINDOWS\SYSTEM32\profapi.dll
0x00007ffcfaab0000 - 0x00007ffcfaac9000 	C:\Program Files\Android\Android Studio\jbr\bin\net.dll
0x00007ffd14e10000 - 0x00007ffd14f47000 	C:\WINDOWS\SYSTEM32\WINHTTP.dll
0x00007ffd17110000 - 0x00007ffd17179000 	C:\WINDOWS\system32\mswsock.dll
0x00007ffcedc00000 - 0x00007ffcedc16000 	C:\Program Files\Android\Android Studio\jbr\bin\nio.dll
0x00007ffd02160000 - 0x00007ffd02170000 	C:\Program Files\Android\Android Studio\jbr\bin\verify.dll
0x00007ffd050b0000 - 0x00007ffd050d7000 	C:\Users\mateo\.gradle\native\e1d6ef7f7dcc3fd88c89a11ec53ec762bb8ba0a96d01ffa2cd45eb1d1d8dd5c5\windows-amd64\native-platform.dll
0x00007ffcd67c0000 - 0x00007ffcd6904000 	C:\Users\mateo\.gradle\native\5664cfc778a61ccfe75a443a1ab52a65af34e5dc3c78e0209fed803814484fcb\windows-amd64\native-platform-file-events.dll
0x00007ffd00b30000 - 0x00007ffd00b39000 	C:\Program Files\Android\Android Studio\jbr\bin\management.dll
0x00007ffcfe9c0000 - 0x00007ffcfe9cb000 	C:\Program Files\Android\Android Studio\jbr\bin\management_ext.dll
0x00007ffd195e0000 - 0x00007ffd195e8000 	C:\WINDOWS\System32\PSAPI.DLL
0x00007ffd17f90000 - 0x00007ffd17fab000 	C:\WINDOWS\SYSTEM32\CRYPTSP.dll
0x00007ffd16c10000 - 0x00007ffd16c45000 	C:\WINDOWS\system32\rsaenh.dll
0x00007ffd17200000 - 0x00007ffd1722c000 	C:\WINDOWS\SYSTEM32\USERENV.dll
0x00007ffd17bb0000 - 0x00007ffd17bd8000 	C:\WINDOWS\SYSTEM32\bcrypt.dll
0x00007ffd173c0000 - 0x00007ffd173cc000 	C:\WINDOWS\SYSTEM32\CRYPTBASE.dll
0x00007ffd165c0000 - 0x00007ffd165ed000 	C:\WINDOWS\SYSTEM32\IPHLPAPI.DLL
0x00007ffd1a980000 - 0x00007ffd1a989000 	C:\WINDOWS\System32\NSI.dll
0x00007ffd10fc0000 - 0x00007ffd10fd9000 	C:\WINDOWS\SYSTEM32\dhcpcsvc6.DLL
0x00007ffd10f40000 - 0x00007ffd10f5f000 	C:\WINDOWS\SYSTEM32\dhcpcsvc.DLL
0x00007ffd16630000 - 0x00007ffd16729000 	C:\WINDOWS\SYSTEM32\DNSAPI.dll
0x00007ffcfd9a0000 - 0x00007ffcfd9a8000 	C:\WINDOWS\system32\wshunix.dll

dbghelp: loaded successfully - version: 4.0.5 - missing functions: none
symbol engine: initialized successfully - sym options: 0x614 - pdb path: .;C:\Program Files\Android\Android Studio\jbr\bin;C:\WINDOWS\SYSTEM32;C:\WINDOWS\WinSxS\amd64_microsoft.windows.common-controls_6595b64144ccf1df_6.0.22621.2361_none_2712ced57382f843;C:\Program Files\Android\Android Studio\jbr\bin\server;C:\Users\mateo\.gradle\native\e1d6ef7f7dcc3fd88c89a11ec53ec762bb8ba0a96d01ffa2cd45eb1d1d8dd5c5\windows-amd64;C:\Users\mateo\.gradle\native\5664cfc778a61ccfe75a443a1ab52a65af34e5dc3c78e0209fed803814484fcb\windows-amd64

VM Arguments:
jvm_args: --add-opens=java.base/java.util=ALL-UNNAMED --add-opens=java.base/java.lang=ALL-UNNAMED --add-opens=java.base/java.lang.invoke=ALL-UNNAMED --add-opens=java.base/java.util=ALL-UNNAMED --add-opens=java.prefs/java.util.prefs=ALL-UNNAMED --add-opens=java.prefs/java.util.prefs=ALL-UNNAMED --add-opens=java.base/java.nio.charset=ALL-UNNAMED --add-opens=java.base/java.net=ALL-UNNAMED --add-opens=java.base/java.util.concurrent.atomic=ALL-UNNAMED -Xmx2048m -Dfile.encoding=UTF-8 -Duser.country=ES -Duser.language=es -Duser.variant 
java_command: org.gradle.launcher.daemon.bootstrap.GradleDaemon 7.3.3
java_class_path (initial): C:\Users\mateo\.gradle\wrapper\dists\gradle-7.3.3-bin\6a41zxkdtcxs8rphpq6y0069z\gradle-7.3.3\lib\gradle-launcher-7.3.3.jar
Launcher Type: SUN_STANDARD

[Global flags]
     intx CICompilerCount                          = 4                                         {product} {ergonomic}
     uint ConcGCThreads                            = 2                                         {product} {ergonomic}
     uint G1ConcRefinementThreads                  = 8                                         {product} {ergonomic}
   size_t G1HeapRegionSize                         = 1048576                                   {product} {ergonomic}
    uintx GCDrainStackTargetSize                   = 64                                        {product} {ergonomic}
   size_t InitialHeapSize                          = 134217728                                 {product} {ergonomic}
   size_t MarkStackSize                            = 4194304                                   {product} {ergonomic}
   size_t MaxHeapSize                              = 2147483648                                {product} {command line}
   size_t MaxNewSize                               = 1287651328                                {product} {ergonomic}
   size_t MinHeapDeltaBytes                        = 1048576                                   {product} {ergonomic}
   size_t MinHeapSize                              = 8388608                                   {product} {ergonomic}
    uintx NonNMethodCodeHeapSize                   = 5839372                                {pd product} {ergonomic}
    uintx NonProfiledCodeHeapSize                  = 122909434                              {pd product} {ergonomic}
    uintx ProfiledCodeHeapSize                     = 122909434                              {pd product} {ergonomic}
    uintx ReservedCodeCacheSize                    = 251658240                              {pd product} {ergonomic}
     bool SegmentedCodeCache                       = true                                      {product} {ergonomic}
   size_t SoftMaxHeapSize                          = 2147483648                             {manageable} {ergonomic}
     bool UseCompressedClassPointers               = true                           {product lp64_product} {ergonomic}
     bool UseCompressedOops                        = true                           {product lp64_product} {ergonomic}
     bool UseG1GC                                  = true                                      {product} {ergonomic}
     bool UseLargePagesIndividualAllocation        = false                                  {pd product} {ergonomic}

Logging:
Log output configuration:
 #0: stdout all=warning uptime,level,tags
 #1: stderr all=off uptime,level,tags

Environment Variables:
JAVA_HOME=C:\Program Files\Java\jre1.8.0_271
PATH=C:\Program Files (x86)\Common Files\Oracle\Java\javapath;C:\Program Files (x86)\OpenLogic\jdk-8.0.372.07-hotspot\bin;C:\Program Files\OpenLogic\jdk-11.0.19.7-hotspot\bin;C:\Program Files (x86)\Intel\iCLS Client\;C:\Program Files\Intel\iCLS Client\;C:\Windows\system32;C:\Windows;C:\Windows\System32\Wbem;C:\Windows\System32\WindowsPowerShell\v1.0\;C:\Program Files (x86)\NVIDIA Corporation\PhysX\Common;C:\Program Files (x86)\Intel\Intel(R) Management Engine Components\DAL;C:\Program Files\Intel\Intel(R) Management Engine Components\DAL;C:\Program Files (x86)\Intel\Intel(R) Management Engine Components\IPT;C:\Program Files\Intel\Intel(R) Management Engine Components\IPT;C:\WINDOWS\system32;C:\WINDOWS;C:\WINDOWS\System32\Wbem;C:\WINDOWS\System32\WindowsPowerShell\v1.0\;C:\WINDOWS\System32\OpenSSH\;C:\Program Files\AutoFirma\AutoFirma;C:\Program Files\nodejs\;C:\Program Files\NVIDIA Corporation\NVIDIA NvDLISR;C:\Program Files\MongoDB\Server\6.0\bin;C:\Program Files\dotnet\;C:\WINDOWS\system32;C:\WINDOWS;C:\WINDOWS\System32\Wbem;C:\WINDOWS\System32\WindowsPowerShell\v1.0\;C:\WINDOWS\System32\OpenSSH\;C:\Program Files\Git\cmd;C:\Program Files\Git\mingw64\bin;C:\Program Files\Git\usr\bin;C:\Users\mateo\AppData\Local\Microsoft\WindowsApps;C:\Users\mateo\AppData\Local\Programs\Microsoft VS Code\bin;C:\Users\mateo\AppData\Roaming\npm;C:\Program Files\Java\jre1.8.0_271\bin;C:\Gradle\gradle-8.1.1\bin;
USERNAME=mateo
OS=Windows_NT
PROCESSOR_IDENTIFIER=Intel64 Family 6 Model 142 Stepping 10, GenuineIntel
TMP=C:\Users\mateo\AppData\Local\Temp
TEMP=C:\Users\mateo\AppData\Local\Temp


JNI global refs:
JNI global refs: 26, weak refs: 56

JNI global refs memory usage: 843, weak refs: 841


---------------  S Y S T E M  ---------------

OS:
 Windows 11 , 64 bit Build 22621 (10.0.22621.2428)
OS uptime: 3 days 4:45 hours

CPU: total 8 (initial active 8) (4 cores per cpu, 2 threads per core) family 6 model 142 stepping 10 microcode 0xe0, cx8, cmov, fxsr, ht, mmx, 3dnowpref, sse, sse2, sse3, ssse3, sse4.1, sse4.2, popcnt, lzcnt, tsc, tscinvbit, avx, avx2, aes, erms, clmul, bmi1, bmi2, adx, fma, vzeroupper, clflush, clflushopt

Memory: 4k page, system-wide physical 8066M (264M free)
TotalPageFile size 12162M (AvailPageFile size 1M)
current process WorkingSet (physical memory assigned to process): 501M, peak: 510M
current process commit charge ("private bytes"): 602M, peak: 604M

vm_info: OpenJDK 64-Bit Server VM (17.0.6+0-b2043.56-10027231) for windows-amd64 JRE (17.0.6+0-b2043.56-10027231), built on Apr 28 2023 00:43:19 by "androidbuild" with MS VC++ 16.10 / 16.11 (VS2019)

END.
