#
# There is insufficient memory for the Java Runtime Environment to continue.
# Native memory allocation (malloc) failed to allocate 1846096 bytes for Chunk::new
# Possible reasons:
#   The system is out of physical RAM or swap space
#   The process is running with CompressedOops enabled, and the Java Heap may be blocking the growth of the native heap
# Possible solutions:
#   Reduce memory load on the system
#   Increase physical memory or swap space
#   Check if swap backing store is full
#   Decrease Java heap size (-Xmx/-Xms)
#   Decrease number of Java threads
#   Decrease Java thread stack sizes (-Xss)
#   Set larger code cache with -XX:ReservedCodeCacheSize=
#   JVM is running with Unscaled Compressed Oops mode in which the Java heap is
#     placed in the first 4GB address space. The Java Heap base address is the
#     maximum limit for the native heap growth. Please use -XX:HeapBaseMinAddress
#     to set the Java Heap base and to place the Java Heap above 4GB virtual address.
# This output file may be truncated or incomplete.
#
#  Out of Memory Error (arena.cpp:189), pid=11368, tid=16960
#
# JRE version: OpenJDK Runtime Environment (17.0.6) (build 17.0.6+0-b2043.56-10027231)
# Java VM: OpenJDK 64-Bit Server VM (17.0.6+0-b2043.56-10027231, mixed mode, tiered, compressed oops, compressed class ptrs, g1 gc, windows-amd64)
# No core dump will be written. Minidumps are not enabled by default on client versions of Windows
#

---------------  S U M M A R Y ------------

Command Line: --add-opens=java.base/java.util=ALL-UNNAMED --add-opens=java.base/java.lang=ALL-UNNAMED --add-opens=java.base/java.lang.invoke=ALL-UNNAMED --add-opens=java.base/java.util=ALL-UNNAMED --add-opens=java.prefs/java.util.prefs=ALL-UNNAMED --add-opens=java.prefs/java.util.prefs=ALL-UNNAMED --add-opens=java.base/java.nio.charset=ALL-UNNAMED --add-opens=java.base/java.net=ALL-UNNAMED --add-opens=java.base/java.util.concurrent.atomic=ALL-UNNAMED -Xmx2048m -Dfile.encoding=UTF-8 -Duser.country=ES -Duser.language=es -Duser.variant org.gradle.launcher.daemon.bootstrap.GradleDaemon 7.3.3

Host: Intel(R) Core(TM) i7-8550U CPU @ 1.80GHz, 8 cores, 7G,  Windows 11 , 64 bit Build 22621 (10.0.22621.2506)
Time: Wed Dec  6 14:03:38 2023 Hora estándar romance elapsed time: 9.294383 seconds (0d 0h 0m 9s)

---------------  T H R E A D  ---------------

Current thread (0x00000203c784ea80):  JavaThread "C2 CompilerThread0" daemon [_thread_in_native, id=16960, stack(0x000000e2b2300000,0x000000e2b2400000)]


Current CompileTask:
C2:   9294 7731 %     4       org.gradle.internal.instantiation.generator.AbstractClassGenerator::inspectType @ 107 (560 bytes)

Stack: [0x000000e2b2300000,0x000000e2b2400000]
Native frames: (J=compiled Java code, j=interpreted, Vv=VM code, C=native code)
V  [jvm.dll+0x683c9a]
V  [jvm.dll+0x8427a4]
V  [jvm.dll+0x843f9e]
V  [jvm.dll+0x844603]
V  [jvm.dll+0x249b75]
V  [jvm.dll+0xabcac]
V  [jvm.dll+0xac27c]
V  [jvm.dll+0x368802]
V  [jvm.dll+0x332f31]
V  [jvm.dll+0x3323da]
V  [jvm.dll+0x21c201]
V  [jvm.dll+0x21b621]
V  [jvm.dll+0x1a4fdd]
V  [jvm.dll+0x22b098]
V  [jvm.dll+0x229159]
V  [jvm.dll+0x7f81ec]
V  [jvm.dll+0x7f274a]
V  [jvm.dll+0x682ad5]
C  [ucrtbase.dll+0x29363]
C  [KERNEL32.DLL+0x1257d]
C  [ntdll.dll+0x5aa58]


---------------  P R O C E S S  ---------------

Threads class SMR info:
_java_thread_list=0x00000203c90b6350, length=125, elements={
0x00000203aaf3cff0, 0x00000203c6f08810, 0x00000203c780ac70, 0x00000203c7848360,
0x00000203c7848d20, 0x00000203c784bbf0, 0x00000203c784cd40, 0x00000203c784ea80,
0x00000203c785b680, 0x00000203c785e430, 0x00000203c79de770, 0x00000203c79eb6e0,
0x00000203c7b0e660, 0x00000203ca3e0f30, 0x00000203cb492010, 0x00000203caab9420,
0x00000203c8d36290, 0x00000203c923d240, 0x00000203c8c3b950, 0x00000203c905e020,
0x00000203c89812f0, 0x00000203ca1cc560, 0x00000203c92bdb30, 0x00000203c92bb4b0,
0x00000203c92be9a0, 0x00000203c92bb980, 0x00000203c92bccc0, 0x00000203c92bbe50,
0x00000203c92be000, 0x00000203c92bd190, 0x00000203c92bd660, 0x00000203c92bafe0,
0x00000203c92bc320, 0x00000203cb6918f0, 0x00000203cb68eda0, 0x00000203cb68af10,
0x00000203cb68e8d0, 0x00000203cb68f270, 0x00000203cb68b3e0, 0x00000203cb68fc10,
0x00000203cb68da60, 0x00000203cb6905b0, 0x00000203cb690a80, 0x00000203cb68a570,
0x00000203cb68f740, 0x00000203cb68b8b0, 0x00000203cb690f50, 0x00000203cb68bd80,
0x00000203cb68c250, 0x00000203cb691420, 0x00000203cb68c720, 0x00000203cb68d0c0,
0x00000203cb68cbf0, 0x00000203cb990700, 0x00000203cb98b060, 0x00000203cb990bd0,
0x00000203cb991a40, 0x00000203cb98c3a0, 0x00000203cb98b530, 0x00000203cb991f10,
0x00000203cb98c870, 0x00000203cb9910a0, 0x00000203cb98e550, 0x00000203cb98dbb0,
0x00000203cb991570, 0x00000203cb98cd40, 0x00000203cb9923e0, 0x00000203cb9928b0,
0x00000203cb98d6e0, 0x00000203cb98ba00, 0x00000203cb98e080, 0x00000203cb98ea20,
0x00000203cb98bed0, 0x00000203cb990230, 0x00000203cb98d210, 0x00000203cb98eef0,
0x00000203cb98f3c0, 0x00000203cb98f890, 0x00000203cb98fd60, 0x00000203cdf54fa0,
0x00000203cdf51f80, 0x00000203cdf532c0, 0x00000203cdf52df0, 0x00000203cdf54600,
0x00000203cdf54ad0, 0x00000203cdf54130, 0x00000203cdf53790, 0x00000203cdf55470,
0x00000203cdf53c60, 0x00000203cdf55940, 0x00000203cdf52450, 0x00000203cdf52920,
0x00000203ce211ce0, 0x00000203ce20b7d0, 0x00000203ce20b300, 0x00000203ce211810,
0x00000203ce210e70, 0x00000203ce2109a0, 0x00000203ce20ecc0, 0x00000203ce20bca0,
0x00000203ce20d4b0, 0x00000203ce20c170, 0x00000203ce2121b0, 0x00000203ce20c640,
0x00000203ce20d980, 0x00000203ce20f190, 0x00000203ce20de50, 0x00000203ce20fb30,
0x00000203ce20e320, 0x00000203ce20e7f0, 0x00000203ce20f660, 0x00000203ce211340,
0x00000203ce20cb10, 0x00000203ce20cfe0, 0x00000203ce210000, 0x00000203ce212680,
0x00000203ce212b50, 0x00000203ce2104d0, 0x00000203cddb64c0, 0x00000203cddb8b40,
0x00000203cddb5ff0, 0x00000203cddb6e60, 0x00000203cddba820, 0x00000203cddb9010,
0x00000203cddb6990
}

Java Threads: ( => current thread )
  0x00000203aaf3cff0 JavaThread "main" [_thread_blocked, id=8768, stack(0x000000e2b1600000,0x000000e2b1700000)]
  0x00000203c6f08810 JavaThread "Reference Handler" daemon [_thread_blocked, id=15648, stack(0x000000e2b1d00000,0x000000e2b1e00000)]
  0x00000203c780ac70 JavaThread "Finalizer" daemon [_thread_blocked, id=15140, stack(0x000000e2b1e00000,0x000000e2b1f00000)]
  0x00000203c7848360 JavaThread "Signal Dispatcher" daemon [_thread_blocked, id=11784, stack(0x000000e2b1f00000,0x000000e2b2000000)]
  0x00000203c7848d20 JavaThread "Attach Listener" daemon [_thread_blocked, id=7784, stack(0x000000e2b2000000,0x000000e2b2100000)]
  0x00000203c784bbf0 JavaThread "Service Thread" daemon [_thread_blocked, id=18112, stack(0x000000e2b2100000,0x000000e2b2200000)]
  0x00000203c784cd40 JavaThread "Monitor Deflation Thread" daemon [_thread_blocked, id=16180, stack(0x000000e2b2200000,0x000000e2b2300000)]
=>0x00000203c784ea80 JavaThread "C2 CompilerThread0" daemon [_thread_in_native, id=16960, stack(0x000000e2b2300000,0x000000e2b2400000)]
  0x00000203c785b680 JavaThread "C1 CompilerThread0" daemon [_thread_blocked, id=2124, stack(0x000000e2b2400000,0x000000e2b2500000)]
  0x00000203c785e430 JavaThread "Sweeper thread" daemon [_thread_blocked, id=12332, stack(0x000000e2b2500000,0x000000e2b2600000)]
  0x00000203c79de770 JavaThread "Common-Cleaner" daemon [_thread_blocked, id=14124, stack(0x000000e2b2600000,0x000000e2b2700000)]
  0x00000203c79eb6e0 JavaThread "Notification Thread" daemon [_thread_blocked, id=18464, stack(0x000000e2b2700000,0x000000e2b2800000)]
  0x00000203c7b0e660 JavaThread "C2 CompilerThread1" daemon [_thread_in_native, id=9800, stack(0x000000e2b2900000,0x000000e2b2a00000)]
  0x00000203ca3e0f30 JavaThread "Daemon health stats" [_thread_blocked, id=9892, stack(0x000000e2b2e00000,0x000000e2b2f00000)]
  0x00000203cb492010 JavaThread "Incoming local TCP Connector on port 55644" [_thread_in_native, id=3324, stack(0x000000e2b2f00000,0x000000e2b3000000)]
  0x00000203caab9420 JavaThread "Daemon periodic checks" [_thread_blocked, id=2624, stack(0x000000e2b3000000,0x000000e2b3100000)]
  0x00000203c8d36290 JavaThread "Daemon" [_thread_blocked, id=15300, stack(0x000000e2b3100000,0x000000e2b3200000)]
  0x00000203c923d240 JavaThread "Handler for socket connection from /127.0.0.1:55644 to /127.0.0.1:55645" [_thread_in_native, id=10680, stack(0x000000e2b3200000,0x000000e2b3300000)]
  0x00000203c8c3b950 JavaThread "Cancel handler" [_thread_blocked, id=16496, stack(0x000000e2b3300000,0x000000e2b3400000)]
  0x00000203c905e020 JavaThread "Daemon worker" [_thread_in_Java, id=18624, stack(0x000000e2b3400000,0x000000e2b3500000)]
  0x00000203c89812f0 JavaThread "Asynchronous log dispatcher for DefaultDaemonConnection: socket connection from /127.0.0.1:55644 to /127.0.0.1:55645" [_thread_blocked, id=15804, stack(0x000000e2b3500000,0x000000e2b3600000)]
  0x00000203ca1cc560 JavaThread "Stdin handler" [_thread_blocked, id=17756, stack(0x000000e2b3600000,0x000000e2b3700000)]
  0x00000203c92bdb30 JavaThread "Daemon client event forwarder" [_thread_blocked, id=11736, stack(0x000000e2b3700000,0x000000e2b3800000)]
  0x00000203c92bb4b0 JavaThread "Cache worker for journal cache (C:\Users\mateo\.gradle\caches\journal-1)" [_thread_blocked, id=16272, stack(0x000000e2b3800000,0x000000e2b3900000)]
  0x00000203c92be9a0 JavaThread "File lock request listener" [_thread_in_native, id=12872, stack(0x000000e2b3900000,0x000000e2b3a00000)]
  0x00000203c92bb980 JavaThread "Cache worker for file hash cache (C:\Users\mateo\.gradle\caches\7.3.3\fileHashes)" [_thread_blocked, id=14444, stack(0x000000e2b3e00000,0x000000e2b3f00000)]
  0x00000203c92bccc0 JavaThread "Cache worker for file hash cache (C:\Users\mateo\Desktop\PokePabellon2\.gradle\7.3.3\fileHashes)" [_thread_blocked, id=1988, stack(0x000000e2b3f00000,0x000000e2b4000000)]
  0x00000203c92bbe50 JavaThread "File watcher server" daemon [_thread_in_native, id=13696, stack(0x000000e2b4000000,0x000000e2b4100000)]
  0x00000203c92be000 JavaThread "File watcher consumer" daemon [_thread_blocked, id=996, stack(0x000000e2b4100000,0x000000e2b4200000)]
  0x00000203c92bd190 JavaThread "Cache worker for checksums cache (C:\Users\mateo\Desktop\PokePabellon2\.gradle\7.3.3\checksums)" [_thread_blocked, id=15364, stack(0x000000e2b4200000,0x000000e2b4300000)]
  0x00000203c92bd660 JavaThread "Cache worker for cache directory md-supplier (C:\Users\mateo\.gradle\caches\7.3.3\md-supplier)" [_thread_blocked, id=2928, stack(0x000000e2b4300000,0x000000e2b4400000)]
  0x00000203c92bafe0 JavaThread "Cache worker for cache directory md-rule (C:\Users\mateo\.gradle\caches\7.3.3\md-rule)" [_thread_blocked, id=340, stack(0x000000e2b4400000,0x000000e2b4500000)]
  0x00000203c92bc320 JavaThread "Cache worker for execution history cache (C:\Users\mateo\.gradle\caches\7.3.3\executionHistory)" [_thread_blocked, id=13320, stack(0x000000e2b4500000,0x000000e2b4600000)]
  0x00000203cb6918f0 JavaThread "jar transforms" [_thread_blocked, id=6092, stack(0x000000e2b4600000,0x000000e2b4700000)]
  0x00000203cb68eda0 JavaThread "jar transforms Thread 2" [_thread_blocked, id=19320, stack(0x000000e2b4700000,0x000000e2b4800000)]
  0x00000203cb68af10 JavaThread "Cache worker for file content cache (C:\Users\mateo\.gradle\caches\7.3.3\fileContent)" [_thread_blocked, id=5804, stack(0x000000e2b4900000,0x000000e2b4a00000)]
  0x00000203cb68e8d0 JavaThread "jar transforms Thread 3" [_thread_blocked, id=14912, stack(0x000000e2b4a00000,0x000000e2b4b00000)]
  0x00000203cb68f270 JavaThread "jar transforms Thread 4" [_thread_blocked, id=12660, stack(0x000000e2b4b00000,0x000000e2b4c00000)]
  0x00000203cb68b3e0 JavaThread "Cache worker for dependencies-accessors (C:\Users\mateo\Desktop\PokePabellon2\.gradle\7.3.3\dependencies-accessors)" [_thread_blocked, id=1604, stack(0x000000e2b4c00000,0x000000e2b4d00000)]
  0x00000203cb68fc10 JavaThread "jar transforms Thread 5" [_thread_blocked, id=15028, stack(0x000000e2b4d00000,0x000000e2b4e00000)]
  0x00000203cb68da60 JavaThread "Cache worker for Build Output Cleanup Cache (C:\Users\mateo\Desktop\PokePabellon2\.gradle\buildOutputCleanup)" [_thread_blocked, id=608, stack(0x000000e2b4e00000,0x000000e2b4f00000)]
  0x00000203cb6905b0 JavaThread "Unconstrained build operations" [_thread_blocked, id=15696, stack(0x000000e2b4f00000,0x000000e2b5000000)]
  0x00000203cb690a80 JavaThread "Unconstrained build operations Thread 2" [_thread_blocked, id=18176, stack(0x000000e2b5000000,0x000000e2b5100000)]
  0x00000203cb68a570 JavaThread "Unconstrained build operations Thread 3" [_thread_blocked, id=10632, stack(0x000000e2b5100000,0x000000e2b5200000)]
  0x00000203cb68f740 JavaThread "Unconstrained build operations Thread 4" [_thread_blocked, id=13376, stack(0x000000e2b5200000,0x000000e2b5300000)]
  0x00000203cb68b8b0 JavaThread "Unconstrained build operations Thread 5" [_thread_blocked, id=11804, stack(0x000000e2b5300000,0x000000e2b5400000)]
  0x00000203cb690f50 JavaThread "Unconstrained build operations Thread 6" [_thread_blocked, id=14760, stack(0x000000e2b5400000,0x000000e2b5500000)]
  0x00000203cb68bd80 JavaThread "Unconstrained build operations Thread 7" [_thread_blocked, id=14652, stack(0x000000e2b5500000,0x000000e2b5600000)]
  0x00000203cb68c250 JavaThread "Unconstrained build operations Thread 8" [_thread_blocked, id=2968, stack(0x000000e2b5600000,0x000000e2b5700000)]
  0x00000203cb691420 JavaThread "Unconstrained build operations Thread 9" [_thread_blocked, id=8648, stack(0x000000e2b5700000,0x000000e2b5800000)]
  0x00000203cb68c720 JavaThread "Unconstrained build operations Thread 10" [_thread_blocked, id=6820, stack(0x000000e2b5800000,0x000000e2b5900000)]
  0x00000203cb68d0c0 JavaThread "Unconstrained build operations Thread 11" [_thread_blocked, id=17880, stack(0x000000e2b5900000,0x000000e2b5a00000)]
  0x00000203cb68cbf0 JavaThread "Unconstrained build operations Thread 12" [_thread_blocked, id=1352, stack(0x000000e2b5a00000,0x000000e2b5b00000)]
  0x00000203cb990700 JavaThread "Unconstrained build operations Thread 13" [_thread_blocked, id=15164, stack(0x000000e2b5b00000,0x000000e2b5c00000)]
  0x00000203cb98b060 JavaThread "Unconstrained build operations Thread 14" [_thread_blocked, id=5716, stack(0x000000e2b5c00000,0x000000e2b5d00000)]
  0x00000203cb990bd0 JavaThread "Unconstrained build operations Thread 15" [_thread_blocked, id=14660, stack(0x000000e2b5d00000,0x000000e2b5e00000)]
  0x00000203cb991a40 JavaThread "Unconstrained build operations Thread 16" [_thread_blocked, id=11472, stack(0x000000e2b5e00000,0x000000e2b5f00000)]
  0x00000203cb98c3a0 JavaThread "Unconstrained build operations Thread 17" [_thread_blocked, id=6148, stack(0x000000e2b5f00000,0x000000e2b6000000)]
  0x00000203cb98b530 JavaThread "Unconstrained build operations Thread 18" [_thread_blocked, id=652, stack(0x000000e2b6000000,0x000000e2b6100000)]
  0x00000203cb991f10 JavaThread "Unconstrained build operations Thread 19" [_thread_blocked, id=11056, stack(0x000000e2b6100000,0x000000e2b6200000)]
  0x00000203cb98c870 JavaThread "Unconstrained build operations Thread 20" [_thread_blocked, id=12196, stack(0x000000e2b6200000,0x000000e2b6300000)]
  0x00000203cb9910a0 JavaThread "Unconstrained build operations Thread 21" [_thread_blocked, id=16784, stack(0x000000e2b6300000,0x000000e2b6400000)]
  0x00000203cb98e550 JavaThread "Unconstrained build operations Thread 22" [_thread_blocked, id=9108, stack(0x000000e2b6400000,0x000000e2b6500000)]
  0x00000203cb98dbb0 JavaThread "Unconstrained build operations Thread 23" [_thread_blocked, id=16836, stack(0x000000e2b6500000,0x000000e2b6600000)]
  0x00000203cb991570 JavaThread "Unconstrained build operations Thread 24" [_thread_blocked, id=8380, stack(0x000000e2b6600000,0x000000e2b6700000)]
  0x00000203cb98cd40 JavaThread "Unconstrained build operations Thread 25" [_thread_blocked, id=9984, stack(0x000000e2b6700000,0x000000e2b6800000)]
  0x00000203cb9923e0 JavaThread "Unconstrained build operations Thread 26" [_thread_blocked, id=7556, stack(0x000000e2b6800000,0x000000e2b6900000)]
  0x00000203cb9928b0 JavaThread "Unconstrained build operations Thread 27" [_thread_blocked, id=11152, stack(0x000000e2b6900000,0x000000e2b6a00000)]
  0x00000203cb98d6e0 JavaThread "Unconstrained build operations Thread 28" [_thread_blocked, id=14136, stack(0x000000e2b6a00000,0x000000e2b6b00000)]
  0x00000203cb98ba00 JavaThread "Unconstrained build operations Thread 29" [_thread_blocked, id=14008, stack(0x000000e2b6b00000,0x000000e2b6c00000)]
  0x00000203cb98e080 JavaThread "Unconstrained build operations Thread 30" [_thread_blocked, id=3244, stack(0x000000e2b6c00000,0x000000e2b6d00000)]
  0x00000203cb98ea20 JavaThread "Unconstrained build operations Thread 31" [_thread_blocked, id=17592, stack(0x000000e2b6d00000,0x000000e2b6e00000)]
  0x00000203cb98bed0 JavaThread "Unconstrained build operations Thread 32" [_thread_blocked, id=13092, stack(0x000000e2b6e00000,0x000000e2b6f00000)]
  0x00000203cb990230 JavaThread "Unconstrained build operations Thread 33" [_thread_blocked, id=312, stack(0x000000e2b6f00000,0x000000e2b7000000)]
  0x00000203cb98d210 JavaThread "Unconstrained build operations Thread 34" [_thread_blocked, id=1728, stack(0x000000e2b7000000,0x000000e2b7100000)]
  0x00000203cb98eef0 JavaThread "Unconstrained build operations Thread 35" [_thread_blocked, id=10524, stack(0x000000e2b7100000,0x000000e2b7200000)]
  0x00000203cb98f3c0 JavaThread "Unconstrained build operations Thread 36" [_thread_blocked, id=12500, stack(0x000000e2b7200000,0x000000e2b7300000)]
  0x00000203cb98f890 JavaThread "Unconstrained build operations Thread 37" [_thread_blocked, id=11144, stack(0x000000e2b7300000,0x000000e2b7400000)]
  0x00000203cb98fd60 JavaThread "Unconstrained build operations Thread 38" [_thread_blocked, id=10396, stack(0x000000e2b7400000,0x000000e2b7500000)]
  0x00000203cdf54fa0 JavaThread "Unconstrained build operations Thread 39" [_thread_blocked, id=11772, stack(0x000000e2b7500000,0x000000e2b7600000)]
  0x00000203cdf51f80 JavaThread "Unconstrained build operations Thread 40" [_thread_blocked, id=16652, stack(0x000000e2b7600000,0x000000e2b7700000)]
  0x00000203cdf532c0 JavaThread "Unconstrained build operations Thread 41" [_thread_blocked, id=4300, stack(0x000000e2b7700000,0x000000e2b7800000)]
  0x00000203cdf52df0 JavaThread "Unconstrained build operations Thread 42" [_thread_blocked, id=6080, stack(0x000000e2b7800000,0x000000e2b7900000)]
  0x00000203cdf54600 JavaThread "Unconstrained build operations Thread 43" [_thread_blocked, id=8488, stack(0x000000e2b7900000,0x000000e2b7a00000)]
  0x00000203cdf54ad0 JavaThread "Unconstrained build operations Thread 44" [_thread_blocked, id=9088, stack(0x000000e2b7a00000,0x000000e2b7b00000)]
  0x00000203cdf54130 JavaThread "Unconstrained build operations Thread 45" [_thread_blocked, id=13824, stack(0x000000e2b7b00000,0x000000e2b7c00000)]
  0x00000203cdf53790 JavaThread "Unconstrained build operations Thread 46" [_thread_blocked, id=11648, stack(0x000000e2b7c00000,0x000000e2b7d00000)]
  0x00000203cdf55470 JavaThread "Unconstrained build operations Thread 47" [_thread_blocked, id=1404, stack(0x000000e2b7d00000,0x000000e2b7e00000)]
  0x00000203cdf53c60 JavaThread "Unconstrained build operations Thread 48" [_thread_blocked, id=8212, stack(0x000000e2b7e00000,0x000000e2b7f00000)]
  0x00000203cdf55940 JavaThread "Unconstrained build operations Thread 49" [_thread_blocked, id=12856, stack(0x000000e2b7f00000,0x000000e2b8000000)]
  0x00000203cdf52450 JavaThread "Unconstrained build operations Thread 50" [_thread_blocked, id=18364, stack(0x000000e2b8000000,0x000000e2b8100000)]
  0x00000203cdf52920 JavaThread "Unconstrained build operations Thread 51" [_thread_blocked, id=8100, stack(0x000000e2b8100000,0x000000e2b8200000)]
  0x00000203ce211ce0 JavaThread "Unconstrained build operations Thread 52" [_thread_blocked, id=16868, stack(0x000000e2b8200000,0x000000e2b8300000)]
  0x00000203ce20b7d0 JavaThread "Unconstrained build operations Thread 53" [_thread_blocked, id=16216, stack(0x000000e2b8300000,0x000000e2b8400000)]
  0x00000203ce20b300 JavaThread "Unconstrained build operations Thread 54" [_thread_blocked, id=3500, stack(0x000000e2b8400000,0x000000e2b8500000)]
  0x00000203ce211810 JavaThread "Unconstrained build operations Thread 55" [_thread_blocked, id=14460, stack(0x000000e2b8500000,0x000000e2b8600000)]
  0x00000203ce210e70 JavaThread "Unconstrained build operations Thread 56" [_thread_blocked, id=10500, stack(0x000000e2b8600000,0x000000e2b8700000)]
  0x00000203ce2109a0 JavaThread "Unconstrained build operations Thread 57" [_thread_blocked, id=6464, stack(0x000000e2b8700000,0x000000e2b8800000)]
  0x00000203ce20ecc0 JavaThread "Unconstrained build operations Thread 58" [_thread_blocked, id=16900, stack(0x000000e2b8800000,0x000000e2b8900000)]
  0x00000203ce20bca0 JavaThread "Unconstrained build operations Thread 59" [_thread_blocked, id=11304, stack(0x000000e2b8900000,0x000000e2b8a00000)]
  0x00000203ce20d4b0 JavaThread "Unconstrained build operations Thread 60" [_thread_blocked, id=11748, stack(0x000000e2b8a00000,0x000000e2b8b00000)]
  0x00000203ce20c170 JavaThread "Unconstrained build operations Thread 61" [_thread_blocked, id=13268, stack(0x000000e2b8b00000,0x000000e2b8c00000)]
  0x00000203ce2121b0 JavaThread "Unconstrained build operations Thread 62" [_thread_blocked, id=9300, stack(0x000000e2b8c00000,0x000000e2b8d00000)]
  0x00000203ce20c640 JavaThread "Unconstrained build operations Thread 63" [_thread_blocked, id=11252, stack(0x000000e2b8d00000,0x000000e2b8e00000)]
  0x00000203ce20d980 JavaThread "Unconstrained build operations Thread 64" [_thread_blocked, id=4528, stack(0x000000e2b8e00000,0x000000e2b8f00000)]
  0x00000203ce20f190 JavaThread "Unconstrained build operations Thread 65" [_thread_blocked, id=15904, stack(0x000000e2b8f00000,0x000000e2b9000000)]
  0x00000203ce20de50 JavaThread "Unconstrained build operations Thread 66" [_thread_blocked, id=16280, stack(0x000000e2b9000000,0x000000e2b9100000)]
  0x00000203ce20fb30 JavaThread "Unconstrained build operations Thread 67" [_thread_blocked, id=18468, stack(0x000000e2b9100000,0x000000e2b9200000)]
  0x00000203ce20e320 JavaThread "Unconstrained build operations Thread 68" [_thread_blocked, id=8040, stack(0x000000e2b9200000,0x000000e2b9300000)]
  0x00000203ce20e7f0 JavaThread "Unconstrained build operations Thread 69" [_thread_blocked, id=17636, stack(0x000000e2b9300000,0x000000e2b9400000)]
  0x00000203ce20f660 JavaThread "Unconstrained build operations Thread 70" [_thread_blocked, id=14016, stack(0x000000e2b9400000,0x000000e2b9500000)]
  0x00000203ce211340 JavaThread "Unconstrained build operations Thread 71" [_thread_blocked, id=3708, stack(0x000000e2b9500000,0x000000e2b9600000)]
  0x00000203ce20cb10 JavaThread "Unconstrained build operations Thread 72" [_thread_blocked, id=10484, stack(0x000000e2b9600000,0x000000e2b9700000)]
  0x00000203ce20cfe0 JavaThread "Unconstrained build operations Thread 73" [_thread_blocked, id=9920, stack(0x000000e2b9700000,0x000000e2b9800000)]
  0x00000203ce210000 JavaThread "Unconstrained build operations Thread 74" [_thread_blocked, id=7264, stack(0x000000e2b9800000,0x000000e2b9900000)]
  0x00000203ce212680 JavaThread "Unconstrained build operations Thread 75" [_thread_blocked, id=10428, stack(0x000000e2b9900000,0x000000e2b9a00000)]
  0x00000203ce212b50 JavaThread "Unconstrained build operations Thread 76" [_thread_blocked, id=16408, stack(0x000000e2b9a00000,0x000000e2b9b00000)]
  0x00000203ce2104d0 JavaThread "Unconstrained build operations Thread 77" [_thread_blocked, id=17728, stack(0x000000e2b9b00000,0x000000e2b9c00000)]
  0x00000203cddb64c0 JavaThread "Unconstrained build operations Thread 78" [_thread_blocked, id=14688, stack(0x000000e2b9c00000,0x000000e2b9d00000)]
  0x00000203cddb8b40 JavaThread "Unconstrained build operations Thread 79" [_thread_blocked, id=17384, stack(0x000000e2b9d00000,0x000000e2b9e00000)]
  0x00000203cddb5ff0 JavaThread "Unconstrained build operations Thread 80" [_thread_blocked, id=13516, stack(0x000000e2b9e00000,0x000000e2b9f00000)]
  0x00000203cddb6e60 JavaThread "jar transforms Thread 6" [_thread_blocked, id=6520, stack(0x000000e2b9f00000,0x000000e2ba000000)]
  0x00000203cddba820 JavaThread "jar transforms Thread 7" [_thread_blocked, id=3412, stack(0x000000e2ba000000,0x000000e2ba100000)]
  0x00000203cddb9010 JavaThread "jar transforms Thread 8" [_thread_blocked, id=10116, stack(0x000000e2ba100000,0x000000e2ba200000)]
  0x00000203cddb6990 JavaThread "Memory manager" [_thread_blocked, id=18600, stack(0x000000e2ba200000,0x000000e2ba300000)]

Other Threads:
  0x00000203c6ef0050 VMThread "VM Thread" [stack: 0x000000e2b1c00000,0x000000e2b1d00000] [id=8852]
  0x00000203ad123170 WatcherThread [stack: 0x000000e2b2800000,0x000000e2b2900000] [id=16848]
  0x00000203ad0f6f20 GCTaskThread "GC Thread#0" [stack: 0x000000e2b1700000,0x000000e2b1800000] [id=7352]
  0x00000203c8a01420 GCTaskThread "GC Thread#1" [stack: 0x000000e2b2a00000,0x000000e2b2b00000] [id=9488]
  0x00000203c7fa94b0 GCTaskThread "GC Thread#2" [stack: 0x000000e2b2b00000,0x000000e2b2c00000] [id=11652]
  0x00000203c86a01e0 GCTaskThread "GC Thread#3" [stack: 0x000000e2b2c00000,0x000000e2b2d00000] [id=13368]
  0x00000203c90a2980 GCTaskThread "GC Thread#4" [stack: 0x000000e2b2d00000,0x000000e2b2e00000] [id=13940]
  0x00000203c92b2cb0 GCTaskThread "GC Thread#5" [stack: 0x000000e2b3a00000,0x000000e2b3b00000] [id=7908]
  0x00000203c9499700 GCTaskThread "GC Thread#6" [stack: 0x000000e2b3b00000,0x000000e2b3c00000] [id=18832]
  0x00000203ca1cd190 GCTaskThread "GC Thread#7" [stack: 0x000000e2b3c00000,0x000000e2b3d00000] [id=8136]
  0x00000203ad107e60 ConcurrentGCThread "G1 Main Marker" [stack: 0x000000e2b1800000,0x000000e2b1900000] [id=19324]
  0x00000203ad108e80 ConcurrentGCThread "G1 Conc#0" [stack: 0x000000e2b1900000,0x000000e2b1a00000] [id=8804]
  0x00000203cac17040 ConcurrentGCThread "G1 Conc#1" [stack: 0x000000e2b3d00000,0x000000e2b3e00000] [id=4576]
  0x00000203ad15dc00 ConcurrentGCThread "G1 Refine#0" [stack: 0x000000e2b1a00000,0x000000e2b1b00000] [id=15708]
  0x00000203caa488e0 ConcurrentGCThread "G1 Refine#1" [stack: 0x000000e2b4800000,0x000000e2b4900000] [id=9552]
  0x00000203ad15e620 ConcurrentGCThread "G1 Service" [stack: 0x000000e2b1b00000,0x000000e2b1c00000] [id=10480]

Threads with active compile tasks:
C2 CompilerThread0     9347 7731 %     4       org.gradle.internal.instantiation.generator.AbstractClassGenerator::inspectType @ 107 (560 bytes)
C2 CompilerThread1     9347 7462       4       java.lang.Class::annotationData (44 bytes)

VM state: not at safepoint (normal execution)

VM Mutex/Monitor currently owned by a thread: None

Heap address: 0x0000000080000000, size: 2048 MB, Compressed Oops mode: 32-bit

CDS archive(s) not mapped
Compressed class space mapped at: 0x0000000100000000-0x0000000140000000, reserved size: 1073741824
Narrow klass base: 0x0000000000000000, Narrow klass shift: 3, Narrow klass range: 0x140000000

GC Precious Log:
 CPUs: 8 total, 8 available
 Memory: 8066M
 Large Page Support: Disabled
 NUMA Support: Disabled
 Compressed Oops: Enabled (32-bit)
 Heap Region Size: 1M
 Heap Min Capacity: 8M
 Heap Initial Capacity: 128M
 Heap Max Capacity: 2G
 Pre-touch: Disabled
 Parallel Workers: 8
 Concurrent Workers: 2
 Concurrent Refinement Workers: 8
 Periodic GC: Disabled

Heap:
 garbage-first heap   total 132096K, used 72229K [0x0000000080000000, 0x0000000100000000)
  region size 1024K, 13 young (13312K), 4 survivors (4096K)
 Metaspace       used 79576K, committed 80128K, reserved 1122304K
  class space    used 10724K, committed 11008K, reserved 1048576K

Heap Regions: E=young(eden), S=young(survivor), O=old, HS=humongous(starts), HC=humongous(continues), CS=collection set, F=free, OA=open archive, CA=closed archive, TAMS=top-at-mark-start (previous, next)
|   0|0x0000000080000000, 0x0000000080100000, 0x0000000080100000|100%| O|  |TAMS 0x0000000080100000, 0x0000000080000000| Updating 
|   1|0x0000000080100000, 0x0000000080200000, 0x0000000080200000|100%| O|  |TAMS 0x0000000080200000, 0x0000000080100000| Untracked 
|   2|0x0000000080200000, 0x0000000080300000, 0x0000000080300000|100%| O|  |TAMS 0x0000000080300000, 0x0000000080200000| Untracked 
|   3|0x0000000080300000, 0x0000000080400000, 0x0000000080400000|100%|HS|  |TAMS 0x0000000080400000, 0x0000000080300000| Complete 
|   4|0x0000000080400000, 0x0000000080500000, 0x0000000080500000|100%|HC|  |TAMS 0x0000000080500000, 0x0000000080400000| Complete 
|   5|0x0000000080500000, 0x0000000080600000, 0x0000000080600000|100%|HC|  |TAMS 0x0000000080600000, 0x0000000080500000| Complete 
|   6|0x0000000080600000, 0x0000000080700000, 0x0000000080700000|100%| O|  |TAMS 0x0000000080700000, 0x0000000080600000| Untracked 
|   7|0x0000000080700000, 0x0000000080800000, 0x0000000080800000|100%| O|  |TAMS 0x0000000080800000, 0x0000000080700000| Untracked 
|   8|0x0000000080800000, 0x0000000080900000, 0x0000000080900000|100%| O|  |TAMS 0x0000000080900000, 0x0000000080800000| Untracked 
|   9|0x0000000080900000, 0x0000000080a00000, 0x0000000080a00000|100%| O|  |TAMS 0x0000000080a00000, 0x0000000080900000| Updating 
|  10|0x0000000080a00000, 0x0000000080a59e00, 0x0000000080b00000| 35%| O|  |TAMS 0x0000000080a59e00, 0x0000000080a00000| Updating 
|  11|0x0000000080b00000, 0x0000000080c00000, 0x0000000080c00000|100%| O|  |TAMS 0x0000000080c00000, 0x0000000080b00000| Untracked 
|  12|0x0000000080c00000, 0x0000000080d00000, 0x0000000080d00000|100%| O|  |TAMS 0x0000000080d00000, 0x0000000080c00000| Updating 
|  13|0x0000000080d00000, 0x0000000080e00000, 0x0000000080e00000|100%| O|  |TAMS 0x0000000080e00000, 0x0000000080d00000| Untracked 
|  14|0x0000000080e00000, 0x0000000080f00000, 0x0000000080f00000|100%| O|  |TAMS 0x0000000080f00000, 0x0000000080e00000| Untracked 
|  15|0x0000000080f00000, 0x0000000081000000, 0x0000000081000000|100%| O|  |TAMS 0x0000000081000000, 0x0000000080f00000| Untracked 
|  16|0x0000000081000000, 0x0000000081100000, 0x0000000081100000|100%| O|  |TAMS 0x0000000081100000, 0x0000000081000000| Untracked 
|  17|0x0000000081100000, 0x0000000081200000, 0x0000000081200000|100%| O|  |TAMS 0x0000000081200000, 0x0000000081100000| Untracked 
|  18|0x0000000081200000, 0x0000000081300000, 0x0000000081300000|100%| O|  |TAMS 0x0000000081300000, 0x0000000081200000| Untracked 
|  19|0x0000000081300000, 0x0000000081400000, 0x0000000081400000|100%| O|  |TAMS 0x0000000081400000, 0x0000000081300000| Updating 
|  20|0x0000000081400000, 0x0000000081500000, 0x0000000081500000|100%| O|  |TAMS 0x0000000081500000, 0x0000000081400000| Untracked 
|  21|0x0000000081500000, 0x0000000081600000, 0x0000000081600000|100%| O|  |TAMS 0x0000000081600000, 0x0000000081500000| Untracked 
|  22|0x0000000081600000, 0x0000000081700000, 0x0000000081700000|100%| O|  |TAMS 0x0000000081700000, 0x0000000081600000| Untracked 
|  23|0x0000000081700000, 0x0000000081800000, 0x0000000081800000|100%| O|  |TAMS 0x0000000081800000, 0x0000000081700000| Updating 
|  24|0x0000000081800000, 0x0000000081900000, 0x0000000081900000|100%|HS|  |TAMS 0x0000000081900000, 0x0000000081800000| Complete 
|  25|0x0000000081900000, 0x0000000081a00000, 0x0000000081a00000|100%| O|  |TAMS 0x0000000081a00000, 0x0000000081900000| Untracked 
|  26|0x0000000081a00000, 0x0000000081b00000, 0x0000000081b00000|100%| O|  |TAMS 0x0000000081b00000, 0x0000000081a00000| Untracked 
|  27|0x0000000081b00000, 0x0000000081c00000, 0x0000000081c00000|100%| O|  |TAMS 0x0000000081c00000, 0x0000000081b00000| Untracked 
|  28|0x0000000081c00000, 0x0000000081d00000, 0x0000000081d00000|100%| O|  |TAMS 0x0000000081d00000, 0x0000000081c00000| Untracked 
|  29|0x0000000081d00000, 0x0000000081e00000, 0x0000000081e00000|100%| O|  |TAMS 0x0000000081e00000, 0x0000000081d00000| Untracked 
|  30|0x0000000081e00000, 0x0000000081f00000, 0x0000000081f00000|100%| O|  |TAMS 0x0000000081f00000, 0x0000000081e00000| Untracked 
|  31|0x0000000081f00000, 0x0000000082000000, 0x0000000082000000|100%|HS|  |TAMS 0x0000000082000000, 0x0000000081f00000| Complete 
|  32|0x0000000082000000, 0x0000000082100000, 0x0000000082100000|100%|HS|  |TAMS 0x0000000082100000, 0x0000000082000000| Complete 
|  33|0x0000000082100000, 0x0000000082200000, 0x0000000082200000|100%|HC|  |TAMS 0x0000000082200000, 0x0000000082100000| Complete 
|  34|0x0000000082200000, 0x0000000082300000, 0x0000000082300000|100%| O|  |TAMS 0x0000000082300000, 0x0000000082200000| Untracked 
|  35|0x0000000082300000, 0x0000000082400000, 0x0000000082400000|100%| O|  |TAMS 0x0000000082400000, 0x0000000082300000| Untracked 
|  36|0x0000000082400000, 0x0000000082500000, 0x0000000082500000|100%| O|  |TAMS 0x0000000082500000, 0x0000000082400000| Untracked 
|  37|0x0000000082500000, 0x0000000082600000, 0x0000000082600000|100%| O|  |TAMS 0x0000000082600000, 0x0000000082500000| Untracked 
|  38|0x0000000082600000, 0x0000000082700000, 0x0000000082700000|100%| O|  |TAMS 0x0000000082700000, 0x0000000082600000| Untracked 
|  39|0x0000000082700000, 0x0000000082800000, 0x0000000082800000|100%| O|  |TAMS 0x0000000082800000, 0x0000000082700000| Updating 
|  40|0x0000000082800000, 0x0000000082900000, 0x0000000082900000|100%| O|  |TAMS 0x0000000082900000, 0x0000000082800000| Untracked 
|  41|0x0000000082900000, 0x0000000082a00000, 0x0000000082a00000|100%| O|  |TAMS 0x0000000082a00000, 0x0000000082900000| Untracked 
|  42|0x0000000082a00000, 0x0000000082b00000, 0x0000000082b00000|100%| O|  |TAMS 0x0000000082b00000, 0x0000000082a00000| Untracked 
|  43|0x0000000082b00000, 0x0000000082c00000, 0x0000000082c00000|100%| O|  |TAMS 0x0000000082c00000, 0x0000000082b00000| Untracked 
|  44|0x0000000082c00000, 0x0000000082d00000, 0x0000000082d00000|100%| O|  |TAMS 0x0000000082d00000, 0x0000000082c00000| Updating 
|  45|0x0000000082d00000, 0x0000000082e00000, 0x0000000082e00000|100%| O|  |TAMS 0x0000000082e00000, 0x0000000082d00000| Untracked 
|  46|0x0000000082e00000, 0x0000000082f00000, 0x0000000082f00000|100%| O|  |TAMS 0x0000000082f00000, 0x0000000082e00000| Untracked 
|  47|0x0000000082f00000, 0x0000000083000000, 0x0000000083000000|100%| O|  |TAMS 0x0000000083000000, 0x0000000082f00000| Untracked 
|  48|0x0000000083000000, 0x0000000083100000, 0x0000000083100000|100%| O|  |TAMS 0x0000000083100000, 0x0000000083000000| Untracked 
|  49|0x0000000083100000, 0x0000000083200000, 0x0000000083200000|100%| O|  |TAMS 0x0000000083200000, 0x0000000083100000| Untracked 
|  50|0x0000000083200000, 0x0000000083300000, 0x0000000083300000|100%| O|  |TAMS 0x0000000083300000, 0x0000000083200000| Untracked 
|  51|0x0000000083300000, 0x0000000083400000, 0x0000000083400000|100%| O|  |TAMS 0x0000000083400000, 0x0000000083300000| Untracked 
|  52|0x0000000083400000, 0x0000000083500000, 0x0000000083500000|100%| O|  |TAMS 0x0000000083500000, 0x0000000083400000| Untracked 
|  53|0x0000000083500000, 0x0000000083600000, 0x0000000083600000|100%| O|  |TAMS 0x0000000083600000, 0x0000000083500000| Untracked 
|  54|0x0000000083600000, 0x0000000083700000, 0x0000000083700000|100%| O|  |TAMS 0x0000000083700000, 0x0000000083600000| Untracked 
|  55|0x0000000083700000, 0x0000000083800000, 0x0000000083800000|100%| O|  |TAMS 0x0000000083800000, 0x0000000083700000| Untracked 
|  56|0x0000000083800000, 0x0000000083900000, 0x0000000083900000|100%| O|  |TAMS 0x00000000838a0000, 0x0000000083800000| Updating 
|  57|0x0000000083900000, 0x0000000083a00000, 0x0000000083a00000|100%| O|  |TAMS 0x0000000083900000, 0x0000000083900000| Untracked 
|  58|0x0000000083a00000, 0x0000000083b00000, 0x0000000083b00000|100%| O|  |TAMS 0x0000000083a00000, 0x0000000083a00000| Untracked 
|  59|0x0000000083b00000, 0x0000000083b2f800, 0x0000000083c00000| 18%| O|  |TAMS 0x0000000083b00000, 0x0000000083b00000| Updating 
|  60|0x0000000083c00000, 0x0000000083c00000, 0x0000000083d00000|  0%| F|  |TAMS 0x0000000083c00000, 0x0000000083c00000| Untracked 
|  61|0x0000000083d00000, 0x0000000083d00000, 0x0000000083e00000|  0%| F|  |TAMS 0x0000000083d00000, 0x0000000083d00000| Untracked 
|  62|0x0000000083e00000, 0x0000000083e00000, 0x0000000083f00000|  0%| F|  |TAMS 0x0000000083e00000, 0x0000000083e00000| Untracked 
|  63|0x0000000083f00000, 0x0000000083f00000, 0x0000000084000000|  0%| F|  |TAMS 0x0000000083f00000, 0x0000000083f00000| Untracked 
|  64|0x0000000084000000, 0x0000000084000000, 0x0000000084100000|  0%| F|  |TAMS 0x0000000084000000, 0x0000000084000000| Untracked 
|  65|0x0000000084100000, 0x0000000084100000, 0x0000000084200000|  0%| F|  |TAMS 0x0000000084100000, 0x0000000084100000| Untracked 
|  66|0x0000000084200000, 0x0000000084200000, 0x0000000084300000|  0%| F|  |TAMS 0x0000000084200000, 0x0000000084200000| Untracked 
|  67|0x0000000084300000, 0x0000000084300000, 0x0000000084400000|  0%| F|  |TAMS 0x0000000084300000, 0x0000000084300000| Untracked 
|  68|0x0000000084400000, 0x0000000084400000, 0x0000000084500000|  0%| F|  |TAMS 0x0000000084400000, 0x0000000084400000| Untracked 
|  69|0x0000000084500000, 0x0000000084500000, 0x0000000084600000|  0%| F|  |TAMS 0x0000000084500000, 0x0000000084500000| Untracked 
|  70|0x0000000084600000, 0x0000000084600000, 0x0000000084700000|  0%| F|  |TAMS 0x0000000084600000, 0x0000000084600000| Untracked 
|  71|0x0000000084700000, 0x0000000084800000, 0x0000000084800000|100%| S|CS|TAMS 0x0000000084700000, 0x0000000084700000| Complete 
|  72|0x0000000084800000, 0x0000000084900000, 0x0000000084900000|100%| S|CS|TAMS 0x0000000084800000, 0x0000000084800000| Complete 
|  73|0x0000000084900000, 0x0000000084a00000, 0x0000000084a00000|100%| S|CS|TAMS 0x0000000084900000, 0x0000000084900000| Complete 
|  74|0x0000000084a00000, 0x0000000084b00000, 0x0000000084b00000|100%| S|CS|TAMS 0x0000000084a00000, 0x0000000084a00000| Complete 
|  75|0x0000000084b00000, 0x0000000084b00000, 0x0000000084c00000|  0%| F|  |TAMS 0x0000000084b00000, 0x0000000084b00000| Untracked 
|  76|0x0000000084c00000, 0x0000000084c00000, 0x0000000084d00000|  0%| F|  |TAMS 0x0000000084c00000, 0x0000000084c00000| Untracked 
|  77|0x0000000084d00000, 0x0000000084d00000, 0x0000000084e00000|  0%| F|  |TAMS 0x0000000084d00000, 0x0000000084d00000| Untracked 
|  78|0x0000000084e00000, 0x0000000084e00000, 0x0000000084f00000|  0%| F|  |TAMS 0x0000000084e00000, 0x0000000084e00000| Untracked 
|  79|0x0000000084f00000, 0x0000000084f00000, 0x0000000085000000|  0%| F|  |TAMS 0x0000000084f00000, 0x0000000084f00000| Untracked 
|  80|0x0000000085000000, 0x0000000085000000, 0x0000000085100000|  0%| F|  |TAMS 0x0000000085000000, 0x0000000085000000| Untracked 
|  81|0x0000000085100000, 0x0000000085100000, 0x0000000085200000|  0%| F|  |TAMS 0x0000000085100000, 0x0000000085100000| Untracked 
|  82|0x0000000085200000, 0x0000000085200000, 0x0000000085300000|  0%| F|  |TAMS 0x0000000085200000, 0x0000000085200000| Untracked 
|  83|0x0000000085300000, 0x0000000085300000, 0x0000000085400000|  0%| F|  |TAMS 0x0000000085300000, 0x0000000085300000| Untracked 
|  84|0x0000000085400000, 0x0000000085400000, 0x0000000085500000|  0%| F|  |TAMS 0x0000000085400000, 0x0000000085400000| Untracked 
|  85|0x0000000085500000, 0x0000000085500000, 0x0000000085600000|  0%| F|  |TAMS 0x0000000085500000, 0x0000000085500000| Untracked 
|  86|0x0000000085600000, 0x0000000085600000, 0x0000000085700000|  0%| F|  |TAMS 0x0000000085600000, 0x0000000085600000| Untracked 
|  87|0x0000000085700000, 0x0000000085700000, 0x0000000085800000|  0%| F|  |TAMS 0x0000000085700000, 0x0000000085700000| Untracked 
|  88|0x0000000085800000, 0x0000000085800000, 0x0000000085900000|  0%| F|  |TAMS 0x0000000085800000, 0x0000000085800000| Untracked 
|  89|0x0000000085900000, 0x0000000085900000, 0x0000000085a00000|  0%| F|  |TAMS 0x0000000085900000, 0x0000000085900000| Untracked 
|  90|0x0000000085a00000, 0x0000000085a00000, 0x0000000085b00000|  0%| F|  |TAMS 0x0000000085a00000, 0x0000000085a00000| Untracked 
|  91|0x0000000085b00000, 0x0000000085b00000, 0x0000000085c00000|  0%| F|  |TAMS 0x0000000085b00000, 0x0000000085b00000| Untracked 
|  92|0x0000000085c00000, 0x0000000085c00000, 0x0000000085d00000|  0%| F|  |TAMS 0x0000000085c00000, 0x0000000085c00000| Untracked 
|  93|0x0000000085d00000, 0x0000000085d00000, 0x0000000085e00000|  0%| F|  |TAMS 0x0000000085d00000, 0x0000000085d00000| Untracked 
|  94|0x0000000085e00000, 0x0000000085e00000, 0x0000000085f00000|  0%| F|  |TAMS 0x0000000085e00000, 0x0000000085e00000| Untracked 
|  95|0x0000000085f00000, 0x0000000085f00000, 0x0000000086000000|  0%| F|  |TAMS 0x0000000085f00000, 0x0000000085f00000| Untracked 
|  96|0x0000000086000000, 0x0000000086000000, 0x0000000086100000|  0%| F|  |TAMS 0x0000000086000000, 0x0000000086000000| Untracked 
|  97|0x0000000086100000, 0x0000000086100000, 0x0000000086200000|  0%| F|  |TAMS 0x0000000086100000, 0x0000000086100000| Untracked 
|  98|0x0000000086200000, 0x0000000086200000, 0x0000000086300000|  0%| F|  |TAMS 0x0000000086200000, 0x0000000086200000| Untracked 
|  99|0x0000000086300000, 0x0000000086300000, 0x0000000086400000|  0%| F|  |TAMS 0x0000000086300000, 0x0000000086300000| Untracked 
| 100|0x0000000086400000, 0x0000000086400000, 0x0000000086500000|  0%| F|  |TAMS 0x0000000086400000, 0x0000000086400000| Untracked 
| 101|0x0000000086500000, 0x0000000086500000, 0x0000000086600000|  0%| F|  |TAMS 0x0000000086500000, 0x0000000086500000| Untracked 
| 102|0x0000000086600000, 0x0000000086600000, 0x0000000086700000|  0%| F|  |TAMS 0x0000000086600000, 0x0000000086600000| Untracked 
| 103|0x0000000086700000, 0x0000000086700000, 0x0000000086800000|  0%| F|  |TAMS 0x0000000086700000, 0x0000000086700000| Untracked 
| 104|0x0000000086800000, 0x0000000086800000, 0x0000000086900000|  0%| F|  |TAMS 0x0000000086800000, 0x0000000086800000| Untracked 
| 105|0x0000000086900000, 0x0000000086900000, 0x0000000086a00000|  0%| F|  |TAMS 0x0000000086900000, 0x0000000086900000| Untracked 
| 106|0x0000000086a00000, 0x0000000086a00000, 0x0000000086b00000|  0%| F|  |TAMS 0x0000000086a00000, 0x0000000086a00000| Untracked 
| 107|0x0000000086b00000, 0x0000000086b00000, 0x0000000086c00000|  0%| F|  |TAMS 0x0000000086b00000, 0x0000000086b00000| Untracked 
| 108|0x0000000086c00000, 0x0000000086c00000, 0x0000000086d00000|  0%| F|  |TAMS 0x0000000086c00000, 0x0000000086c00000| Untracked 
| 109|0x0000000086d00000, 0x0000000086d00000, 0x0000000086e00000|  0%| F|  |TAMS 0x0000000086d00000, 0x0000000086d00000| Untracked 
| 110|0x0000000086e00000, 0x0000000086e00000, 0x0000000086f00000|  0%| F|  |TAMS 0x0000000086e00000, 0x0000000086e00000| Untracked 
| 111|0x0000000086f00000, 0x0000000086f00000, 0x0000000087000000|  0%| F|  |TAMS 0x0000000086f00000, 0x0000000086f00000| Untracked 
| 112|0x0000000087000000, 0x0000000087000000, 0x0000000087100000|  0%| F|  |TAMS 0x0000000087000000, 0x0000000087000000| Untracked 
| 113|0x0000000087100000, 0x0000000087100000, 0x0000000087200000|  0%| F|  |TAMS 0x0000000087100000, 0x0000000087100000| Untracked 
| 114|0x0000000087200000, 0x0000000087200000, 0x0000000087300000|  0%| F|  |TAMS 0x0000000087200000, 0x0000000087200000| Untracked 
| 115|0x0000000087300000, 0x0000000087300000, 0x0000000087400000|  0%| F|  |TAMS 0x0000000087300000, 0x0000000087300000| Untracked 
| 116|0x0000000087400000, 0x0000000087400000, 0x0000000087500000|  0%| F|  |TAMS 0x0000000087400000, 0x0000000087400000| Untracked 
| 117|0x0000000087500000, 0x0000000087500000, 0x0000000087600000|  0%| F|  |TAMS 0x0000000087500000, 0x0000000087500000| Untracked 
| 118|0x0000000087600000, 0x0000000087600000, 0x0000000087700000|  0%| F|  |TAMS 0x0000000087600000, 0x0000000087600000| Untracked 
| 119|0x0000000087700000, 0x0000000087780800, 0x0000000087800000| 50%| E|  |TAMS 0x0000000087700000, 0x0000000087700000| Complete 
| 120|0x0000000087800000, 0x0000000087900000, 0x0000000087900000|100%| E|CS|TAMS 0x0000000087800000, 0x0000000087800000| Complete 
| 121|0x0000000087900000, 0x0000000087a00000, 0x0000000087a00000|100%| E|CS|TAMS 0x0000000087900000, 0x0000000087900000| Complete 
| 122|0x0000000087a00000, 0x0000000087b00000, 0x0000000087b00000|100%| E|CS|TAMS 0x0000000087a00000, 0x0000000087a00000| Complete 
| 123|0x0000000087b00000, 0x0000000087c00000, 0x0000000087c00000|100%| E|CS|TAMS 0x0000000087b00000, 0x0000000087b00000| Complete 
| 124|0x0000000087c00000, 0x0000000087d00000, 0x0000000087d00000|100%| E|CS|TAMS 0x0000000087c00000, 0x0000000087c00000| Complete 
| 125|0x0000000087d00000, 0x0000000087e00000, 0x0000000087e00000|100%| E|CS|TAMS 0x0000000087d00000, 0x0000000087d00000| Complete 
| 126|0x0000000087e00000, 0x0000000087f00000, 0x0000000087f00000|100%| E|CS|TAMS 0x0000000087e00000, 0x0000000087e00000| Complete 
| 127|0x0000000087f00000, 0x0000000088000000, 0x0000000088000000|100%| E|CS|TAMS 0x0000000087f00000, 0x0000000087f00000| Complete 
| 128|0x0000000088000000, 0x0000000088100000, 0x0000000088100000|100%| E|CS|TAMS 0x0000000088000000, 0x0000000088000000| Complete 

Card table byte_map: [0x00000203bfc90000,0x00000203c0090000] _byte_map_base: 0x00000203bf890000

Marking Bits (Prev, Next): (CMBitMap*) 0x00000203ad0f7570, (CMBitMap*) 0x00000203ad0f7530
 Prev Bits: [0x00000203c2490000, 0x00000203c4490000)
 Next Bits: [0x00000203c0490000, 0x00000203c2490000)

Polling page: 0x00000203ac860000

Metaspace:

Usage:
  Non-class:     67.24 MB used.
      Class:     10.47 MB used.
       Both:     77.71 MB used.

Virtual space:
  Non-class space:       72.00 MB reserved,      67.50 MB ( 94%) committed,  9 nodes.
      Class space:        1.00 GB reserved,      10.75 MB (  1%) committed,  1 nodes.
             Both:        1.07 GB reserved,      78.25 MB (  7%) committed. 

Chunk freelists:
   Non-Class:  81.00 KB
       Class:  1.29 MB
        Both:  1.37 MB

MaxMetaspaceSize: unlimited
CompressedClassSpaceSize: 1.00 GB
Initial GC threshold: 21.00 MB
Current GC threshold: 130.44 MB
CDS: off
MetaspaceReclaimPolicy: balanced
 - commit_granule_bytes: 65536.
 - commit_granule_words: 8192.
 - virtual_space_node_default_size: 1048576.
 - enlarge_chunks_in_place: 1.
 - new_chunks_are_fully_committed: 0.
 - uncommit_free_chunks: 1.
 - use_allocation_guard: 0.
 - handle_deallocations: 1.


Internal statistics:

num_allocs_failed_limit: 9.
num_arena_births: 650.
num_arena_deaths: 0.
num_vsnodes_births: 10.
num_vsnodes_deaths: 0.
num_space_committed: 1252.
num_space_uncommitted: 0.
num_chunks_returned_to_freelist: 9.
num_chunks_taken_from_freelist: 3418.
num_chunk_merges: 3.
num_chunk_splits: 2252.
num_chunks_enlarged: 1526.
num_purges: 0.
num_inconsistent_stats: 0.

CodeHeap 'non-profiled nmethods': size=120000Kb used=3656Kb max_used=3656Kb free=116343Kb
 bounds [0x00000203b8030000, 0x00000203b83d0000, 0x00000203bf560000]
CodeHeap 'profiled nmethods': size=120000Kb used=13994Kb max_used=13994Kb free=106005Kb
 bounds [0x00000203b0560000, 0x00000203b1310000, 0x00000203b7a90000]
CodeHeap 'non-nmethods': size=5760Kb used=2362Kb max_used=2431Kb free=3397Kb
 bounds [0x00000203b7a90000, 0x00000203b7d00000, 0x00000203b8030000]
 total_blobs=7920 nmethods=7030 adapters=802
 compilation: enabled
              stopped_count=0, restarted_count=0
 full_count=0

Compilation events (20 events):
Event: 9.241 Thread 0x00000203c785b680 7882   !   2       jdk.internal.reflect.GeneratedConstructorAccessor35::newInstance (53 bytes)
Event: 9.243 Thread 0x00000203c785b680 nmethod 7882 0x00000203b12f8e10 code [0x00000203b12f9020, 0x00000203b12f9588]
Event: 9.246 Thread 0x00000203c785b680 7883       2       groovy.lang.MetaClassImpl::applyStrayPropertyMethods (288 bytes)
Event: 9.258 Thread 0x00000203c785b680 nmethod 7883 0x00000203b12f9910 code [0x00000203b12f9c20, 0x00000203b12fa938]
Event: 9.258 Thread 0x00000203c785b680 7885 %     3       java.util.ComparableTimSort::binarySort @ 72 (223 bytes)
Event: 9.259 Thread 0x00000203c785b680 nmethod 7885% 0x00000203b12fb410 code [0x00000203b12fb640, 0x00000203b12fc2f8]
Event: 9.259 Thread 0x00000203c785b680 7884       2       groovy.lang.MetaClassImpl::addElementToList (58 bytes)
Event: 9.260 Thread 0x00000203c785b680 nmethod 7884 0x00000203b12fc690 code [0x00000203b12fc860, 0x00000203b12fcb08]
Event: 9.260 Thread 0x00000203c785b680 7887       2       java.util.Arrays$ArrayList::indexOf (62 bytes)
Event: 9.260 Thread 0x00000203c785b680 nmethod 7887 0x00000203b12fcc90 code [0x00000203b12fce40, 0x00000203b12fd108]
Event: 9.260 Thread 0x00000203c785b680 7886       2       java.util.Arrays$ArrayList::contains (14 bytes)
Event: 9.260 Thread 0x00000203c785b680 nmethod 7886 0x00000203b12fd290 code [0x00000203b12fd420, 0x00000203b12fd548]
Event: 9.265 Thread 0x00000203c785b680 7888       2       java.beans.Introspector::processPropertyDescriptors (964 bytes)
Event: 9.270 Thread 0x00000203c785b680 nmethod 7888 0x00000203b12fd610 code [0x00000203b12fdc80, 0x00000203b1300238]
Event: 9.271 Thread 0x00000203c785b680 7891       2       java.beans.Introspector::addPropertyDescriptors (37 bytes)
Event: 9.271 Thread 0x00000203c785b680 nmethod 7891 0x00000203b1301790 code [0x00000203b1301940, 0x00000203b1301b08]
Event: 9.280 Thread 0x00000203c785b680 7893       3       groovy.lang.MetaClassImpl::inheritInterfaceNewMetaMethods (195 bytes)
Event: 9.282 Thread 0x00000203c785b680 nmethod 7893 0x00000203b1301c10 code [0x00000203b1301f00, 0x00000203b1303198]
Event: 9.282 Thread 0x00000203c785b680 7894       2       java.util.LinkedList$ListItr::hasPrevious (13 bytes)
Event: 9.282 Thread 0x00000203c785b680 nmethod 7894 0x00000203b1303810 code [0x00000203b13039a0, 0x00000203b1303ab8]

GC Heap History (20 events):
Event: 5.701 GC heap before
{Heap before GC invocations=17 (full 0):
 garbage-first heap   total 83968K, used 60470K [0x0000000080000000, 0x0000000100000000)
  region size 1024K, 17 young (17408K), 2 survivors (2048K)
 Metaspace       used 54759K, committed 55232K, reserved 1097728K
  class space    used 7186K, committed 7424K, reserved 1048576K
}
Event: 5.704 GC heap after
{Heap after GC invocations=18 (full 0):
 garbage-first heap   total 83968K, used 45721K [0x0000000080000000, 0x0000000100000000)
  region size 1024K, 2 young (2048K), 2 survivors (2048K)
 Metaspace       used 54759K, committed 55232K, reserved 1097728K
  class space    used 7186K, committed 7424K, reserved 1048576K
}
Event: 6.046 GC heap before
{Heap before GC invocations=18 (full 0):
 garbage-first heap   total 83968K, used 65177K [0x0000000080000000, 0x0000000100000000)
  region size 1024K, 21 young (21504K), 2 survivors (2048K)
 Metaspace       used 58261K, committed 58688K, reserved 1105920K
  class space    used 7620K, committed 7808K, reserved 1048576K
}
Event: 6.049 GC heap after
{Heap after GC invocations=19 (full 0):
 garbage-first heap   total 101376K, used 46523K [0x0000000080000000, 0x0000000100000000)
  region size 1024K, 2 young (2048K), 2 survivors (2048K)
 Metaspace       used 58261K, committed 58688K, reserved 1105920K
  class space    used 7620K, committed 7808K, reserved 1048576K
}
Event: 6.622 GC heap before
{Heap before GC invocations=20 (full 0):
 garbage-first heap   total 101376K, used 78267K [0x0000000080000000, 0x0000000100000000)
  region size 1024K, 34 young (34816K), 2 survivors (2048K)
 Metaspace       used 63258K, committed 63744K, reserved 1105920K
  class space    used 8273K, committed 8512K, reserved 1048576K
}
Event: 6.628 GC heap after
{Heap after GC invocations=21 (full 0):
 garbage-first heap   total 101376K, used 49809K [0x0000000080000000, 0x0000000100000000)
  region size 1024K, 5 young (5120K), 5 survivors (5120K)
 Metaspace       used 63258K, committed 63744K, reserved 1105920K
  class space    used 8273K, committed 8512K, reserved 1048576K
}
Event: 6.914 GC heap before
{Heap before GC invocations=21 (full 0):
 garbage-first heap   total 101376K, used 72337K [0x0000000080000000, 0x0000000100000000)
  region size 1024K, 28 young (28672K), 5 survivors (5120K)
 Metaspace       used 65295K, committed 65728K, reserved 1114112K
  class space    used 8504K, committed 8704K, reserved 1048576K
}
Event: 6.919 GC heap after
{Heap after GC invocations=22 (full 0):
 garbage-first heap   total 101376K, used 51911K [0x0000000080000000, 0x0000000100000000)
  region size 1024K, 3 young (3072K), 3 survivors (3072K)
 Metaspace       used 65295K, committed 65728K, reserved 1114112K
  class space    used 8504K, committed 8704K, reserved 1048576K
}
Event: 7.203 GC heap before
{Heap before GC invocations=23 (full 0):
 garbage-first heap   total 101376K, used 80583K [0x0000000080000000, 0x0000000100000000)
  region size 1024K, 30 young (30720K), 3 survivors (3072K)
 Metaspace       used 66107K, committed 66560K, reserved 1114112K
  class space    used 8638K, committed 8832K, reserved 1048576K
}
Event: 7.207 GC heap after
{Heap after GC invocations=24 (full 0):
 garbage-first heap   total 101376K, used 53864K [0x0000000080000000, 0x0000000100000000)
  region size 1024K, 4 young (4096K), 4 survivors (4096K)
 Metaspace       used 66107K, committed 66560K, reserved 1114112K
  class space    used 8638K, committed 8832K, reserved 1048576K
}
Event: 7.574 GC heap before
{Heap before GC invocations=24 (full 0):
 garbage-first heap   total 101376K, used 81512K [0x0000000080000000, 0x0000000100000000)
  region size 1024K, 31 young (31744K), 4 survivors (4096K)
 Metaspace       used 68637K, committed 69120K, reserved 1114112K
  class space    used 9055K, committed 9280K, reserved 1048576K
}
Event: 7.581 GC heap after
{Heap after GC invocations=25 (full 0):
 garbage-first heap   total 101376K, used 55872K [0x0000000080000000, 0x0000000100000000)
  region size 1024K, 3 young (3072K), 3 survivors (3072K)
 Metaspace       used 68637K, committed 69120K, reserved 1114112K
  class space    used 9055K, committed 9280K, reserved 1048576K
}
Event: 7.997 GC heap before
{Heap before GC invocations=26 (full 0):
 garbage-first heap   total 102400K, used 79424K [0x0000000080000000, 0x0000000100000000)
  region size 1024K, 27 young (27648K), 3 survivors (3072K)
 Metaspace       used 71624K, committed 72128K, reserved 1114112K
  class space    used 9576K, committed 9792K, reserved 1048576K
}
Event: 8.001 GC heap after
{Heap after GC invocations=27 (full 0):
 garbage-first heap   total 102400K, used 57423K [0x0000000080000000, 0x0000000100000000)
  region size 1024K, 4 young (4096K), 4 survivors (4096K)
 Metaspace       used 71624K, committed 72128K, reserved 1114112K
  class space    used 9576K, committed 9792K, reserved 1048576K
}
Event: 8.368 GC heap before
{Heap before GC invocations=27 (full 0):
 garbage-first heap   total 102400K, used 81999K [0x0000000080000000, 0x0000000100000000)
  region size 1024K, 29 young (29696K), 4 survivors (4096K)
 Metaspace       used 73754K, committed 74240K, reserved 1114112K
  class space    used 9917K, committed 10112K, reserved 1048576K
}
Event: 8.374 GC heap after
{Heap after GC invocations=28 (full 0):
 garbage-first heap   total 102400K, used 59321K [0x0000000080000000, 0x0000000100000000)
  region size 1024K, 4 young (4096K), 4 survivors (4096K)
 Metaspace       used 73754K, committed 74240K, reserved 1114112K
  class space    used 9917K, committed 10112K, reserved 1048576K
}
Event: 8.797 GC heap before
{Heap before GC invocations=29 (full 0):
 garbage-first heap   total 109568K, used 83897K [0x0000000080000000, 0x0000000100000000)
  region size 1024K, 28 young (28672K), 4 survivors (4096K)
 Metaspace       used 76679K, committed 77184K, reserved 1122304K
  class space    used 10369K, committed 10624K, reserved 1048576K
}
Event: 8.802 GC heap after
{Heap after GC invocations=30 (full 0):
 garbage-first heap   total 109568K, used 60986K [0x0000000080000000, 0x0000000100000000)
  region size 1024K, 4 young (4096K), 4 survivors (4096K)
 Metaspace       used 76679K, committed 77184K, reserved 1122304K
  class space    used 10369K, committed 10624K, reserved 1048576K
}
Event: 9.247 GC heap before
{Heap before GC invocations=30 (full 0):
 garbage-first heap   total 109568K, used 89658K [0x0000000080000000, 0x0000000100000000)
  region size 1024K, 32 young (32768K), 4 survivors (4096K)
 Metaspace       used 79558K, committed 80128K, reserved 1122304K
  class space    used 10724K, committed 11008K, reserved 1048576K
}
Event: 9.256 GC heap after
{Heap after GC invocations=31 (full 0):
 garbage-first heap   total 132096K, used 64037K [0x0000000080000000, 0x0000000100000000)
  region size 1024K, 4 young (4096K), 4 survivors (4096K)
 Metaspace       used 79558K, committed 80128K, reserved 1122304K
  class space    used 10724K, committed 11008K, reserved 1048576K
}

Dll operation events (2 events):
Event: 0.007 Loaded shared library C:\Program Files\Android\Android Studio\jbr\bin\java.dll
Event: 0.362 Loaded shared library C:\Program Files\Android\Android Studio\jbr\bin\verify.dll

Deoptimization events (20 events):
Event: 8.963 Thread 0x00000203c905e020 DEOPT PACKING pc=0x00000203b09b29aa sp=0x000000e2b34f9220
Event: 8.963 Thread 0x00000203c905e020 DEOPT UNPACKING pc=0x00000203b7ae7143 sp=0x000000e2b34f86e0 mode 0
Event: 8.963 Thread 0x00000203c905e020 DEOPT PACKING pc=0x00000203b09b29aa sp=0x000000e2b34f9220
Event: 8.963 Thread 0x00000203c905e020 DEOPT UNPACKING pc=0x00000203b7ae7143 sp=0x000000e2b34f86e0 mode 0
Event: 8.969 Thread 0x00000203c905e020 Uncommon trap: trap_request=0xffffff45 fr.pc=0x00000203b8102504 relative=0x00000000000002c4
Event: 8.969 Thread 0x00000203c905e020 Uncommon trap: reason=unstable_if action=reinterpret pc=0x00000203b8102504 method=java.lang.CharacterDataLatin1.digit(II)I @ 12 c2
Event: 8.969 Thread 0x00000203c905e020 DEOPT PACKING pc=0x00000203b8102504 sp=0x000000e2b34f9640
Event: 8.969 Thread 0x00000203c905e020 DEOPT UNPACKING pc=0x00000203b7ae69a3 sp=0x000000e2b34f9460 mode 2
Event: 8.995 Thread 0x00000203c905e020 Uncommon trap: trap_request=0xffffff45 fr.pc=0x00000203b8100bc8 relative=0x00000000000000a8
Event: 8.995 Thread 0x00000203c905e020 Uncommon trap: reason=unstable_if action=reinterpret pc=0x00000203b8100bc8 method=java.lang.CharacterDataLatin1.digit(II)I @ 12 c2
Event: 8.995 Thread 0x00000203c905e020 DEOPT PACKING pc=0x00000203b8100bc8 sp=0x000000e2b34f9500
Event: 8.995 Thread 0x00000203c905e020 DEOPT UNPACKING pc=0x00000203b7ae69a3 sp=0x000000e2b34f9478 mode 2
Event: 9.210 Thread 0x00000203c905e020 Uncommon trap: trap_request=0xffffff45 fr.pc=0x00000203b809eff4 relative=0x00000000000012b4
Event: 9.210 Thread 0x00000203c905e020 Uncommon trap: reason=unstable_if action=reinterpret pc=0x00000203b809eff4 method=java.lang.ClassLoader.checkCerts(Ljava/lang/String;Ljava/security/CodeSource;)V @ 30 c2
Event: 9.210 Thread 0x00000203c905e020 DEOPT PACKING pc=0x00000203b809eff4 sp=0x000000e2b34f7da0
Event: 9.210 Thread 0x00000203c905e020 DEOPT UNPACKING pc=0x00000203b7ae69a3 sp=0x000000e2b34f7d18 mode 2
Event: 9.211 Thread 0x00000203c905e020 Uncommon trap: trap_request=0xffffff45 fr.pc=0x00000203b82f899c relative=0x0000000000000b1c
Event: 9.211 Thread 0x00000203c905e020 Uncommon trap: reason=unstable_if action=reinterpret pc=0x00000203b82f899c method=java.lang.ClassLoader.loadClass(Ljava/lang/String;Z)Ljava/lang/Class; @ 29 c2
Event: 9.211 Thread 0x00000203c905e020 DEOPT PACKING pc=0x00000203b82f899c sp=0x000000e2b34f3e90
Event: 9.211 Thread 0x00000203c905e020 DEOPT UNPACKING pc=0x00000203b7ae69a3 sp=0x000000e2b34f3e58 mode 2

Classes unloaded (0 events):
No events

Classes redefined (0 events):
No events

Internal exceptions (20 events):
Event: 9.230 Thread 0x00000203c905e020 Exception <a 'java/lang/ClassNotFoundException'{0x0000000084c33e50}: com/android/build/gradle/tasks/AidlCompileCustomizer> (0x0000000084c33e50) 
thrown [s\src\hotspot\share\classfile\systemDictionary.cpp, line 256]
Event: 9.232 Thread 0x00000203c905e020 Exception <a 'java/lang/ClassNotFoundException'{0x0000000084c5e610}: com/android/build/gradle/tasks/AidlCompile_DecoratedCustomizer> (0x0000000084c5e610) 
thrown [s\src\hotspot\share\classfile\systemDictionary.cpp, line 256]
Event: 9.237 Thread 0x00000203c905e020 Exception <a 'java/lang/ClassNotFoundException'{0x0000000084b1d7d0}: com/android/build/gradle/tasks/RenderscriptCompile_DecoratedBeanInfo> (0x0000000084b1d7d0) 
thrown [s\src\hotspot\share\classfile\systemDictionary.cpp, line 256]
Event: 9.238 Thread 0x00000203c905e020 Exception <a 'java/lang/ClassNotFoundException'{0x0000000084b28c00}: com/android/build/gradle/tasks/RenderscriptCompileBeanInfo> (0x0000000084b28c00) 
thrown [s\src\hotspot\share\classfile\systemDictionary.cpp, line 256]
Event: 9.238 Thread 0x00000203c905e020 Exception <a 'java/lang/ClassNotFoundException'{0x0000000084b340d8}: com/android/build/gradle/internal/tasks/NdkTaskBeanInfo> (0x0000000084b340d8) 
thrown [s\src\hotspot\share\classfile\systemDictionary.cpp, line 256]
Event: 9.239 Thread 0x00000203c905e020 Exception <a 'java/lang/ClassNotFoundException'{0x0000000084b3f5c8}: com/android/build/gradle/internal/tasks/NdkTaskCustomizer> (0x0000000084b3f5c8) 
thrown [s\src\hotspot\share\classfile\systemDictionary.cpp, line 256]
Event: 9.241 Thread 0x00000203c905e020 Exception <a 'java/lang/ClassNotFoundException'{0x0000000084b61ab0}: com/android/build/gradle/tasks/RenderscriptCompileCustomizer> (0x0000000084b61ab0) 
thrown [s\src\hotspot\share\classfile\systemDictionary.cpp, line 256]
Event: 9.243 Thread 0x00000203c905e020 Exception <a 'java/lang/ClassNotFoundException'{0x0000000084b973c8}: com/android/build/gradle/tasks/RenderscriptCompile_DecoratedCustomizer> (0x0000000084b973c8) 
thrown [s\src\hotspot\share\classfile\systemDictionary.cpp, line 256]
Event: 9.260 Thread 0x00000203c905e020 Exception <a 'java/lang/ClassNotFoundException'{0x00000000880647b0}: com/android/build/gradle/tasks/GenerateBuildConfig_DecoratedBeanInfo> (0x00000000880647b0) 
thrown [s\src\hotspot\share\classfile\systemDictionary.cpp, line 256]
Event: 9.261 Thread 0x00000203c905e020 Exception <a 'java/lang/ClassNotFoundException'{0x000000008806fbe0}: com/android/build/gradle/tasks/GenerateBuildConfigBeanInfo> (0x000000008806fbe0) 
thrown [s\src\hotspot\share\classfile\systemDictionary.cpp, line 256]
Event: 9.262 Thread 0x00000203c905e020 Exception <a 'java/lang/ClassNotFoundException'{0x000000008807aff8}: com/android/build/gradle/tasks/GenerateBuildConfigCustomizer> (0x000000008807aff8) 
thrown [s\src\hotspot\share\classfile\systemDictionary.cpp, line 256]
Event: 9.264 Thread 0x00000203c905e020 Exception <a 'java/lang/ClassNotFoundException'{0x00000000880af220}: com/android/build/gradle/tasks/GenerateBuildConfig_DecoratedCustomizer> (0x00000000880af220) 
thrown [s\src\hotspot\share\classfile\systemDictionary.cpp, line 256]
Event: 9.270 Thread 0x00000203c905e020 Exception <a 'java/lang/ClassNotFoundException'{0x0000000087f50598}: com/android/build/gradle/tasks/JavaPreCompileTask_DecoratedBeanInfo> (0x0000000087f50598) 
thrown [s\src\hotspot\share\classfile\systemDictionary.cpp, line 256]
Event: 9.270 Thread 0x00000203c905e020 Exception <a 'java/lang/ClassNotFoundException'{0x0000000087f5b9c8}: com/android/build/gradle/tasks/JavaPreCompileTaskBeanInfo> (0x0000000087f5b9c8) 
thrown [s\src\hotspot\share\classfile\systemDictionary.cpp, line 256]
Event: 9.271 Thread 0x00000203c905e020 Exception <a 'java/lang/ClassNotFoundException'{0x0000000087f66dd8}: com/android/build/gradle/tasks/JavaPreCompileTaskCustomizer> (0x0000000087f66dd8) 
thrown [s\src\hotspot\share\classfile\systemDictionary.cpp, line 256]
Event: 9.272 Thread 0x00000203c905e020 Exception <a 'java/lang/ClassNotFoundException'{0x0000000087f85080}: com/android/build/gradle/tasks/JavaPreCompileTask_DecoratedCustomizer> (0x0000000087f85080) 
thrown [s\src\hotspot\share\classfile\systemDictionary.cpp, line 256]
Event: 9.282 Thread 0x00000203c905e020 Exception <a 'java/lang/ClassNotFoundException'{0x0000000087e15020}: com/android/build/gradle/internal/tasks/CheckAarMetadataTask_DecoratedBeanInfo> (0x0000000087e15020) 
thrown [s\src\hotspot\share\classfile\systemDictionary.cpp, line 256]
Event: 9.283 Thread 0x00000203c905e020 Exception <a 'java/lang/ClassNotFoundException'{0x0000000087e20640}: com/android/build/gradle/internal/tasks/CheckAarMetadataTaskBeanInfo> (0x0000000087e20640) 
thrown [s\src\hotspot\share\classfile\systemDictionary.cpp, line 256]
Event: 9.284 Thread 0x00000203c905e020 Exception <a 'java/lang/ClassNotFoundException'{0x0000000087e2bc30}: com/android/build/gradle/internal/tasks/CheckAarMetadataTaskCustomizer> (0x0000000087e2bc30) 
thrown [s\src\hotspot\share\classfile\systemDictionary.cpp, line 256]
Event: 9.286 Thread 0x00000203c905e020 Exception <a 'java/lang/ClassNotFoundException'{0x0000000087e534c8}: com/android/build/gradle/internal/tasks/CheckAarMetadataTask_DecoratedCustomizer> (0x0000000087e534c8) 
thrown [s\src\hotspot\share\classfile\systemDictionary.cpp, line 256]

VM Operations (20 events):
Event: 8.432 Executing VM operation: G1Concurrent
Event: 8.436 Executing VM operation: G1Concurrent done
Event: 8.467 Executing VM operation: G1Concurrent
Event: 8.467 Executing VM operation: G1Concurrent done
Event: 8.624 Executing VM operation: HandshakeAllThreads
Event: 8.624 Executing VM operation: HandshakeAllThreads done
Event: 8.731 Executing VM operation: HandshakeAllThreads
Event: 8.731 Executing VM operation: HandshakeAllThreads done
Event: 8.797 Executing VM operation: G1CollectForAllocation
Event: 8.802 Executing VM operation: G1CollectForAllocation done
Event: 8.999 Executing VM operation: HandshakeAllThreads
Event: 9.000 Executing VM operation: HandshakeAllThreads done
Event: 9.086 Executing VM operation: HandshakeAllThreads
Event: 9.086 Executing VM operation: HandshakeAllThreads done
Event: 9.188 Executing VM operation: HandshakeAllThreads
Event: 9.188 Executing VM operation: HandshakeAllThreads done
Event: 9.243 Executing VM operation: ICBufferFull
Event: 9.244 Executing VM operation: ICBufferFull done
Event: 9.247 Executing VM operation: G1CollectForAllocation
Event: 9.256 Executing VM operation: G1CollectForAllocation done

Events (20 events):
Event: 9.170 loading class java/util/function/IntBinaryOperator
Event: 9.170 loading class java/util/function/IntBinaryOperator done
Event: 9.170 loading class java/util/stream/ReduceOps$7
Event: 9.170 loading class java/util/stream/ReduceOps$7 done
Event: 9.170 loading class java/util/stream/ReduceOps$6ReducingSink
Event: 9.171 loading class java/util/stream/ReduceOps$6ReducingSink done
Event: 9.171 loading class java/util/stream/ReferencePipeline$4$1
Event: 9.171 loading class java/util/stream/ReferencePipeline$4$1 done
Event: 9.172 loading class java/util/IdentityHashMap$KeyIterator
Event: 9.172 loading class java/util/IdentityHashMap$IdentityHashMapIterator
Event: 9.172 loading class java/util/IdentityHashMap$IdentityHashMapIterator done
Event: 9.172 loading class java/util/IdentityHashMap$KeyIterator done
Event: 9.203 loading class java/lang/ClassBeanInfo
Event: 9.204 loading class java/lang/ClassBeanInfo done
Event: 9.204 loading class java/lang/ClassBeanInfo
Event: 9.204 loading class java/lang/ClassBeanInfo done
Event: 9.204 loading class java/lang/ClassCustomizer
Event: 9.204 loading class java/lang/ClassCustomizer done
Event: 9.204 loading class java/lang/ClassCustomizer
Event: 9.204 loading class java/lang/ClassCustomizer done


Dynamic libraries:
0x00007ff7109a0000 - 0x00007ff7109aa000 	C:\Program Files\Android\Android Studio\jbr\bin\java.exe
0x00007ff82ef90000 - 0x00007ff82f1a7000 	C:\WINDOWS\SYSTEM32\ntdll.dll
0x00007ff82cd40000 - 0x00007ff82ce04000 	C:\WINDOWS\System32\KERNEL32.DLL
0x00007ff82c840000 - 0x00007ff82cbe5000 	C:\WINDOWS\System32\KERNELBASE.dll
0x00007ff82c540000 - 0x00007ff82c651000 	C:\WINDOWS\System32\ucrtbase.dll
0x00007ff8239b0000 - 0x00007ff8239c7000 	C:\Program Files\Android\Android Studio\jbr\bin\jli.dll
0x00007ff8283d0000 - 0x00007ff8283eb000 	C:\Program Files\Android\Android Studio\jbr\bin\VCRUNTIME140.dll
0x00007ff82d230000 - 0x00007ff82d3de000 	C:\WINDOWS\System32\USER32.dll
0x00007ff82c510000 - 0x00007ff82c536000 	C:\WINDOWS\System32\win32u.dll
0x00007ff810a50000 - 0x00007ff810ce3000 	C:\WINDOWS\WinSxS\amd64_microsoft.windows.common-controls_6595b64144ccf1df_6.0.22621.2506_none_270c5ae97388e100\COMCTL32.dll
0x00007ff82d9e0000 - 0x00007ff82da09000 	C:\WINDOWS\System32\GDI32.dll
0x00007ff82d930000 - 0x00007ff82d9d7000 	C:\WINDOWS\System32\msvcrt.dll
0x00007ff82c720000 - 0x00007ff82c839000 	C:\WINDOWS\System32\gdi32full.dll
0x00007ff82c300000 - 0x00007ff82c39a000 	C:\WINDOWS\System32\msvcp_win.dll
0x00007ff82ce70000 - 0x00007ff82cea1000 	C:\WINDOWS\System32\IMM32.DLL
0x00007ff8283c0000 - 0x00007ff8283cc000 	C:\Program Files\Android\Android Studio\jbr\bin\vcruntime140_1.dll
0x00007fffff460000 - 0x00007fffff4ed000 	C:\Program Files\Android\Android Studio\jbr\bin\msvcp140.dll
0x00007fffd94f0000 - 0x00007fffda15e000 	C:\Program Files\Android\Android Studio\jbr\bin\server\jvm.dll
0x00007ff82ceb0000 - 0x00007ff82cf61000 	C:\WINDOWS\System32\ADVAPI32.dll
0x00007ff82d3e0000 - 0x00007ff82d486000 	C:\WINDOWS\System32\sechost.dll
0x00007ff82df60000 - 0x00007ff82e077000 	C:\WINDOWS\System32\RPCRT4.dll
0x00007ff826f00000 - 0x00007ff826f34000 	C:\WINDOWS\SYSTEM32\WINMM.dll
0x00007ff819a60000 - 0x00007ff819a69000 	C:\WINDOWS\SYSTEM32\WSOCK32.dll
0x00007ff824d30000 - 0x00007ff824d3a000 	C:\WINDOWS\SYSTEM32\VERSION.dll
0x00007ff82e160000 - 0x00007ff82e1d1000 	C:\WINDOWS\System32\WS2_32.dll
0x00007ff82b390000 - 0x00007ff82b3a8000 	C:\WINDOWS\SYSTEM32\kernel.appcore.dll
0x00007ff829670000 - 0x00007ff82967a000 	C:\Program Files\Android\Android Studio\jbr\bin\jimage.dll
0x00007ff828cc0000 - 0x00007ff828ef3000 	C:\WINDOWS\SYSTEM32\DBGHELP.DLL
0x00007ff82db60000 - 0x00007ff82dee9000 	C:\WINDOWS\System32\combase.dll
0x00007ff82e080000 - 0x00007ff82e157000 	C:\WINDOWS\System32\OLEAUT32.dll
0x00007ff8050f0000 - 0x00007ff805122000 	C:\WINDOWS\SYSTEM32\dbgcore.DLL
0x00007ff82cc60000 - 0x00007ff82ccda000 	C:\WINDOWS\System32\bcryptPrimitives.dll
0x00007ff828550000 - 0x00007ff828575000 	C:\Program Files\Android\Android Studio\jbr\bin\java.dll
0x00007ff825340000 - 0x00007ff825358000 	C:\Program Files\Android\Android Studio\jbr\bin\zip.dll
0x00007ff82e670000 - 0x00007ff82eec9000 	C:\WINDOWS\System32\SHELL32.dll
0x00007ff82a230000 - 0x00007ff82ab24000 	C:\WINDOWS\SYSTEM32\windows.storage.dll
0x00007ff82a0f0000 - 0x00007ff82a22e000 	C:\WINDOWS\SYSTEM32\wintypes.dll
0x00007ff82e380000 - 0x00007ff82e473000 	C:\WINDOWS\System32\SHCORE.dll
0x00007ff82cce0000 - 0x00007ff82cd3e000 	C:\WINDOWS\System32\shlwapi.dll
0x00007ff82c230000 - 0x00007ff82c256000 	C:\WINDOWS\SYSTEM32\profapi.dll
0x00007ff8252e0000 - 0x00007ff8252f9000 	C:\Program Files\Android\Android Studio\jbr\bin\net.dll
0x00007ff8292e0000 - 0x00007ff829417000 	C:\WINDOWS\SYSTEM32\WINHTTP.dll
0x00007ff82b870000 - 0x00007ff82b8d9000 	C:\WINDOWS\system32\mswsock.dll
0x00007ff824750000 - 0x00007ff824766000 	C:\Program Files\Android\Android Studio\jbr\bin\nio.dll
0x00007ff828540000 - 0x00007ff828550000 	C:\Program Files\Android\Android Studio\jbr\bin\verify.dll
0x00007ff819c10000 - 0x00007ff819c37000 	C:\Users\mateo\.gradle\native\e1d6ef7f7dcc3fd88c89a11ec53ec762bb8ba0a96d01ffa2cd45eb1d1d8dd5c5\windows-amd64\native-platform.dll
0x00007ffff9f10000 - 0x00007ffffa054000 	C:\Users\mateo\.gradle\native\5664cfc778a61ccfe75a443a1ab52a65af34e5dc3c78e0209fed803814484fcb\windows-amd64\native-platform-file-events.dll
0x00007ff824740000 - 0x00007ff824749000 	C:\Program Files\Android\Android Studio\jbr\bin\management.dll
0x00007ff823d20000 - 0x00007ff823d2b000 	C:\Program Files\Android\Android Studio\jbr\bin\management_ext.dll
0x00007ff82e660000 - 0x00007ff82e668000 	C:\WINDOWS\System32\PSAPI.DLL
0x00007ff82bac0000 - 0x00007ff82badb000 	C:\WINDOWS\SYSTEM32\CRYPTSP.dll
0x00007ff82b350000 - 0x00007ff82b385000 	C:\WINDOWS\system32\rsaenh.dll
0x00007ff82b960000 - 0x00007ff82b98c000 	C:\WINDOWS\SYSTEM32\USERENV.dll
0x00007ff82bcb0000 - 0x00007ff82bcd8000 	C:\WINDOWS\SYSTEM32\bcrypt.dll
0x00007ff82bae0000 - 0x00007ff82baec000 	C:\WINDOWS\SYSTEM32\CRYPTBASE.dll
0x00007ff82ae00000 - 0x00007ff82ae2d000 	C:\WINDOWS\SYSTEM32\IPHLPAPI.DLL
0x00007ff82daa0000 - 0x00007ff82daa9000 	C:\WINDOWS\System32\NSI.dll
0x00007ff8249e0000 - 0x00007ff8249f9000 	C:\WINDOWS\SYSTEM32\dhcpcsvc6.DLL
0x00007ff8249c0000 - 0x00007ff8249df000 	C:\WINDOWS\SYSTEM32\dhcpcsvc.DLL
0x00007ff82ae70000 - 0x00007ff82af69000 	C:\WINDOWS\SYSTEM32\DNSAPI.dll
0x00007ff8239a0000 - 0x00007ff8239a8000 	C:\WINDOWS\system32\wshunix.dll

dbghelp: loaded successfully - version: 4.0.5 - missing functions: none
symbol engine: initialized successfully - sym options: 0x614 - pdb path: .;C:\Program Files\Android\Android Studio\jbr\bin;C:\WINDOWS\SYSTEM32;C:\WINDOWS\WinSxS\amd64_microsoft.windows.common-controls_6595b64144ccf1df_6.0.22621.2506_none_270c5ae97388e100;C:\Program Files\Android\Android Studio\jbr\bin\server;C:\Users\mateo\.gradle\native\e1d6ef7f7dcc3fd88c89a11ec53ec762bb8ba0a96d01ffa2cd45eb1d1d8dd5c5\windows-amd64;C:\Users\mateo\.gradle\native\5664cfc778a61ccfe75a443a1ab52a65af34e5dc3c78e0209fed803814484fcb\windows-amd64

VM Arguments:
jvm_args: --add-opens=java.base/java.util=ALL-UNNAMED --add-opens=java.base/java.lang=ALL-UNNAMED --add-opens=java.base/java.lang.invoke=ALL-UNNAMED --add-opens=java.base/java.util=ALL-UNNAMED --add-opens=java.prefs/java.util.prefs=ALL-UNNAMED --add-opens=java.prefs/java.util.prefs=ALL-UNNAMED --add-opens=java.base/java.nio.charset=ALL-UNNAMED --add-opens=java.base/java.net=ALL-UNNAMED --add-opens=java.base/java.util.concurrent.atomic=ALL-UNNAMED -Xmx2048m -Dfile.encoding=UTF-8 -Duser.country=ES -Duser.language=es -Duser.variant 
java_command: org.gradle.launcher.daemon.bootstrap.GradleDaemon 7.3.3
java_class_path (initial): C:\Users\mateo\.gradle\wrapper\dists\gradle-7.3.3-bin\6a41zxkdtcxs8rphpq6y0069z\gradle-7.3.3\lib\gradle-launcher-7.3.3.jar
Launcher Type: SUN_STANDARD

[Global flags]
     intx CICompilerCount                          = 4                                         {product} {ergonomic}
     uint ConcGCThreads                            = 2                                         {product} {ergonomic}
     uint G1ConcRefinementThreads                  = 8                                         {product} {ergonomic}
   size_t G1HeapRegionSize                         = 1048576                                   {product} {ergonomic}
    uintx GCDrainStackTargetSize                   = 64                                        {product} {ergonomic}
   size_t InitialHeapSize                          = 134217728                                 {product} {ergonomic}
   size_t MarkStackSize                            = 4194304                                   {product} {ergonomic}
   size_t MaxHeapSize                              = 2147483648                                {product} {command line}
   size_t MaxNewSize                               = 1287651328                                {product} {ergonomic}
   size_t MinHeapDeltaBytes                        = 1048576                                   {product} {ergonomic}
   size_t MinHeapSize                              = 8388608                                   {product} {ergonomic}
    uintx NonNMethodCodeHeapSize                   = 5839372                                {pd product} {ergonomic}
    uintx NonProfiledCodeHeapSize                  = 122909434                              {pd product} {ergonomic}
    uintx ProfiledCodeHeapSize                     = 122909434                              {pd product} {ergonomic}
    uintx ReservedCodeCacheSize                    = 251658240                              {pd product} {ergonomic}
     bool SegmentedCodeCache                       = true                                      {product} {ergonomic}
   size_t SoftMaxHeapSize                          = 2147483648                             {manageable} {ergonomic}
     bool UseCompressedClassPointers               = true                           {product lp64_product} {ergonomic}
     bool UseCompressedOops                        = true                           {product lp64_product} {ergonomic}
     bool UseG1GC                                  = true                                      {product} {ergonomic}
     bool UseLargePagesIndividualAllocation        = false                                  {pd product} {ergonomic}

Logging:
Log output configuration:
 #0: stdout all=warning uptime,level,tags
 #1: stderr all=off uptime,level,tags

Environment Variables:
JAVA_HOME=C:\Program Files\Java\jre1.8.0_271
PATH=C:\Program Files (x86)\Common Files\Oracle\Java\javapath;C:\Program Files (x86)\OpenLogic\jdk-8.0.372.07-hotspot\bin;C:\Program Files\OpenLogic\jdk-11.0.19.7-hotspot\bin;C:\Program Files (x86)\Intel\iCLS Client\;C:\Program Files\Intel\iCLS Client\;C:\Windows\system32;C:\Windows;C:\Windows\System32\Wbem;C:\Windows\System32\WindowsPowerShell\v1.0\;C:\Program Files (x86)\NVIDIA Corporation\PhysX\Common;C:\Program Files (x86)\Intel\Intel(R) Management Engine Components\DAL;C:\Program Files\Intel\Intel(R) Management Engine Components\DAL;C:\Program Files (x86)\Intel\Intel(R) Management Engine Components\IPT;C:\Program Files\Intel\Intel(R) Management Engine Components\IPT;C:\WINDOWS\system32;C:\WINDOWS;C:\WINDOWS\System32\Wbem;C:\WINDOWS\System32\WindowsPowerShell\v1.0\;C:\WINDOWS\System32\OpenSSH\;C:\Program Files\AutoFirma\AutoFirma;C:\Program Files\NVIDIA Corporation\NVIDIA NvDLISR;C:\Program Files\MongoDB\Server\6.0\bin;C:\Program Files\dotnet\;C:\WINDOWS\system32;C:\WINDOWS;C:\WINDOWS\System32\Wbem;C:\WINDOWS\System32\WindowsPowerShell\v1.0\;C:\WINDOWS\System32\OpenSSH\;C:\Program Files\Git\cmd;C:\Program Files\Git\mingw64\bin;C:\Program Files\Git\usr\bin;C:\Users\mateo\AppData\Local\Microsoft\WindowsApps;C:\Program Files\Java\jre1.8.0_271\bin;C:\Gradle\gradle-8.1.1\bin
USERNAME=mateo
OS=Windows_NT
PROCESSOR_IDENTIFIER=Intel64 Family 6 Model 142 Stepping 10, GenuineIntel
TMP=C:\Users\mateo\AppData\Local\Temp
TEMP=C:\Users\mateo\AppData\Local\Temp


JNI global refs:
JNI global refs: 26, weak refs: 8

JNI global refs memory usage: 843, weak refs: 841


---------------  S Y S T E M  ---------------

OS:
 Windows 11 , 64 bit Build 22621 (10.0.22621.2506)
OS uptime: 6 days 0:07 hours

CPU: total 8 (initial active 8) (4 cores per cpu, 2 threads per core) family 6 model 142 stepping 10 microcode 0xe0, cx8, cmov, fxsr, ht, mmx, 3dnowpref, sse, sse2, sse3, ssse3, sse4.1, sse4.2, popcnt, lzcnt, tsc, tscinvbit, avx, avx2, aes, erms, clmul, bmi1, bmi2, adx, fma, vzeroupper, clflush, clflushopt

Memory: 4k page, system-wide physical 8066M (321M free)
TotalPageFile size 12162M (AvailPageFile size 9M)
current process WorkingSet (physical memory assigned to process): 348M, peak: 351M
current process commit charge ("private bytes"): 394M, peak: 401M

vm_info: OpenJDK 64-Bit Server VM (17.0.6+0-b2043.56-10027231) for windows-amd64 JRE (17.0.6+0-b2043.56-10027231), built on Apr 28 2023 00:43:19 by "androidbuild" with MS VC++ 16.10 / 16.11 (VS2019)

END.
