#
# There is insufficient memory for the Java Runtime Environment to continue.
# Native memory allocation (mmap) failed to map 154140672 bytes for G1 virtual space
# Possible reasons:
#   The system is out of physical RAM or swap space
#   The process is running with CompressedOops enabled, and the Java Heap may be blocking the growth of the native heap
# Possible solutions:
#   Reduce memory load on the system
#   Increase physical memory or swap space
#   Check if swap backing store is full
#   Decrease Java heap size (-Xmx/-Xms)
#   Decrease number of Java threads
#   Decrease Java thread stack sizes (-Xss)
#   Set larger code cache with -XX:ReservedCodeCacheSize=
#   JVM is running with Unscaled Compressed Oops mode in which the Java heap is
#     placed in the first 4GB address space. The Java Heap base address is the
#     maximum limit for the native heap growth. Please use -XX:HeapBaseMinAddress
#     to set the Java Heap base and to place the Java Heap above 4GB virtual address.
# This output file may be truncated or incomplete.
#
#  Out of Memory Error (os_windows.cpp:3769), pid=4560, tid=15208
#
# JRE version: OpenJDK Runtime Environment (17.0.6) (build 17.0.6+0-b2043.56-10027231)
# Java VM: OpenJDK 64-Bit Server VM (17.0.6+0-b2043.56-10027231, mixed mode, tiered, compressed oops, compressed class ptrs, g1 gc, windows-amd64)
# No core dump will be written. Minidumps are not enabled by default on client versions of Windows
#

---------------  S U M M A R Y ------------

Command Line: --add-opens=java.base/java.util=ALL-UNNAMED --add-opens=java.base/java.lang=ALL-UNNAMED --add-opens=java.base/java.lang.invoke=ALL-UNNAMED --add-opens=java.base/java.util=ALL-UNNAMED --add-opens=java.prefs/java.util.prefs=ALL-UNNAMED --add-opens=java.prefs/java.util.prefs=ALL-UNNAMED --add-opens=java.base/java.nio.charset=ALL-UNNAMED --add-opens=java.base/java.net=ALL-UNNAMED --add-opens=java.base/java.util.concurrent.atomic=ALL-UNNAMED -Xmx2048m -Dfile.encoding=UTF-8 -Duser.country=ES -Duser.language=es -Duser.variant org.gradle.launcher.daemon.bootstrap.GradleDaemon 7.3.3

Host: Intel(R) Core(TM) i7-8550U CPU @ 1.80GHz, 8 cores, 7G,  Windows 11 , 64 bit Build 22621 (10.0.22621.2506)
Time: Wed Dec  6 14:02:50 2023 Hora estándar romance elapsed time: 19.614123 seconds (0d 0h 0m 19s)

---------------  T H R E A D  ---------------

Current thread (0x000002a8cf5a9a30):  VMThread "VM Thread" [stack: 0x000000df38200000,0x000000df38300000] [id=15208]

Stack: [0x000000df38200000,0x000000df38300000]
Native frames: (J=compiled Java code, j=interpreted, Vv=VM code, C=native code)
V  [jvm.dll+0x683c9a]
V  [jvm.dll+0x8427a4]
V  [jvm.dll+0x843f9e]
V  [jvm.dll+0x844603]
V  [jvm.dll+0x249b75]
V  [jvm.dll+0x680b69]
V  [jvm.dll+0x67505a]
V  [jvm.dll+0x309acb]
V  [jvm.dll+0x310f86]
V  [jvm.dll+0x3608ee]
V  [jvm.dll+0x360b1f]
V  [jvm.dll+0x2dfbf8]
V  [jvm.dll+0x2ddec4]
V  [jvm.dll+0x2dd4cc]
V  [jvm.dll+0x321f3b]
V  [jvm.dll+0x848ccb]
V  [jvm.dll+0x849a04]
V  [jvm.dll+0x849f1d]
V  [jvm.dll+0x84a2f4]
V  [jvm.dll+0x84a3c0]
V  [jvm.dll+0x7f274a]
V  [jvm.dll+0x682ad5]
C  [ucrtbase.dll+0x29363]
C  [KERNEL32.DLL+0x1257d]
C  [ntdll.dll+0x5aa58]

VM_Operation (0x000000df414fd990): G1CollectForAllocation, mode: safepoint, requested by thread 0x000002a8da7c7870


---------------  P R O C E S S  ---------------

Threads class SMR info:
_java_thread_list=0x000002a8d5963900, length=138, elements={
0x000002a8b572d650, 0x000002a8cf5763a0, 0x000002a8cf576f50, 0x000002a8cf5ae570,
0x000002a8d0068000, 0x000002a8d0068ac0, 0x000002a8d006a390, 0x000002a8d006e620,
0x000002a8d006f0c0, 0x000002a8d003f600, 0x000002a8d01ca630, 0x000002a8d01cab00,
0x000002a8d2517bf0, 0x000002a8d14afb80, 0x000002a8d14b09f0, 0x000002a8d14af6b0,
0x000002a8d14b0050, 0x000002a8d14b1d30, 0x000002a8d14b0520, 0x000002a8d14b26d0,
0x000002a8d14b0ec0, 0x000002a8d14b1390, 0x000002a8d14b1860, 0x000002a8d14b2200,
0x000002a8d14b2ba0, 0x000002a8d14af1e0, 0x000002a8d2dd4920, 0x000002a8d2dd1900,
0x000002a8d2dd0a90, 0x000002a8d2dd6600, 0x000002a8d2dd4df0, 0x000002a8d2dd3110,
0x000002a8d2dd6fa0, 0x000002a8d2dd1430, 0x000002a8d2dd3f80, 0x000002a8d2dd7e10,
0x000002a8d2dd1dd0, 0x000002a8d2dd5790, 0x000002a8d2dd0f60, 0x000002a8d2dd5c60,
0x000002a8d2dd22a0, 0x000002a8d2dd82e0, 0x000002a8d2dd2770, 0x000002a8d2dd2c40,
0x000002a8d2dd35e0, 0x000002a8d2dd3ab0, 0x000002a8d04603b0, 0x000002a8d0462090,
0x000002a8d0462a30, 0x000002a8d04638a0, 0x000002a8d0460880, 0x000002a8d0462560,
0x000002a8d045fa10, 0x000002a8d0461bc0, 0x000002a8d045fee0, 0x000002a8d0462f00,
0x000002a8d045cec0, 0x000002a8d04616f0, 0x000002a8d045d860, 0x000002a8d045e200,
0x000002a8d045dd30, 0x000002a8d045eba0, 0x000002a8d045d390, 0x000002a8d045e6d0,
0x000002a8d0461220, 0x000002a8d045f070, 0x000002a8d0460d50, 0x000002a8d04633d0,
0x000002a8d0463d70, 0x000002a8d0464240, 0x000002a8d045c9f0, 0x000002a8d045f540,
0x000002a8d1bc2670, 0x000002a8d1bc3010, 0x000002a8d1bc0e60, 0x000002a8d1bc21a0,
0x000002a8d1bc1800, 0x000002a8d1bc3e80, 0x000002a8d1bc2b40, 0x000002a8d1bc34e0,
0x000002a8d1bc1330, 0x000002a8d1bc39b0, 0x000002a8d1bc04c0, 0x000002a8d1bc0990,
0x000002a8d1bc1cd0, 0x000002a8d53ae7f0, 0x000002a8d53af190, 0x000002a8d53ac640,
0x000002a8d53acb10, 0x000002a8d53ac170, 0x000002a8d53ab7d0, 0x000002a8d53aecc0,
0x000002a8d53acfe0, 0x000002a8d53abca0, 0x000002a8d53ad4b0, 0x000002a8d53ad980,
0x000002a8d53ade50, 0x000002a8d53ae320, 0x000002a8d59ea090, 0x000002a8d59e9220,
0x000002a8d59e66d0, 0x000002a8d59e7070, 0x000002a8d59e8d50, 0x000002a8d59e6ba0,
0x000002a8d59e96f0, 0x000002a8d59e9bc0, 0x000002a8d59e7540, 0x000002a8d59e83b0,
0x000002a8d59e7a10, 0x000002a8d59e7ee0, 0x000002a8d59e8880, 0x000002a8d324b940,
0x000002a8d32445c0, 0x000002a8d3244f60, 0x000002a8d32492c0, 0x000002a8d324b470,
0x000002a8d3244a90, 0x000002a8d3245900, 0x000002a8d3245dd0, 0x000002a8d32462a0,
0x000002a8d3245430, 0x000002a8d324a600, 0x000002a8d3248df0, 0x000002a8d324be10,
0x000002a8d324afa0, 0x000002a8d3246770, 0x000002a8d324aad0, 0x000002a8d3249c60,
0x000002a8d324a130, 0x000002a8d3247110, 0x000002a8d32475e0, 0x000002a8d3247ab0,
0x000002a8d3247f80, 0x000002a8da7c7870, 0x000002a8da7c6530, 0x000002a8da7c6ed0,
0x000002a8da7cca40, 0x000002a8da7cc0a0
}

Java Threads: ( => current thread )
  0x000002a8b572d650 JavaThread "main" [_thread_blocked, id=16740, stack(0x000000df37c00000,0x000000df37d00000)]
  0x000002a8cf5763a0 JavaThread "Reference Handler" daemon [_thread_blocked, id=11328, stack(0x000000df38300000,0x000000df38400000)]
  0x000002a8cf576f50 JavaThread "Finalizer" daemon [_thread_blocked, id=11860, stack(0x000000df38400000,0x000000df38500000)]
  0x000002a8cf5ae570 JavaThread "Signal Dispatcher" daemon [_thread_blocked, id=4656, stack(0x000000df38500000,0x000000df38600000)]
  0x000002a8d0068000 JavaThread "Attach Listener" daemon [_thread_blocked, id=10704, stack(0x000000df38600000,0x000000df38700000)]
  0x000002a8d0068ac0 JavaThread "Service Thread" daemon [_thread_blocked, id=16612, stack(0x000000df38700000,0x000000df38800000)]
  0x000002a8d006a390 JavaThread "Monitor Deflation Thread" daemon [_thread_blocked, id=8732, stack(0x000000df38800000,0x000000df38900000)]
  0x000002a8d006e620 JavaThread "C2 CompilerThread0" daemon [_thread_blocked, id=17820, stack(0x000000df38900000,0x000000df38a00000)]
  0x000002a8d006f0c0 JavaThread "C1 CompilerThread0" daemon [_thread_blocked, id=15824, stack(0x000000df38a00000,0x000000df38b00000)]
  0x000002a8d003f600 JavaThread "Sweeper thread" daemon [_thread_blocked, id=13356, stack(0x000000df38b00000,0x000000df38c00000)]
  0x000002a8d01ca630 JavaThread "Common-Cleaner" daemon [_thread_blocked, id=4316, stack(0x000000df38c00000,0x000000df38d00000)]
  0x000002a8d01cab00 JavaThread "Notification Thread" daemon [_thread_blocked, id=17672, stack(0x000000df38d00000,0x000000df38e00000)]
  0x000002a8d2517bf0 JavaThread "Daemon health stats" [_thread_blocked, id=8140, stack(0x000000df39500000,0x000000df39600000)]
  0x000002a8d14afb80 JavaThread "Incoming local TCP Connector on port 55599" [_thread_in_native, id=16348, stack(0x000000df39600000,0x000000df39700000)]
  0x000002a8d14b09f0 JavaThread "Daemon periodic checks" [_thread_blocked, id=8004, stack(0x000000df39700000,0x000000df39800000)]
  0x000002a8d14af6b0 JavaThread "Daemon" [_thread_blocked, id=10360, stack(0x000000df39800000,0x000000df39900000)]
  0x000002a8d14b0050 JavaThread "Handler for socket connection from /127.0.0.1:55599 to /127.0.0.1:55600" [_thread_in_native, id=2040, stack(0x000000df39900000,0x000000df39a00000)]
  0x000002a8d14b1d30 JavaThread "Cancel handler" [_thread_blocked, id=17432, stack(0x000000df39a00000,0x000000df39b00000)]
  0x000002a8d14b0520 JavaThread "Daemon worker" [_thread_blocked, id=8436, stack(0x000000df39b00000,0x000000df39c00000)]
  0x000002a8d14b26d0 JavaThread "Asynchronous log dispatcher for DefaultDaemonConnection: socket connection from /127.0.0.1:55599 to /127.0.0.1:55600" [_thread_blocked, id=14876, stack(0x000000df39c00000,0x000000df39d00000)]
  0x000002a8d14b0ec0 JavaThread "Stdin handler" [_thread_blocked, id=7584, stack(0x000000df39d00000,0x000000df39e00000)]
  0x000002a8d14b1390 JavaThread "Daemon client event forwarder" [_thread_blocked, id=18352, stack(0x000000df39e00000,0x000000df39f00000)]
  0x000002a8d14b1860 JavaThread "Cache worker for journal cache (C:\Users\mateo\.gradle\caches\journal-1)" [_thread_blocked, id=2212, stack(0x000000df39000000,0x000000df39100000)]
  0x000002a8d14b2200 JavaThread "File lock request listener" [_thread_in_native, id=16084, stack(0x000000df39f00000,0x000000df3a000000)]
  0x000002a8d14b2ba0 JavaThread "Cache worker for file hash cache (C:\Users\mateo\.gradle\caches\7.3.3\fileHashes)" [_thread_blocked, id=1044, stack(0x000000df3a400000,0x000000df3a500000)]
  0x000002a8d14af1e0 JavaThread "Cache worker for file hash cache (C:\Users\mateo\Desktop\PokePabellon2\.gradle\7.3.3\fileHashes)" [_thread_blocked, id=1552, stack(0x000000df3a500000,0x000000df3a600000)]
  0x000002a8d2dd4920 JavaThread "File watcher server" daemon [_thread_blocked, id=17452, stack(0x000000df3a700000,0x000000df3a800000)]
  0x000002a8d2dd1900 JavaThread "File watcher consumer" daemon [_thread_blocked, id=14056, stack(0x000000df3a800000,0x000000df3a900000)]
  0x000002a8d2dd0a90 JavaThread "Cache worker for checksums cache (C:\Users\mateo\Desktop\PokePabellon2\.gradle\7.3.3\checksums)" [_thread_blocked, id=6688, stack(0x000000df3a900000,0x000000df3aa00000)]
  0x000002a8d2dd6600 JavaThread "Cache worker for cache directory md-supplier (C:\Users\mateo\.gradle\caches\7.3.3\md-supplier)" [_thread_blocked, id=10180, stack(0x000000df3a600000,0x000000df3a700000)]
  0x000002a8d2dd4df0 JavaThread "Cache worker for cache directory md-rule (C:\Users\mateo\.gradle\caches\7.3.3\md-rule)" [_thread_blocked, id=12472, stack(0x000000df38f00000,0x000000df39000000)]
  0x000002a8d2dd3110 JavaThread "Cache worker for execution history cache (C:\Users\mateo\.gradle\caches\7.3.3\executionHistory)" [_thread_blocked, id=18872, stack(0x000000df3aa00000,0x000000df3ab00000)]
  0x000002a8d2dd6fa0 JavaThread "jar transforms" [_thread_blocked, id=18924, stack(0x000000df3ab00000,0x000000df3ac00000)]
  0x000002a8d2dd1430 JavaThread "jar transforms Thread 2" [_thread_blocked, id=14024, stack(0x000000df3ac00000,0x000000df3ad00000)]
  0x000002a8d2dd3f80 JavaThread "Cache worker for file content cache (C:\Users\mateo\.gradle\caches\7.3.3\fileContent)" [_thread_blocked, id=7944, stack(0x000000df3ad00000,0x000000df3ae00000)]
  0x000002a8d2dd7e10 JavaThread "jar transforms Thread 3" [_thread_blocked, id=1560, stack(0x000000df3ae00000,0x000000df3af00000)]
  0x000002a8d2dd1dd0 JavaThread "jar transforms Thread 4" [_thread_blocked, id=5044, stack(0x000000df3af00000,0x000000df3b000000)]
  0x000002a8d2dd5790 JavaThread "Cache worker for dependencies-accessors (C:\Users\mateo\Desktop\PokePabellon2\.gradle\7.3.3\dependencies-accessors)" [_thread_blocked, id=3372, stack(0x000000df3b000000,0x000000df3b100000)]
  0x000002a8d2dd0f60 JavaThread "jar transforms Thread 5" [_thread_blocked, id=14504, stack(0x000000df3b100000,0x000000df3b200000)]
  0x000002a8d2dd5c60 JavaThread "Cache worker for Build Output Cleanup Cache (C:\Users\mateo\Desktop\PokePabellon2\.gradle\buildOutputCleanup)" [_thread_blocked, id=19448, stack(0x000000df3b200000,0x000000df3b300000)]
  0x000002a8d2dd22a0 JavaThread "Unconstrained build operations" [_thread_blocked, id=4008, stack(0x000000df3b300000,0x000000df3b400000)]
  0x000002a8d2dd82e0 JavaThread "Unconstrained build operations Thread 2" [_thread_blocked, id=7272, stack(0x000000df3b400000,0x000000df3b500000)]
  0x000002a8d2dd2770 JavaThread "Unconstrained build operations Thread 3" [_thread_blocked, id=10100, stack(0x000000df3b500000,0x000000df3b600000)]
  0x000002a8d2dd2c40 JavaThread "Unconstrained build operations Thread 4" [_thread_blocked, id=4728, stack(0x000000df3b600000,0x000000df3b700000)]
  0x000002a8d2dd35e0 JavaThread "Unconstrained build operations Thread 5" [_thread_blocked, id=15820, stack(0x000000df3b700000,0x000000df3b800000)]
  0x000002a8d2dd3ab0 JavaThread "Unconstrained build operations Thread 6" [_thread_blocked, id=6024, stack(0x000000df3b800000,0x000000df3b900000)]
  0x000002a8d04603b0 JavaThread "Unconstrained build operations Thread 7" [_thread_blocked, id=4076, stack(0x000000df3b900000,0x000000df3ba00000)]
  0x000002a8d0462090 JavaThread "Unconstrained build operations Thread 8" [_thread_blocked, id=15104, stack(0x000000df3ba00000,0x000000df3bb00000)]
  0x000002a8d0462a30 JavaThread "Unconstrained build operations Thread 9" [_thread_blocked, id=12024, stack(0x000000df3bb00000,0x000000df3bc00000)]
  0x000002a8d04638a0 JavaThread "Unconstrained build operations Thread 10" [_thread_blocked, id=2288, stack(0x000000df3bc00000,0x000000df3bd00000)]
  0x000002a8d0460880 JavaThread "Unconstrained build operations Thread 11" [_thread_blocked, id=5952, stack(0x000000df3bd00000,0x000000df3be00000)]
  0x000002a8d0462560 JavaThread "Unconstrained build operations Thread 12" [_thread_blocked, id=9332, stack(0x000000df3be00000,0x000000df3bf00000)]
  0x000002a8d045fa10 JavaThread "Unconstrained build operations Thread 13" [_thread_blocked, id=12908, stack(0x000000df3bf00000,0x000000df3c000000)]
  0x000002a8d0461bc0 JavaThread "Unconstrained build operations Thread 14" [_thread_blocked, id=3388, stack(0x000000df3c000000,0x000000df3c100000)]
  0x000002a8d045fee0 JavaThread "Unconstrained build operations Thread 15" [_thread_blocked, id=5712, stack(0x000000df3c100000,0x000000df3c200000)]
  0x000002a8d0462f00 JavaThread "Unconstrained build operations Thread 16" [_thread_blocked, id=11912, stack(0x000000df3c200000,0x000000df3c300000)]
  0x000002a8d045cec0 JavaThread "Unconstrained build operations Thread 17" [_thread_blocked, id=8300, stack(0x000000df3c300000,0x000000df3c400000)]
  0x000002a8d04616f0 JavaThread "Unconstrained build operations Thread 18" [_thread_blocked, id=10532, stack(0x000000df3c400000,0x000000df3c500000)]
  0x000002a8d045d860 JavaThread "Unconstrained build operations Thread 19" [_thread_blocked, id=7344, stack(0x000000df3c500000,0x000000df3c600000)]
  0x000002a8d045e200 JavaThread "Unconstrained build operations Thread 20" [_thread_blocked, id=6428, stack(0x000000df3c600000,0x000000df3c700000)]
  0x000002a8d045dd30 JavaThread "Unconstrained build operations Thread 21" [_thread_blocked, id=15228, stack(0x000000df3c700000,0x000000df3c800000)]
  0x000002a8d045eba0 JavaThread "Unconstrained build operations Thread 22" [_thread_blocked, id=14224, stack(0x000000df3c800000,0x000000df3c900000)]
  0x000002a8d045d390 JavaThread "Unconstrained build operations Thread 23" [_thread_blocked, id=14344, stack(0x000000df3c900000,0x000000df3ca00000)]
  0x000002a8d045e6d0 JavaThread "Unconstrained build operations Thread 24" [_thread_blocked, id=19040, stack(0x000000df3ca00000,0x000000df3cb00000)]
  0x000002a8d0461220 JavaThread "Unconstrained build operations Thread 25" [_thread_blocked, id=4104, stack(0x000000df3cb00000,0x000000df3cc00000)]
  0x000002a8d045f070 JavaThread "Unconstrained build operations Thread 26" [_thread_blocked, id=18184, stack(0x000000df3cc00000,0x000000df3cd00000)]
  0x000002a8d0460d50 JavaThread "Unconstrained build operations Thread 27" [_thread_blocked, id=19028, stack(0x000000df3cd00000,0x000000df3ce00000)]
  0x000002a8d04633d0 JavaThread "Unconstrained build operations Thread 28" [_thread_blocked, id=3184, stack(0x000000df3ce00000,0x000000df3cf00000)]
  0x000002a8d0463d70 JavaThread "Unconstrained build operations Thread 29" [_thread_blocked, id=17332, stack(0x000000df3cf00000,0x000000df3d000000)]
  0x000002a8d0464240 JavaThread "Unconstrained build operations Thread 30" [_thread_blocked, id=9736, stack(0x000000df3d000000,0x000000df3d100000)]
  0x000002a8d045c9f0 JavaThread "Unconstrained build operations Thread 31" [_thread_blocked, id=17620, stack(0x000000df3d100000,0x000000df3d200000)]
  0x000002a8d045f540 JavaThread "Unconstrained build operations Thread 32" [_thread_blocked, id=12608, stack(0x000000df3d200000,0x000000df3d300000)]
  0x000002a8d1bc2670 JavaThread "Unconstrained build operations Thread 33" [_thread_blocked, id=18044, stack(0x000000df3d300000,0x000000df3d400000)]
  0x000002a8d1bc3010 JavaThread "Unconstrained build operations Thread 34" [_thread_blocked, id=18452, stack(0x000000df3d400000,0x000000df3d500000)]
  0x000002a8d1bc0e60 JavaThread "Unconstrained build operations Thread 35" [_thread_blocked, id=12892, stack(0x000000df3d500000,0x000000df3d600000)]
  0x000002a8d1bc21a0 JavaThread "Unconstrained build operations Thread 36" [_thread_blocked, id=10924, stack(0x000000df3d600000,0x000000df3d700000)]
  0x000002a8d1bc1800 JavaThread "Unconstrained build operations Thread 37" [_thread_blocked, id=17360, stack(0x000000df3d700000,0x000000df3d800000)]
  0x000002a8d1bc3e80 JavaThread "Unconstrained build operations Thread 38" [_thread_blocked, id=5372, stack(0x000000df3d800000,0x000000df3d900000)]
  0x000002a8d1bc2b40 JavaThread "Unconstrained build operations Thread 39" [_thread_blocked, id=13976, stack(0x000000df3d900000,0x000000df3da00000)]
  0x000002a8d1bc34e0 JavaThread "Unconstrained build operations Thread 40" [_thread_blocked, id=3288, stack(0x000000df3da00000,0x000000df3db00000)]
  0x000002a8d1bc1330 JavaThread "Unconstrained build operations Thread 41" [_thread_blocked, id=4440, stack(0x000000df3db00000,0x000000df3dc00000)]
  0x000002a8d1bc39b0 JavaThread "Unconstrained build operations Thread 42" [_thread_blocked, id=16676, stack(0x000000df3dc00000,0x000000df3dd00000)]
  0x000002a8d1bc04c0 JavaThread "Unconstrained build operations Thread 43" [_thread_blocked, id=13392, stack(0x000000df3dd00000,0x000000df3de00000)]
  0x000002a8d1bc0990 JavaThread "Unconstrained build operations Thread 44" [_thread_blocked, id=14480, stack(0x000000df3de00000,0x000000df3df00000)]
  0x000002a8d1bc1cd0 JavaThread "Unconstrained build operations Thread 45" [_thread_blocked, id=17484, stack(0x000000df3df00000,0x000000df3e000000)]
  0x000002a8d53ae7f0 JavaThread "Unconstrained build operations Thread 46" [_thread_blocked, id=15188, stack(0x000000df3e000000,0x000000df3e100000)]
  0x000002a8d53af190 JavaThread "Unconstrained build operations Thread 47" [_thread_blocked, id=8072, stack(0x000000df3e100000,0x000000df3e200000)]
  0x000002a8d53ac640 JavaThread "Unconstrained build operations Thread 48" [_thread_blocked, id=18576, stack(0x000000df3e200000,0x000000df3e300000)]
  0x000002a8d53acb10 JavaThread "Unconstrained build operations Thread 49" [_thread_blocked, id=15928, stack(0x000000df3e300000,0x000000df3e400000)]
  0x000002a8d53ac170 JavaThread "Unconstrained build operations Thread 50" [_thread_blocked, id=16972, stack(0x000000df3e400000,0x000000df3e500000)]
  0x000002a8d53ab7d0 JavaThread "Unconstrained build operations Thread 51" [_thread_blocked, id=19064, stack(0x000000df3e500000,0x000000df3e600000)]
  0x000002a8d53aecc0 JavaThread "Unconstrained build operations Thread 52" [_thread_blocked, id=11792, stack(0x000000df3e600000,0x000000df3e700000)]
  0x000002a8d53acfe0 JavaThread "Unconstrained build operations Thread 53" [_thread_blocked, id=9524, stack(0x000000df3e700000,0x000000df3e800000)]
  0x000002a8d53abca0 JavaThread "Unconstrained build operations Thread 54" [_thread_blocked, id=18672, stack(0x000000df3e800000,0x000000df3e900000)]
  0x000002a8d53ad4b0 JavaThread "Unconstrained build operations Thread 55" [_thread_blocked, id=984, stack(0x000000df3e900000,0x000000df3ea00000)]
  0x000002a8d53ad980 JavaThread "Unconstrained build operations Thread 56" [_thread_blocked, id=11392, stack(0x000000df3ea00000,0x000000df3eb00000)]
  0x000002a8d53ade50 JavaThread "Unconstrained build operations Thread 57" [_thread_blocked, id=16240, stack(0x000000df3eb00000,0x000000df3ec00000)]
  0x000002a8d53ae320 JavaThread "Unconstrained build operations Thread 58" [_thread_blocked, id=18620, stack(0x000000df3ec00000,0x000000df3ed00000)]
  0x000002a8d59ea090 JavaThread "Unconstrained build operations Thread 59" [_thread_blocked, id=7036, stack(0x000000df3ed00000,0x000000df3ee00000)]
  0x000002a8d59e9220 JavaThread "Unconstrained build operations Thread 60" [_thread_blocked, id=9572, stack(0x000000df3ee00000,0x000000df3ef00000)]
  0x000002a8d59e66d0 JavaThread "Unconstrained build operations Thread 61" [_thread_blocked, id=13480, stack(0x000000df3ef00000,0x000000df3f000000)]
  0x000002a8d59e7070 JavaThread "Unconstrained build operations Thread 62" [_thread_blocked, id=14420, stack(0x000000df3f000000,0x000000df3f100000)]
  0x000002a8d59e8d50 JavaThread "Unconstrained build operations Thread 63" [_thread_blocked, id=4152, stack(0x000000df3f100000,0x000000df3f200000)]
  0x000002a8d59e6ba0 JavaThread "Unconstrained build operations Thread 64" [_thread_blocked, id=5124, stack(0x000000df3f200000,0x000000df3f300000)]
  0x000002a8d59e96f0 JavaThread "Unconstrained build operations Thread 65" [_thread_blocked, id=1380, stack(0x000000df3f300000,0x000000df3f400000)]
  0x000002a8d59e9bc0 JavaThread "Unconstrained build operations Thread 66" [_thread_blocked, id=7824, stack(0x000000df3f400000,0x000000df3f500000)]
  0x000002a8d59e7540 JavaThread "Unconstrained build operations Thread 67" [_thread_blocked, id=4752, stack(0x000000df3f500000,0x000000df3f600000)]
  0x000002a8d59e83b0 JavaThread "Unconstrained build operations Thread 68" [_thread_blocked, id=9192, stack(0x000000df3f600000,0x000000df3f700000)]
  0x000002a8d59e7a10 JavaThread "Unconstrained build operations Thread 69" [_thread_blocked, id=5100, stack(0x000000df3f700000,0x000000df3f800000)]
  0x000002a8d59e7ee0 JavaThread "Unconstrained build operations Thread 70" [_thread_blocked, id=6352, stack(0x000000df3f800000,0x000000df3f900000)]
  0x000002a8d59e8880 JavaThread "Unconstrained build operations Thread 71" [_thread_blocked, id=6088, stack(0x000000df3f900000,0x000000df3fa00000)]
  0x000002a8d324b940 JavaThread "Unconstrained build operations Thread 72" [_thread_blocked, id=16916, stack(0x000000df3fa00000,0x000000df3fb00000)]
  0x000002a8d32445c0 JavaThread "Unconstrained build operations Thread 73" [_thread_blocked, id=8396, stack(0x000000df3fb00000,0x000000df3fc00000)]
  0x000002a8d3244f60 JavaThread "Unconstrained build operations Thread 74" [_thread_blocked, id=5872, stack(0x000000df3fc00000,0x000000df3fd00000)]
  0x000002a8d32492c0 JavaThread "Unconstrained build operations Thread 75" [_thread_blocked, id=17596, stack(0x000000df3fd00000,0x000000df3fe00000)]
  0x000002a8d324b470 JavaThread "Unconstrained build operations Thread 76" [_thread_blocked, id=8416, stack(0x000000df3fe00000,0x000000df3ff00000)]
  0x000002a8d3244a90 JavaThread "Unconstrained build operations Thread 77" [_thread_blocked, id=14508, stack(0x000000df3ff00000,0x000000df40000000)]
  0x000002a8d3245900 JavaThread "Unconstrained build operations Thread 78" [_thread_blocked, id=12780, stack(0x000000df40000000,0x000000df40100000)]
  0x000002a8d3245dd0 JavaThread "Unconstrained build operations Thread 79" [_thread_blocked, id=19100, stack(0x000000df40100000,0x000000df40200000)]
  0x000002a8d32462a0 JavaThread "Unconstrained build operations Thread 80" [_thread_blocked, id=8476, stack(0x000000df40200000,0x000000df40300000)]
  0x000002a8d3245430 JavaThread "jar transforms Thread 6" [_thread_blocked, id=1484, stack(0x000000df40300000,0x000000df40400000)]
  0x000002a8d324a600 JavaThread "jar transforms Thread 7" [_thread_blocked, id=8296, stack(0x000000df40400000,0x000000df40500000)]
  0x000002a8d3248df0 JavaThread "jar transforms Thread 8" [_thread_blocked, id=13564, stack(0x000000df40500000,0x000000df40600000)]
  0x000002a8d324be10 JavaThread "Memory manager" [_thread_blocked, id=17760, stack(0x000000df40600000,0x000000df40700000)]
  0x000002a8d324afa0 JavaThread "build event listener" [_thread_blocked, id=17252, stack(0x000000df40800000,0x000000df40900000)]
  0x000002a8d3246770 JavaThread "Execution worker for ':'" [_thread_blocked, id=11104, stack(0x000000df40900000,0x000000df40a00000)]
  0x000002a8d324aad0 JavaThread "Execution worker for ':' Thread 2" [_thread_blocked, id=12772, stack(0x000000df40a00000,0x000000df40b00000)]
  0x000002a8d3249c60 JavaThread "Execution worker for ':' Thread 3" [_thread_blocked, id=14268, stack(0x000000df40b00000,0x000000df40c00000)]
  0x000002a8d324a130 JavaThread "Execution worker for ':' Thread 4" [_thread_blocked, id=18748, stack(0x000000df40c00000,0x000000df40d00000)]
  0x000002a8d3247110 JavaThread "Execution worker for ':' Thread 5" [_thread_blocked, id=1956, stack(0x000000df40d00000,0x000000df40e00000)]
  0x000002a8d32475e0 JavaThread "Execution worker for ':' Thread 6" [_thread_blocked, id=6296, stack(0x000000df40e00000,0x000000df40f00000)]
  0x000002a8d3247ab0 JavaThread "Execution worker for ':' Thread 7" [_thread_blocked, id=14764, stack(0x000000df40f00000,0x000000df41000000)]
  0x000002a8d3247f80 JavaThread "Cache worker for execution history cache (C:\Users\mateo\Desktop\PokePabellon2\.gradle\7.3.3\executionHistory)" [_thread_blocked, id=18964, stack(0x000000df41000000,0x000000df41100000)]
  0x000002a8da7c7870 JavaThread "WorkerExecutor Queue Thread 2" [_thread_blocked, id=12132, stack(0x000000df41400000,0x000000df41500000)]
  0x000002a8da7c6530 JavaThread "WorkerExecutor Queue Thread 3" [_thread_blocked, id=9196, stack(0x000000df41500000,0x000000df41600000)]
  0x000002a8da7c6ed0 JavaThread "pool-3-thread-1" [_thread_blocked, id=9964, stack(0x000000df41600000,0x000000df41700000)]
  0x000002a8da7cca40 JavaThread "stderr" [_thread_in_native, id=18772, stack(0x000000df41700000,0x000000df41800000)]
  0x000002a8da7cc0a0 JavaThread "stdout" [_thread_in_native, id=17388, stack(0x000000df41800000,0x000000df41900000)]

Other Threads:
=>0x000002a8cf5a9a30 VMThread "VM Thread" [stack: 0x000000df38200000,0x000000df38300000] [id=15208]
  0x000002a8b57a7300 WatcherThread [stack: 0x000000df38e00000,0x000000df38f00000] [id=16448]
  0x000002a8b5788f10 GCTaskThread "GC Thread#0" [stack: 0x000000df37d00000,0x000000df37e00000] [id=2844]
  0x000002a8d118d720 GCTaskThread "GC Thread#1" [stack: 0x000000df39100000,0x000000df39200000] [id=4192]
  0x000002a8d0f4c760 GCTaskThread "GC Thread#2" [stack: 0x000000df39200000,0x000000df39300000] [id=6468]
  0x000002a8d0e72430 GCTaskThread "GC Thread#3" [stack: 0x000000df39300000,0x000000df39400000] [id=14216]
  0x000002a8d17de580 GCTaskThread "GC Thread#4" [stack: 0x000000df39400000,0x000000df39500000] [id=1608]
  0x000002a8d13a6510 GCTaskThread "GC Thread#5" [stack: 0x000000df3a000000,0x000000df3a100000] [id=17216]
  0x000002a8d170e530 GCTaskThread "GC Thread#6" [stack: 0x000000df3a100000,0x000000df3a200000] [id=17248]
  0x000002a8d1902cd0 GCTaskThread "GC Thread#7" [stack: 0x000000df3a200000,0x000000df3a300000] [id=13868]
  0x000002a8b5799cf0 ConcurrentGCThread "G1 Main Marker" [stack: 0x000000df37e00000,0x000000df37f00000] [id=5908]
  0x000002a8b579a5a0 ConcurrentGCThread "G1 Conc#0" [stack: 0x000000df37f00000,0x000000df38000000] [id=328]
  0x000002a8d2b9d4d0 ConcurrentGCThread "G1 Conc#1" [stack: 0x000000df3a300000,0x000000df3a400000] [id=5416]
  0x000002a8b57ee340 ConcurrentGCThread "G1 Refine#0" [stack: 0x000000df38000000,0x000000df38100000] [id=19268]
  0x000002a8d4bc89e0 ConcurrentGCThread "G1 Refine#1" [stack: 0x000000df41100000,0x000000df41200000] [id=2160]
  0x000002a8d4bc6d20 ConcurrentGCThread "G1 Refine#2" [stack: 0x000000df41200000,0x000000df41300000] [id=18936]
  0x000002a8b57eec00 ConcurrentGCThread "G1 Service" [stack: 0x000000df38100000,0x000000df38200000] [id=14932]

Threads with active compile tasks:
C2 CompilerThread0    19656 11270   !   4       java.io.BufferedReader::readLine (327 bytes)

VM state: at safepoint (normal execution)

VM Mutex/Monitor currently owned by a thread:  ([mutex/lock_event])
[0x000002a8b57283c0] Threads_lock - owner thread: 0x000002a8cf5a9a30
[0x000002a8b5727130] Heap_lock - owner thread: 0x000002a8da7c7870

Heap address: 0x0000000080000000, size: 2048 MB, Compressed Oops mode: 32-bit

CDS archive(s) not mapped
Compressed class space mapped at: 0x0000000100000000-0x0000000140000000, reserved size: 1073741824
Narrow klass base: 0x0000000000000000, Narrow klass shift: 3, Narrow klass range: 0x140000000

GC Precious Log:
 CPUs: 8 total, 8 available
 Memory: 8066M
 Large Page Support: Disabled
 NUMA Support: Disabled
 Compressed Oops: Enabled (32-bit)
 Heap Region Size: 1M
 Heap Min Capacity: 8M
 Heap Initial Capacity: 128M
 Heap Max Capacity: 2G
 Pre-touch: Disabled
 Parallel Workers: 8
 Concurrent Workers: 2
 Concurrent Refinement Workers: 8
 Periodic GC: Disabled

Heap:
 garbage-first heap   total 194560K, used 95183K [0x0000000080000000, 0x0000000100000000)
  region size 1024K, 6 young (6144K), 6 survivors (6144K)
 Metaspace       used 93377K, committed 94016K, reserved 1130496K
  class space    used 12544K, committed 12864K, reserved 1048576K

Heap Regions: E=young(eden), S=young(survivor), O=old, HS=humongous(starts), HC=humongous(continues), CS=collection set, F=free, OA=open archive, CA=closed archive, TAMS=top-at-mark-start (previous, next)
|   0|0x0000000080000000, 0x0000000080100000, 0x0000000080100000|100%| O|  |TAMS 0x0000000080100000, 0x0000000080000000| Untracked 
|   1|0x0000000080100000, 0x0000000080200000, 0x0000000080200000|100%| O|  |TAMS 0x0000000080200000, 0x0000000080100000| Untracked 
|   2|0x0000000080200000, 0x0000000080300000, 0x0000000080300000|100%| O|  |TAMS 0x0000000080300000, 0x0000000080200000| Untracked 
|   3|0x0000000080300000, 0x0000000080400000, 0x0000000080400000|100%|HS|  |TAMS 0x0000000080400000, 0x0000000080300000| Complete 
|   4|0x0000000080400000, 0x0000000080500000, 0x0000000080500000|100%|HC|  |TAMS 0x0000000080500000, 0x0000000080400000| Complete 
|   5|0x0000000080500000, 0x0000000080600000, 0x0000000080600000|100%|HC|  |TAMS 0x0000000080600000, 0x0000000080500000| Complete 
|   6|0x0000000080600000, 0x0000000080700000, 0x0000000080700000|100%| O|  |TAMS 0x0000000080700000, 0x0000000080600000| Untracked 
|   7|0x0000000080700000, 0x0000000080800000, 0x0000000080800000|100%| O|  |TAMS 0x0000000080800000, 0x0000000080700000| Untracked 
|   8|0x0000000080800000, 0x0000000080900000, 0x0000000080900000|100%| O|  |TAMS 0x0000000080900000, 0x0000000080800000| Untracked 
|   9|0x0000000080900000, 0x0000000080a00000, 0x0000000080a00000|100%| O|  |TAMS 0x0000000080a00000, 0x0000000080900000| Untracked 
|  10|0x0000000080a00000, 0x0000000080b00000, 0x0000000080b00000|100%| O|  |TAMS 0x0000000080b00000, 0x0000000080a00000| Untracked 
|  11|0x0000000080b00000, 0x0000000080c00000, 0x0000000080c00000|100%| O|  |TAMS 0x0000000080c00000, 0x0000000080b00000| Untracked 
|  12|0x0000000080c00000, 0x0000000080d00000, 0x0000000080d00000|100%| O|  |TAMS 0x0000000080d00000, 0x0000000080c00000| Untracked 
|  13|0x0000000080d00000, 0x0000000080e00000, 0x0000000080e00000|100%| O|  |TAMS 0x0000000080e00000, 0x0000000080d00000| Untracked 
|  14|0x0000000080e00000, 0x0000000080f00000, 0x0000000080f00000|100%| O|  |TAMS 0x0000000080f00000, 0x0000000080e00000| Untracked 
|  15|0x0000000080f00000, 0x0000000081000000, 0x0000000081000000|100%| O|  |TAMS 0x0000000081000000, 0x0000000080f00000| Untracked 
|  16|0x0000000081000000, 0x0000000081100000, 0x0000000081100000|100%| O|  |TAMS 0x0000000081100000, 0x0000000081000000| Untracked 
|  17|0x0000000081100000, 0x0000000081200000, 0x0000000081200000|100%| O|  |TAMS 0x0000000081200000, 0x0000000081100000| Untracked 
|  18|0x0000000081200000, 0x0000000081300000, 0x0000000081300000|100%| O|  |TAMS 0x0000000081300000, 0x0000000081200000| Untracked 
|  19|0x0000000081300000, 0x0000000081400000, 0x0000000081400000|100%|HS|  |TAMS 0x0000000081400000, 0x0000000081300000| Complete 
|  20|0x0000000081400000, 0x0000000081500000, 0x0000000081500000|100%| O|  |TAMS 0x0000000081500000, 0x0000000081400000| Untracked 
|  21|0x0000000081500000, 0x0000000081600000, 0x0000000081600000|100%| O|  |TAMS 0x0000000081600000, 0x0000000081500000| Untracked 
|  22|0x0000000081600000, 0x0000000081700000, 0x0000000081700000|100%| O|  |TAMS 0x0000000081700000, 0x0000000081600000| Untracked 
|  23|0x0000000081700000, 0x0000000081800000, 0x0000000081800000|100%| O|  |TAMS 0x0000000081800000, 0x0000000081700000| Untracked 
|  24|0x0000000081800000, 0x0000000081900000, 0x0000000081900000|100%| O|  |TAMS 0x0000000081900000, 0x0000000081800000| Untracked 
|  25|0x0000000081900000, 0x0000000081a00000, 0x0000000081a00000|100%| O|  |TAMS 0x0000000081a00000, 0x0000000081900000| Untracked 
|  26|0x0000000081a00000, 0x0000000081b00000, 0x0000000081b00000|100%| O|  |TAMS 0x0000000081b00000, 0x0000000081a00000| Untracked 
|  27|0x0000000081b00000, 0x0000000081c00000, 0x0000000081c00000|100%| O|  |TAMS 0x0000000081c00000, 0x0000000081b00000| Untracked 
|  28|0x0000000081c00000, 0x0000000081d00000, 0x0000000081d00000|100%| O|  |TAMS 0x0000000081d00000, 0x0000000081c00000| Untracked 
|  29|0x0000000081d00000, 0x0000000081e00000, 0x0000000081e00000|100%|HS|  |TAMS 0x0000000081e00000, 0x0000000081d00000| Complete 
|  30|0x0000000081e00000, 0x0000000081f00000, 0x0000000081f00000|100%|HS|  |TAMS 0x0000000081f00000, 0x0000000081e00000| Complete 
|  31|0x0000000081f00000, 0x0000000082000000, 0x0000000082000000|100%|HC|  |TAMS 0x0000000082000000, 0x0000000081f00000| Complete 
|  32|0x0000000082000000, 0x0000000082100000, 0x0000000082100000|100%| O|  |TAMS 0x0000000082100000, 0x0000000082000000| Untracked 
|  33|0x0000000082100000, 0x0000000082200000, 0x0000000082200000|100%| O|  |TAMS 0x0000000082200000, 0x0000000082100000| Untracked 
|  34|0x0000000082200000, 0x0000000082300000, 0x0000000082300000|100%| O|  |TAMS 0x0000000082300000, 0x0000000082200000| Untracked 
|  35|0x0000000082300000, 0x0000000082400000, 0x0000000082400000|100%| O|  |TAMS 0x0000000082400000, 0x0000000082300000| Untracked 
|  36|0x0000000082400000, 0x0000000082500000, 0x0000000082500000|100%| O|  |TAMS 0x0000000082500000, 0x0000000082400000| Untracked 
|  37|0x0000000082500000, 0x0000000082600000, 0x0000000082600000|100%| O|  |TAMS 0x0000000082600000, 0x0000000082500000| Untracked 
|  38|0x0000000082600000, 0x0000000082700000, 0x0000000082700000|100%| O|  |TAMS 0x0000000082700000, 0x0000000082600000| Untracked 
|  39|0x0000000082700000, 0x0000000082800000, 0x0000000082800000|100%| O|  |TAMS 0x0000000082800000, 0x0000000082700000| Untracked 
|  40|0x0000000082800000, 0x0000000082900000, 0x0000000082900000|100%| O|  |TAMS 0x0000000082900000, 0x0000000082800000| Untracked 
|  41|0x0000000082900000, 0x0000000082a00000, 0x0000000082a00000|100%| O|  |TAMS 0x0000000082a00000, 0x0000000082900000| Untracked 
|  42|0x0000000082a00000, 0x0000000082b00000, 0x0000000082b00000|100%| O|  |TAMS 0x0000000082b00000, 0x0000000082a00000| Untracked 
|  43|0x0000000082b00000, 0x0000000082c00000, 0x0000000082c00000|100%| O|  |TAMS 0x0000000082c00000, 0x0000000082b00000| Untracked 
|  44|0x0000000082c00000, 0x0000000082d00000, 0x0000000082d00000|100%| O|  |TAMS 0x0000000082d00000, 0x0000000082c00000| Untracked 
|  45|0x0000000082d00000, 0x0000000082e00000, 0x0000000082e00000|100%| O|  |TAMS 0x0000000082e00000, 0x0000000082d00000| Untracked 
|  46|0x0000000082e00000, 0x0000000082f00000, 0x0000000082f00000|100%| O|  |TAMS 0x0000000082f00000, 0x0000000082e00000| Untracked 
|  47|0x0000000082f00000, 0x0000000083000000, 0x0000000083000000|100%| O|  |TAMS 0x0000000083000000, 0x0000000082f00000| Untracked 
|  48|0x0000000083000000, 0x0000000083100000, 0x0000000083100000|100%| O|  |TAMS 0x0000000083100000, 0x0000000083000000| Untracked 
|  49|0x0000000083100000, 0x0000000083200000, 0x0000000083200000|100%| O|  |TAMS 0x0000000083200000, 0x0000000083100000| Untracked 
|  50|0x0000000083200000, 0x0000000083300000, 0x0000000083300000|100%| O|  |TAMS 0x0000000083300000, 0x0000000083200000| Untracked 
|  51|0x0000000083300000, 0x0000000083400000, 0x0000000083400000|100%| O|  |TAMS 0x0000000083400000, 0x0000000083300000| Untracked 
|  52|0x0000000083400000, 0x0000000083500000, 0x0000000083500000|100%| O|  |TAMS 0x0000000083500000, 0x0000000083400000| Untracked 
|  53|0x0000000083500000, 0x0000000083600000, 0x0000000083600000|100%| O|  |TAMS 0x0000000083600000, 0x0000000083500000| Untracked 
|  54|0x0000000083600000, 0x0000000083700000, 0x0000000083700000|100%| O|  |TAMS 0x0000000083700000, 0x0000000083600000| Untracked 
|  55|0x0000000083700000, 0x0000000083800000, 0x0000000083800000|100%| O|  |TAMS 0x0000000083800000, 0x0000000083700000| Untracked 
|  56|0x0000000083800000, 0x0000000083900000, 0x0000000083900000|100%| O|  |TAMS 0x0000000083900000, 0x0000000083800000| Untracked 
|  57|0x0000000083900000, 0x0000000083a00000, 0x0000000083a00000|100%| O|  |TAMS 0x0000000083a00000, 0x0000000083900000| Untracked 
|  58|0x0000000083a00000, 0x0000000083b00000, 0x0000000083b00000|100%| O|  |TAMS 0x0000000083b00000, 0x0000000083a00000| Untracked 
|  59|0x0000000083b00000, 0x0000000083c00000, 0x0000000083c00000|100%| O|  |TAMS 0x0000000083c00000, 0x0000000083b00000| Untracked 
|  60|0x0000000083c00000, 0x0000000083d00000, 0x0000000083d00000|100%| O|  |TAMS 0x0000000083d00000, 0x0000000083c00000| Untracked 
|  61|0x0000000083d00000, 0x0000000083e00000, 0x0000000083e00000|100%| O|  |TAMS 0x0000000083e00000, 0x0000000083d00000| Untracked 
|  62|0x0000000083e00000, 0x0000000083f00000, 0x0000000083f00000|100%| O|  |TAMS 0x0000000083f00000, 0x0000000083e00000| Untracked 
|  63|0x0000000083f00000, 0x0000000084000000, 0x0000000084000000|100%| O|  |TAMS 0x0000000084000000, 0x0000000083f00000| Untracked 
|  64|0x0000000084000000, 0x0000000084100000, 0x0000000084100000|100%| O|  |TAMS 0x0000000084100000, 0x0000000084000000| Untracked 
|  65|0x0000000084100000, 0x0000000084200000, 0x0000000084200000|100%| O|  |TAMS 0x0000000084200000, 0x0000000084100000| Untracked 
|  66|0x0000000084200000, 0x0000000084300000, 0x0000000084300000|100%| O|  |TAMS 0x0000000084300000, 0x0000000084200000| Untracked 
|  67|0x0000000084300000, 0x0000000084400000, 0x0000000084400000|100%| O|  |TAMS 0x0000000084400000, 0x0000000084300000| Untracked 
|  68|0x0000000084400000, 0x0000000084500000, 0x0000000084500000|100%| O|  |TAMS 0x0000000084400000, 0x0000000084400000| Untracked 
|  69|0x0000000084500000, 0x0000000084600000, 0x0000000084600000|100%| O|  |TAMS 0x0000000084600000, 0x0000000084500000| Untracked 
|  70|0x0000000084600000, 0x0000000084700000, 0x0000000084700000|100%| O|  |TAMS 0x0000000084700000, 0x0000000084600000| Untracked 
|  71|0x0000000084700000, 0x0000000084800000, 0x0000000084800000|100%| O|  |TAMS 0x0000000084800000, 0x0000000084700000| Untracked 
|  72|0x0000000084800000, 0x0000000084900000, 0x0000000084900000|100%| O|  |TAMS 0x0000000084900000, 0x0000000084800000| Untracked 
|  73|0x0000000084900000, 0x0000000084a00000, 0x0000000084a00000|100%| O|  |TAMS 0x0000000084a00000, 0x0000000084900000| Untracked 
|  74|0x0000000084a00000, 0x0000000084b00000, 0x0000000084b00000|100%| O|  |TAMS 0x0000000084a00000, 0x0000000084a00000| Untracked 
|  75|0x0000000084b00000, 0x0000000084c00000, 0x0000000084c00000|100%| O|  |TAMS 0x0000000084b00000, 0x0000000084b00000| Untracked 
|  76|0x0000000084c00000, 0x0000000084d00000, 0x0000000084d00000|100%| O|  |TAMS 0x0000000084c00000, 0x0000000084c00000| Untracked 
|  77|0x0000000084d00000, 0x0000000084e00000, 0x0000000084e00000|100%| O|  |TAMS 0x0000000084d00000, 0x0000000084d00000| Untracked 
|  78|0x0000000084e00000, 0x0000000084f00000, 0x0000000084f00000|100%| O|  |TAMS 0x0000000084f00000, 0x0000000084e00000| Untracked 
|  79|0x0000000084f00000, 0x0000000084f3a600, 0x0000000085000000| 22%| O|  |TAMS 0x0000000084f00000, 0x0000000084f00000| Untracked 
|  80|0x0000000085000000, 0x0000000085000000, 0x0000000085100000|  0%| F|  |TAMS 0x0000000085000000, 0x0000000085000000| Untracked 
|  81|0x0000000085100000, 0x0000000085100000, 0x0000000085200000|  0%| F|  |TAMS 0x0000000085100000, 0x0000000085100000| Untracked 
|  82|0x0000000085200000, 0x0000000085300000, 0x0000000085300000|100%| O|  |TAMS 0x0000000085300000, 0x0000000085200000| Untracked 
|  83|0x0000000085300000, 0x0000000085400000, 0x0000000085400000|100%| O|  |TAMS 0x0000000085400000, 0x0000000085300000| Untracked 
|  84|0x0000000085400000, 0x0000000085500000, 0x0000000085500000|100%| O|  |TAMS 0x0000000085500000, 0x0000000085400000| Untracked 
|  85|0x0000000085500000, 0x0000000085600000, 0x0000000085600000|100%| O|  |TAMS 0x0000000085600000, 0x0000000085500000| Untracked 
|  86|0x0000000085600000, 0x0000000085700000, 0x0000000085700000|100%| O|  |TAMS 0x0000000085700000, 0x0000000085600000| Untracked 
|  87|0x0000000085700000, 0x0000000085800000, 0x0000000085800000|100%| O|  |TAMS 0x0000000085800000, 0x0000000085700000| Untracked 
|  88|0x0000000085800000, 0x0000000085900000, 0x0000000085900000|100%| O|  |TAMS 0x00000000858bd400, 0x0000000085800000| Untracked 
|  89|0x0000000085900000, 0x0000000085900000, 0x0000000085a00000|  0%| F|  |TAMS 0x0000000085900000, 0x0000000085900000| Untracked 
|  90|0x0000000085a00000, 0x0000000085a00000, 0x0000000085b00000|  0%| F|  |TAMS 0x0000000085a00000, 0x0000000085a00000| Untracked 
|  91|0x0000000085b00000, 0x0000000085b00000, 0x0000000085c00000|  0%| F|  |TAMS 0x0000000085b00000, 0x0000000085b00000| Untracked 
|  92|0x0000000085c00000, 0x0000000085c00000, 0x0000000085d00000|  0%| F|  |TAMS 0x0000000085c00000, 0x0000000085c00000| Untracked 
|  93|0x0000000085d00000, 0x0000000085d00000, 0x0000000085e00000|  0%| F|  |TAMS 0x0000000085d00000, 0x0000000085d00000| Untracked 
|  94|0x0000000085e00000, 0x0000000085e00000, 0x0000000085f00000|  0%| F|  |TAMS 0x0000000085e00000, 0x0000000085e00000| Untracked 
|  95|0x0000000085f00000, 0x0000000085f00000, 0x0000000086000000|  0%| F|  |TAMS 0x0000000085f00000, 0x0000000085f00000| Untracked 
|  96|0x0000000086000000, 0x0000000086000000, 0x0000000086100000|  0%| F|  |TAMS 0x0000000086000000, 0x0000000086000000| Untracked 
|  97|0x0000000086100000, 0x0000000086100000, 0x0000000086200000|  0%| F|  |TAMS 0x0000000086100000, 0x0000000086100000| Untracked 
|  98|0x0000000086200000, 0x0000000086200000, 0x0000000086300000|  0%| F|  |TAMS 0x0000000086200000, 0x0000000086200000| Untracked 
|  99|0x0000000086300000, 0x0000000086300000, 0x0000000086400000|  0%| F|  |TAMS 0x0000000086300000, 0x0000000086300000| Untracked 
| 100|0x0000000086400000, 0x0000000086400000, 0x0000000086500000|  0%| F|  |TAMS 0x0000000086400000, 0x0000000086400000| Untracked 
| 101|0x0000000086500000, 0x0000000086500000, 0x0000000086600000|  0%| F|  |TAMS 0x0000000086500000, 0x0000000086500000| Untracked 
| 102|0x0000000086600000, 0x0000000086600000, 0x0000000086700000|  0%| F|  |TAMS 0x0000000086600000, 0x0000000086600000| Untracked 
| 103|0x0000000086700000, 0x0000000086700000, 0x0000000086800000|  0%| F|  |TAMS 0x0000000086700000, 0x0000000086700000| Untracked 
| 104|0x0000000086800000, 0x0000000086800000, 0x0000000086900000|  0%| F|  |TAMS 0x0000000086800000, 0x0000000086800000| Untracked 
| 105|0x0000000086900000, 0x0000000086900000, 0x0000000086a00000|  0%| F|  |TAMS 0x0000000086900000, 0x0000000086900000| Untracked 
| 106|0x0000000086a00000, 0x0000000086a00000, 0x0000000086b00000|  0%| F|  |TAMS 0x0000000086a00000, 0x0000000086a00000| Untracked 
| 107|0x0000000086b00000, 0x0000000086b00000, 0x0000000086c00000|  0%| F|  |TAMS 0x0000000086b00000, 0x0000000086b00000| Untracked 
| 108|0x0000000086c00000, 0x0000000086c00000, 0x0000000086d00000|  0%| F|  |TAMS 0x0000000086c00000, 0x0000000086c00000| Untracked 
| 109|0x0000000086d00000, 0x0000000086d00000, 0x0000000086e00000|  0%| F|  |TAMS 0x0000000086d00000, 0x0000000086d00000| Untracked 
| 110|0x0000000086e00000, 0x0000000086e00000, 0x0000000086f00000|  0%| F|  |TAMS 0x0000000086e00000, 0x0000000086e00000| Untracked 
| 111|0x0000000086f00000, 0x0000000086f00000, 0x0000000087000000|  0%| F|  |TAMS 0x0000000086f00000, 0x0000000086f00000| Untracked 
| 112|0x0000000087000000, 0x0000000087100000, 0x0000000087100000|100%| O|  |TAMS 0x0000000087100000, 0x0000000087000000| Untracked 
| 113|0x0000000087100000, 0x0000000087100000, 0x0000000087200000|  0%| F|  |TAMS 0x0000000087100000, 0x0000000087100000| Untracked 
| 114|0x0000000087200000, 0x0000000087200000, 0x0000000087300000|  0%| F|  |TAMS 0x0000000087200000, 0x0000000087200000| Untracked 
| 115|0x0000000087300000, 0x0000000087300000, 0x0000000087400000|  0%| F|  |TAMS 0x0000000087300000, 0x0000000087300000| Untracked 
| 116|0x0000000087400000, 0x0000000087400000, 0x0000000087500000|  0%| F|  |TAMS 0x0000000087400000, 0x0000000087400000| Untracked 
| 117|0x0000000087500000, 0x0000000087500000, 0x0000000087600000|  0%| F|  |TAMS 0x0000000087500000, 0x0000000087500000| Untracked 
| 118|0x0000000087600000, 0x0000000087600000, 0x0000000087700000|  0%| F|  |TAMS 0x0000000087600000, 0x0000000087600000| Untracked 
| 119|0x0000000087700000, 0x0000000087700000, 0x0000000087800000|  0%| F|  |TAMS 0x0000000087700000, 0x0000000087700000| Untracked 
| 120|0x0000000087800000, 0x0000000087800000, 0x0000000087900000|  0%| F|  |TAMS 0x0000000087800000, 0x0000000087800000| Untracked 
| 121|0x0000000087900000, 0x0000000087900000, 0x0000000087a00000|  0%| F|  |TAMS 0x0000000087900000, 0x0000000087900000| Untracked 
| 122|0x0000000087a00000, 0x0000000087a00000, 0x0000000087b00000|  0%| F|  |TAMS 0x0000000087a00000, 0x0000000087a00000| Untracked 
| 123|0x0000000087b00000, 0x0000000087b00000, 0x0000000087c00000|  0%| F|  |TAMS 0x0000000087b00000, 0x0000000087b00000| Untracked 
| 124|0x0000000087c00000, 0x0000000087c00000, 0x0000000087d00000|  0%| F|  |TAMS 0x0000000087c00000, 0x0000000087c00000| Untracked 
| 125|0x0000000087d00000, 0x0000000087d00000, 0x0000000087e00000|  0%| F|  |TAMS 0x0000000087d00000, 0x0000000087d00000| Untracked 
| 126|0x0000000087e00000, 0x0000000087e00000, 0x0000000087f00000|  0%| F|  |TAMS 0x0000000087e00000, 0x0000000087e00000| Untracked 
| 127|0x0000000087f00000, 0x0000000087f00000, 0x0000000088000000|  0%| F|  |TAMS 0x0000000087f00000, 0x0000000087f00000| Untracked 
| 128|0x0000000088000000, 0x0000000088000000, 0x0000000088100000|  0%| F|  |TAMS 0x0000000088000000, 0x0000000088000000| Untracked 
| 129|0x0000000088100000, 0x0000000088100000, 0x0000000088200000|  0%| F|  |TAMS 0x0000000088100000, 0x0000000088100000| Untracked 
| 130|0x0000000088200000, 0x0000000088200000, 0x0000000088300000|  0%| F|  |TAMS 0x0000000088200000, 0x0000000088200000| Untracked 
| 131|0x0000000088300000, 0x0000000088300000, 0x0000000088400000|  0%| F|  |TAMS 0x0000000088300000, 0x0000000088300000| Untracked 
| 132|0x0000000088400000, 0x0000000088400000, 0x0000000088500000|  0%| F|  |TAMS 0x0000000088400000, 0x0000000088400000| Untracked 
| 133|0x0000000088500000, 0x0000000088500000, 0x0000000088600000|  0%| F|  |TAMS 0x0000000088500000, 0x0000000088500000| Untracked 
| 134|0x0000000088600000, 0x0000000088600000, 0x0000000088700000|  0%| F|  |TAMS 0x0000000088600000, 0x0000000088600000| Untracked 
| 135|0x0000000088700000, 0x0000000088700000, 0x0000000088800000|  0%| F|  |TAMS 0x0000000088700000, 0x0000000088700000| Untracked 
| 136|0x0000000088800000, 0x00000000888b9850, 0x0000000088900000| 72%| S|CS|TAMS 0x0000000088800000, 0x0000000088800000| Complete 
| 137|0x0000000088900000, 0x0000000088a00000, 0x0000000088a00000|100%| S|CS|TAMS 0x0000000088900000, 0x0000000088900000| Complete 
| 138|0x0000000088a00000, 0x0000000088b00000, 0x0000000088b00000|100%| S|CS|TAMS 0x0000000088a00000, 0x0000000088a00000| Complete 
| 139|0x0000000088b00000, 0x0000000088c00000, 0x0000000088c00000|100%| S|CS|TAMS 0x0000000088b00000, 0x0000000088b00000| Complete 
| 140|0x0000000088c00000, 0x0000000088d00000, 0x0000000088d00000|100%| S|CS|TAMS 0x0000000088c00000, 0x0000000088c00000| Complete 
| 141|0x0000000088d00000, 0x0000000088e00000, 0x0000000088e00000|100%| S|CS|TAMS 0x0000000088d00000, 0x0000000088d00000| Complete 
| 142|0x0000000088e00000, 0x0000000088e00000, 0x0000000088f00000|  0%| F|  |TAMS 0x0000000088e00000, 0x0000000088e00000| Untracked 
| 143|0x0000000088f00000, 0x0000000088f00000, 0x0000000089000000|  0%| F|  |TAMS 0x0000000088f00000, 0x0000000088f00000| Untracked 
| 144|0x0000000089000000, 0x0000000089000000, 0x0000000089100000|  0%| F|  |TAMS 0x0000000089000000, 0x0000000089000000| Untracked 
| 145|0x0000000089100000, 0x0000000089100000, 0x0000000089200000|  0%| F|  |TAMS 0x0000000089100000, 0x0000000089100000| Untracked 
| 146|0x0000000089200000, 0x0000000089200000, 0x0000000089300000|  0%| F|  |TAMS 0x0000000089200000, 0x0000000089200000| Untracked 
| 147|0x0000000089300000, 0x0000000089300000, 0x0000000089400000|  0%| F|  |TAMS 0x0000000089300000, 0x0000000089300000| Untracked 
| 148|0x0000000089400000, 0x0000000089400000, 0x0000000089500000|  0%| F|  |TAMS 0x0000000089400000, 0x0000000089400000| Untracked 
| 149|0x0000000089500000, 0x0000000089500000, 0x0000000089600000|  0%| F|  |TAMS 0x0000000089500000, 0x0000000089500000| Untracked 
| 150|0x0000000089600000, 0x0000000089600000, 0x0000000089700000|  0%| F|  |TAMS 0x0000000089600000, 0x0000000089600000| Untracked 
| 151|0x0000000089700000, 0x0000000089700000, 0x0000000089800000|  0%| F|  |TAMS 0x0000000089700000, 0x0000000089700000| Untracked 
| 152|0x0000000089800000, 0x0000000089800000, 0x0000000089900000|  0%| F|  |TAMS 0x0000000089800000, 0x0000000089800000| Untracked 
| 153|0x0000000089900000, 0x0000000089900000, 0x0000000089a00000|  0%| F|  |TAMS 0x0000000089900000, 0x0000000089900000| Untracked 
| 154|0x0000000089a00000, 0x0000000089a00000, 0x0000000089b00000|  0%| F|  |TAMS 0x0000000089a00000, 0x0000000089a00000| Untracked 
| 155|0x0000000089b00000, 0x0000000089b00000, 0x0000000089c00000|  0%| F|  |TAMS 0x0000000089b00000, 0x0000000089b00000| Untracked 
| 156|0x0000000089c00000, 0x0000000089c00000, 0x0000000089d00000|  0%| F|  |TAMS 0x0000000089c00000, 0x0000000089c00000| Untracked 
| 157|0x0000000089d00000, 0x0000000089d00000, 0x0000000089e00000|  0%| F|  |TAMS 0x0000000089d00000, 0x0000000089d00000| Untracked 
| 158|0x0000000089e00000, 0x0000000089e00000, 0x0000000089f00000|  0%| F|  |TAMS 0x0000000089e00000, 0x0000000089e00000| Untracked 
| 159|0x0000000089f00000, 0x0000000089f00000, 0x000000008a000000|  0%| F|  |TAMS 0x0000000089f00000, 0x0000000089f00000| Untracked 
| 160|0x000000008a000000, 0x000000008a000000, 0x000000008a100000|  0%| F|  |TAMS 0x000000008a000000, 0x000000008a000000| Untracked 
| 161|0x000000008a100000, 0x000000008a100000, 0x000000008a200000|  0%| F|  |TAMS 0x000000008a100000, 0x000000008a100000| Untracked 
| 162|0x000000008a200000, 0x000000008a200000, 0x000000008a300000|  0%| F|  |TAMS 0x000000008a200000, 0x000000008a200000| Untracked 
| 163|0x000000008a300000, 0x000000008a300000, 0x000000008a400000|  0%| F|  |TAMS 0x000000008a300000, 0x000000008a300000| Untracked 
| 164|0x000000008a400000, 0x000000008a400000, 0x000000008a500000|  0%| F|  |TAMS 0x000000008a400000, 0x000000008a400000| Untracked 
| 165|0x000000008a500000, 0x000000008a500000, 0x000000008a600000|  0%| F|  |TAMS 0x000000008a500000, 0x000000008a500000| Untracked 
| 166|0x000000008a600000, 0x000000008a600000, 0x000000008a700000|  0%| F|  |TAMS 0x000000008a600000, 0x000000008a600000| Untracked 
| 167|0x000000008a700000, 0x000000008a700000, 0x000000008a800000|  0%| F|  |TAMS 0x000000008a700000, 0x000000008a700000| Untracked 
| 168|0x000000008a800000, 0x000000008a800000, 0x000000008a900000|  0%| F|  |TAMS 0x000000008a800000, 0x000000008a800000| Untracked 
| 169|0x000000008a900000, 0x000000008a900000, 0x000000008aa00000|  0%| F|  |TAMS 0x000000008a900000, 0x000000008a900000| Untracked 
| 170|0x000000008aa00000, 0x000000008aa00000, 0x000000008ab00000|  0%| F|  |TAMS 0x000000008aa00000, 0x000000008aa00000| Untracked 
| 171|0x000000008ab00000, 0x000000008ab00000, 0x000000008ac00000|  0%| F|  |TAMS 0x000000008ab00000, 0x000000008ab00000| Untracked 
| 172|0x000000008ac00000, 0x000000008ac00000, 0x000000008ad00000|  0%| F|  |TAMS 0x000000008ac00000, 0x000000008ac00000| Untracked 
| 173|0x000000008ad00000, 0x000000008ad00000, 0x000000008ae00000|  0%| F|  |TAMS 0x000000008ad00000, 0x000000008ad00000| Untracked 
| 174|0x000000008ae00000, 0x000000008ae00000, 0x000000008af00000|  0%| F|  |TAMS 0x000000008ae00000, 0x000000008ae00000| Untracked 
| 175|0x000000008af00000, 0x000000008af00000, 0x000000008b000000|  0%| F|  |TAMS 0x000000008af00000, 0x000000008af00000| Untracked 
| 176|0x000000008b000000, 0x000000008b000000, 0x000000008b100000|  0%| F|  |TAMS 0x000000008b000000, 0x000000008b000000| Untracked 
| 177|0x000000008b100000, 0x000000008b100000, 0x000000008b200000|  0%| F|  |TAMS 0x000000008b100000, 0x000000008b100000| Untracked 
| 178|0x000000008b200000, 0x000000008b200000, 0x000000008b300000|  0%| F|  |TAMS 0x000000008b200000, 0x000000008b200000| Untracked 
| 179|0x000000008b300000, 0x000000008b300000, 0x000000008b400000|  0%| F|  |TAMS 0x000000008b300000, 0x000000008b300000| Untracked 
| 180|0x000000008b400000, 0x000000008b400000, 0x000000008b500000|  0%| F|  |TAMS 0x000000008b400000, 0x000000008b400000| Untracked 
| 181|0x000000008b500000, 0x000000008b500000, 0x000000008b600000|  0%| F|  |TAMS 0x000000008b500000, 0x000000008b500000| Untracked 
| 182|0x000000008b600000, 0x000000008b600000, 0x000000008b700000|  0%| F|  |TAMS 0x000000008b600000, 0x000000008b600000| Untracked 
| 183|0x000000008b700000, 0x000000008b700000, 0x000000008b800000|  0%| F|  |TAMS 0x000000008b700000, 0x000000008b700000| Untracked 
| 184|0x000000008b800000, 0x000000008b800000, 0x000000008b900000|  0%| F|  |TAMS 0x000000008b800000, 0x000000008b800000| Untracked 
| 185|0x000000008b900000, 0x000000008b900000, 0x000000008ba00000|  0%| F|  |TAMS 0x000000008b900000, 0x000000008b900000| Untracked 
| 186|0x000000008ba00000, 0x000000008ba00000, 0x000000008bb00000|  0%| F|  |TAMS 0x000000008ba00000, 0x000000008ba00000| Untracked 
| 187|0x000000008bb00000, 0x000000008bb00000, 0x000000008bc00000|  0%| F|  |TAMS 0x000000008bb00000, 0x000000008bb00000| Untracked 
| 188|0x000000008bc00000, 0x000000008bc00000, 0x000000008bd00000|  0%| F|  |TAMS 0x000000008bc00000, 0x000000008bc00000| Untracked 
| 189|0x000000008bd00000, 0x000000008bd00000, 0x000000008be00000|  0%| F|  |TAMS 0x000000008bd00000, 0x000000008bd00000| Untracked 

Card table byte_map: [0x000002a8c8320000,0x000002a8c8720000] _byte_map_base: 0x000002a8c7f20000

Marking Bits (Prev, Next): (CMBitMap*) 0x000002a8b5789400, (CMBitMap*) 0x000002a8b57893c0
 Prev Bits: [0x000002a8cab20000, 0x000002a8ccb20000)
 Next Bits: [0x000002a8c8b20000, 0x000002a8cab20000)

Polling page: 0x000002a8b4ef0000

Metaspace:

Usage:
  Non-class:     78.94 MB used.
      Class:     12.25 MB used.
       Both:     91.19 MB used.

Virtual space:
  Non-class space:       80.00 MB reserved,      79.25 MB (>99%) committed,  10 nodes.
      Class space:        1.00 GB reserved,      12.56 MB (  1%) committed,  1 nodes.
             Both:        1.08 GB reserved,      91.81 MB (  8%) committed. 

Chunk freelists:
   Non-Class:  102.00 KB
       Class:  3.30 MB
        Both:  3.40 MB

MaxMetaspaceSize: unlimited
CompressedClassSpaceSize: 1.00 GB
Initial GC threshold: 21.00 MB
Current GC threshold: 145.25 MB
CDS: off
MetaspaceReclaimPolicy: balanced
 - commit_granule_bytes: 65536.
 - commit_granule_words: 8192.
 - virtual_space_node_default_size: 1048576.
 - enlarge_chunks_in_place: 1.
 - new_chunks_are_fully_committed: 0.
 - uncommit_free_chunks: 1.
 - use_allocation_guard: 0.
 - handle_deallocations: 1.


Internal statistics:

num_allocs_failed_limit: 15.
num_arena_births: 804.
num_arena_deaths: 14.
num_vsnodes_births: 11.
num_vsnodes_deaths: 0.
num_space_committed: 1469.
num_space_uncommitted: 0.
num_chunks_returned_to_freelist: 36.
num_chunks_taken_from_freelist: 4195.
num_chunk_merges: 12.
num_chunk_splits: 2777.
num_chunks_enlarged: 1883.
num_purges: 2.
num_inconsistent_stats: 0.

CodeHeap 'non-profiled nmethods': size=120000Kb used=4902Kb max_used=4902Kb free=115097Kb
 bounds [0x000002a8c06c0000, 0x000002a8c0b90000, 0x000002a8c7bf0000]
CodeHeap 'profiled nmethods': size=120000Kb used=19606Kb max_used=19606Kb free=100394Kb
 bounds [0x000002a8b8bf0000, 0x000002a8b9f20000, 0x000002a8c0120000]
CodeHeap 'non-nmethods': size=5760Kb used=2401Kb max_used=2495Kb free=3358Kb
 bounds [0x000002a8c0120000, 0x000002a8c03a0000, 0x000002a8c06c0000]
 total_blobs=11254 nmethods=10318 adapters=848
 compilation: enabled
              stopped_count=0, restarted_count=0
 full_count=0

Compilation events (20 events):
Event: 19.598 Thread 0x000002a8d006f0c0 11327       1       com.android.ide.common.symbols.Symbol$StyleableSymbolImpl::getValues (5 bytes)
Event: 19.598 Thread 0x000002a8d006f0c0 nmethod 11327 0x000002a8c0b89110 code [0x000002a8c0b892a0, 0x000002a8c0b89378]
Event: 19.598 Thread 0x000002a8d006f0c0 11328       1       com.android.ide.common.symbols.Symbol$StyleableSymbolImpl::getChildren (5 bytes)
Event: 19.598 Thread 0x000002a8d006f0c0 nmethod 11328 0x000002a8c0b89410 code [0x000002a8c0b895a0, 0x000002a8c0b89678]
Event: 19.598 Thread 0x000002a8d006f0c0 11329       1       com.android.ide.common.symbols.Symbol$StyleableSymbolImpl::getResourceVisibility (5 bytes)
Event: 19.598 Thread 0x000002a8d006f0c0 nmethod 11329 0x000002a8c0b89710 code [0x000002a8c0b898a0, 0x000002a8c0b89978]
Event: 19.599 Thread 0x000002a8d006f0c0 11330       3       com.google.common.base.CharMatcher::indexIn (48 bytes)
Event: 19.599 Thread 0x000002a8d006f0c0 nmethod 11330 0x000002a8b9f0e910 code [0x000002a8b9f0eb00, 0x000002a8b9f0f038]
Event: 19.599 Thread 0x000002a8d006f0c0 11331       3       com.google.common.collect.ImmutableList::asImmutableList (60 bytes)
Event: 19.600 Thread 0x000002a8d006f0c0 nmethod 11331 0x000002a8b9f0f210 code [0x000002a8b9f0f460, 0x000002a8b9f0fe78]
Event: 19.600 Thread 0x000002a8d006f0c0 11332       3       com.google.common.base.Splitter::split (15 bytes)
Event: 19.600 Thread 0x000002a8d006f0c0 nmethod 11332 0x000002a8b9f10210 code [0x000002a8b9f103e0, 0x000002a8b9f10828]
Event: 19.600 Thread 0x000002a8d006f0c0 11335 %     3       java.lang.Integer::parseInt @ 175 (264 bytes)
Event: 19.602 Thread 0x000002a8d006f0c0 nmethod 11335% 0x000002a8b9f10990 code [0x000002a8b9f10e20, 0x000002a8b9f12e98]
Event: 19.602 Thread 0x000002a8d006f0c0 11333       3       com.google.common.base.Splitter$5::<init> (15 bytes)
Event: 19.602 Thread 0x000002a8d006f0c0 nmethod 11333 0x000002a8b9f13a90 code [0x000002a8b9f13c40, 0x000002a8b9f13e58]
Event: 19.602 Thread 0x000002a8d006f0c0 11334       3       com.google.common.base.Splitter$5::iterator (12 bytes)
Event: 19.603 Thread 0x000002a8d006f0c0 nmethod 11334 0x000002a8b9f13f10 code [0x000002a8b9f140c0, 0x000002a8b9f14368]
Event: 19.603 Thread 0x000002a8d006f0c0 11338       3       com.google.common.collect.ImmutableSet::construct (93 bytes)
Event: 19.604 Thread 0x000002a8d006f0c0 nmethod 11338 0x000002a8b9f14510 code [0x000002a8b9f147a0, 0x000002a8b9f15358]

GC Heap History (20 events):
Event: 13.320 GC heap after
{Heap after GC invocations=27 (full 0):
 garbage-first heap   total 138240K, used 70356K [0x0000000080000000, 0x0000000100000000)
  region size 1024K, 7 young (7168K), 7 survivors (7168K)
 Metaspace       used 81579K, committed 82112K, reserved 1122304K
  class space    used 11103K, committed 11328K, reserved 1048576K
}
Event: 13.785 GC heap before
{Heap before GC invocations=27 (full 0):
 garbage-first heap   total 138240K, used 110292K [0x0000000080000000, 0x0000000100000000)
  region size 1024K, 47 young (48128K), 7 survivors (7168K)
 Metaspace       used 82353K, committed 82880K, reserved 1122304K
  class space    used 11255K, committed 11520K, reserved 1048576K
}
Event: 13.795 GC heap after
{Heap after GC invocations=28 (full 0):
 garbage-first heap   total 138240K, used 73394K [0x0000000080000000, 0x0000000100000000)
  region size 1024K, 3 young (3072K), 3 survivors (3072K)
 Metaspace       used 82353K, committed 82880K, reserved 1122304K
  class space    used 11255K, committed 11520K, reserved 1048576K
}
Event: 14.137 GC heap before
{Heap before GC invocations=29 (full 0):
 garbage-first heap   total 138240K, used 90802K [0x0000000080000000, 0x0000000100000000)
  region size 1024K, 22 young (22528K), 3 survivors (3072K)
 Metaspace       used 83477K, committed 84032K, reserved 1122304K
  class space    used 11358K, committed 11584K, reserved 1048576K
}
Event: 14.142 GC heap after
{Heap after GC invocations=30 (full 0):
 garbage-first heap   total 138240K, used 74420K [0x0000000080000000, 0x0000000100000000)
  region size 1024K, 4 young (4096K), 4 survivors (4096K)
 Metaspace       used 83477K, committed 84032K, reserved 1122304K
  class space    used 11358K, committed 11584K, reserved 1048576K
}
Event: 14.661 GC heap before
{Heap before GC invocations=31 (full 0):
 garbage-first heap   total 138240K, used 114356K [0x0000000080000000, 0x0000000100000000)
  region size 1024K, 42 young (43008K), 4 survivors (4096K)
 Metaspace       used 84723K, committed 85312K, reserved 1122304K
  class space    used 11503K, committed 11776K, reserved 1048576K
}
Event: 14.673 GC heap after
{Heap after GC invocations=32 (full 0):
 garbage-first heap   total 138240K, used 88892K [0x0000000080000000, 0x0000000100000000)
  region size 1024K, 6 young (6144K), 6 survivors (6144K)
 Metaspace       used 84723K, committed 85312K, reserved 1122304K
  class space    used 11503K, committed 11776K, reserved 1048576K
}
Event: 14.792 GC heap before
{Heap before GC invocations=32 (full 0):
 garbage-first heap   total 138240K, used 97084K [0x0000000080000000, 0x0000000100000000)
  region size 1024K, 15 young (15360K), 6 survivors (6144K)
 Metaspace       used 84782K, committed 85376K, reserved 1122304K
  class space    used 11503K, committed 11776K, reserved 1048576K
}
Event: 14.804 GC heap after
{Heap after GC invocations=33 (full 0):
 garbage-first heap   total 167936K, used 97280K [0x0000000080000000, 0x0000000100000000)
  region size 1024K, 4 young (4096K), 4 survivors (4096K)
 Metaspace       used 84782K, committed 85376K, reserved 1122304K
  class space    used 11503K, committed 11776K, reserved 1048576K
}
Event: 15.238 GC heap before
{Heap before GC invocations=34 (full 0):
 garbage-first heap   total 194560K, used 136192K [0x0000000080000000, 0x0000000100000000)
  region size 1024K, 26 young (26624K), 4 survivors (4096K)
 Metaspace       used 87218K, committed 87808K, reserved 1130496K
  class space    used 11791K, committed 12096K, reserved 1048576K
}
Event: 15.247 GC heap after
{Heap after GC invocations=35 (full 0):
 garbage-first heap   total 194560K, used 99299K [0x0000000080000000, 0x0000000100000000)
  region size 1024K, 2 young (2048K), 2 survivors (2048K)
 Metaspace       used 87218K, committed 87808K, reserved 1130496K
  class space    used 11791K, committed 12096K, reserved 1048576K
}
Event: 15.334 GC heap before
{Heap before GC invocations=35 (full 0):
 garbage-first heap   total 194560K, used 105443K [0x0000000080000000, 0x0000000100000000)
  region size 1024K, 9 young (9216K), 2 survivors (2048K)
 Metaspace       used 87764K, committed 88384K, reserved 1130496K
  class space    used 11851K, committed 12160K, reserved 1048576K
}
Event: 15.339 GC heap after
{Heap after GC invocations=36 (full 0):
 garbage-first heap   total 194560K, used 100155K [0x0000000080000000, 0x0000000100000000)
  region size 1024K, 2 young (2048K), 2 survivors (2048K)
 Metaspace       used 87764K, committed 88384K, reserved 1130496K
  class space    used 11851K, committed 12160K, reserved 1048576K
}
Event: 15.664 GC heap before
{Heap before GC invocations=36 (full 0):
 garbage-first heap   total 194560K, used 134971K [0x0000000080000000, 0x0000000100000000)
  region size 1024K, 37 young (37888K), 2 survivors (2048K)
 Metaspace       used 88580K, committed 89216K, reserved 1130496K
  class space    used 11924K, committed 12224K, reserved 1048576K
}
Event: 15.670 GC heap after
{Heap after GC invocations=37 (full 0):
 garbage-first heap   total 194560K, used 102355K [0x0000000080000000, 0x0000000100000000)
  region size 1024K, 4 young (4096K), 4 survivors (4096K)
 Metaspace       used 88580K, committed 89216K, reserved 1130496K
  class space    used 11924K, committed 12224K, reserved 1048576K
}
Event: 16.181 GC heap before
{Heap before GC invocations=38 (full 0):
 garbage-first heap   total 194560K, used 127955K [0x0000000080000000, 0x0000000100000000)
  region size 1024K, 41 young (41984K), 4 survivors (4096K)
 Metaspace       used 89684K, committed 90240K, reserved 1130496K
  class space    used 12053K, committed 12352K, reserved 1048576K
}
Event: 16.190 GC heap after
{Heap after GC invocations=39 (full 0):
 garbage-first heap   total 194560K, used 93624K [0x0000000080000000, 0x0000000100000000)
  region size 1024K, 6 young (6144K), 6 survivors (6144K)
 Metaspace       used 89684K, committed 90240K, reserved 1130496K
  class space    used 12053K, committed 12352K, reserved 1048576K
}
Event: 16.224 GC heap before
{Heap before GC invocations=39 (full 0):
 garbage-first heap   total 194560K, used 95672K [0x0000000080000000, 0x0000000100000000)
  region size 1024K, 9 young (9216K), 6 survivors (6144K)
 Metaspace       used 89808K, committed 90368K, reserved 1130496K
  class space    used 12070K, committed 12352K, reserved 1048576K
}
Event: 16.232 GC heap after
{Heap after GC invocations=40 (full 0):
 garbage-first heap   total 194560K, used 90182K [0x0000000080000000, 0x0000000100000000)
  region size 1024K, 1 young (1024K), 1 survivors (1024K)
 Metaspace       used 89808K, committed 90368K, reserved 1130496K
  class space    used 12070K, committed 12352K, reserved 1048576K
}
Event: 19.606 GC heap before
{Heap before GC invocations=40 (full 0):
 garbage-first heap   total 194560K, used 137286K [0x0000000080000000, 0x0000000100000000)
  region size 1024K, 48 young (49152K), 1 survivors (1024K)
 Metaspace       used 93377K, committed 94016K, reserved 1130496K
  class space    used 12544K, committed 12864K, reserved 1048576K
}

Dll operation events (2 events):
Event: 0.007 Loaded shared library C:\Program Files\Android\Android Studio\jbr\bin\java.dll
Event: 0.356 Loaded shared library C:\Program Files\Android\Android Studio\jbr\bin\verify.dll

Deoptimization events (20 events):
Event: 15.635 Thread 0x000002a8d14b2ba0 DEOPT PACKING pc=0x000002a8b9c60c31 sp=0x000000df3a4fe990
Event: 15.635 Thread 0x000002a8d14b2ba0 DEOPT UNPACKING pc=0x000002a8c0177143 sp=0x000000df3a4fde30 mode 0
Event: 15.642 Thread 0x000002a8d14b2ba0 DEOPT PACKING pc=0x000002a8b9c60c31 sp=0x000000df3a4fe990
Event: 15.642 Thread 0x000002a8d14b2ba0 DEOPT UNPACKING pc=0x000002a8c0177143 sp=0x000000df3a4fde30 mode 0
Event: 15.651 Thread 0x000002a8d14b2ba0 DEOPT PACKING pc=0x000002a8b9c60c31 sp=0x000000df3a4fe990
Event: 15.651 Thread 0x000002a8d14b2ba0 DEOPT UNPACKING pc=0x000002a8c0177143 sp=0x000000df3a4fde30 mode 0
Event: 15.656 Thread 0x000002a8d14b2ba0 DEOPT PACKING pc=0x000002a8b9c60c31 sp=0x000000df3a4fe990
Event: 15.656 Thread 0x000002a8d14b2ba0 DEOPT UNPACKING pc=0x000002a8c0177143 sp=0x000000df3a4fde30 mode 0
Event: 15.826 Thread 0x000002a8d32475e0 Uncommon trap: trap_request=0xffffffdc fr.pc=0x000002a8c0b17750 relative=0x00000000000002b0
Event: 15.826 Thread 0x000002a8d32475e0 Uncommon trap: reason=class_check action=make_not_entrant pc=0x000002a8c0b17750 method=java.util.ArrayList.toArray([Ljava/lang/Object;)[Ljava/lang/Object; @ 21 c2
Event: 15.826 Thread 0x000002a8d32475e0 DEOPT PACKING pc=0x000002a8c0b17750 sp=0x000000df40efb580
Event: 15.826 Thread 0x000002a8d32475e0 DEOPT UNPACKING pc=0x000002a8c01769a3 sp=0x000000df40efb550 mode 2
Event: 16.086 Thread 0x000002a8d3249c60 DEOPT PACKING pc=0x000002a8b8f22d41 sp=0x000000df40bfdd00
Event: 16.087 Thread 0x000002a8d3249c60 DEOPT UNPACKING pc=0x000002a8c0177143 sp=0x000000df40bfd208 mode 0
Event: 16.800 Thread 0x000002a8da7c7870 DEOPT PACKING pc=0x000002a8b9ad7d84 sp=0x000000df414fc5b0
Event: 16.800 Thread 0x000002a8da7c7870 DEOPT UNPACKING pc=0x000002a8c0177143 sp=0x000000df414fb9f8 mode 0
Event: 16.884 Thread 0x000002a8da7c7870 DEOPT PACKING pc=0x000002a8b8fdc918 sp=0x000000df414fd0d0
Event: 16.884 Thread 0x000002a8da7c7870 DEOPT UNPACKING pc=0x000002a8c0177143 sp=0x000000df414fc5b0 mode 0
Event: 19.585 Thread 0x000002a8da7c7870 DEOPT PACKING pc=0x000002a8b9ca3d1b sp=0x000000df414fdce0
Event: 19.585 Thread 0x000002a8da7c7870 DEOPT UNPACKING pc=0x000002a8c0177143 sp=0x000000df414fd220 mode 0

Classes unloaded (7 events):
Event: 14.931 Thread 0x000002a8cf5a9a30 Unloading class 0x0000000100b29c00 'java/lang/invoke/LambdaForm$DMH+0x0000000100b29c00'
Event: 14.931 Thread 0x000002a8cf5a9a30 Unloading class 0x0000000100b29800 'java/lang/invoke/LambdaForm$DMH+0x0000000100b29800'
Event: 14.931 Thread 0x000002a8cf5a9a30 Unloading class 0x0000000100b29400 'java/lang/invoke/LambdaForm$DMH+0x0000000100b29400'
Event: 14.931 Thread 0x000002a8cf5a9a30 Unloading class 0x0000000100b29000 'java/lang/invoke/LambdaForm$DMH+0x0000000100b29000'
Event: 14.931 Thread 0x000002a8cf5a9a30 Unloading class 0x0000000100b28800 'java/lang/invoke/LambdaForm$DMH+0x0000000100b28800'
Event: 14.931 Thread 0x000002a8cf5a9a30 Unloading class 0x0000000100b28c00 'java/lang/invoke/LambdaForm$DMH+0x0000000100b28c00'
Event: 14.931 Thread 0x000002a8cf5a9a30 Unloading class 0x0000000100b28400 'java/lang/invoke/LambdaForm$DMH+0x0000000100b28400'

Classes redefined (0 events):
No events

Internal exceptions (20 events):
Event: 14.998 Thread 0x000002a8d324a130 Exception <a 'java/lang/NoSuchMethodError'{0x000000008bc30820}: static [Ljava/lang/Object;.<clinit>()V> (0x000000008bc30820) 
thrown [s\src\hotspot\share\prims\jni.cpp, line 1108]
Event: 15.003 Thread 0x000002a8d324a130 Exception <a 'java/lang/NoSuchMethodError'{0x000000008bc72500}: static Lkotlin/InitializedLazyImpl;.<clinit>()V> (0x000000008bc72500) 
thrown [s\src\hotspot\share\prims\jni.cpp, line 1108]
Event: 15.507 Thread 0x000002a8d32475e0 Exception <a 'java/lang/NoSuchMethodError'{0x000000008a873c88}: 'int java.lang.invoke.DirectMethodHandle$Holder.invokeSpecial(java.lang.Object, java.lang.Object, java.lang.Object, java.lang.Object, java.lang.Object)'> (0x000000008a873c88) 
thrown [s\src\hotspot\share\interpreter\linkResolver.cpp, line 771]
Event: 15.545 Thread 0x000002a8d32475e0 Exception <a 'java/lang/NoSuchMethodError'{0x000000008a54e5f8}: static Lcom/android/build/gradle/internal/scope/InternalArtifactType;.<clinit>()V> (0x000000008a54e5f8) 
thrown [s\src\hotspot\share\prims\jni.cpp, line 1108]
Event: 15.545 Thread 0x000002a8d32475e0 Exception <a 'java/lang/NoSuchMethodError'{0x000000008a54fb88}: static Lcom/android/build/gradle/internal/scope/InternalArtifactType;.<clinit>()V> (0x000000008a54fb88) 
thrown [s\src\hotspot\share\prims\jni.cpp, line 1108]
Event: 15.545 Thread 0x000002a8d32475e0 Exception <a 'java/lang/NoSuchMethodError'{0x000000008a552710}: static Lcom/android/build/api/artifact/Artifact$Single;.<clinit>()V> (0x000000008a552710) 
thrown [s\src\hotspot\share\prims\jni.cpp, line 1108]
Event: 15.546 Thread 0x000002a8d32475e0 Exception <a 'java/lang/NoSuchMethodError'{0x000000008a554c80}: static Ljava/lang/Object;.<clinit>()V> (0x000000008a554c80) 
thrown [s\src\hotspot\share\prims\jni.cpp, line 1108]
Event: 15.547 Thread 0x000002a8d32475e0 Exception <a 'java/lang/NoSuchMethodError'{0x000000008a56d790}: static Lcom/android/build/api/artifact/ArtifactKind;.<clinit>()V> (0x000000008a56d790) 
thrown [s\src\hotspot\share\prims\jni.cpp, line 1108]
Event: 15.547 Thread 0x000002a8d32475e0 Exception <a 'java/lang/NoSuchMethodError'{0x000000008a56e950}: static Lcom/android/build/api/artifact/ArtifactKind;.<clinit>()V> (0x000000008a56e950) 
thrown [s\src\hotspot\share\prims\jni.cpp, line 1108]
Event: 15.936 Thread 0x000002a8d32475e0 Exception <a 'java/lang/NoSuchMethodError'{0x000000008af18278}: static Lcom/android/builder/internal/aapt/AaptOptions;.<clinit>()V> (0x000000008af18278) 
thrown [s\src\hotspot\share\prims\jni.cpp, line 1108]
Event: 15.939 Thread 0x000002a8d32475e0 Exception <a 'java/lang/NoSuchMethodError'{0x000000008af3bd28}: static Ljava/lang/Object;.<clinit>()V> (0x000000008af3bd28) 
thrown [s\src\hotspot\share\prims\jni.cpp, line 1108]
Event: 15.942 Thread 0x000002a8d32475e0 Exception <a 'java/lang/NoSuchMethodError'{0x000000008af59ce0}: static Lcom/android/build/api/variant/impl/VariantOutputImpl$SerializedForm;.<clinit>()V> (0x000000008af59ce0) 
thrown [s\src\hotspot\share\prims\jni.cpp, line 1108]
Event: 15.943 Thread 0x000002a8d32475e0 Exception <a 'java/lang/NoSuchMethodError'{0x000000008af6dac0}: static Lcom/android/build/api/variant/impl/VariantOutputConfigurationImpl;.<clinit>()V> (0x000000008af6dac0) 
thrown [s\src\hotspot\share\prims\jni.cpp, line 1108]
Event: 16.988 Thread 0x000002a8da7c7870 Exception <a 'java/lang/NoSuchMethodError'{0x000000008943fe30}: 'void java.lang.invoke.DirectMethodHandle$Holder.invokeStatic(java.lang.Object, long)'> (0x000000008943fe30) 
thrown [s\src\hotspot\share\interpreter\linkResolver.cpp, line 771]
Event: 16.989 Thread 0x000002a8da7c7870 Exception <a 'java/lang/NoSuchMethodError'{0x0000000089445488}: 'java.lang.Object java.lang.invoke.DirectMethodHandle$Holder.newInvokeSpecial(java.lang.Object, long)'> (0x0000000089445488) 
thrown [s\src\hotspot\share\interpreter\linkResolver.cpp, line 771]
Event: 16.991 Thread 0x000002a8da7c7870 Exception <a 'java/lang/NoSuchMethodError'{0x000000008944f4f0}: 'java.lang.Object java.lang.invoke.DirectMethodHandle$Holder.invokeStatic(java.lang.Object, java.lang.Object, long, java.lang.Object)'> (0x000000008944f4f0) 
thrown [s\src\hotspot\share\interpreter\linkResolver.cpp, line 771]
Event: 16.991 Thread 0x000002a8da7c7870 Exception <a 'java/lang/NoSuchMethodError'{0x0000000089453230}: 'java.lang.Object java.lang.invoke.DirectMethodHandle$Holder.invokeStaticInit(java.lang.Object, java.lang.Object, long, java.lang.Object)'> (0x0000000089453230) 
thrown [s\src\hotspot\share\interpreter\linkResolver.cpp, line 771]
Event: 16.992 Thread 0x000002a8da7c7870 Exception <a 'java/lang/NoSuchMethodError'{0x0000000089459af0}: 'java.lang.Object java.lang.invoke.DirectMethodHandle$Holder.newInvokeSpecial(java.lang.Object, java.lang.Object, long)'> (0x0000000089459af0) 
thrown [s\src\hotspot\share\interpreter\linkResolver.cpp, line 771]
Event: 16.993 Thread 0x000002a8da7c7870 Exception <a 'java/lang/NoSuchMethodError'{0x000000008945d908}: 'java.lang.Object java.lang.invoke.Invokers$Holder.linkToTargetMethod(java.lang.Object, long, java.lang.Object)'> (0x000000008945d908) 
thrown [s\src\hotspot\share\interpreter\linkResolver.cpp, line 771]
Event: 17.196 Thread 0x000002a8da7c7870 Exception <a 'java/lang/NoSuchMethodError'{0x0000000089388b68}: 'int java.lang.invoke.DirectMethodHandle$Holder.invokeSpecialIFC(java.lang.Object, java.lang.Object, java.lang.Object)'> (0x0000000089388b68) 
thrown [s\src\hotspot\share\interpreter\linkResolver.cpp, line 771]

VM Operations (20 events):
Event: 15.670 Executing VM operation: G1CollectForAllocation done
Event: 15.794 Executing VM operation: G1Concurrent
Event: 15.800 Executing VM operation: G1Concurrent done
Event: 15.862 Executing VM operation: G1Concurrent
Event: 15.863 Executing VM operation: G1Concurrent done
Event: 16.011 Executing VM operation: ICBufferFull
Event: 16.011 Executing VM operation: ICBufferFull done
Event: 16.181 Executing VM operation: G1CollectForAllocation
Event: 16.193 Executing VM operation: G1CollectForAllocation done
Event: 16.224 Executing VM operation: G1CollectForAllocation
Event: 16.233 Executing VM operation: G1CollectForAllocation done
Event: 16.893 Executing VM operation: HandshakeAllThreads
Event: 16.894 Executing VM operation: HandshakeAllThreads done
Event: 16.995 Executing VM operation: HandshakeAllThreads
Event: 16.996 Executing VM operation: HandshakeAllThreads done
Event: 17.999 Executing VM operation: Cleanup
Event: 18.000 Executing VM operation: Cleanup done
Event: 19.012 Executing VM operation: Cleanup
Event: 19.012 Executing VM operation: Cleanup done
Event: 19.606 Executing VM operation: G1CollectForAllocation

Events (20 events):
Event: 16.898 loading class java/util/concurrent/Executors$DelegatedExecutorService
Event: 16.898 loading class java/util/concurrent/Executors$DelegatedExecutorService done
Event: 16.898 loading class java/util/concurrent/Executors$DelegatedScheduledExecutorService done
Event: 16.899 Thread 0x000002a8da7c6ed0 Thread added: 0x000002a8da7c6ed0
Event: 16.902 loading class java/lang/ProcessBuilder
Event: 16.903 loading class java/lang/ProcessBuilder done
Event: 16.903 loading class java/lang/ProcessImpl
Event: 16.903 loading class java/lang/ProcessImpl done
Event: 16.989 loading class java/lang/ProcessHandleImpl
Event: 16.990 loading class java/lang/ProcessHandleImpl done
Event: 16.993 loading class java/lang/ProcessImpl$2
Event: 16.993 loading class java/lang/ProcessImpl$2 done
Event: 16.993 loading class java/lang/Process$PipeInputStream
Event: 16.994 loading class java/lang/Process$PipeInputStream done
Event: 16.996 loading class jdk/internal/event/ProcessStartEvent
Event: 16.996 loading class jdk/internal/event/ProcessStartEvent done
Event: 17.000 Thread 0x000002a8da7cca40 Thread added: 0x000002a8da7cca40
Event: 17.000 Thread 0x000002a8da7cc0a0 Thread added: 0x000002a8da7cc0a0
Event: 17.953 Thread 0x000002a8da7c6a00 Thread exited: 0x000002a8da7c6a00
Event: 18.078 Thread 0x000002a8d09ff870 Thread exited: 0x000002a8d09ff870


Dynamic libraries:
0x00007ff7109a0000 - 0x00007ff7109aa000 	C:\Program Files\Android\Android Studio\jbr\bin\java.exe
0x00007ff82ef90000 - 0x00007ff82f1a7000 	C:\WINDOWS\SYSTEM32\ntdll.dll
0x00007ff82cd40000 - 0x00007ff82ce04000 	C:\WINDOWS\System32\KERNEL32.DLL
0x00007ff82c840000 - 0x00007ff82cbe5000 	C:\WINDOWS\System32\KERNELBASE.dll
0x00007ff82c540000 - 0x00007ff82c651000 	C:\WINDOWS\System32\ucrtbase.dll
0x00007ff8239b0000 - 0x00007ff8239c7000 	C:\Program Files\Android\Android Studio\jbr\bin\jli.dll
0x00007ff818430000 - 0x00007ff81844b000 	C:\Program Files\Android\Android Studio\jbr\bin\VCRUNTIME140.dll
0x00007ff82d230000 - 0x00007ff82d3de000 	C:\WINDOWS\System32\USER32.dll
0x00007ff82c510000 - 0x00007ff82c536000 	C:\WINDOWS\System32\win32u.dll
0x00007ff810a50000 - 0x00007ff810ce3000 	C:\WINDOWS\WinSxS\amd64_microsoft.windows.common-controls_6595b64144ccf1df_6.0.22621.2506_none_270c5ae97388e100\COMCTL32.dll
0x00007ff82d9e0000 - 0x00007ff82da09000 	C:\WINDOWS\System32\GDI32.dll
0x00007ff82d930000 - 0x00007ff82d9d7000 	C:\WINDOWS\System32\msvcrt.dll
0x00007ff82c720000 - 0x00007ff82c839000 	C:\WINDOWS\System32\gdi32full.dll
0x00007ff82c300000 - 0x00007ff82c39a000 	C:\WINDOWS\System32\msvcp_win.dll
0x00007ff82ce70000 - 0x00007ff82cea1000 	C:\WINDOWS\System32\IMM32.DLL
0x00007ff819ad0000 - 0x00007ff819adc000 	C:\Program Files\Android\Android Studio\jbr\bin\vcruntime140_1.dll
0x00007fffff460000 - 0x00007fffff4ed000 	C:\Program Files\Android\Android Studio\jbr\bin\msvcp140.dll
0x00007fffd94f0000 - 0x00007fffda15e000 	C:\Program Files\Android\Android Studio\jbr\bin\server\jvm.dll
0x00007ff82ceb0000 - 0x00007ff82cf61000 	C:\WINDOWS\System32\ADVAPI32.dll
0x00007ff82d3e0000 - 0x00007ff82d486000 	C:\WINDOWS\System32\sechost.dll
0x00007ff82df60000 - 0x00007ff82e077000 	C:\WINDOWS\System32\RPCRT4.dll
0x00007ff826f00000 - 0x00007ff826f34000 	C:\WINDOWS\SYSTEM32\WINMM.dll
0x00007ff824d30000 - 0x00007ff824d3a000 	C:\WINDOWS\SYSTEM32\VERSION.dll
0x00007ff819a60000 - 0x00007ff819a69000 	C:\WINDOWS\SYSTEM32\WSOCK32.dll
0x00007ff82e160000 - 0x00007ff82e1d1000 	C:\WINDOWS\System32\WS2_32.dll
0x00007ff82b390000 - 0x00007ff82b3a8000 	C:\WINDOWS\SYSTEM32\kernel.appcore.dll
0x00007ff829670000 - 0x00007ff82967a000 	C:\Program Files\Android\Android Studio\jbr\bin\jimage.dll
0x00007ff828cc0000 - 0x00007ff828ef3000 	C:\WINDOWS\SYSTEM32\DBGHELP.DLL
0x00007ff82db60000 - 0x00007ff82dee9000 	C:\WINDOWS\System32\combase.dll
0x00007ff82e080000 - 0x00007ff82e157000 	C:\WINDOWS\System32\OLEAUT32.dll
0x00007ff8050f0000 - 0x00007ff805122000 	C:\WINDOWS\SYSTEM32\dbgcore.DLL
0x00007ff82cc60000 - 0x00007ff82ccda000 	C:\WINDOWS\System32\bcryptPrimitives.dll
0x00007ff828550000 - 0x00007ff828575000 	C:\Program Files\Android\Android Studio\jbr\bin\java.dll
0x00007ff825340000 - 0x00007ff825358000 	C:\Program Files\Android\Android Studio\jbr\bin\zip.dll
0x00007ff82e670000 - 0x00007ff82eec9000 	C:\WINDOWS\System32\SHELL32.dll
0x00007ff82a230000 - 0x00007ff82ab24000 	C:\WINDOWS\SYSTEM32\windows.storage.dll
0x00007ff82a0f0000 - 0x00007ff82a22e000 	C:\WINDOWS\SYSTEM32\wintypes.dll
0x00007ff82e380000 - 0x00007ff82e473000 	C:\WINDOWS\System32\SHCORE.dll
0x00007ff82cce0000 - 0x00007ff82cd3e000 	C:\WINDOWS\System32\shlwapi.dll
0x00007ff82c230000 - 0x00007ff82c256000 	C:\WINDOWS\SYSTEM32\profapi.dll
0x00007ff8252e0000 - 0x00007ff8252f9000 	C:\Program Files\Android\Android Studio\jbr\bin\net.dll
0x00007ff8292e0000 - 0x00007ff829417000 	C:\WINDOWS\SYSTEM32\WINHTTP.dll
0x00007ff82b870000 - 0x00007ff82b8d9000 	C:\WINDOWS\system32\mswsock.dll
0x00007ff824750000 - 0x00007ff824766000 	C:\Program Files\Android\Android Studio\jbr\bin\nio.dll
0x00007ff828540000 - 0x00007ff828550000 	C:\Program Files\Android\Android Studio\jbr\bin\verify.dll
0x00007ff819c10000 - 0x00007ff819c37000 	C:\Users\mateo\.gradle\native\e1d6ef7f7dcc3fd88c89a11ec53ec762bb8ba0a96d01ffa2cd45eb1d1d8dd5c5\windows-amd64\native-platform.dll
0x00007fffedac0000 - 0x00007fffedc04000 	C:\Users\mateo\.gradle\native\5664cfc778a61ccfe75a443a1ab52a65af34e5dc3c78e0209fed803814484fcb\windows-amd64\native-platform-file-events.dll
0x00007ff824740000 - 0x00007ff824749000 	C:\Program Files\Android\Android Studio\jbr\bin\management.dll
0x00007ff823d20000 - 0x00007ff823d2b000 	C:\Program Files\Android\Android Studio\jbr\bin\management_ext.dll
0x00007ff82e660000 - 0x00007ff82e668000 	C:\WINDOWS\System32\PSAPI.DLL
0x00007ff82bac0000 - 0x00007ff82badb000 	C:\WINDOWS\SYSTEM32\CRYPTSP.dll
0x00007ff82b350000 - 0x00007ff82b385000 	C:\WINDOWS\system32\rsaenh.dll
0x00007ff82b960000 - 0x00007ff82b98c000 	C:\WINDOWS\SYSTEM32\USERENV.dll
0x00007ff82bcb0000 - 0x00007ff82bcd8000 	C:\WINDOWS\SYSTEM32\bcrypt.dll
0x00007ff82bae0000 - 0x00007ff82baec000 	C:\WINDOWS\SYSTEM32\CRYPTBASE.dll
0x00007ff82ae00000 - 0x00007ff82ae2d000 	C:\WINDOWS\SYSTEM32\IPHLPAPI.DLL
0x00007ff82daa0000 - 0x00007ff82daa9000 	C:\WINDOWS\System32\NSI.dll
0x00007ff8249e0000 - 0x00007ff8249f9000 	C:\WINDOWS\SYSTEM32\dhcpcsvc6.DLL
0x00007ff8249c0000 - 0x00007ff8249df000 	C:\WINDOWS\SYSTEM32\dhcpcsvc.DLL
0x00007ff82ae70000 - 0x00007ff82af69000 	C:\WINDOWS\SYSTEM32\DNSAPI.dll
0x00007ff8239a0000 - 0x00007ff8239a8000 	C:\WINDOWS\system32\wshunix.dll
0x00007ff82b410000 - 0x00007ff82b444000 	C:\WINDOWS\SYSTEM32\ntmarta.dll

dbghelp: loaded successfully - version: 4.0.5 - missing functions: none
symbol engine: initialized successfully - sym options: 0x614 - pdb path: .;C:\Program Files\Android\Android Studio\jbr\bin;C:\WINDOWS\SYSTEM32;C:\WINDOWS\WinSxS\amd64_microsoft.windows.common-controls_6595b64144ccf1df_6.0.22621.2506_none_270c5ae97388e100;C:\Program Files\Android\Android Studio\jbr\bin\server;C:\Users\mateo\.gradle\native\e1d6ef7f7dcc3fd88c89a11ec53ec762bb8ba0a96d01ffa2cd45eb1d1d8dd5c5\windows-amd64;C:\Users\mateo\.gradle\native\5664cfc778a61ccfe75a443a1ab52a65af34e5dc3c78e0209fed803814484fcb\windows-amd64

VM Arguments:
jvm_args: --add-opens=java.base/java.util=ALL-UNNAMED --add-opens=java.base/java.lang=ALL-UNNAMED --add-opens=java.base/java.lang.invoke=ALL-UNNAMED --add-opens=java.base/java.util=ALL-UNNAMED --add-opens=java.prefs/java.util.prefs=ALL-UNNAMED --add-opens=java.prefs/java.util.prefs=ALL-UNNAMED --add-opens=java.base/java.nio.charset=ALL-UNNAMED --add-opens=java.base/java.net=ALL-UNNAMED --add-opens=java.base/java.util.concurrent.atomic=ALL-UNNAMED -Xmx2048m -Dfile.encoding=UTF-8 -Duser.country=ES -Duser.language=es -Duser.variant 
java_command: org.gradle.launcher.daemon.bootstrap.GradleDaemon 7.3.3
java_class_path (initial): C:\Users\mateo\.gradle\wrapper\dists\gradle-7.3.3-bin\6a41zxkdtcxs8rphpq6y0069z\gradle-7.3.3\lib\gradle-launcher-7.3.3.jar
Launcher Type: SUN_STANDARD

[Global flags]
     intx CICompilerCount                          = 4                                         {product} {ergonomic}
     uint ConcGCThreads                            = 2                                         {product} {ergonomic}
     uint G1ConcRefinementThreads                  = 8                                         {product} {ergonomic}
   size_t G1HeapRegionSize                         = 1048576                                   {product} {ergonomic}
    uintx GCDrainStackTargetSize                   = 64                                        {product} {ergonomic}
   size_t InitialHeapSize                          = 134217728                                 {product} {ergonomic}
   size_t MarkStackSize                            = 4194304                                   {product} {ergonomic}
   size_t MaxHeapSize                              = 2147483648                                {product} {command line}
   size_t MaxNewSize                               = 1287651328                                {product} {ergonomic}
   size_t MinHeapDeltaBytes                        = 1048576                                   {product} {ergonomic}
   size_t MinHeapSize                              = 8388608                                   {product} {ergonomic}
    uintx NonNMethodCodeHeapSize                   = 5839372                                {pd product} {ergonomic}
    uintx NonProfiledCodeHeapSize                  = 122909434                              {pd product} {ergonomic}
    uintx ProfiledCodeHeapSize                     = 122909434                              {pd product} {ergonomic}
    uintx ReservedCodeCacheSize                    = 251658240                              {pd product} {ergonomic}
     bool SegmentedCodeCache                       = true                                      {product} {ergonomic}
   size_t SoftMaxHeapSize                          = 2147483648                             {manageable} {ergonomic}
     bool UseCompressedClassPointers               = true                           {product lp64_product} {ergonomic}
     bool UseCompressedOops                        = true                           {product lp64_product} {ergonomic}
     bool UseG1GC                                  = true                                      {product} {ergonomic}
     bool UseLargePagesIndividualAllocation        = false                                  {pd product} {ergonomic}

Logging:
Log output configuration:
 #0: stdout all=warning uptime,level,tags
 #1: stderr all=off uptime,level,tags

Environment Variables:
JAVA_HOME=C:\Program Files\Java\jre1.8.0_271
PATH=C:\Program Files (x86)\Common Files\Oracle\Java\javapath;C:\Program Files (x86)\OpenLogic\jdk-8.0.372.07-hotspot\bin;C:\Program Files\OpenLogic\jdk-11.0.19.7-hotspot\bin;C:\Program Files (x86)\Intel\iCLS Client\;C:\Program Files\Intel\iCLS Client\;C:\Windows\system32;C:\Windows;C:\Windows\System32\Wbem;C:\Windows\System32\WindowsPowerShell\v1.0\;C:\Program Files (x86)\NVIDIA Corporation\PhysX\Common;C:\Program Files (x86)\Intel\Intel(R) Management Engine Components\DAL;C:\Program Files\Intel\Intel(R) Management Engine Components\DAL;C:\Program Files (x86)\Intel\Intel(R) Management Engine Components\IPT;C:\Program Files\Intel\Intel(R) Management Engine Components\IPT;C:\WINDOWS\system32;C:\WINDOWS;C:\WINDOWS\System32\Wbem;C:\WINDOWS\System32\WindowsPowerShell\v1.0\;C:\WINDOWS\System32\OpenSSH\;C:\Program Files\AutoFirma\AutoFirma;C:\Program Files\NVIDIA Corporation\NVIDIA NvDLISR;C:\Program Files\MongoDB\Server\6.0\bin;C:\Program Files\dotnet\;C:\WINDOWS\system32;C:\WINDOWS;C:\WINDOWS\System32\Wbem;C:\WINDOWS\System32\WindowsPowerShell\v1.0\;C:\WINDOWS\System32\OpenSSH\;C:\Program Files\Git\cmd;C:\Program Files\Git\mingw64\bin;C:\Program Files\Git\usr\bin;C:\Users\mateo\AppData\Local\Microsoft\WindowsApps;C:\Program Files\Java\jre1.8.0_271\bin;C:\Gradle\gradle-8.1.1\bin
USERNAME=mateo
OS=Windows_NT
PROCESSOR_IDENTIFIER=Intel64 Family 6 Model 142 Stepping 10, GenuineIntel
TMP=C:\Users\mateo\AppData\Local\Temp
TEMP=C:\Users\mateo\AppData\Local\Temp


JNI global refs:
JNI global refs: 25, weak refs: 9

JNI global refs memory usage: 843, weak refs: 841


---------------  S Y S T E M  ---------------

OS:
 Windows 11 , 64 bit Build 22621 (10.0.22621.2506)
OS uptime: 6 days 0:06 hours

CPU: total 8 (initial active 8) (4 cores per cpu, 2 threads per core) family 6 model 142 stepping 10 microcode 0xe0, cx8, cmov, fxsr, ht, mmx, 3dnowpref, sse, sse2, sse3, ssse3, sse4.1, sse4.2, popcnt, lzcnt, tsc, tscinvbit, avx, avx2, aes, erms, clmul, bmi1, bmi2, adx, fma, vzeroupper, clflush, clflushopt

Memory: 4k page, system-wide physical 8066M (375M free)
TotalPageFile size 12162M (AvailPageFile size 120M)
current process WorkingSet (physical memory assigned to process): 442M, peak: 442M
current process commit charge ("private bytes"): 476M, peak: 623M

vm_info: OpenJDK 64-Bit Server VM (17.0.6+0-b2043.56-10027231) for windows-amd64 JRE (17.0.6+0-b2043.56-10027231), built on Apr 28 2023 00:43:19 by "androidbuild" with MS VC++ 16.10 / 16.11 (VS2019)

END.
